[2023-07-24 01:20:02,240] {processor.py:153} INFO - Started process (PID=78) to work on /home/airflow/.local/lib/python3.7/site-packages/airflow/example_dags/example_branch_labels.py
[2023-07-24 01:20:02,241] {processor.py:641} INFO - Processing file /home/airflow/.local/lib/python3.7/site-packages/airflow/example_dags/example_branch_labels.py for tasks to queue
[2023-07-24 01:20:02,241] {logging_mixin.py:115} INFO - [2023-07-24 01:20:02,241] {dagbag.py:508} INFO - Filling up the DagBag from /home/airflow/.local/lib/python3.7/site-packages/airflow/example_dags/example_branch_labels.py
[2023-07-24 01:20:02,245] {processor.py:651} INFO - DAG(s) dict_keys(['example_branch_labels']) retrieved from /home/airflow/.local/lib/python3.7/site-packages/airflow/example_dags/example_branch_labels.py
[2023-07-24 01:20:02,364] {logging_mixin.py:115} INFO - [2023-07-24 01:20:02,364] {manager.py:508} INFO - Created Permission View: can edit on DAG:example_branch_labels
[2023-07-24 01:20:02,372] {logging_mixin.py:115} INFO - [2023-07-24 01:20:02,372] {manager.py:508} INFO - Created Permission View: can read on DAG:example_branch_labels
[2023-07-24 01:20:02,379] {logging_mixin.py:115} INFO - [2023-07-24 01:20:02,379] {manager.py:508} INFO - Created Permission View: can delete on DAG:example_branch_labels
[2023-07-24 01:20:02,379] {logging_mixin.py:115} INFO - [2023-07-24 01:20:02,379] {dag.py:2420} INFO - Sync 1 DAGs
[2023-07-24 01:20:02,384] {logging_mixin.py:115} INFO - [2023-07-24 01:20:02,384] {dag.py:2439} INFO - Creating ORM DAG for example_branch_labels
[2023-07-24 01:20:02,394] {logging_mixin.py:115} INFO - [2023-07-24 01:20:02,394] {dag.py:2972} INFO - Setting next_dagrun for example_branch_labels to 2023-07-23T00:00:00+00:00, run_after=2023-07-24T00:00:00+00:00
[2023-07-24 01:20:02,405] {processor.py:161} INFO - Processing /home/airflow/.local/lib/python3.7/site-packages/airflow/example_dags/example_branch_labels.py took 0.166 seconds
[2023-07-24 01:20:32,731] {processor.py:153} INFO - Started process (PID=138) to work on /home/airflow/.local/lib/python3.7/site-packages/airflow/example_dags/example_branch_labels.py
[2023-07-24 01:20:32,733] {processor.py:641} INFO - Processing file /home/airflow/.local/lib/python3.7/site-packages/airflow/example_dags/example_branch_labels.py for tasks to queue
[2023-07-24 01:20:32,733] {logging_mixin.py:115} INFO - [2023-07-24 01:20:32,733] {dagbag.py:508} INFO - Filling up the DagBag from /home/airflow/.local/lib/python3.7/site-packages/airflow/example_dags/example_branch_labels.py
[2023-07-24 01:20:32,736] {processor.py:651} INFO - DAG(s) dict_keys(['example_branch_labels']) retrieved from /home/airflow/.local/lib/python3.7/site-packages/airflow/example_dags/example_branch_labels.py
[2023-07-24 01:20:32,752] {logging_mixin.py:115} INFO - [2023-07-24 01:20:32,752] {dag.py:2420} INFO - Sync 1 DAGs
[2023-07-24 01:20:32,764] {logging_mixin.py:115} INFO - [2023-07-24 01:20:32,764] {dag.py:2972} INFO - Setting next_dagrun for example_branch_labels to 2023-07-23T00:00:00+00:00, run_after=2023-07-24T00:00:00+00:00
[2023-07-24 01:20:32,773] {processor.py:161} INFO - Processing /home/airflow/.local/lib/python3.7/site-packages/airflow/example_dags/example_branch_labels.py took 0.043 seconds
[2023-07-24 01:21:03,050] {processor.py:153} INFO - Started process (PID=199) to work on /home/airflow/.local/lib/python3.7/site-packages/airflow/example_dags/example_branch_labels.py
[2023-07-24 01:21:03,051] {processor.py:641} INFO - Processing file /home/airflow/.local/lib/python3.7/site-packages/airflow/example_dags/example_branch_labels.py for tasks to queue
[2023-07-24 01:21:03,051] {logging_mixin.py:115} INFO - [2023-07-24 01:21:03,051] {dagbag.py:508} INFO - Filling up the DagBag from /home/airflow/.local/lib/python3.7/site-packages/airflow/example_dags/example_branch_labels.py
[2023-07-24 01:21:03,054] {processor.py:651} INFO - DAG(s) dict_keys(['example_branch_labels']) retrieved from /home/airflow/.local/lib/python3.7/site-packages/airflow/example_dags/example_branch_labels.py
[2023-07-24 01:21:03,067] {logging_mixin.py:115} INFO - [2023-07-24 01:21:03,066] {dag.py:2420} INFO - Sync 1 DAGs
[2023-07-24 01:21:03,077] {logging_mixin.py:115} INFO - [2023-07-24 01:21:03,077] {dag.py:2972} INFO - Setting next_dagrun for example_branch_labels to 2023-07-23T00:00:00+00:00, run_after=2023-07-24T00:00:00+00:00
[2023-07-24 01:21:03,085] {processor.py:161} INFO - Processing /home/airflow/.local/lib/python3.7/site-packages/airflow/example_dags/example_branch_labels.py took 0.036 seconds
[2023-07-24 01:21:33,300] {processor.py:153} INFO - Started process (PID=259) to work on /home/airflow/.local/lib/python3.7/site-packages/airflow/example_dags/example_branch_labels.py
[2023-07-24 01:21:33,301] {processor.py:641} INFO - Processing file /home/airflow/.local/lib/python3.7/site-packages/airflow/example_dags/example_branch_labels.py for tasks to queue
[2023-07-24 01:21:33,301] {logging_mixin.py:115} INFO - [2023-07-24 01:21:33,301] {dagbag.py:508} INFO - Filling up the DagBag from /home/airflow/.local/lib/python3.7/site-packages/airflow/example_dags/example_branch_labels.py
[2023-07-24 01:21:33,304] {processor.py:651} INFO - DAG(s) dict_keys(['example_branch_labels']) retrieved from /home/airflow/.local/lib/python3.7/site-packages/airflow/example_dags/example_branch_labels.py
[2023-07-24 01:21:33,319] {logging_mixin.py:115} INFO - [2023-07-24 01:21:33,319] {dag.py:2420} INFO - Sync 1 DAGs
[2023-07-24 01:21:33,332] {logging_mixin.py:115} INFO - [2023-07-24 01:21:33,332] {dag.py:2972} INFO - Setting next_dagrun for example_branch_labels to 2023-07-23T00:00:00+00:00, run_after=2023-07-24T00:00:00+00:00
[2023-07-24 01:21:33,344] {processor.py:161} INFO - Processing /home/airflow/.local/lib/python3.7/site-packages/airflow/example_dags/example_branch_labels.py took 0.046 seconds
[2023-07-24 01:22:03,450] {processor.py:153} INFO - Started process (PID=320) to work on /home/airflow/.local/lib/python3.7/site-packages/airflow/example_dags/example_branch_labels.py
[2023-07-24 01:22:03,451] {processor.py:641} INFO - Processing file /home/airflow/.local/lib/python3.7/site-packages/airflow/example_dags/example_branch_labels.py for tasks to queue
[2023-07-24 01:22:03,451] {logging_mixin.py:115} INFO - [2023-07-24 01:22:03,451] {dagbag.py:508} INFO - Filling up the DagBag from /home/airflow/.local/lib/python3.7/site-packages/airflow/example_dags/example_branch_labels.py
[2023-07-24 01:22:03,455] {processor.py:651} INFO - DAG(s) dict_keys(['example_branch_labels']) retrieved from /home/airflow/.local/lib/python3.7/site-packages/airflow/example_dags/example_branch_labels.py
[2023-07-24 01:22:03,468] {logging_mixin.py:115} INFO - [2023-07-24 01:22:03,468] {dag.py:2420} INFO - Sync 1 DAGs
[2023-07-24 01:22:03,479] {logging_mixin.py:115} INFO - [2023-07-24 01:22:03,479] {dag.py:2972} INFO - Setting next_dagrun for example_branch_labels to 2023-07-23T00:00:00+00:00, run_after=2023-07-24T00:00:00+00:00
[2023-07-24 01:22:03,489] {processor.py:161} INFO - Processing /home/airflow/.local/lib/python3.7/site-packages/airflow/example_dags/example_branch_labels.py took 0.040 seconds
[2023-07-24 01:22:33,633] {processor.py:153} INFO - Started process (PID=372) to work on /home/airflow/.local/lib/python3.7/site-packages/airflow/example_dags/example_branch_labels.py
[2023-07-24 01:22:33,633] {processor.py:641} INFO - Processing file /home/airflow/.local/lib/python3.7/site-packages/airflow/example_dags/example_branch_labels.py for tasks to queue
[2023-07-24 01:22:33,633] {logging_mixin.py:115} INFO - [2023-07-24 01:22:33,633] {dagbag.py:508} INFO - Filling up the DagBag from /home/airflow/.local/lib/python3.7/site-packages/airflow/example_dags/example_branch_labels.py
[2023-07-24 01:22:33,636] {processor.py:651} INFO - DAG(s) dict_keys(['example_branch_labels']) retrieved from /home/airflow/.local/lib/python3.7/site-packages/airflow/example_dags/example_branch_labels.py
[2023-07-24 01:22:33,650] {logging_mixin.py:115} INFO - [2023-07-24 01:22:33,650] {dag.py:2420} INFO - Sync 1 DAGs
[2023-07-24 01:22:33,660] {logging_mixin.py:115} INFO - [2023-07-24 01:22:33,660] {dag.py:2972} INFO - Setting next_dagrun for example_branch_labels to 2023-07-23T00:00:00+00:00, run_after=2023-07-24T00:00:00+00:00
[2023-07-24 01:22:33,671] {processor.py:161} INFO - Processing /home/airflow/.local/lib/python3.7/site-packages/airflow/example_dags/example_branch_labels.py took 0.040 seconds
