[2023-07-24 01:20:00,313] {processor.py:153} INFO - Started process (PID=60) to work on /home/airflow/.local/lib/python3.7/site-packages/airflow/example_dags/example_python_operator.py
[2023-07-24 01:20:00,313] {processor.py:641} INFO - Processing file /home/airflow/.local/lib/python3.7/site-packages/airflow/example_dags/example_python_operator.py for tasks to queue
[2023-07-24 01:20:00,313] {logging_mixin.py:115} INFO - [2023-07-24 01:20:00,313] {dagbag.py:508} INFO - Filling up the DagBag from /home/airflow/.local/lib/python3.7/site-packages/airflow/example_dags/example_python_operator.py
[2023-07-24 01:20:00,323] {processor.py:651} INFO - DAG(s) dict_keys(['example_python_operator']) retrieved from /home/airflow/.local/lib/python3.7/site-packages/airflow/example_dags/example_python_operator.py
[2023-07-24 01:20:00,450] {logging_mixin.py:115} INFO - [2023-07-24 01:20:00,450] {manager.py:508} INFO - Created Permission View: can edit on DAG:example_python_operator
[2023-07-24 01:20:00,458] {logging_mixin.py:115} INFO - [2023-07-24 01:20:00,458] {manager.py:508} INFO - Created Permission View: can read on DAG:example_python_operator
[2023-07-24 01:20:00,464] {logging_mixin.py:115} INFO - [2023-07-24 01:20:00,464] {manager.py:508} INFO - Created Permission View: can delete on DAG:example_python_operator
[2023-07-24 01:20:00,464] {logging_mixin.py:115} INFO - [2023-07-24 01:20:00,464] {dag.py:2420} INFO - Sync 1 DAGs
[2023-07-24 01:20:00,469] {logging_mixin.py:115} INFO - [2023-07-24 01:20:00,469] {dag.py:2439} INFO - Creating ORM DAG for example_python_operator
[2023-07-24 01:20:00,475] {logging_mixin.py:115} INFO - [2023-07-24 01:20:00,475] {dag.py:2972} INFO - Setting next_dagrun for example_python_operator to None, run_after=None
[2023-07-24 01:20:00,487] {processor.py:161} INFO - Processing /home/airflow/.local/lib/python3.7/site-packages/airflow/example_dags/example_python_operator.py took 0.176 seconds
[2023-07-24 01:20:31,115] {processor.py:153} INFO - Started process (PID=120) to work on /home/airflow/.local/lib/python3.7/site-packages/airflow/example_dags/example_python_operator.py
[2023-07-24 01:20:31,116] {processor.py:641} INFO - Processing file /home/airflow/.local/lib/python3.7/site-packages/airflow/example_dags/example_python_operator.py for tasks to queue
[2023-07-24 01:20:31,116] {logging_mixin.py:115} INFO - [2023-07-24 01:20:31,116] {dagbag.py:508} INFO - Filling up the DagBag from /home/airflow/.local/lib/python3.7/site-packages/airflow/example_dags/example_python_operator.py
[2023-07-24 01:20:31,124] {processor.py:651} INFO - DAG(s) dict_keys(['example_python_operator']) retrieved from /home/airflow/.local/lib/python3.7/site-packages/airflow/example_dags/example_python_operator.py
[2023-07-24 01:20:31,136] {logging_mixin.py:115} INFO - [2023-07-24 01:20:31,136] {dag.py:2420} INFO - Sync 1 DAGs
[2023-07-24 01:20:31,147] {logging_mixin.py:115} INFO - [2023-07-24 01:20:31,147] {dag.py:2972} INFO - Setting next_dagrun for example_python_operator to None, run_after=None
[2023-07-24 01:20:31,155] {processor.py:161} INFO - Processing /home/airflow/.local/lib/python3.7/site-packages/airflow/example_dags/example_python_operator.py took 0.041 seconds
[2023-07-24 01:21:01,329] {processor.py:153} INFO - Started process (PID=181) to work on /home/airflow/.local/lib/python3.7/site-packages/airflow/example_dags/example_python_operator.py
[2023-07-24 01:21:01,329] {processor.py:641} INFO - Processing file /home/airflow/.local/lib/python3.7/site-packages/airflow/example_dags/example_python_operator.py for tasks to queue
[2023-07-24 01:21:01,330] {logging_mixin.py:115} INFO - [2023-07-24 01:21:01,329] {dagbag.py:508} INFO - Filling up the DagBag from /home/airflow/.local/lib/python3.7/site-packages/airflow/example_dags/example_python_operator.py
[2023-07-24 01:21:01,337] {processor.py:651} INFO - DAG(s) dict_keys(['example_python_operator']) retrieved from /home/airflow/.local/lib/python3.7/site-packages/airflow/example_dags/example_python_operator.py
[2023-07-24 01:21:01,350] {logging_mixin.py:115} INFO - [2023-07-24 01:21:01,350] {dag.py:2420} INFO - Sync 1 DAGs
[2023-07-24 01:21:01,362] {logging_mixin.py:115} INFO - [2023-07-24 01:21:01,362] {dag.py:2972} INFO - Setting next_dagrun for example_python_operator to None, run_after=None
[2023-07-24 01:21:01,370] {processor.py:161} INFO - Processing /home/airflow/.local/lib/python3.7/site-packages/airflow/example_dags/example_python_operator.py took 0.042 seconds
[2023-07-24 01:21:31,669] {processor.py:153} INFO - Started process (PID=241) to work on /home/airflow/.local/lib/python3.7/site-packages/airflow/example_dags/example_python_operator.py
[2023-07-24 01:21:31,670] {processor.py:641} INFO - Processing file /home/airflow/.local/lib/python3.7/site-packages/airflow/example_dags/example_python_operator.py for tasks to queue
[2023-07-24 01:21:31,670] {logging_mixin.py:115} INFO - [2023-07-24 01:21:31,670] {dagbag.py:508} INFO - Filling up the DagBag from /home/airflow/.local/lib/python3.7/site-packages/airflow/example_dags/example_python_operator.py
[2023-07-24 01:21:31,679] {processor.py:651} INFO - DAG(s) dict_keys(['example_python_operator']) retrieved from /home/airflow/.local/lib/python3.7/site-packages/airflow/example_dags/example_python_operator.py
[2023-07-24 01:21:31,692] {logging_mixin.py:115} INFO - [2023-07-24 01:21:31,692] {dag.py:2420} INFO - Sync 1 DAGs
[2023-07-24 01:21:31,704] {logging_mixin.py:115} INFO - [2023-07-24 01:21:31,704] {dag.py:2972} INFO - Setting next_dagrun for example_python_operator to None, run_after=None
[2023-07-24 01:21:31,712] {processor.py:161} INFO - Processing /home/airflow/.local/lib/python3.7/site-packages/airflow/example_dags/example_python_operator.py took 0.045 seconds
[2023-07-24 01:22:01,862] {processor.py:153} INFO - Started process (PID=293) to work on /home/airflow/.local/lib/python3.7/site-packages/airflow/example_dags/example_python_operator.py
[2023-07-24 01:22:01,863] {processor.py:641} INFO - Processing file /home/airflow/.local/lib/python3.7/site-packages/airflow/example_dags/example_python_operator.py for tasks to queue
[2023-07-24 01:22:01,863] {logging_mixin.py:115} INFO - [2023-07-24 01:22:01,863] {dagbag.py:508} INFO - Filling up the DagBag from /home/airflow/.local/lib/python3.7/site-packages/airflow/example_dags/example_python_operator.py
[2023-07-24 01:22:01,871] {processor.py:651} INFO - DAG(s) dict_keys(['example_python_operator']) retrieved from /home/airflow/.local/lib/python3.7/site-packages/airflow/example_dags/example_python_operator.py
[2023-07-24 01:22:01,884] {logging_mixin.py:115} INFO - [2023-07-24 01:22:01,884] {dag.py:2420} INFO - Sync 1 DAGs
[2023-07-24 01:22:01,895] {logging_mixin.py:115} INFO - [2023-07-24 01:22:01,895] {dag.py:2972} INFO - Setting next_dagrun for example_python_operator to None, run_after=None
[2023-07-24 01:22:01,903] {processor.py:161} INFO - Processing /home/airflow/.local/lib/python3.7/site-packages/airflow/example_dags/example_python_operator.py took 0.043 seconds
[2023-07-24 01:22:32,049] {processor.py:153} INFO - Started process (PID=354) to work on /home/airflow/.local/lib/python3.7/site-packages/airflow/example_dags/example_python_operator.py
[2023-07-24 01:22:32,050] {processor.py:641} INFO - Processing file /home/airflow/.local/lib/python3.7/site-packages/airflow/example_dags/example_python_operator.py for tasks to queue
[2023-07-24 01:22:32,050] {logging_mixin.py:115} INFO - [2023-07-24 01:22:32,050] {dagbag.py:508} INFO - Filling up the DagBag from /home/airflow/.local/lib/python3.7/site-packages/airflow/example_dags/example_python_operator.py
[2023-07-24 01:22:32,058] {processor.py:651} INFO - DAG(s) dict_keys(['example_python_operator']) retrieved from /home/airflow/.local/lib/python3.7/site-packages/airflow/example_dags/example_python_operator.py
[2023-07-24 01:22:32,072] {logging_mixin.py:115} INFO - [2023-07-24 01:22:32,071] {dag.py:2420} INFO - Sync 1 DAGs
[2023-07-24 01:22:32,084] {logging_mixin.py:115} INFO - [2023-07-24 01:22:32,084] {dag.py:2972} INFO - Setting next_dagrun for example_python_operator to None, run_after=None
[2023-07-24 01:22:32,092] {processor.py:161} INFO - Processing /home/airflow/.local/lib/python3.7/site-packages/airflow/example_dags/example_python_operator.py took 0.044 seconds
[2023-07-24 01:23:02,295] {processor.py:153} INFO - Started process (PID=415) to work on /home/airflow/.local/lib/python3.7/site-packages/airflow/example_dags/example_python_operator.py
[2023-07-24 01:23:02,296] {processor.py:641} INFO - Processing file /home/airflow/.local/lib/python3.7/site-packages/airflow/example_dags/example_python_operator.py for tasks to queue
[2023-07-24 01:23:02,296] {logging_mixin.py:115} INFO - [2023-07-24 01:23:02,296] {dagbag.py:508} INFO - Filling up the DagBag from /home/airflow/.local/lib/python3.7/site-packages/airflow/example_dags/example_python_operator.py
[2023-07-24 01:23:02,303] {processor.py:651} INFO - DAG(s) dict_keys(['example_python_operator']) retrieved from /home/airflow/.local/lib/python3.7/site-packages/airflow/example_dags/example_python_operator.py
[2023-07-24 01:23:02,316] {logging_mixin.py:115} INFO - [2023-07-24 01:23:02,316] {dag.py:2420} INFO - Sync 1 DAGs
[2023-07-24 01:23:02,327] {logging_mixin.py:115} INFO - [2023-07-24 01:23:02,327] {dag.py:2972} INFO - Setting next_dagrun for example_python_operator to None, run_after=None
[2023-07-24 01:23:02,335] {processor.py:161} INFO - Processing /home/airflow/.local/lib/python3.7/site-packages/airflow/example_dags/example_python_operator.py took 0.042 seconds
[2023-07-24 01:23:32,440] {processor.py:153} INFO - Started process (PID=476) to work on /home/airflow/.local/lib/python3.7/site-packages/airflow/example_dags/example_python_operator.py
[2023-07-24 01:23:32,443] {processor.py:641} INFO - Processing file /home/airflow/.local/lib/python3.7/site-packages/airflow/example_dags/example_python_operator.py for tasks to queue
[2023-07-24 01:23:32,443] {logging_mixin.py:115} INFO - [2023-07-24 01:23:32,443] {dagbag.py:508} INFO - Filling up the DagBag from /home/airflow/.local/lib/python3.7/site-packages/airflow/example_dags/example_python_operator.py
[2023-07-24 01:23:32,450] {processor.py:651} INFO - DAG(s) dict_keys(['example_python_operator']) retrieved from /home/airflow/.local/lib/python3.7/site-packages/airflow/example_dags/example_python_operator.py
[2023-07-24 01:23:32,463] {logging_mixin.py:115} INFO - [2023-07-24 01:23:32,463] {dag.py:2420} INFO - Sync 1 DAGs
[2023-07-24 01:23:32,474] {logging_mixin.py:115} INFO - [2023-07-24 01:23:32,474] {dag.py:2972} INFO - Setting next_dagrun for example_python_operator to None, run_after=None
[2023-07-24 01:23:32,482] {processor.py:161} INFO - Processing /home/airflow/.local/lib/python3.7/site-packages/airflow/example_dags/example_python_operator.py took 0.043 seconds
[2023-07-24 01:24:02,631] {processor.py:153} INFO - Started process (PID=537) to work on /home/airflow/.local/lib/python3.7/site-packages/airflow/example_dags/example_python_operator.py
[2023-07-24 01:24:02,632] {processor.py:641} INFO - Processing file /home/airflow/.local/lib/python3.7/site-packages/airflow/example_dags/example_python_operator.py for tasks to queue
[2023-07-24 01:24:02,632] {logging_mixin.py:115} INFO - [2023-07-24 01:24:02,632] {dagbag.py:508} INFO - Filling up the DagBag from /home/airflow/.local/lib/python3.7/site-packages/airflow/example_dags/example_python_operator.py
[2023-07-24 01:24:02,639] {processor.py:651} INFO - DAG(s) dict_keys(['example_python_operator']) retrieved from /home/airflow/.local/lib/python3.7/site-packages/airflow/example_dags/example_python_operator.py
[2023-07-24 01:24:02,652] {logging_mixin.py:115} INFO - [2023-07-24 01:24:02,652] {dag.py:2420} INFO - Sync 1 DAGs
[2023-07-24 01:24:02,664] {logging_mixin.py:115} INFO - [2023-07-24 01:24:02,664] {dag.py:2972} INFO - Setting next_dagrun for example_python_operator to None, run_after=None
[2023-07-24 01:24:02,673] {processor.py:161} INFO - Processing /home/airflow/.local/lib/python3.7/site-packages/airflow/example_dags/example_python_operator.py took 0.043 seconds
[2023-07-24 01:24:32,779] {processor.py:153} INFO - Started process (PID=598) to work on /home/airflow/.local/lib/python3.7/site-packages/airflow/example_dags/example_python_operator.py
[2023-07-24 01:24:32,780] {processor.py:641} INFO - Processing file /home/airflow/.local/lib/python3.7/site-packages/airflow/example_dags/example_python_operator.py for tasks to queue
[2023-07-24 01:24:32,780] {logging_mixin.py:115} INFO - [2023-07-24 01:24:32,780] {dagbag.py:508} INFO - Filling up the DagBag from /home/airflow/.local/lib/python3.7/site-packages/airflow/example_dags/example_python_operator.py
[2023-07-24 01:24:32,790] {processor.py:651} INFO - DAG(s) dict_keys(['example_python_operator']) retrieved from /home/airflow/.local/lib/python3.7/site-packages/airflow/example_dags/example_python_operator.py
[2023-07-24 01:24:32,803] {logging_mixin.py:115} INFO - [2023-07-24 01:24:32,803] {dag.py:2420} INFO - Sync 1 DAGs
[2023-07-24 01:24:32,816] {logging_mixin.py:115} INFO - [2023-07-24 01:24:32,816] {dag.py:2972} INFO - Setting next_dagrun for example_python_operator to None, run_after=None
[2023-07-24 01:24:32,825] {processor.py:161} INFO - Processing /home/airflow/.local/lib/python3.7/site-packages/airflow/example_dags/example_python_operator.py took 0.047 seconds
[2023-07-24 01:25:03,090] {processor.py:153} INFO - Started process (PID=650) to work on /home/airflow/.local/lib/python3.7/site-packages/airflow/example_dags/example_python_operator.py
[2023-07-24 01:25:03,093] {processor.py:641} INFO - Processing file /home/airflow/.local/lib/python3.7/site-packages/airflow/example_dags/example_python_operator.py for tasks to queue
[2023-07-24 01:25:03,093] {logging_mixin.py:115} INFO - [2023-07-24 01:25:03,093] {dagbag.py:508} INFO - Filling up the DagBag from /home/airflow/.local/lib/python3.7/site-packages/airflow/example_dags/example_python_operator.py
[2023-07-24 01:25:03,101] {processor.py:651} INFO - DAG(s) dict_keys(['example_python_operator']) retrieved from /home/airflow/.local/lib/python3.7/site-packages/airflow/example_dags/example_python_operator.py
[2023-07-24 01:25:03,115] {logging_mixin.py:115} INFO - [2023-07-24 01:25:03,115] {dag.py:2420} INFO - Sync 1 DAGs
[2023-07-24 01:25:03,126] {logging_mixin.py:115} INFO - [2023-07-24 01:25:03,126] {dag.py:2972} INFO - Setting next_dagrun for example_python_operator to None, run_after=None
[2023-07-24 01:25:03,200] {processor.py:161} INFO - Processing /home/airflow/.local/lib/python3.7/site-packages/airflow/example_dags/example_python_operator.py took 0.112 seconds
[2023-07-24 01:25:33,470] {processor.py:153} INFO - Started process (PID=714) to work on /home/airflow/.local/lib/python3.7/site-packages/airflow/example_dags/example_python_operator.py
[2023-07-24 01:25:33,471] {processor.py:641} INFO - Processing file /home/airflow/.local/lib/python3.7/site-packages/airflow/example_dags/example_python_operator.py for tasks to queue
[2023-07-24 01:25:33,471] {logging_mixin.py:115} INFO - [2023-07-24 01:25:33,471] {dagbag.py:508} INFO - Filling up the DagBag from /home/airflow/.local/lib/python3.7/site-packages/airflow/example_dags/example_python_operator.py
[2023-07-24 01:25:33,480] {processor.py:651} INFO - DAG(s) dict_keys(['example_python_operator']) retrieved from /home/airflow/.local/lib/python3.7/site-packages/airflow/example_dags/example_python_operator.py
[2023-07-24 01:25:33,493] {logging_mixin.py:115} INFO - [2023-07-24 01:25:33,493] {dag.py:2420} INFO - Sync 1 DAGs
[2023-07-24 01:25:33,505] {logging_mixin.py:115} INFO - [2023-07-24 01:25:33,505] {dag.py:2972} INFO - Setting next_dagrun for example_python_operator to None, run_after=None
[2023-07-24 01:25:33,579] {processor.py:161} INFO - Processing /home/airflow/.local/lib/python3.7/site-packages/airflow/example_dags/example_python_operator.py took 0.110 seconds
[2023-07-24 01:26:03,861] {processor.py:153} INFO - Started process (PID=775) to work on /home/airflow/.local/lib/python3.7/site-packages/airflow/example_dags/example_python_operator.py
[2023-07-24 01:26:03,861] {processor.py:641} INFO - Processing file /home/airflow/.local/lib/python3.7/site-packages/airflow/example_dags/example_python_operator.py for tasks to queue
[2023-07-24 01:26:03,861] {logging_mixin.py:115} INFO - [2023-07-24 01:26:03,861] {dagbag.py:508} INFO - Filling up the DagBag from /home/airflow/.local/lib/python3.7/site-packages/airflow/example_dags/example_python_operator.py
[2023-07-24 01:26:03,869] {processor.py:651} INFO - DAG(s) dict_keys(['example_python_operator']) retrieved from /home/airflow/.local/lib/python3.7/site-packages/airflow/example_dags/example_python_operator.py
[2023-07-24 01:26:03,881] {logging_mixin.py:115} INFO - [2023-07-24 01:26:03,881] {dag.py:2420} INFO - Sync 1 DAGs
[2023-07-24 01:26:03,892] {logging_mixin.py:115} INFO - [2023-07-24 01:26:03,892] {dag.py:2972} INFO - Setting next_dagrun for example_python_operator to None, run_after=None
[2023-07-24 01:26:03,967] {processor.py:161} INFO - Processing /home/airflow/.local/lib/python3.7/site-packages/airflow/example_dags/example_python_operator.py took 0.107 seconds
[2023-07-24 01:26:34,068] {processor.py:153} INFO - Started process (PID=833) to work on /home/airflow/.local/lib/python3.7/site-packages/airflow/example_dags/example_python_operator.py
[2023-07-24 01:26:34,070] {processor.py:641} INFO - Processing file /home/airflow/.local/lib/python3.7/site-packages/airflow/example_dags/example_python_operator.py for tasks to queue
[2023-07-24 01:26:34,070] {logging_mixin.py:115} INFO - [2023-07-24 01:26:34,070] {dagbag.py:508} INFO - Filling up the DagBag from /home/airflow/.local/lib/python3.7/site-packages/airflow/example_dags/example_python_operator.py
[2023-07-24 01:26:34,078] {processor.py:651} INFO - DAG(s) dict_keys(['example_python_operator']) retrieved from /home/airflow/.local/lib/python3.7/site-packages/airflow/example_dags/example_python_operator.py
[2023-07-24 01:26:34,092] {logging_mixin.py:115} INFO - [2023-07-24 01:26:34,092] {dag.py:2420} INFO - Sync 1 DAGs
[2023-07-24 01:26:34,103] {logging_mixin.py:115} INFO - [2023-07-24 01:26:34,103] {dag.py:2972} INFO - Setting next_dagrun for example_python_operator to None, run_after=None
[2023-07-24 01:26:34,177] {processor.py:161} INFO - Processing /home/airflow/.local/lib/python3.7/site-packages/airflow/example_dags/example_python_operator.py took 0.110 seconds
[2023-07-24 01:27:04,424] {processor.py:153} INFO - Started process (PID=886) to work on /home/airflow/.local/lib/python3.7/site-packages/airflow/example_dags/example_python_operator.py
[2023-07-24 01:27:04,424] {processor.py:641} INFO - Processing file /home/airflow/.local/lib/python3.7/site-packages/airflow/example_dags/example_python_operator.py for tasks to queue
[2023-07-24 01:27:04,425] {logging_mixin.py:115} INFO - [2023-07-24 01:27:04,424] {dagbag.py:508} INFO - Filling up the DagBag from /home/airflow/.local/lib/python3.7/site-packages/airflow/example_dags/example_python_operator.py
[2023-07-24 01:27:04,433] {processor.py:651} INFO - DAG(s) dict_keys(['example_python_operator']) retrieved from /home/airflow/.local/lib/python3.7/site-packages/airflow/example_dags/example_python_operator.py
[2023-07-24 01:27:04,446] {logging_mixin.py:115} INFO - [2023-07-24 01:27:04,446] {dag.py:2420} INFO - Sync 1 DAGs
[2023-07-24 01:27:04,457] {logging_mixin.py:115} INFO - [2023-07-24 01:27:04,457] {dag.py:2972} INFO - Setting next_dagrun for example_python_operator to None, run_after=None
[2023-07-24 01:27:04,531] {processor.py:161} INFO - Processing /home/airflow/.local/lib/python3.7/site-packages/airflow/example_dags/example_python_operator.py took 0.109 seconds
[2023-07-24 01:27:34,804] {processor.py:153} INFO - Started process (PID=948) to work on /home/airflow/.local/lib/python3.7/site-packages/airflow/example_dags/example_python_operator.py
[2023-07-24 01:27:34,806] {processor.py:641} INFO - Processing file /home/airflow/.local/lib/python3.7/site-packages/airflow/example_dags/example_python_operator.py for tasks to queue
[2023-07-24 01:27:34,806] {logging_mixin.py:115} INFO - [2023-07-24 01:27:34,806] {dagbag.py:508} INFO - Filling up the DagBag from /home/airflow/.local/lib/python3.7/site-packages/airflow/example_dags/example_python_operator.py
[2023-07-24 01:27:34,814] {processor.py:651} INFO - DAG(s) dict_keys(['example_python_operator']) retrieved from /home/airflow/.local/lib/python3.7/site-packages/airflow/example_dags/example_python_operator.py
[2023-07-24 01:27:34,826] {logging_mixin.py:115} INFO - [2023-07-24 01:27:34,826] {dag.py:2420} INFO - Sync 1 DAGs
[2023-07-24 01:27:34,837] {logging_mixin.py:115} INFO - [2023-07-24 01:27:34,837] {dag.py:2972} INFO - Setting next_dagrun for example_python_operator to None, run_after=None
[2023-07-24 01:27:34,911] {processor.py:161} INFO - Processing /home/airflow/.local/lib/python3.7/site-packages/airflow/example_dags/example_python_operator.py took 0.108 seconds
[2023-07-24 01:28:05,283] {processor.py:153} INFO - Started process (PID=1009) to work on /home/airflow/.local/lib/python3.7/site-packages/airflow/example_dags/example_python_operator.py
[2023-07-24 01:28:05,284] {processor.py:641} INFO - Processing file /home/airflow/.local/lib/python3.7/site-packages/airflow/example_dags/example_python_operator.py for tasks to queue
[2023-07-24 01:28:05,284] {logging_mixin.py:115} INFO - [2023-07-24 01:28:05,284] {dagbag.py:508} INFO - Filling up the DagBag from /home/airflow/.local/lib/python3.7/site-packages/airflow/example_dags/example_python_operator.py
[2023-07-24 01:28:05,292] {processor.py:651} INFO - DAG(s) dict_keys(['example_python_operator']) retrieved from /home/airflow/.local/lib/python3.7/site-packages/airflow/example_dags/example_python_operator.py
[2023-07-24 01:28:05,308] {logging_mixin.py:115} INFO - [2023-07-24 01:28:05,308] {dag.py:2420} INFO - Sync 1 DAGs
[2023-07-24 01:28:05,322] {logging_mixin.py:115} INFO - [2023-07-24 01:28:05,322] {dag.py:2972} INFO - Setting next_dagrun for example_python_operator to None, run_after=None
[2023-07-24 01:28:05,405] {processor.py:161} INFO - Processing /home/airflow/.local/lib/python3.7/site-packages/airflow/example_dags/example_python_operator.py took 0.123 seconds
[2023-07-24 01:28:35,617] {processor.py:153} INFO - Started process (PID=1070) to work on /home/airflow/.local/lib/python3.7/site-packages/airflow/example_dags/example_python_operator.py
[2023-07-24 01:28:35,617] {processor.py:641} INFO - Processing file /home/airflow/.local/lib/python3.7/site-packages/airflow/example_dags/example_python_operator.py for tasks to queue
[2023-07-24 01:28:35,617] {logging_mixin.py:115} INFO - [2023-07-24 01:28:35,617] {dagbag.py:508} INFO - Filling up the DagBag from /home/airflow/.local/lib/python3.7/site-packages/airflow/example_dags/example_python_operator.py
[2023-07-24 01:28:35,626] {processor.py:651} INFO - DAG(s) dict_keys(['example_python_operator']) retrieved from /home/airflow/.local/lib/python3.7/site-packages/airflow/example_dags/example_python_operator.py
[2023-07-24 01:28:35,639] {logging_mixin.py:115} INFO - [2023-07-24 01:28:35,639] {dag.py:2420} INFO - Sync 1 DAGs
[2023-07-24 01:28:35,650] {logging_mixin.py:115} INFO - [2023-07-24 01:28:35,650] {dag.py:2972} INFO - Setting next_dagrun for example_python_operator to None, run_after=None
[2023-07-24 01:28:35,725] {processor.py:161} INFO - Processing /home/airflow/.local/lib/python3.7/site-packages/airflow/example_dags/example_python_operator.py took 0.109 seconds
[2023-07-24 01:29:06,109] {processor.py:153} INFO - Started process (PID=1120) to work on /home/airflow/.local/lib/python3.7/site-packages/airflow/example_dags/example_python_operator.py
[2023-07-24 01:29:06,111] {processor.py:641} INFO - Processing file /home/airflow/.local/lib/python3.7/site-packages/airflow/example_dags/example_python_operator.py for tasks to queue
[2023-07-24 01:29:06,111] {logging_mixin.py:115} INFO - [2023-07-24 01:29:06,111] {dagbag.py:508} INFO - Filling up the DagBag from /home/airflow/.local/lib/python3.7/site-packages/airflow/example_dags/example_python_operator.py
[2023-07-24 01:29:06,119] {processor.py:651} INFO - DAG(s) dict_keys(['example_python_operator']) retrieved from /home/airflow/.local/lib/python3.7/site-packages/airflow/example_dags/example_python_operator.py
[2023-07-24 01:29:06,133] {logging_mixin.py:115} INFO - [2023-07-24 01:29:06,132] {dag.py:2420} INFO - Sync 1 DAGs
[2023-07-24 01:29:06,145] {logging_mixin.py:115} INFO - [2023-07-24 01:29:06,145] {dag.py:2972} INFO - Setting next_dagrun for example_python_operator to None, run_after=None
[2023-07-24 01:29:06,223] {processor.py:161} INFO - Processing /home/airflow/.local/lib/python3.7/site-packages/airflow/example_dags/example_python_operator.py took 0.115 seconds
[2023-07-24 01:29:36,816] {processor.py:153} INFO - Started process (PID=1181) to work on /home/airflow/.local/lib/python3.7/site-packages/airflow/example_dags/example_python_operator.py
[2023-07-24 01:29:36,816] {processor.py:641} INFO - Processing file /home/airflow/.local/lib/python3.7/site-packages/airflow/example_dags/example_python_operator.py for tasks to queue
[2023-07-24 01:29:36,817] {logging_mixin.py:115} INFO - [2023-07-24 01:29:36,817] {dagbag.py:508} INFO - Filling up the DagBag from /home/airflow/.local/lib/python3.7/site-packages/airflow/example_dags/example_python_operator.py
[2023-07-24 01:29:36,825] {processor.py:651} INFO - DAG(s) dict_keys(['example_python_operator']) retrieved from /home/airflow/.local/lib/python3.7/site-packages/airflow/example_dags/example_python_operator.py
[2023-07-24 01:29:36,838] {logging_mixin.py:115} INFO - [2023-07-24 01:29:36,838] {dag.py:2420} INFO - Sync 1 DAGs
[2023-07-24 01:29:36,850] {logging_mixin.py:115} INFO - [2023-07-24 01:29:36,850] {dag.py:2972} INFO - Setting next_dagrun for example_python_operator to None, run_after=None
[2023-07-24 01:29:36,926] {processor.py:161} INFO - Processing /home/airflow/.local/lib/python3.7/site-packages/airflow/example_dags/example_python_operator.py took 0.112 seconds
[2023-07-24 01:30:07,184] {processor.py:153} INFO - Started process (PID=1243) to work on /home/airflow/.local/lib/python3.7/site-packages/airflow/example_dags/example_python_operator.py
[2023-07-24 01:30:07,185] {processor.py:641} INFO - Processing file /home/airflow/.local/lib/python3.7/site-packages/airflow/example_dags/example_python_operator.py for tasks to queue
[2023-07-24 01:30:07,185] {logging_mixin.py:115} INFO - [2023-07-24 01:30:07,185] {dagbag.py:508} INFO - Filling up the DagBag from /home/airflow/.local/lib/python3.7/site-packages/airflow/example_dags/example_python_operator.py
[2023-07-24 01:30:07,193] {processor.py:651} INFO - DAG(s) dict_keys(['example_python_operator']) retrieved from /home/airflow/.local/lib/python3.7/site-packages/airflow/example_dags/example_python_operator.py
[2023-07-24 01:30:07,208] {logging_mixin.py:115} INFO - [2023-07-24 01:30:07,208] {dag.py:2420} INFO - Sync 1 DAGs
[2023-07-24 01:30:07,220] {logging_mixin.py:115} INFO - [2023-07-24 01:30:07,220] {dag.py:2972} INFO - Setting next_dagrun for example_python_operator to None, run_after=None
[2023-07-24 01:30:07,298] {processor.py:161} INFO - Processing /home/airflow/.local/lib/python3.7/site-packages/airflow/example_dags/example_python_operator.py took 0.115 seconds
[2023-07-24 01:30:37,657] {processor.py:153} INFO - Started process (PID=1303) to work on /home/airflow/.local/lib/python3.7/site-packages/airflow/example_dags/example_python_operator.py
[2023-07-24 01:30:37,658] {processor.py:641} INFO - Processing file /home/airflow/.local/lib/python3.7/site-packages/airflow/example_dags/example_python_operator.py for tasks to queue
[2023-07-24 01:30:37,658] {logging_mixin.py:115} INFO - [2023-07-24 01:30:37,658] {dagbag.py:508} INFO - Filling up the DagBag from /home/airflow/.local/lib/python3.7/site-packages/airflow/example_dags/example_python_operator.py
[2023-07-24 01:30:37,666] {processor.py:651} INFO - DAG(s) dict_keys(['example_python_operator']) retrieved from /home/airflow/.local/lib/python3.7/site-packages/airflow/example_dags/example_python_operator.py
[2023-07-24 01:30:37,679] {logging_mixin.py:115} INFO - [2023-07-24 01:30:37,678] {dag.py:2420} INFO - Sync 1 DAGs
[2023-07-24 01:30:37,690] {logging_mixin.py:115} INFO - [2023-07-24 01:30:37,690] {dag.py:2972} INFO - Setting next_dagrun for example_python_operator to None, run_after=None
[2023-07-24 01:30:37,765] {processor.py:161} INFO - Processing /home/airflow/.local/lib/python3.7/site-packages/airflow/example_dags/example_python_operator.py took 0.109 seconds
[2023-07-24 01:31:08,035] {processor.py:153} INFO - Started process (PID=1361) to work on /home/airflow/.local/lib/python3.7/site-packages/airflow/example_dags/example_python_operator.py
[2023-07-24 01:31:08,035] {processor.py:641} INFO - Processing file /home/airflow/.local/lib/python3.7/site-packages/airflow/example_dags/example_python_operator.py for tasks to queue
[2023-07-24 01:31:08,035] {logging_mixin.py:115} INFO - [2023-07-24 01:31:08,035] {dagbag.py:508} INFO - Filling up the DagBag from /home/airflow/.local/lib/python3.7/site-packages/airflow/example_dags/example_python_operator.py
[2023-07-24 01:31:08,043] {processor.py:651} INFO - DAG(s) dict_keys(['example_python_operator']) retrieved from /home/airflow/.local/lib/python3.7/site-packages/airflow/example_dags/example_python_operator.py
[2023-07-24 01:31:08,057] {logging_mixin.py:115} INFO - [2023-07-24 01:31:08,057] {dag.py:2420} INFO - Sync 1 DAGs
[2023-07-24 01:31:08,070] {logging_mixin.py:115} INFO - [2023-07-24 01:31:08,070] {dag.py:2972} INFO - Setting next_dagrun for example_python_operator to None, run_after=None
[2023-07-24 01:31:08,144] {processor.py:161} INFO - Processing /home/airflow/.local/lib/python3.7/site-packages/airflow/example_dags/example_python_operator.py took 0.110 seconds
[2023-07-24 01:31:38,460] {processor.py:153} INFO - Started process (PID=1414) to work on /home/airflow/.local/lib/python3.7/site-packages/airflow/example_dags/example_python_operator.py
[2023-07-24 01:31:38,461] {processor.py:641} INFO - Processing file /home/airflow/.local/lib/python3.7/site-packages/airflow/example_dags/example_python_operator.py for tasks to queue
[2023-07-24 01:31:38,461] {logging_mixin.py:115} INFO - [2023-07-24 01:31:38,461] {dagbag.py:508} INFO - Filling up the DagBag from /home/airflow/.local/lib/python3.7/site-packages/airflow/example_dags/example_python_operator.py
[2023-07-24 01:31:38,470] {processor.py:651} INFO - DAG(s) dict_keys(['example_python_operator']) retrieved from /home/airflow/.local/lib/python3.7/site-packages/airflow/example_dags/example_python_operator.py
[2023-07-24 01:31:38,483] {logging_mixin.py:115} INFO - [2023-07-24 01:31:38,483] {dag.py:2420} INFO - Sync 1 DAGs
[2023-07-24 01:31:38,496] {logging_mixin.py:115} INFO - [2023-07-24 01:31:38,496] {dag.py:2972} INFO - Setting next_dagrun for example_python_operator to None, run_after=None
[2023-07-24 01:31:38,572] {processor.py:161} INFO - Processing /home/airflow/.local/lib/python3.7/site-packages/airflow/example_dags/example_python_operator.py took 0.114 seconds
[2023-07-24 01:32:08,739] {processor.py:153} INFO - Started process (PID=1475) to work on /home/airflow/.local/lib/python3.7/site-packages/airflow/example_dags/example_python_operator.py
[2023-07-24 01:32:08,739] {processor.py:641} INFO - Processing file /home/airflow/.local/lib/python3.7/site-packages/airflow/example_dags/example_python_operator.py for tasks to queue
[2023-07-24 01:32:08,740] {logging_mixin.py:115} INFO - [2023-07-24 01:32:08,740] {dagbag.py:508} INFO - Filling up the DagBag from /home/airflow/.local/lib/python3.7/site-packages/airflow/example_dags/example_python_operator.py
[2023-07-24 01:32:08,748] {processor.py:651} INFO - DAG(s) dict_keys(['example_python_operator']) retrieved from /home/airflow/.local/lib/python3.7/site-packages/airflow/example_dags/example_python_operator.py
[2023-07-24 01:32:08,763] {logging_mixin.py:115} INFO - [2023-07-24 01:32:08,763] {dag.py:2420} INFO - Sync 1 DAGs
[2023-07-24 01:32:08,775] {logging_mixin.py:115} INFO - [2023-07-24 01:32:08,775] {dag.py:2972} INFO - Setting next_dagrun for example_python_operator to None, run_after=None
[2023-07-24 01:32:08,854] {processor.py:161} INFO - Processing /home/airflow/.local/lib/python3.7/site-packages/airflow/example_dags/example_python_operator.py took 0.116 seconds
[2023-07-24 01:32:39,119] {processor.py:153} INFO - Started process (PID=1535) to work on /home/airflow/.local/lib/python3.7/site-packages/airflow/example_dags/example_python_operator.py
[2023-07-24 01:32:39,120] {processor.py:641} INFO - Processing file /home/airflow/.local/lib/python3.7/site-packages/airflow/example_dags/example_python_operator.py for tasks to queue
[2023-07-24 01:32:39,120] {logging_mixin.py:115} INFO - [2023-07-24 01:32:39,120] {dagbag.py:508} INFO - Filling up the DagBag from /home/airflow/.local/lib/python3.7/site-packages/airflow/example_dags/example_python_operator.py
[2023-07-24 01:32:39,128] {processor.py:651} INFO - DAG(s) dict_keys(['example_python_operator']) retrieved from /home/airflow/.local/lib/python3.7/site-packages/airflow/example_dags/example_python_operator.py
[2023-07-24 01:32:39,142] {logging_mixin.py:115} INFO - [2023-07-24 01:32:39,142] {dag.py:2420} INFO - Sync 1 DAGs
[2023-07-24 01:32:39,154] {logging_mixin.py:115} INFO - [2023-07-24 01:32:39,154] {dag.py:2972} INFO - Setting next_dagrun for example_python_operator to None, run_after=None
[2023-07-24 01:32:39,232] {processor.py:161} INFO - Processing /home/airflow/.local/lib/python3.7/site-packages/airflow/example_dags/example_python_operator.py took 0.115 seconds
[2023-07-24 01:33:09,546] {processor.py:153} INFO - Started process (PID=1596) to work on /home/airflow/.local/lib/python3.7/site-packages/airflow/example_dags/example_python_operator.py
[2023-07-24 01:33:09,547] {processor.py:641} INFO - Processing file /home/airflow/.local/lib/python3.7/site-packages/airflow/example_dags/example_python_operator.py for tasks to queue
[2023-07-24 01:33:09,547] {logging_mixin.py:115} INFO - [2023-07-24 01:33:09,547] {dagbag.py:508} INFO - Filling up the DagBag from /home/airflow/.local/lib/python3.7/site-packages/airflow/example_dags/example_python_operator.py
[2023-07-24 01:33:09,556] {processor.py:651} INFO - DAG(s) dict_keys(['example_python_operator']) retrieved from /home/airflow/.local/lib/python3.7/site-packages/airflow/example_dags/example_python_operator.py
[2023-07-24 01:33:09,572] {logging_mixin.py:115} INFO - [2023-07-24 01:33:09,572] {dag.py:2420} INFO - Sync 1 DAGs
[2023-07-24 01:33:09,586] {logging_mixin.py:115} INFO - [2023-07-24 01:33:09,586] {dag.py:2972} INFO - Setting next_dagrun for example_python_operator to None, run_after=None
[2023-07-24 01:33:09,665] {processor.py:161} INFO - Processing /home/airflow/.local/lib/python3.7/site-packages/airflow/example_dags/example_python_operator.py took 0.120 seconds
[2023-07-24 01:33:39,909] {processor.py:153} INFO - Started process (PID=1648) to work on /home/airflow/.local/lib/python3.7/site-packages/airflow/example_dags/example_python_operator.py
[2023-07-24 01:33:39,909] {processor.py:641} INFO - Processing file /home/airflow/.local/lib/python3.7/site-packages/airflow/example_dags/example_python_operator.py for tasks to queue
[2023-07-24 01:33:39,910] {logging_mixin.py:115} INFO - [2023-07-24 01:33:39,910] {dagbag.py:508} INFO - Filling up the DagBag from /home/airflow/.local/lib/python3.7/site-packages/airflow/example_dags/example_python_operator.py
[2023-07-24 01:33:39,918] {processor.py:651} INFO - DAG(s) dict_keys(['example_python_operator']) retrieved from /home/airflow/.local/lib/python3.7/site-packages/airflow/example_dags/example_python_operator.py
[2023-07-24 01:33:39,930] {logging_mixin.py:115} INFO - [2023-07-24 01:33:39,930] {dag.py:2420} INFO - Sync 1 DAGs
[2023-07-24 01:33:39,942] {logging_mixin.py:115} INFO - [2023-07-24 01:33:39,942] {dag.py:2972} INFO - Setting next_dagrun for example_python_operator to None, run_after=None
[2023-07-24 01:33:40,021] {processor.py:161} INFO - Processing /home/airflow/.local/lib/python3.7/site-packages/airflow/example_dags/example_python_operator.py took 0.113 seconds
[2023-07-24 01:34:10,294] {processor.py:153} INFO - Started process (PID=1707) to work on /home/airflow/.local/lib/python3.7/site-packages/airflow/example_dags/example_python_operator.py
[2023-07-24 01:34:10,296] {processor.py:641} INFO - Processing file /home/airflow/.local/lib/python3.7/site-packages/airflow/example_dags/example_python_operator.py for tasks to queue
[2023-07-24 01:34:10,296] {logging_mixin.py:115} INFO - [2023-07-24 01:34:10,296] {dagbag.py:508} INFO - Filling up the DagBag from /home/airflow/.local/lib/python3.7/site-packages/airflow/example_dags/example_python_operator.py
[2023-07-24 01:34:10,304] {processor.py:651} INFO - DAG(s) dict_keys(['example_python_operator']) retrieved from /home/airflow/.local/lib/python3.7/site-packages/airflow/example_dags/example_python_operator.py
[2023-07-24 01:34:10,317] {logging_mixin.py:115} INFO - [2023-07-24 01:34:10,317] {dag.py:2420} INFO - Sync 1 DAGs
[2023-07-24 01:34:10,330] {logging_mixin.py:115} INFO - [2023-07-24 01:34:10,330] {dag.py:2972} INFO - Setting next_dagrun for example_python_operator to None, run_after=None
[2023-07-24 01:34:10,411] {processor.py:161} INFO - Processing /home/airflow/.local/lib/python3.7/site-packages/airflow/example_dags/example_python_operator.py took 0.119 seconds
[2023-07-24 01:34:40,700] {processor.py:153} INFO - Started process (PID=1768) to work on /home/airflow/.local/lib/python3.7/site-packages/airflow/example_dags/example_python_operator.py
[2023-07-24 01:34:40,701] {processor.py:641} INFO - Processing file /home/airflow/.local/lib/python3.7/site-packages/airflow/example_dags/example_python_operator.py for tasks to queue
[2023-07-24 01:34:40,701] {logging_mixin.py:115} INFO - [2023-07-24 01:34:40,701] {dagbag.py:508} INFO - Filling up the DagBag from /home/airflow/.local/lib/python3.7/site-packages/airflow/example_dags/example_python_operator.py
[2023-07-24 01:34:40,709] {processor.py:651} INFO - DAG(s) dict_keys(['example_python_operator']) retrieved from /home/airflow/.local/lib/python3.7/site-packages/airflow/example_dags/example_python_operator.py
[2023-07-24 01:34:40,721] {logging_mixin.py:115} INFO - [2023-07-24 01:34:40,721] {dag.py:2420} INFO - Sync 1 DAGs
[2023-07-24 01:34:40,732] {logging_mixin.py:115} INFO - [2023-07-24 01:34:40,732] {dag.py:2972} INFO - Setting next_dagrun for example_python_operator to None, run_after=None
[2023-07-24 01:34:40,806] {processor.py:161} INFO - Processing /home/airflow/.local/lib/python3.7/site-packages/airflow/example_dags/example_python_operator.py took 0.108 seconds
