[2023-07-24 01:20:01,264] {processor.py:153} INFO - Started process (PID=69) to work on /home/airflow/.local/lib/python3.7/site-packages/airflow/example_dags/example_branch_datetime_operator.py
[2023-07-24 01:20:01,264] {processor.py:641} INFO - Processing file /home/airflow/.local/lib/python3.7/site-packages/airflow/example_dags/example_branch_datetime_operator.py for tasks to queue
[2023-07-24 01:20:01,264] {logging_mixin.py:115} INFO - [2023-07-24 01:20:01,264] {dagbag.py:508} INFO - Filling up the DagBag from /home/airflow/.local/lib/python3.7/site-packages/airflow/example_dags/example_branch_datetime_operator.py
[2023-07-24 01:20:01,269] {processor.py:651} INFO - DAG(s) dict_keys(['example_branch_datetime_operator', 'example_branch_datetime_operator_2']) retrieved from /home/airflow/.local/lib/python3.7/site-packages/airflow/example_dags/example_branch_datetime_operator.py
[2023-07-24 01:20:01,397] {logging_mixin.py:115} INFO - [2023-07-24 01:20:01,397] {manager.py:508} INFO - Created Permission View: can edit on DAG:example_branch_datetime_operator
[2023-07-24 01:20:01,406] {logging_mixin.py:115} INFO - [2023-07-24 01:20:01,406] {manager.py:508} INFO - Created Permission View: can read on DAG:example_branch_datetime_operator
[2023-07-24 01:20:01,413] {logging_mixin.py:115} INFO - [2023-07-24 01:20:01,413] {manager.py:508} INFO - Created Permission View: can delete on DAG:example_branch_datetime_operator
[2023-07-24 01:20:01,430] {logging_mixin.py:115} INFO - [2023-07-24 01:20:01,429] {manager.py:508} INFO - Created Permission View: can edit on DAG:example_branch_datetime_operator_2
[2023-07-24 01:20:01,436] {logging_mixin.py:115} INFO - [2023-07-24 01:20:01,436] {manager.py:508} INFO - Created Permission View: can read on DAG:example_branch_datetime_operator_2
[2023-07-24 01:20:01,444] {logging_mixin.py:115} INFO - [2023-07-24 01:20:01,444] {manager.py:508} INFO - Created Permission View: can delete on DAG:example_branch_datetime_operator_2
[2023-07-24 01:20:01,444] {logging_mixin.py:115} INFO - [2023-07-24 01:20:01,444] {dag.py:2420} INFO - Sync 2 DAGs
[2023-07-24 01:20:01,449] {logging_mixin.py:115} INFO - [2023-07-24 01:20:01,449] {dag.py:2439} INFO - Creating ORM DAG for example_branch_datetime_operator
[2023-07-24 01:20:01,449] {logging_mixin.py:115} INFO - [2023-07-24 01:20:01,449] {dag.py:2439} INFO - Creating ORM DAG for example_branch_datetime_operator_2
[2023-07-24 01:20:01,457] {logging_mixin.py:115} INFO - [2023-07-24 01:20:01,457] {dag.py:2972} INFO - Setting next_dagrun for example_branch_datetime_operator to 2023-07-23T00:00:00+00:00, run_after=2023-07-24T00:00:00+00:00
[2023-07-24 01:20:01,459] {logging_mixin.py:115} INFO - [2023-07-24 01:20:01,459] {dag.py:2972} INFO - Setting next_dagrun for example_branch_datetime_operator_2 to 2023-07-23T00:00:00+00:00, run_after=2023-07-24T00:00:00+00:00
[2023-07-24 01:20:01,472] {processor.py:161} INFO - Processing /home/airflow/.local/lib/python3.7/site-packages/airflow/example_dags/example_branch_datetime_operator.py took 0.210 seconds
[2023-07-24 01:20:32,309] {processor.py:153} INFO - Started process (PID=129) to work on /home/airflow/.local/lib/python3.7/site-packages/airflow/example_dags/example_branch_datetime_operator.py
[2023-07-24 01:20:32,310] {processor.py:641} INFO - Processing file /home/airflow/.local/lib/python3.7/site-packages/airflow/example_dags/example_branch_datetime_operator.py for tasks to queue
[2023-07-24 01:20:32,310] {logging_mixin.py:115} INFO - [2023-07-24 01:20:32,310] {dagbag.py:508} INFO - Filling up the DagBag from /home/airflow/.local/lib/python3.7/site-packages/airflow/example_dags/example_branch_datetime_operator.py
[2023-07-24 01:20:32,314] {processor.py:651} INFO - DAG(s) dict_keys(['example_branch_datetime_operator', 'example_branch_datetime_operator_2']) retrieved from /home/airflow/.local/lib/python3.7/site-packages/airflow/example_dags/example_branch_datetime_operator.py
[2023-07-24 01:20:32,329] {logging_mixin.py:115} INFO - [2023-07-24 01:20:32,329] {dag.py:2420} INFO - Sync 2 DAGs
[2023-07-24 01:20:32,340] {logging_mixin.py:115} INFO - [2023-07-24 01:20:32,340] {dag.py:2972} INFO - Setting next_dagrun for example_branch_datetime_operator to 2023-07-23T00:00:00+00:00, run_after=2023-07-24T00:00:00+00:00
[2023-07-24 01:20:32,341] {logging_mixin.py:115} INFO - [2023-07-24 01:20:32,341] {dag.py:2972} INFO - Setting next_dagrun for example_branch_datetime_operator_2 to 2023-07-23T00:00:00+00:00, run_after=2023-07-24T00:00:00+00:00
[2023-07-24 01:20:32,351] {processor.py:161} INFO - Processing /home/airflow/.local/lib/python3.7/site-packages/airflow/example_dags/example_branch_datetime_operator.py took 0.043 seconds
[2023-07-24 01:21:02,531] {processor.py:153} INFO - Started process (PID=190) to work on /home/airflow/.local/lib/python3.7/site-packages/airflow/example_dags/example_branch_datetime_operator.py
[2023-07-24 01:21:02,532] {processor.py:641} INFO - Processing file /home/airflow/.local/lib/python3.7/site-packages/airflow/example_dags/example_branch_datetime_operator.py for tasks to queue
[2023-07-24 01:21:02,532] {logging_mixin.py:115} INFO - [2023-07-24 01:21:02,532] {dagbag.py:508} INFO - Filling up the DagBag from /home/airflow/.local/lib/python3.7/site-packages/airflow/example_dags/example_branch_datetime_operator.py
[2023-07-24 01:21:02,536] {processor.py:651} INFO - DAG(s) dict_keys(['example_branch_datetime_operator', 'example_branch_datetime_operator_2']) retrieved from /home/airflow/.local/lib/python3.7/site-packages/airflow/example_dags/example_branch_datetime_operator.py
[2023-07-24 01:21:02,550] {logging_mixin.py:115} INFO - [2023-07-24 01:21:02,550] {dag.py:2420} INFO - Sync 2 DAGs
[2023-07-24 01:21:02,562] {logging_mixin.py:115} INFO - [2023-07-24 01:21:02,562] {dag.py:2972} INFO - Setting next_dagrun for example_branch_datetime_operator to 2023-07-23T00:00:00+00:00, run_after=2023-07-24T00:00:00+00:00
[2023-07-24 01:21:02,562] {logging_mixin.py:115} INFO - [2023-07-24 01:21:02,562] {dag.py:2972} INFO - Setting next_dagrun for example_branch_datetime_operator_2 to 2023-07-23T00:00:00+00:00, run_after=2023-07-24T00:00:00+00:00
[2023-07-24 01:21:02,570] {processor.py:161} INFO - Processing /home/airflow/.local/lib/python3.7/site-packages/airflow/example_dags/example_branch_datetime_operator.py took 0.040 seconds
[2023-07-24 01:21:32,883] {processor.py:153} INFO - Started process (PID=250) to work on /home/airflow/.local/lib/python3.7/site-packages/airflow/example_dags/example_branch_datetime_operator.py
[2023-07-24 01:21:32,884] {processor.py:641} INFO - Processing file /home/airflow/.local/lib/python3.7/site-packages/airflow/example_dags/example_branch_datetime_operator.py for tasks to queue
[2023-07-24 01:21:32,884] {logging_mixin.py:115} INFO - [2023-07-24 01:21:32,884] {dagbag.py:508} INFO - Filling up the DagBag from /home/airflow/.local/lib/python3.7/site-packages/airflow/example_dags/example_branch_datetime_operator.py
[2023-07-24 01:21:32,889] {processor.py:651} INFO - DAG(s) dict_keys(['example_branch_datetime_operator', 'example_branch_datetime_operator_2']) retrieved from /home/airflow/.local/lib/python3.7/site-packages/airflow/example_dags/example_branch_datetime_operator.py
[2023-07-24 01:21:32,904] {logging_mixin.py:115} INFO - [2023-07-24 01:21:32,904] {dag.py:2420} INFO - Sync 2 DAGs
[2023-07-24 01:21:32,916] {logging_mixin.py:115} INFO - [2023-07-24 01:21:32,916] {dag.py:2972} INFO - Setting next_dagrun for example_branch_datetime_operator to 2023-07-23T00:00:00+00:00, run_after=2023-07-24T00:00:00+00:00
[2023-07-24 01:21:32,917] {logging_mixin.py:115} INFO - [2023-07-24 01:21:32,917] {dag.py:2972} INFO - Setting next_dagrun for example_branch_datetime_operator_2 to 2023-07-23T00:00:00+00:00, run_after=2023-07-24T00:00:00+00:00
[2023-07-24 01:21:32,928] {processor.py:161} INFO - Processing /home/airflow/.local/lib/python3.7/site-packages/airflow/example_dags/example_branch_datetime_operator.py took 0.046 seconds
[2023-07-24 01:22:03,056] {processor.py:153} INFO - Started process (PID=311) to work on /home/airflow/.local/lib/python3.7/site-packages/airflow/example_dags/example_branch_datetime_operator.py
[2023-07-24 01:22:03,057] {processor.py:641} INFO - Processing file /home/airflow/.local/lib/python3.7/site-packages/airflow/example_dags/example_branch_datetime_operator.py for tasks to queue
[2023-07-24 01:22:03,057] {logging_mixin.py:115} INFO - [2023-07-24 01:22:03,057] {dagbag.py:508} INFO - Filling up the DagBag from /home/airflow/.local/lib/python3.7/site-packages/airflow/example_dags/example_branch_datetime_operator.py
[2023-07-24 01:22:03,061] {processor.py:651} INFO - DAG(s) dict_keys(['example_branch_datetime_operator', 'example_branch_datetime_operator_2']) retrieved from /home/airflow/.local/lib/python3.7/site-packages/airflow/example_dags/example_branch_datetime_operator.py
[2023-07-24 01:22:03,075] {logging_mixin.py:115} INFO - [2023-07-24 01:22:03,075] {dag.py:2420} INFO - Sync 2 DAGs
[2023-07-24 01:22:03,087] {logging_mixin.py:115} INFO - [2023-07-24 01:22:03,087] {dag.py:2972} INFO - Setting next_dagrun for example_branch_datetime_operator to 2023-07-23T00:00:00+00:00, run_after=2023-07-24T00:00:00+00:00
[2023-07-24 01:22:03,087] {logging_mixin.py:115} INFO - [2023-07-24 01:22:03,087] {dag.py:2972} INFO - Setting next_dagrun for example_branch_datetime_operator_2 to 2023-07-23T00:00:00+00:00, run_after=2023-07-24T00:00:00+00:00
[2023-07-24 01:22:03,099] {processor.py:161} INFO - Processing /home/airflow/.local/lib/python3.7/site-packages/airflow/example_dags/example_branch_datetime_operator.py took 0.044 seconds
[2023-07-24 01:22:33,254] {processor.py:153} INFO - Started process (PID=363) to work on /home/airflow/.local/lib/python3.7/site-packages/airflow/example_dags/example_branch_datetime_operator.py
[2023-07-24 01:22:33,255] {processor.py:641} INFO - Processing file /home/airflow/.local/lib/python3.7/site-packages/airflow/example_dags/example_branch_datetime_operator.py for tasks to queue
[2023-07-24 01:22:33,255] {logging_mixin.py:115} INFO - [2023-07-24 01:22:33,255] {dagbag.py:508} INFO - Filling up the DagBag from /home/airflow/.local/lib/python3.7/site-packages/airflow/example_dags/example_branch_datetime_operator.py
[2023-07-24 01:22:33,260] {processor.py:651} INFO - DAG(s) dict_keys(['example_branch_datetime_operator', 'example_branch_datetime_operator_2']) retrieved from /home/airflow/.local/lib/python3.7/site-packages/airflow/example_dags/example_branch_datetime_operator.py
[2023-07-24 01:22:33,273] {logging_mixin.py:115} INFO - [2023-07-24 01:22:33,273] {dag.py:2420} INFO - Sync 2 DAGs
[2023-07-24 01:22:33,284] {logging_mixin.py:115} INFO - [2023-07-24 01:22:33,284] {dag.py:2972} INFO - Setting next_dagrun for example_branch_datetime_operator to 2023-07-23T00:00:00+00:00, run_after=2023-07-24T00:00:00+00:00
[2023-07-24 01:22:33,285] {logging_mixin.py:115} INFO - [2023-07-24 01:22:33,285] {dag.py:2972} INFO - Setting next_dagrun for example_branch_datetime_operator_2 to 2023-07-23T00:00:00+00:00, run_after=2023-07-24T00:00:00+00:00
[2023-07-24 01:22:33,295] {processor.py:161} INFO - Processing /home/airflow/.local/lib/python3.7/site-packages/airflow/example_dags/example_branch_datetime_operator.py took 0.043 seconds
[2023-07-24 01:23:03,491] {processor.py:153} INFO - Started process (PID=424) to work on /home/airflow/.local/lib/python3.7/site-packages/airflow/example_dags/example_branch_datetime_operator.py
[2023-07-24 01:23:03,492] {processor.py:641} INFO - Processing file /home/airflow/.local/lib/python3.7/site-packages/airflow/example_dags/example_branch_datetime_operator.py for tasks to queue
[2023-07-24 01:23:03,492] {logging_mixin.py:115} INFO - [2023-07-24 01:23:03,492] {dagbag.py:508} INFO - Filling up the DagBag from /home/airflow/.local/lib/python3.7/site-packages/airflow/example_dags/example_branch_datetime_operator.py
[2023-07-24 01:23:03,496] {processor.py:651} INFO - DAG(s) dict_keys(['example_branch_datetime_operator', 'example_branch_datetime_operator_2']) retrieved from /home/airflow/.local/lib/python3.7/site-packages/airflow/example_dags/example_branch_datetime_operator.py
[2023-07-24 01:23:03,511] {logging_mixin.py:115} INFO - [2023-07-24 01:23:03,511] {dag.py:2420} INFO - Sync 2 DAGs
[2023-07-24 01:23:03,523] {logging_mixin.py:115} INFO - [2023-07-24 01:23:03,523] {dag.py:2972} INFO - Setting next_dagrun for example_branch_datetime_operator to 2023-07-23T00:00:00+00:00, run_after=2023-07-24T00:00:00+00:00
[2023-07-24 01:23:03,524] {logging_mixin.py:115} INFO - [2023-07-24 01:23:03,524] {dag.py:2972} INFO - Setting next_dagrun for example_branch_datetime_operator_2 to 2023-07-23T00:00:00+00:00, run_after=2023-07-24T00:00:00+00:00
[2023-07-24 01:23:03,535] {processor.py:161} INFO - Processing /home/airflow/.local/lib/python3.7/site-packages/airflow/example_dags/example_branch_datetime_operator.py took 0.046 seconds
[2023-07-24 01:23:33,645] {processor.py:153} INFO - Started process (PID=485) to work on /home/airflow/.local/lib/python3.7/site-packages/airflow/example_dags/example_branch_datetime_operator.py
[2023-07-24 01:23:33,646] {processor.py:641} INFO - Processing file /home/airflow/.local/lib/python3.7/site-packages/airflow/example_dags/example_branch_datetime_operator.py for tasks to queue
[2023-07-24 01:23:33,646] {logging_mixin.py:115} INFO - [2023-07-24 01:23:33,646] {dagbag.py:508} INFO - Filling up the DagBag from /home/airflow/.local/lib/python3.7/site-packages/airflow/example_dags/example_branch_datetime_operator.py
[2023-07-24 01:23:33,650] {processor.py:651} INFO - DAG(s) dict_keys(['example_branch_datetime_operator', 'example_branch_datetime_operator_2']) retrieved from /home/airflow/.local/lib/python3.7/site-packages/airflow/example_dags/example_branch_datetime_operator.py
[2023-07-24 01:23:33,664] {logging_mixin.py:115} INFO - [2023-07-24 01:23:33,664] {dag.py:2420} INFO - Sync 2 DAGs
[2023-07-24 01:23:33,675] {logging_mixin.py:115} INFO - [2023-07-24 01:23:33,675] {dag.py:2972} INFO - Setting next_dagrun for example_branch_datetime_operator to 2023-07-23T00:00:00+00:00, run_after=2023-07-24T00:00:00+00:00
[2023-07-24 01:23:33,676] {logging_mixin.py:115} INFO - [2023-07-24 01:23:33,676] {dag.py:2972} INFO - Setting next_dagrun for example_branch_datetime_operator_2 to 2023-07-23T00:00:00+00:00, run_after=2023-07-24T00:00:00+00:00
[2023-07-24 01:23:33,684] {processor.py:161} INFO - Processing /home/airflow/.local/lib/python3.7/site-packages/airflow/example_dags/example_branch_datetime_operator.py took 0.041 seconds
[2023-07-24 01:24:03,839] {processor.py:153} INFO - Started process (PID=546) to work on /home/airflow/.local/lib/python3.7/site-packages/airflow/example_dags/example_branch_datetime_operator.py
[2023-07-24 01:24:03,839] {processor.py:641} INFO - Processing file /home/airflow/.local/lib/python3.7/site-packages/airflow/example_dags/example_branch_datetime_operator.py for tasks to queue
[2023-07-24 01:24:03,839] {logging_mixin.py:115} INFO - [2023-07-24 01:24:03,839] {dagbag.py:508} INFO - Filling up the DagBag from /home/airflow/.local/lib/python3.7/site-packages/airflow/example_dags/example_branch_datetime_operator.py
[2023-07-24 01:24:03,844] {processor.py:651} INFO - DAG(s) dict_keys(['example_branch_datetime_operator', 'example_branch_datetime_operator_2']) retrieved from /home/airflow/.local/lib/python3.7/site-packages/airflow/example_dags/example_branch_datetime_operator.py
[2023-07-24 01:24:03,862] {logging_mixin.py:115} INFO - [2023-07-24 01:24:03,862] {dag.py:2420} INFO - Sync 2 DAGs
[2023-07-24 01:24:03,872] {logging_mixin.py:115} INFO - [2023-07-24 01:24:03,872] {dag.py:2972} INFO - Setting next_dagrun for example_branch_datetime_operator to 2023-07-23T00:00:00+00:00, run_after=2023-07-24T00:00:00+00:00
[2023-07-24 01:24:03,873] {logging_mixin.py:115} INFO - [2023-07-24 01:24:03,873] {dag.py:2972} INFO - Setting next_dagrun for example_branch_datetime_operator_2 to 2023-07-23T00:00:00+00:00, run_after=2023-07-24T00:00:00+00:00
[2023-07-24 01:24:03,882] {processor.py:161} INFO - Processing /home/airflow/.local/lib/python3.7/site-packages/airflow/example_dags/example_branch_datetime_operator.py took 0.045 seconds
[2023-07-24 01:24:33,994] {processor.py:153} INFO - Started process (PID=607) to work on /home/airflow/.local/lib/python3.7/site-packages/airflow/example_dags/example_branch_datetime_operator.py
[2023-07-24 01:24:33,994] {processor.py:641} INFO - Processing file /home/airflow/.local/lib/python3.7/site-packages/airflow/example_dags/example_branch_datetime_operator.py for tasks to queue
[2023-07-24 01:24:33,995] {logging_mixin.py:115} INFO - [2023-07-24 01:24:33,995] {dagbag.py:508} INFO - Filling up the DagBag from /home/airflow/.local/lib/python3.7/site-packages/airflow/example_dags/example_branch_datetime_operator.py
[2023-07-24 01:24:33,999] {processor.py:651} INFO - DAG(s) dict_keys(['example_branch_datetime_operator', 'example_branch_datetime_operator_2']) retrieved from /home/airflow/.local/lib/python3.7/site-packages/airflow/example_dags/example_branch_datetime_operator.py
[2023-07-24 01:24:34,014] {logging_mixin.py:115} INFO - [2023-07-24 01:24:34,014] {dag.py:2420} INFO - Sync 2 DAGs
[2023-07-24 01:24:34,025] {logging_mixin.py:115} INFO - [2023-07-24 01:24:34,025] {dag.py:2972} INFO - Setting next_dagrun for example_branch_datetime_operator to 2023-07-23T00:00:00+00:00, run_after=2023-07-24T00:00:00+00:00
[2023-07-24 01:24:34,026] {logging_mixin.py:115} INFO - [2023-07-24 01:24:34,026] {dag.py:2972} INFO - Setting next_dagrun for example_branch_datetime_operator_2 to 2023-07-23T00:00:00+00:00, run_after=2023-07-24T00:00:00+00:00
[2023-07-24 01:24:34,037] {processor.py:161} INFO - Processing /home/airflow/.local/lib/python3.7/site-packages/airflow/example_dags/example_branch_datetime_operator.py took 0.045 seconds
[2023-07-24 01:25:04,311] {processor.py:153} INFO - Started process (PID=659) to work on /home/airflow/.local/lib/python3.7/site-packages/airflow/example_dags/example_branch_datetime_operator.py
[2023-07-24 01:25:04,311] {processor.py:641} INFO - Processing file /home/airflow/.local/lib/python3.7/site-packages/airflow/example_dags/example_branch_datetime_operator.py for tasks to queue
[2023-07-24 01:25:04,311] {logging_mixin.py:115} INFO - [2023-07-24 01:25:04,311] {dagbag.py:508} INFO - Filling up the DagBag from /home/airflow/.local/lib/python3.7/site-packages/airflow/example_dags/example_branch_datetime_operator.py
[2023-07-24 01:25:04,315] {processor.py:651} INFO - DAG(s) dict_keys(['example_branch_datetime_operator', 'example_branch_datetime_operator_2']) retrieved from /home/airflow/.local/lib/python3.7/site-packages/airflow/example_dags/example_branch_datetime_operator.py
[2023-07-24 01:25:04,330] {logging_mixin.py:115} INFO - [2023-07-24 01:25:04,329] {dag.py:2420} INFO - Sync 2 DAGs
[2023-07-24 01:25:04,341] {logging_mixin.py:115} INFO - [2023-07-24 01:25:04,341] {dag.py:2972} INFO - Setting next_dagrun for example_branch_datetime_operator to 2023-07-23T00:00:00+00:00, run_after=2023-07-24T00:00:00+00:00
[2023-07-24 01:25:04,342] {logging_mixin.py:115} INFO - [2023-07-24 01:25:04,342] {dag.py:2972} INFO - Setting next_dagrun for example_branch_datetime_operator_2 to 2023-07-23T00:00:00+00:00, run_after=2023-07-24T00:00:00+00:00
[2023-07-24 01:25:04,351] {processor.py:161} INFO - Processing /home/airflow/.local/lib/python3.7/site-packages/airflow/example_dags/example_branch_datetime_operator.py took 0.042 seconds
[2023-07-24 01:25:34,645] {processor.py:153} INFO - Started process (PID=721) to work on /home/airflow/.local/lib/python3.7/site-packages/airflow/example_dags/example_branch_datetime_operator.py
[2023-07-24 01:25:34,646] {processor.py:641} INFO - Processing file /home/airflow/.local/lib/python3.7/site-packages/airflow/example_dags/example_branch_datetime_operator.py for tasks to queue
[2023-07-24 01:25:34,646] {logging_mixin.py:115} INFO - [2023-07-24 01:25:34,646] {dagbag.py:508} INFO - Filling up the DagBag from /home/airflow/.local/lib/python3.7/site-packages/airflow/example_dags/example_branch_datetime_operator.py
[2023-07-24 01:25:34,650] {processor.py:651} INFO - DAG(s) dict_keys(['example_branch_datetime_operator', 'example_branch_datetime_operator_2']) retrieved from /home/airflow/.local/lib/python3.7/site-packages/airflow/example_dags/example_branch_datetime_operator.py
[2023-07-24 01:25:34,665] {logging_mixin.py:115} INFO - [2023-07-24 01:25:34,665] {dag.py:2420} INFO - Sync 2 DAGs
[2023-07-24 01:25:34,677] {logging_mixin.py:115} INFO - [2023-07-24 01:25:34,676] {dag.py:2972} INFO - Setting next_dagrun for example_branch_datetime_operator to 2023-07-23T00:00:00+00:00, run_after=2023-07-24T00:00:00+00:00
[2023-07-24 01:25:34,677] {logging_mixin.py:115} INFO - [2023-07-24 01:25:34,677] {dag.py:2972} INFO - Setting next_dagrun for example_branch_datetime_operator_2 to 2023-07-23T00:00:00+00:00, run_after=2023-07-24T00:00:00+00:00
[2023-07-24 01:25:34,686] {processor.py:161} INFO - Processing /home/airflow/.local/lib/python3.7/site-packages/airflow/example_dags/example_branch_datetime_operator.py took 0.043 seconds
