[2023-07-24 01:20:02,233] {processor.py:153} INFO - Started process (PID=77) to work on /home/airflow/.local/lib/python3.7/site-packages/airflow/example_dags/example_skip_dag.py
[2023-07-24 01:20:02,233] {processor.py:641} INFO - Processing file /home/airflow/.local/lib/python3.7/site-packages/airflow/example_dags/example_skip_dag.py for tasks to queue
[2023-07-24 01:20:02,234] {logging_mixin.py:115} INFO - [2023-07-24 01:20:02,234] {dagbag.py:508} INFO - Filling up the DagBag from /home/airflow/.local/lib/python3.7/site-packages/airflow/example_dags/example_skip_dag.py
[2023-07-24 01:20:02,237] {processor.py:651} INFO - DAG(s) dict_keys(['example_skip_dag']) retrieved from /home/airflow/.local/lib/python3.7/site-packages/airflow/example_dags/example_skip_dag.py
[2023-07-24 01:20:02,375] {logging_mixin.py:115} INFO - [2023-07-24 01:20:02,375] {manager.py:508} INFO - Created Permission View: can edit on DAG:example_skip_dag
[2023-07-24 01:20:02,383] {logging_mixin.py:115} INFO - [2023-07-24 01:20:02,383] {manager.py:508} INFO - Created Permission View: can read on DAG:example_skip_dag
[2023-07-24 01:20:02,389] {logging_mixin.py:115} INFO - [2023-07-24 01:20:02,389] {manager.py:508} INFO - Created Permission View: can delete on DAG:example_skip_dag
[2023-07-24 01:20:02,389] {logging_mixin.py:115} INFO - [2023-07-24 01:20:02,389] {dag.py:2420} INFO - Sync 1 DAGs
[2023-07-24 01:20:02,393] {logging_mixin.py:115} INFO - [2023-07-24 01:20:02,393] {dag.py:2439} INFO - Creating ORM DAG for example_skip_dag
[2023-07-24 01:20:02,399] {logging_mixin.py:115} INFO - [2023-07-24 01:20:02,399] {dag.py:2972} INFO - Setting next_dagrun for example_skip_dag to 2023-07-23T01:20:02.399099+00:00, run_after=2023-07-24T01:20:02.399099+00:00
[2023-07-24 01:20:02,408] {processor.py:161} INFO - Processing /home/airflow/.local/lib/python3.7/site-packages/airflow/example_dags/example_skip_dag.py took 0.176 seconds
[2023-07-24 01:20:32,690] {processor.py:153} INFO - Started process (PID=137) to work on /home/airflow/.local/lib/python3.7/site-packages/airflow/example_dags/example_skip_dag.py
[2023-07-24 01:20:32,691] {processor.py:641} INFO - Processing file /home/airflow/.local/lib/python3.7/site-packages/airflow/example_dags/example_skip_dag.py for tasks to queue
[2023-07-24 01:20:32,691] {logging_mixin.py:115} INFO - [2023-07-24 01:20:32,691] {dagbag.py:508} INFO - Filling up the DagBag from /home/airflow/.local/lib/python3.7/site-packages/airflow/example_dags/example_skip_dag.py
[2023-07-24 01:20:32,693] {processor.py:651} INFO - DAG(s) dict_keys(['example_skip_dag']) retrieved from /home/airflow/.local/lib/python3.7/site-packages/airflow/example_dags/example_skip_dag.py
[2023-07-24 01:20:32,707] {logging_mixin.py:115} INFO - [2023-07-24 01:20:32,707] {dag.py:2420} INFO - Sync 1 DAGs
[2023-07-24 01:20:32,718] {logging_mixin.py:115} INFO - [2023-07-24 01:20:32,718] {dag.py:2972} INFO - Setting next_dagrun for example_skip_dag to 2023-07-23T01:20:32.718267+00:00, run_after=2023-07-24T01:20:32.718267+00:00
[2023-07-24 01:20:32,728] {processor.py:161} INFO - Processing /home/airflow/.local/lib/python3.7/site-packages/airflow/example_dags/example_skip_dag.py took 0.039 seconds
[2023-07-24 01:21:03,006] {processor.py:153} INFO - Started process (PID=198) to work on /home/airflow/.local/lib/python3.7/site-packages/airflow/example_dags/example_skip_dag.py
[2023-07-24 01:21:03,007] {processor.py:641} INFO - Processing file /home/airflow/.local/lib/python3.7/site-packages/airflow/example_dags/example_skip_dag.py for tasks to queue
[2023-07-24 01:21:03,007] {logging_mixin.py:115} INFO - [2023-07-24 01:21:03,007] {dagbag.py:508} INFO - Filling up the DagBag from /home/airflow/.local/lib/python3.7/site-packages/airflow/example_dags/example_skip_dag.py
[2023-07-24 01:21:03,010] {processor.py:651} INFO - DAG(s) dict_keys(['example_skip_dag']) retrieved from /home/airflow/.local/lib/python3.7/site-packages/airflow/example_dags/example_skip_dag.py
[2023-07-24 01:21:03,024] {logging_mixin.py:115} INFO - [2023-07-24 01:21:03,023] {dag.py:2420} INFO - Sync 1 DAGs
[2023-07-24 01:21:03,034] {logging_mixin.py:115} INFO - [2023-07-24 01:21:03,034] {dag.py:2972} INFO - Setting next_dagrun for example_skip_dag to 2023-07-23T01:21:03.034177+00:00, run_after=2023-07-24T01:21:03.034177+00:00
[2023-07-24 01:21:03,044] {processor.py:161} INFO - Processing /home/airflow/.local/lib/python3.7/site-packages/airflow/example_dags/example_skip_dag.py took 0.039 seconds
[2023-07-24 01:21:33,253] {processor.py:153} INFO - Started process (PID=258) to work on /home/airflow/.local/lib/python3.7/site-packages/airflow/example_dags/example_skip_dag.py
[2023-07-24 01:21:33,253] {processor.py:641} INFO - Processing file /home/airflow/.local/lib/python3.7/site-packages/airflow/example_dags/example_skip_dag.py for tasks to queue
[2023-07-24 01:21:33,253] {logging_mixin.py:115} INFO - [2023-07-24 01:21:33,253] {dagbag.py:508} INFO - Filling up the DagBag from /home/airflow/.local/lib/python3.7/site-packages/airflow/example_dags/example_skip_dag.py
[2023-07-24 01:21:33,256] {processor.py:651} INFO - DAG(s) dict_keys(['example_skip_dag']) retrieved from /home/airflow/.local/lib/python3.7/site-packages/airflow/example_dags/example_skip_dag.py
[2023-07-24 01:21:33,270] {logging_mixin.py:115} INFO - [2023-07-24 01:21:33,270] {dag.py:2420} INFO - Sync 1 DAGs
[2023-07-24 01:21:33,280] {logging_mixin.py:115} INFO - [2023-07-24 01:21:33,280] {dag.py:2972} INFO - Setting next_dagrun for example_skip_dag to 2023-07-23T01:21:33.280646+00:00, run_after=2023-07-24T01:21:33.280646+00:00
[2023-07-24 01:21:33,292] {processor.py:161} INFO - Processing /home/airflow/.local/lib/python3.7/site-packages/airflow/example_dags/example_skip_dag.py took 0.041 seconds
[2023-07-24 01:22:03,406] {processor.py:153} INFO - Started process (PID=319) to work on /home/airflow/.local/lib/python3.7/site-packages/airflow/example_dags/example_skip_dag.py
[2023-07-24 01:22:03,406] {processor.py:641} INFO - Processing file /home/airflow/.local/lib/python3.7/site-packages/airflow/example_dags/example_skip_dag.py for tasks to queue
[2023-07-24 01:22:03,406] {logging_mixin.py:115} INFO - [2023-07-24 01:22:03,406] {dagbag.py:508} INFO - Filling up the DagBag from /home/airflow/.local/lib/python3.7/site-packages/airflow/example_dags/example_skip_dag.py
[2023-07-24 01:22:03,409] {processor.py:651} INFO - DAG(s) dict_keys(['example_skip_dag']) retrieved from /home/airflow/.local/lib/python3.7/site-packages/airflow/example_dags/example_skip_dag.py
[2023-07-24 01:22:03,421] {logging_mixin.py:115} INFO - [2023-07-24 01:22:03,421] {dag.py:2420} INFO - Sync 1 DAGs
[2023-07-24 01:22:03,432] {logging_mixin.py:115} INFO - [2023-07-24 01:22:03,432] {dag.py:2972} INFO - Setting next_dagrun for example_skip_dag to 2023-07-23T01:22:03.432013+00:00, run_after=2023-07-24T01:22:03.432013+00:00
[2023-07-24 01:22:03,441] {processor.py:161} INFO - Processing /home/airflow/.local/lib/python3.7/site-packages/airflow/example_dags/example_skip_dag.py took 0.037 seconds
[2023-07-24 01:22:33,592] {processor.py:153} INFO - Started process (PID=371) to work on /home/airflow/.local/lib/python3.7/site-packages/airflow/example_dags/example_skip_dag.py
[2023-07-24 01:22:33,593] {processor.py:641} INFO - Processing file /home/airflow/.local/lib/python3.7/site-packages/airflow/example_dags/example_skip_dag.py for tasks to queue
[2023-07-24 01:22:33,593] {logging_mixin.py:115} INFO - [2023-07-24 01:22:33,593] {dagbag.py:508} INFO - Filling up the DagBag from /home/airflow/.local/lib/python3.7/site-packages/airflow/example_dags/example_skip_dag.py
[2023-07-24 01:22:33,595] {processor.py:651} INFO - DAG(s) dict_keys(['example_skip_dag']) retrieved from /home/airflow/.local/lib/python3.7/site-packages/airflow/example_dags/example_skip_dag.py
[2023-07-24 01:22:33,608] {logging_mixin.py:115} INFO - [2023-07-24 01:22:33,608] {dag.py:2420} INFO - Sync 1 DAGs
[2023-07-24 01:22:33,619] {logging_mixin.py:115} INFO - [2023-07-24 01:22:33,619] {dag.py:2972} INFO - Setting next_dagrun for example_skip_dag to 2023-07-23T01:22:33.618988+00:00, run_after=2023-07-24T01:22:33.618988+00:00
[2023-07-24 01:22:33,627] {processor.py:161} INFO - Processing /home/airflow/.local/lib/python3.7/site-packages/airflow/example_dags/example_skip_dag.py took 0.037 seconds
[2023-07-24 01:23:03,868] {processor.py:153} INFO - Started process (PID=432) to work on /home/airflow/.local/lib/python3.7/site-packages/airflow/example_dags/example_skip_dag.py
[2023-07-24 01:23:03,869] {processor.py:641} INFO - Processing file /home/airflow/.local/lib/python3.7/site-packages/airflow/example_dags/example_skip_dag.py for tasks to queue
[2023-07-24 01:23:03,869] {logging_mixin.py:115} INFO - [2023-07-24 01:23:03,869] {dagbag.py:508} INFO - Filling up the DagBag from /home/airflow/.local/lib/python3.7/site-packages/airflow/example_dags/example_skip_dag.py
[2023-07-24 01:23:03,871] {processor.py:651} INFO - DAG(s) dict_keys(['example_skip_dag']) retrieved from /home/airflow/.local/lib/python3.7/site-packages/airflow/example_dags/example_skip_dag.py
[2023-07-24 01:23:03,884] {logging_mixin.py:115} INFO - [2023-07-24 01:23:03,884] {dag.py:2420} INFO - Sync 1 DAGs
[2023-07-24 01:23:03,894] {logging_mixin.py:115} INFO - [2023-07-24 01:23:03,894] {dag.py:2972} INFO - Setting next_dagrun for example_skip_dag to 2023-07-23T01:23:03.894692+00:00, run_after=2023-07-24T01:23:03.894692+00:00
[2023-07-24 01:23:03,906] {processor.py:161} INFO - Processing /home/airflow/.local/lib/python3.7/site-packages/airflow/example_dags/example_skip_dag.py took 0.039 seconds
[2023-07-24 01:23:34,033] {processor.py:153} INFO - Started process (PID=493) to work on /home/airflow/.local/lib/python3.7/site-packages/airflow/example_dags/example_skip_dag.py
[2023-07-24 01:23:34,034] {processor.py:641} INFO - Processing file /home/airflow/.local/lib/python3.7/site-packages/airflow/example_dags/example_skip_dag.py for tasks to queue
[2023-07-24 01:23:34,034] {logging_mixin.py:115} INFO - [2023-07-24 01:23:34,034] {dagbag.py:508} INFO - Filling up the DagBag from /home/airflow/.local/lib/python3.7/site-packages/airflow/example_dags/example_skip_dag.py
[2023-07-24 01:23:34,037] {processor.py:651} INFO - DAG(s) dict_keys(['example_skip_dag']) retrieved from /home/airflow/.local/lib/python3.7/site-packages/airflow/example_dags/example_skip_dag.py
[2023-07-24 01:23:34,050] {logging_mixin.py:115} INFO - [2023-07-24 01:23:34,050] {dag.py:2420} INFO - Sync 1 DAGs
[2023-07-24 01:23:34,061] {logging_mixin.py:115} INFO - [2023-07-24 01:23:34,061] {dag.py:2972} INFO - Setting next_dagrun for example_skip_dag to 2023-07-23T01:23:34.061067+00:00, run_after=2023-07-24T01:23:34.061067+00:00
[2023-07-24 01:23:34,071] {processor.py:161} INFO - Processing /home/airflow/.local/lib/python3.7/site-packages/airflow/example_dags/example_skip_dag.py took 0.040 seconds
[2023-07-24 01:24:04,208] {processor.py:153} INFO - Started process (PID=554) to work on /home/airflow/.local/lib/python3.7/site-packages/airflow/example_dags/example_skip_dag.py
[2023-07-24 01:24:04,209] {processor.py:641} INFO - Processing file /home/airflow/.local/lib/python3.7/site-packages/airflow/example_dags/example_skip_dag.py for tasks to queue
[2023-07-24 01:24:04,209] {logging_mixin.py:115} INFO - [2023-07-24 01:24:04,209] {dagbag.py:508} INFO - Filling up the DagBag from /home/airflow/.local/lib/python3.7/site-packages/airflow/example_dags/example_skip_dag.py
[2023-07-24 01:24:04,211] {processor.py:651} INFO - DAG(s) dict_keys(['example_skip_dag']) retrieved from /home/airflow/.local/lib/python3.7/site-packages/airflow/example_dags/example_skip_dag.py
[2023-07-24 01:24:04,224] {logging_mixin.py:115} INFO - [2023-07-24 01:24:04,224] {dag.py:2420} INFO - Sync 1 DAGs
[2023-07-24 01:24:04,235] {logging_mixin.py:115} INFO - [2023-07-24 01:24:04,235] {dag.py:2972} INFO - Setting next_dagrun for example_skip_dag to 2023-07-23T01:24:04.235020+00:00, run_after=2023-07-24T01:24:04.235020+00:00
[2023-07-24 01:24:04,244] {processor.py:161} INFO - Processing /home/airflow/.local/lib/python3.7/site-packages/airflow/example_dags/example_skip_dag.py took 0.038 seconds
[2023-07-24 01:24:34,377] {processor.py:153} INFO - Started process (PID=615) to work on /home/airflow/.local/lib/python3.7/site-packages/airflow/example_dags/example_skip_dag.py
[2023-07-24 01:24:34,377] {processor.py:641} INFO - Processing file /home/airflow/.local/lib/python3.7/site-packages/airflow/example_dags/example_skip_dag.py for tasks to queue
[2023-07-24 01:24:34,378] {logging_mixin.py:115} INFO - [2023-07-24 01:24:34,378] {dagbag.py:508} INFO - Filling up the DagBag from /home/airflow/.local/lib/python3.7/site-packages/airflow/example_dags/example_skip_dag.py
[2023-07-24 01:24:34,380] {processor.py:651} INFO - DAG(s) dict_keys(['example_skip_dag']) retrieved from /home/airflow/.local/lib/python3.7/site-packages/airflow/example_dags/example_skip_dag.py
[2023-07-24 01:24:34,394] {logging_mixin.py:115} INFO - [2023-07-24 01:24:34,394] {dag.py:2420} INFO - Sync 1 DAGs
[2023-07-24 01:24:34,406] {logging_mixin.py:115} INFO - [2023-07-24 01:24:34,406] {dag.py:2972} INFO - Setting next_dagrun for example_skip_dag to 2023-07-23T01:24:34.405948+00:00, run_after=2023-07-24T01:24:34.405948+00:00
[2023-07-24 01:24:34,416] {processor.py:161} INFO - Processing /home/airflow/.local/lib/python3.7/site-packages/airflow/example_dags/example_skip_dag.py took 0.041 seconds
[2023-07-24 01:25:04,735] {processor.py:153} INFO - Started process (PID=677) to work on /home/airflow/.local/lib/python3.7/site-packages/airflow/example_dags/example_skip_dag.py
[2023-07-24 01:25:04,736] {processor.py:641} INFO - Processing file /home/airflow/.local/lib/python3.7/site-packages/airflow/example_dags/example_skip_dag.py for tasks to queue
[2023-07-24 01:25:04,737] {logging_mixin.py:115} INFO - [2023-07-24 01:25:04,737] {dagbag.py:508} INFO - Filling up the DagBag from /home/airflow/.local/lib/python3.7/site-packages/airflow/example_dags/example_skip_dag.py
[2023-07-24 01:25:04,739] {processor.py:651} INFO - DAG(s) dict_keys(['example_skip_dag']) retrieved from /home/airflow/.local/lib/python3.7/site-packages/airflow/example_dags/example_skip_dag.py
[2023-07-24 01:25:04,755] {logging_mixin.py:115} INFO - [2023-07-24 01:25:04,755] {dag.py:2420} INFO - Sync 1 DAGs
[2023-07-24 01:25:04,766] {logging_mixin.py:115} INFO - [2023-07-24 01:25:04,766] {dag.py:2972} INFO - Setting next_dagrun for example_skip_dag to 2023-07-23T01:25:04.766378+00:00, run_after=2023-07-24T01:25:04.766378+00:00
[2023-07-24 01:25:04,775] {processor.py:161} INFO - Processing /home/airflow/.local/lib/python3.7/site-packages/airflow/example_dags/example_skip_dag.py took 0.041 seconds
[2023-07-24 01:25:35,023] {processor.py:153} INFO - Started process (PID=729) to work on /home/airflow/.local/lib/python3.7/site-packages/airflow/example_dags/example_skip_dag.py
[2023-07-24 01:25:35,025] {processor.py:641} INFO - Processing file /home/airflow/.local/lib/python3.7/site-packages/airflow/example_dags/example_skip_dag.py for tasks to queue
[2023-07-24 01:25:35,025] {logging_mixin.py:115} INFO - [2023-07-24 01:25:35,025] {dagbag.py:508} INFO - Filling up the DagBag from /home/airflow/.local/lib/python3.7/site-packages/airflow/example_dags/example_skip_dag.py
[2023-07-24 01:25:35,027] {processor.py:651} INFO - DAG(s) dict_keys(['example_skip_dag']) retrieved from /home/airflow/.local/lib/python3.7/site-packages/airflow/example_dags/example_skip_dag.py
[2023-07-24 01:25:35,041] {logging_mixin.py:115} INFO - [2023-07-24 01:25:35,041] {dag.py:2420} INFO - Sync 1 DAGs
[2023-07-24 01:25:35,053] {logging_mixin.py:115} INFO - [2023-07-24 01:25:35,053] {dag.py:2972} INFO - Setting next_dagrun for example_skip_dag to 2023-07-23T01:25:35.052956+00:00, run_after=2023-07-24T01:25:35.052956+00:00
[2023-07-24 01:25:35,061] {processor.py:161} INFO - Processing /home/airflow/.local/lib/python3.7/site-packages/airflow/example_dags/example_skip_dag.py took 0.040 seconds
[2023-07-24 01:26:05,387] {processor.py:153} INFO - Started process (PID=789) to work on /home/airflow/.local/lib/python3.7/site-packages/airflow/example_dags/example_skip_dag.py
[2023-07-24 01:26:05,388] {processor.py:641} INFO - Processing file /home/airflow/.local/lib/python3.7/site-packages/airflow/example_dags/example_skip_dag.py for tasks to queue
[2023-07-24 01:26:05,388] {logging_mixin.py:115} INFO - [2023-07-24 01:26:05,388] {dagbag.py:508} INFO - Filling up the DagBag from /home/airflow/.local/lib/python3.7/site-packages/airflow/example_dags/example_skip_dag.py
[2023-07-24 01:26:05,390] {processor.py:651} INFO - DAG(s) dict_keys(['example_skip_dag']) retrieved from /home/airflow/.local/lib/python3.7/site-packages/airflow/example_dags/example_skip_dag.py
[2023-07-24 01:26:05,407] {logging_mixin.py:115} INFO - [2023-07-24 01:26:05,407] {dag.py:2420} INFO - Sync 1 DAGs
[2023-07-24 01:26:05,417] {logging_mixin.py:115} INFO - [2023-07-24 01:26:05,417] {dag.py:2972} INFO - Setting next_dagrun for example_skip_dag to 2023-07-23T01:26:05.417481+00:00, run_after=2023-07-24T01:26:05.417481+00:00
[2023-07-24 01:26:05,426] {processor.py:161} INFO - Processing /home/airflow/.local/lib/python3.7/site-packages/airflow/example_dags/example_skip_dag.py took 0.041 seconds
[2023-07-24 01:26:35,673] {processor.py:153} INFO - Started process (PID=850) to work on /home/airflow/.local/lib/python3.7/site-packages/airflow/example_dags/example_skip_dag.py
[2023-07-24 01:26:35,674] {processor.py:641} INFO - Processing file /home/airflow/.local/lib/python3.7/site-packages/airflow/example_dags/example_skip_dag.py for tasks to queue
[2023-07-24 01:26:35,674] {logging_mixin.py:115} INFO - [2023-07-24 01:26:35,674] {dagbag.py:508} INFO - Filling up the DagBag from /home/airflow/.local/lib/python3.7/site-packages/airflow/example_dags/example_skip_dag.py
[2023-07-24 01:26:35,676] {processor.py:651} INFO - DAG(s) dict_keys(['example_skip_dag']) retrieved from /home/airflow/.local/lib/python3.7/site-packages/airflow/example_dags/example_skip_dag.py
[2023-07-24 01:26:35,691] {logging_mixin.py:115} INFO - [2023-07-24 01:26:35,691] {dag.py:2420} INFO - Sync 1 DAGs
[2023-07-24 01:26:35,702] {logging_mixin.py:115} INFO - [2023-07-24 01:26:35,702] {dag.py:2972} INFO - Setting next_dagrun for example_skip_dag to 2023-07-23T01:26:35.702274+00:00, run_after=2023-07-24T01:26:35.702274+00:00
[2023-07-24 01:26:35,711] {processor.py:161} INFO - Processing /home/airflow/.local/lib/python3.7/site-packages/airflow/example_dags/example_skip_dag.py took 0.040 seconds
[2023-07-24 01:27:06,047] {processor.py:153} INFO - Started process (PID=911) to work on /home/airflow/.local/lib/python3.7/site-packages/airflow/example_dags/example_skip_dag.py
[2023-07-24 01:27:06,048] {processor.py:641} INFO - Processing file /home/airflow/.local/lib/python3.7/site-packages/airflow/example_dags/example_skip_dag.py for tasks to queue
[2023-07-24 01:27:06,048] {logging_mixin.py:115} INFO - [2023-07-24 01:27:06,048] {dagbag.py:508} INFO - Filling up the DagBag from /home/airflow/.local/lib/python3.7/site-packages/airflow/example_dags/example_skip_dag.py
[2023-07-24 01:27:06,050] {processor.py:651} INFO - DAG(s) dict_keys(['example_skip_dag']) retrieved from /home/airflow/.local/lib/python3.7/site-packages/airflow/example_dags/example_skip_dag.py
[2023-07-24 01:27:06,064] {logging_mixin.py:115} INFO - [2023-07-24 01:27:06,064] {dag.py:2420} INFO - Sync 1 DAGs
[2023-07-24 01:27:06,076] {logging_mixin.py:115} INFO - [2023-07-24 01:27:06,076] {dag.py:2972} INFO - Setting next_dagrun for example_skip_dag to 2023-07-23T01:27:06.075909+00:00, run_after=2023-07-24T01:27:06.075909+00:00
[2023-07-24 01:27:06,088] {processor.py:161} INFO - Processing /home/airflow/.local/lib/python3.7/site-packages/airflow/example_dags/example_skip_dag.py took 0.042 seconds
[2023-07-24 01:27:36,336] {processor.py:153} INFO - Started process (PID=963) to work on /home/airflow/.local/lib/python3.7/site-packages/airflow/example_dags/example_skip_dag.py
[2023-07-24 01:27:36,336] {processor.py:641} INFO - Processing file /home/airflow/.local/lib/python3.7/site-packages/airflow/example_dags/example_skip_dag.py for tasks to queue
[2023-07-24 01:27:36,336] {logging_mixin.py:115} INFO - [2023-07-24 01:27:36,336] {dagbag.py:508} INFO - Filling up the DagBag from /home/airflow/.local/lib/python3.7/site-packages/airflow/example_dags/example_skip_dag.py
[2023-07-24 01:27:36,338] {processor.py:651} INFO - DAG(s) dict_keys(['example_skip_dag']) retrieved from /home/airflow/.local/lib/python3.7/site-packages/airflow/example_dags/example_skip_dag.py
[2023-07-24 01:27:36,352] {logging_mixin.py:115} INFO - [2023-07-24 01:27:36,352] {dag.py:2420} INFO - Sync 1 DAGs
[2023-07-24 01:27:36,362] {logging_mixin.py:115} INFO - [2023-07-24 01:27:36,362] {dag.py:2972} INFO - Setting next_dagrun for example_skip_dag to 2023-07-23T01:27:36.362484+00:00, run_after=2023-07-24T01:27:36.362484+00:00
[2023-07-24 01:27:36,371] {processor.py:161} INFO - Processing /home/airflow/.local/lib/python3.7/site-packages/airflow/example_dags/example_skip_dag.py took 0.036 seconds
[2023-07-24 01:28:06,848] {processor.py:153} INFO - Started process (PID=1024) to work on /home/airflow/.local/lib/python3.7/site-packages/airflow/example_dags/example_skip_dag.py
[2023-07-24 01:28:06,849] {processor.py:641} INFO - Processing file /home/airflow/.local/lib/python3.7/site-packages/airflow/example_dags/example_skip_dag.py for tasks to queue
[2023-07-24 01:28:06,849] {logging_mixin.py:115} INFO - [2023-07-24 01:28:06,849] {dagbag.py:508} INFO - Filling up the DagBag from /home/airflow/.local/lib/python3.7/site-packages/airflow/example_dags/example_skip_dag.py
[2023-07-24 01:28:06,851] {processor.py:651} INFO - DAG(s) dict_keys(['example_skip_dag']) retrieved from /home/airflow/.local/lib/python3.7/site-packages/airflow/example_dags/example_skip_dag.py
[2023-07-24 01:28:06,866] {logging_mixin.py:115} INFO - [2023-07-24 01:28:06,865] {dag.py:2420} INFO - Sync 1 DAGs
[2023-07-24 01:28:06,876] {logging_mixin.py:115} INFO - [2023-07-24 01:28:06,876] {dag.py:2972} INFO - Setting next_dagrun for example_skip_dag to 2023-07-23T01:28:06.876663+00:00, run_after=2023-07-24T01:28:06.876663+00:00
[2023-07-24 01:28:06,888] {processor.py:161} INFO - Processing /home/airflow/.local/lib/python3.7/site-packages/airflow/example_dags/example_skip_dag.py took 0.042 seconds
[2023-07-24 01:28:37,320] {processor.py:153} INFO - Started process (PID=1085) to work on /home/airflow/.local/lib/python3.7/site-packages/airflow/example_dags/example_skip_dag.py
[2023-07-24 01:28:37,320] {processor.py:641} INFO - Processing file /home/airflow/.local/lib/python3.7/site-packages/airflow/example_dags/example_skip_dag.py for tasks to queue
[2023-07-24 01:28:37,320] {logging_mixin.py:115} INFO - [2023-07-24 01:28:37,320] {dagbag.py:508} INFO - Filling up the DagBag from /home/airflow/.local/lib/python3.7/site-packages/airflow/example_dags/example_skip_dag.py
[2023-07-24 01:28:37,323] {processor.py:651} INFO - DAG(s) dict_keys(['example_skip_dag']) retrieved from /home/airflow/.local/lib/python3.7/site-packages/airflow/example_dags/example_skip_dag.py
[2023-07-24 01:28:37,336] {logging_mixin.py:115} INFO - [2023-07-24 01:28:37,336] {dag.py:2420} INFO - Sync 1 DAGs
[2023-07-24 01:28:37,346] {logging_mixin.py:115} INFO - [2023-07-24 01:28:37,346] {dag.py:2972} INFO - Setting next_dagrun for example_skip_dag to 2023-07-23T01:28:37.346663+00:00, run_after=2023-07-24T01:28:37.346663+00:00
[2023-07-24 01:28:37,356] {processor.py:161} INFO - Processing /home/airflow/.local/lib/python3.7/site-packages/airflow/example_dags/example_skip_dag.py took 0.038 seconds
[2023-07-24 01:29:07,941] {processor.py:153} INFO - Started process (PID=1146) to work on /home/airflow/.local/lib/python3.7/site-packages/airflow/example_dags/example_skip_dag.py
[2023-07-24 01:29:07,942] {processor.py:641} INFO - Processing file /home/airflow/.local/lib/python3.7/site-packages/airflow/example_dags/example_skip_dag.py for tasks to queue
[2023-07-24 01:29:07,942] {logging_mixin.py:115} INFO - [2023-07-24 01:29:07,942] {dagbag.py:508} INFO - Filling up the DagBag from /home/airflow/.local/lib/python3.7/site-packages/airflow/example_dags/example_skip_dag.py
[2023-07-24 01:29:07,944] {processor.py:651} INFO - DAG(s) dict_keys(['example_skip_dag']) retrieved from /home/airflow/.local/lib/python3.7/site-packages/airflow/example_dags/example_skip_dag.py
[2023-07-24 01:29:07,957] {logging_mixin.py:115} INFO - [2023-07-24 01:29:07,957] {dag.py:2420} INFO - Sync 1 DAGs
[2023-07-24 01:29:07,969] {logging_mixin.py:115} INFO - [2023-07-24 01:29:07,968] {dag.py:2972} INFO - Setting next_dagrun for example_skip_dag to 2023-07-23T01:29:07.968806+00:00, run_after=2023-07-24T01:29:07.968806+00:00
[2023-07-24 01:29:07,978] {processor.py:161} INFO - Processing /home/airflow/.local/lib/python3.7/site-packages/airflow/example_dags/example_skip_dag.py took 0.039 seconds
[2023-07-24 01:29:38,420] {processor.py:153} INFO - Started process (PID=1198) to work on /home/airflow/.local/lib/python3.7/site-packages/airflow/example_dags/example_skip_dag.py
[2023-07-24 01:29:38,420] {processor.py:641} INFO - Processing file /home/airflow/.local/lib/python3.7/site-packages/airflow/example_dags/example_skip_dag.py for tasks to queue
[2023-07-24 01:29:38,420] {logging_mixin.py:115} INFO - [2023-07-24 01:29:38,420] {dagbag.py:508} INFO - Filling up the DagBag from /home/airflow/.local/lib/python3.7/site-packages/airflow/example_dags/example_skip_dag.py
[2023-07-24 01:29:38,423] {processor.py:651} INFO - DAG(s) dict_keys(['example_skip_dag']) retrieved from /home/airflow/.local/lib/python3.7/site-packages/airflow/example_dags/example_skip_dag.py
[2023-07-24 01:29:38,436] {logging_mixin.py:115} INFO - [2023-07-24 01:29:38,436] {dag.py:2420} INFO - Sync 1 DAGs
[2023-07-24 01:29:38,447] {logging_mixin.py:115} INFO - [2023-07-24 01:29:38,447] {dag.py:2972} INFO - Setting next_dagrun for example_skip_dag to 2023-07-23T01:29:38.447779+00:00, run_after=2023-07-24T01:29:38.447779+00:00
[2023-07-24 01:29:38,457] {processor.py:161} INFO - Processing /home/airflow/.local/lib/python3.7/site-packages/airflow/example_dags/example_skip_dag.py took 0.039 seconds
[2023-07-24 01:30:08,794] {processor.py:153} INFO - Started process (PID=1259) to work on /home/airflow/.local/lib/python3.7/site-packages/airflow/example_dags/example_skip_dag.py
[2023-07-24 01:30:08,795] {processor.py:641} INFO - Processing file /home/airflow/.local/lib/python3.7/site-packages/airflow/example_dags/example_skip_dag.py for tasks to queue
[2023-07-24 01:30:08,796] {logging_mixin.py:115} INFO - [2023-07-24 01:30:08,796] {dagbag.py:508} INFO - Filling up the DagBag from /home/airflow/.local/lib/python3.7/site-packages/airflow/example_dags/example_skip_dag.py
[2023-07-24 01:30:08,798] {processor.py:651} INFO - DAG(s) dict_keys(['example_skip_dag']) retrieved from /home/airflow/.local/lib/python3.7/site-packages/airflow/example_dags/example_skip_dag.py
[2023-07-24 01:30:08,811] {logging_mixin.py:115} INFO - [2023-07-24 01:30:08,811] {dag.py:2420} INFO - Sync 1 DAGs
[2023-07-24 01:30:08,822] {logging_mixin.py:115} INFO - [2023-07-24 01:30:08,821] {dag.py:2972} INFO - Setting next_dagrun for example_skip_dag to 2023-07-23T01:30:08.821883+00:00, run_after=2023-07-24T01:30:08.821883+00:00
[2023-07-24 01:30:08,831] {processor.py:161} INFO - Processing /home/airflow/.local/lib/python3.7/site-packages/airflow/example_dags/example_skip_dag.py took 0.038 seconds
[2023-07-24 01:30:39,287] {processor.py:153} INFO - Started process (PID=1320) to work on /home/airflow/.local/lib/python3.7/site-packages/airflow/example_dags/example_skip_dag.py
[2023-07-24 01:30:39,287] {processor.py:641} INFO - Processing file /home/airflow/.local/lib/python3.7/site-packages/airflow/example_dags/example_skip_dag.py for tasks to queue
[2023-07-24 01:30:39,287] {logging_mixin.py:115} INFO - [2023-07-24 01:30:39,287] {dagbag.py:508} INFO - Filling up the DagBag from /home/airflow/.local/lib/python3.7/site-packages/airflow/example_dags/example_skip_dag.py
[2023-07-24 01:30:39,290] {processor.py:651} INFO - DAG(s) dict_keys(['example_skip_dag']) retrieved from /home/airflow/.local/lib/python3.7/site-packages/airflow/example_dags/example_skip_dag.py
[2023-07-24 01:30:39,302] {logging_mixin.py:115} INFO - [2023-07-24 01:30:39,302] {dag.py:2420} INFO - Sync 1 DAGs
[2023-07-24 01:30:39,313] {logging_mixin.py:115} INFO - [2023-07-24 01:30:39,313] {dag.py:2972} INFO - Setting next_dagrun for example_skip_dag to 2023-07-23T01:30:39.313098+00:00, run_after=2023-07-24T01:30:39.313098+00:00
[2023-07-24 01:30:39,321] {processor.py:161} INFO - Processing /home/airflow/.local/lib/python3.7/site-packages/airflow/example_dags/example_skip_dag.py took 0.036 seconds
[2023-07-24 01:31:09,737] {processor.py:153} INFO - Started process (PID=1380) to work on /home/airflow/.local/lib/python3.7/site-packages/airflow/example_dags/example_skip_dag.py
[2023-07-24 01:31:09,738] {processor.py:641} INFO - Processing file /home/airflow/.local/lib/python3.7/site-packages/airflow/example_dags/example_skip_dag.py for tasks to queue
[2023-07-24 01:31:09,739] {logging_mixin.py:115} INFO - [2023-07-24 01:31:09,739] {dagbag.py:508} INFO - Filling up the DagBag from /home/airflow/.local/lib/python3.7/site-packages/airflow/example_dags/example_skip_dag.py
[2023-07-24 01:31:09,741] {processor.py:651} INFO - DAG(s) dict_keys(['example_skip_dag']) retrieved from /home/airflow/.local/lib/python3.7/site-packages/airflow/example_dags/example_skip_dag.py
[2023-07-24 01:31:09,753] {logging_mixin.py:115} INFO - [2023-07-24 01:31:09,753] {dag.py:2420} INFO - Sync 1 DAGs
[2023-07-24 01:31:09,763] {logging_mixin.py:115} INFO - [2023-07-24 01:31:09,763] {dag.py:2972} INFO - Setting next_dagrun for example_skip_dag to 2023-07-23T01:31:09.763600+00:00, run_after=2023-07-24T01:31:09.763600+00:00
[2023-07-24 01:31:09,772] {processor.py:161} INFO - Processing /home/airflow/.local/lib/python3.7/site-packages/airflow/example_dags/example_skip_dag.py took 0.036 seconds
[2023-07-24 01:31:40,032] {processor.py:153} INFO - Started process (PID=1431) to work on /home/airflow/.local/lib/python3.7/site-packages/airflow/example_dags/example_skip_dag.py
[2023-07-24 01:31:40,032] {processor.py:641} INFO - Processing file /home/airflow/.local/lib/python3.7/site-packages/airflow/example_dags/example_skip_dag.py for tasks to queue
[2023-07-24 01:31:40,032] {logging_mixin.py:115} INFO - [2023-07-24 01:31:40,032] {dagbag.py:508} INFO - Filling up the DagBag from /home/airflow/.local/lib/python3.7/site-packages/airflow/example_dags/example_skip_dag.py
[2023-07-24 01:31:40,035] {processor.py:651} INFO - DAG(s) dict_keys(['example_skip_dag']) retrieved from /home/airflow/.local/lib/python3.7/site-packages/airflow/example_dags/example_skip_dag.py
[2023-07-24 01:31:40,049] {logging_mixin.py:115} INFO - [2023-07-24 01:31:40,049] {dag.py:2420} INFO - Sync 1 DAGs
[2023-07-24 01:31:40,060] {logging_mixin.py:115} INFO - [2023-07-24 01:31:40,060] {dag.py:2972} INFO - Setting next_dagrun for example_skip_dag to 2023-07-23T01:31:40.060271+00:00, run_after=2023-07-24T01:31:40.060271+00:00
[2023-07-24 01:31:40,069] {processor.py:161} INFO - Processing /home/airflow/.local/lib/python3.7/site-packages/airflow/example_dags/example_skip_dag.py took 0.039 seconds
[2023-07-24 01:32:10,385] {processor.py:153} INFO - Started process (PID=1492) to work on /home/airflow/.local/lib/python3.7/site-packages/airflow/example_dags/example_skip_dag.py
[2023-07-24 01:32:10,385] {processor.py:641} INFO - Processing file /home/airflow/.local/lib/python3.7/site-packages/airflow/example_dags/example_skip_dag.py for tasks to queue
[2023-07-24 01:32:10,385] {logging_mixin.py:115} INFO - [2023-07-24 01:32:10,385] {dagbag.py:508} INFO - Filling up the DagBag from /home/airflow/.local/lib/python3.7/site-packages/airflow/example_dags/example_skip_dag.py
[2023-07-24 01:32:10,388] {processor.py:651} INFO - DAG(s) dict_keys(['example_skip_dag']) retrieved from /home/airflow/.local/lib/python3.7/site-packages/airflow/example_dags/example_skip_dag.py
[2023-07-24 01:32:10,402] {logging_mixin.py:115} INFO - [2023-07-24 01:32:10,402] {dag.py:2420} INFO - Sync 1 DAGs
[2023-07-24 01:32:10,414] {logging_mixin.py:115} INFO - [2023-07-24 01:32:10,414] {dag.py:2972} INFO - Setting next_dagrun for example_skip_dag to 2023-07-23T01:32:10.414068+00:00, run_after=2023-07-24T01:32:10.414068+00:00
[2023-07-24 01:32:10,423] {processor.py:161} INFO - Processing /home/airflow/.local/lib/python3.7/site-packages/airflow/example_dags/example_skip_dag.py took 0.040 seconds
[2023-07-24 01:32:40,803] {processor.py:153} INFO - Started process (PID=1552) to work on /home/airflow/.local/lib/python3.7/site-packages/airflow/example_dags/example_skip_dag.py
[2023-07-24 01:32:40,803] {processor.py:641} INFO - Processing file /home/airflow/.local/lib/python3.7/site-packages/airflow/example_dags/example_skip_dag.py for tasks to queue
[2023-07-24 01:32:40,803] {logging_mixin.py:115} INFO - [2023-07-24 01:32:40,803] {dagbag.py:508} INFO - Filling up the DagBag from /home/airflow/.local/lib/python3.7/site-packages/airflow/example_dags/example_skip_dag.py
[2023-07-24 01:32:40,806] {processor.py:651} INFO - DAG(s) dict_keys(['example_skip_dag']) retrieved from /home/airflow/.local/lib/python3.7/site-packages/airflow/example_dags/example_skip_dag.py
[2023-07-24 01:32:40,821] {logging_mixin.py:115} INFO - [2023-07-24 01:32:40,821] {dag.py:2420} INFO - Sync 1 DAGs
[2023-07-24 01:32:40,832] {logging_mixin.py:115} INFO - [2023-07-24 01:32:40,832] {dag.py:2972} INFO - Setting next_dagrun for example_skip_dag to 2023-07-23T01:32:40.832703+00:00, run_after=2023-07-24T01:32:40.832703+00:00
[2023-07-24 01:32:40,842] {processor.py:161} INFO - Processing /home/airflow/.local/lib/python3.7/site-packages/airflow/example_dags/example_skip_dag.py took 0.041 seconds
[2023-07-24 01:33:11,156] {processor.py:153} INFO - Started process (PID=1613) to work on /home/airflow/.local/lib/python3.7/site-packages/airflow/example_dags/example_skip_dag.py
[2023-07-24 01:33:11,157] {processor.py:641} INFO - Processing file /home/airflow/.local/lib/python3.7/site-packages/airflow/example_dags/example_skip_dag.py for tasks to queue
[2023-07-24 01:33:11,157] {logging_mixin.py:115} INFO - [2023-07-24 01:33:11,157] {dagbag.py:508} INFO - Filling up the DagBag from /home/airflow/.local/lib/python3.7/site-packages/airflow/example_dags/example_skip_dag.py
[2023-07-24 01:33:11,160] {processor.py:651} INFO - DAG(s) dict_keys(['example_skip_dag']) retrieved from /home/airflow/.local/lib/python3.7/site-packages/airflow/example_dags/example_skip_dag.py
[2023-07-24 01:33:11,173] {logging_mixin.py:115} INFO - [2023-07-24 01:33:11,173] {dag.py:2420} INFO - Sync 1 DAGs
[2023-07-24 01:33:11,184] {logging_mixin.py:115} INFO - [2023-07-24 01:33:11,184] {dag.py:2972} INFO - Setting next_dagrun for example_skip_dag to 2023-07-23T01:33:11.184665+00:00, run_after=2023-07-24T01:33:11.184665+00:00
[2023-07-24 01:33:11,193] {processor.py:161} INFO - Processing /home/airflow/.local/lib/python3.7/site-packages/airflow/example_dags/example_skip_dag.py took 0.038 seconds
[2023-07-24 01:33:41,566] {processor.py:153} INFO - Started process (PID=1664) to work on /home/airflow/.local/lib/python3.7/site-packages/airflow/example_dags/example_skip_dag.py
[2023-07-24 01:33:41,566] {processor.py:641} INFO - Processing file /home/airflow/.local/lib/python3.7/site-packages/airflow/example_dags/example_skip_dag.py for tasks to queue
[2023-07-24 01:33:41,566] {logging_mixin.py:115} INFO - [2023-07-24 01:33:41,566] {dagbag.py:508} INFO - Filling up the DagBag from /home/airflow/.local/lib/python3.7/site-packages/airflow/example_dags/example_skip_dag.py
[2023-07-24 01:33:41,569] {processor.py:651} INFO - DAG(s) dict_keys(['example_skip_dag']) retrieved from /home/airflow/.local/lib/python3.7/site-packages/airflow/example_dags/example_skip_dag.py
[2023-07-24 01:33:41,582] {logging_mixin.py:115} INFO - [2023-07-24 01:33:41,582] {dag.py:2420} INFO - Sync 1 DAGs
[2023-07-24 01:33:41,593] {logging_mixin.py:115} INFO - [2023-07-24 01:33:41,593] {dag.py:2972} INFO - Setting next_dagrun for example_skip_dag to 2023-07-23T01:33:41.593451+00:00, run_after=2023-07-24T01:33:41.593451+00:00
[2023-07-24 01:33:41,607] {processor.py:161} INFO - Processing /home/airflow/.local/lib/python3.7/site-packages/airflow/example_dags/example_skip_dag.py took 0.043 seconds
[2023-07-24 01:34:11,910] {processor.py:153} INFO - Started process (PID=1724) to work on /home/airflow/.local/lib/python3.7/site-packages/airflow/example_dags/example_skip_dag.py
[2023-07-24 01:34:11,911] {processor.py:641} INFO - Processing file /home/airflow/.local/lib/python3.7/site-packages/airflow/example_dags/example_skip_dag.py for tasks to queue
[2023-07-24 01:34:11,911] {logging_mixin.py:115} INFO - [2023-07-24 01:34:11,911] {dagbag.py:508} INFO - Filling up the DagBag from /home/airflow/.local/lib/python3.7/site-packages/airflow/example_dags/example_skip_dag.py
[2023-07-24 01:34:11,913] {processor.py:651} INFO - DAG(s) dict_keys(['example_skip_dag']) retrieved from /home/airflow/.local/lib/python3.7/site-packages/airflow/example_dags/example_skip_dag.py
[2023-07-24 01:34:11,927] {logging_mixin.py:115} INFO - [2023-07-24 01:34:11,927] {dag.py:2420} INFO - Sync 1 DAGs
[2023-07-24 01:34:11,938] {logging_mixin.py:115} INFO - [2023-07-24 01:34:11,938] {dag.py:2972} INFO - Setting next_dagrun for example_skip_dag to 2023-07-23T01:34:11.937941+00:00, run_after=2023-07-24T01:34:11.937941+00:00
[2023-07-24 01:34:11,947] {processor.py:161} INFO - Processing /home/airflow/.local/lib/python3.7/site-packages/airflow/example_dags/example_skip_dag.py took 0.039 seconds
[2023-07-24 01:34:42,296] {processor.py:153} INFO - Started process (PID=1784) to work on /home/airflow/.local/lib/python3.7/site-packages/airflow/example_dags/example_skip_dag.py
[2023-07-24 01:34:42,296] {processor.py:641} INFO - Processing file /home/airflow/.local/lib/python3.7/site-packages/airflow/example_dags/example_skip_dag.py for tasks to queue
[2023-07-24 01:34:42,296] {logging_mixin.py:115} INFO - [2023-07-24 01:34:42,296] {dagbag.py:508} INFO - Filling up the DagBag from /home/airflow/.local/lib/python3.7/site-packages/airflow/example_dags/example_skip_dag.py
[2023-07-24 01:34:42,299] {processor.py:651} INFO - DAG(s) dict_keys(['example_skip_dag']) retrieved from /home/airflow/.local/lib/python3.7/site-packages/airflow/example_dags/example_skip_dag.py
[2023-07-24 01:34:42,313] {logging_mixin.py:115} INFO - [2023-07-24 01:34:42,313] {dag.py:2420} INFO - Sync 1 DAGs
[2023-07-24 01:34:42,324] {logging_mixin.py:115} INFO - [2023-07-24 01:34:42,324] {dag.py:2972} INFO - Setting next_dagrun for example_skip_dag to 2023-07-23T01:34:42.324209+00:00, run_after=2023-07-24T01:34:42.324209+00:00
[2023-07-24 01:34:42,336] {processor.py:161} INFO - Processing /home/airflow/.local/lib/python3.7/site-packages/airflow/example_dags/example_skip_dag.py took 0.042 seconds
