[2023-07-24 01:20:02,417] {processor.py:153} INFO - Started process (PID=79) to work on /home/airflow/.local/lib/python3.7/site-packages/airflow/example_dags/example_branch_operator_decorator.py
[2023-07-24 01:20:02,417] {processor.py:641} INFO - Processing file /home/airflow/.local/lib/python3.7/site-packages/airflow/example_dags/example_branch_operator_decorator.py for tasks to queue
[2023-07-24 01:20:02,417] {logging_mixin.py:115} INFO - [2023-07-24 01:20:02,417] {dagbag.py:508} INFO - Filling up the DagBag from /home/airflow/.local/lib/python3.7/site-packages/airflow/example_dags/example_branch_operator_decorator.py
[2023-07-24 01:20:02,427] {processor.py:651} INFO - DAG(s) dict_keys(['example_branch_python_operator_decorator']) retrieved from /home/airflow/.local/lib/python3.7/site-packages/airflow/example_dags/example_branch_operator_decorator.py
[2023-07-24 01:20:02,539] {logging_mixin.py:115} INFO - [2023-07-24 01:20:02,539] {manager.py:508} INFO - Created Permission View: can edit on DAG:example_branch_python_operator_decorator
[2023-07-24 01:20:02,548] {logging_mixin.py:115} INFO - [2023-07-24 01:20:02,548] {manager.py:508} INFO - Created Permission View: can read on DAG:example_branch_python_operator_decorator
[2023-07-24 01:20:02,555] {logging_mixin.py:115} INFO - [2023-07-24 01:20:02,555] {manager.py:508} INFO - Created Permission View: can delete on DAG:example_branch_python_operator_decorator
[2023-07-24 01:20:02,555] {logging_mixin.py:115} INFO - [2023-07-24 01:20:02,555] {dag.py:2420} INFO - Sync 1 DAGs
[2023-07-24 01:20:02,559] {logging_mixin.py:115} INFO - [2023-07-24 01:20:02,559] {dag.py:2439} INFO - Creating ORM DAG for example_branch_python_operator_decorator
[2023-07-24 01:20:02,566] {logging_mixin.py:115} INFO - [2023-07-24 01:20:02,566] {dag.py:2972} INFO - Setting next_dagrun for example_branch_python_operator_decorator to 2023-07-23T00:00:00+00:00, run_after=2023-07-24T00:00:00+00:00
[2023-07-24 01:20:02,577] {processor.py:161} INFO - Processing /home/airflow/.local/lib/python3.7/site-packages/airflow/example_dags/example_branch_operator_decorator.py took 0.162 seconds
[2023-07-24 01:20:32,737] {processor.py:153} INFO - Started process (PID=139) to work on /home/airflow/.local/lib/python3.7/site-packages/airflow/example_dags/example_branch_operator_decorator.py
[2023-07-24 01:20:32,738] {processor.py:641} INFO - Processing file /home/airflow/.local/lib/python3.7/site-packages/airflow/example_dags/example_branch_operator_decorator.py for tasks to queue
[2023-07-24 01:20:32,738] {logging_mixin.py:115} INFO - [2023-07-24 01:20:32,738] {dagbag.py:508} INFO - Filling up the DagBag from /home/airflow/.local/lib/python3.7/site-packages/airflow/example_dags/example_branch_operator_decorator.py
[2023-07-24 01:20:32,747] {processor.py:651} INFO - DAG(s) dict_keys(['example_branch_python_operator_decorator']) retrieved from /home/airflow/.local/lib/python3.7/site-packages/airflow/example_dags/example_branch_operator_decorator.py
[2023-07-24 01:20:32,764] {logging_mixin.py:115} INFO - [2023-07-24 01:20:32,764] {dag.py:2420} INFO - Sync 1 DAGs
[2023-07-24 01:20:32,783] {logging_mixin.py:115} INFO - [2023-07-24 01:20:32,783] {dag.py:2972} INFO - Setting next_dagrun for example_branch_python_operator_decorator to 2023-07-23T00:00:00+00:00, run_after=2023-07-24T00:00:00+00:00
[2023-07-24 01:20:32,859] {processor.py:161} INFO - Processing /home/airflow/.local/lib/python3.7/site-packages/airflow/example_dags/example_branch_operator_decorator.py took 0.124 seconds
[2023-07-24 01:21:03,094] {processor.py:153} INFO - Started process (PID=200) to work on /home/airflow/.local/lib/python3.7/site-packages/airflow/example_dags/example_branch_operator_decorator.py
[2023-07-24 01:21:03,095] {processor.py:641} INFO - Processing file /home/airflow/.local/lib/python3.7/site-packages/airflow/example_dags/example_branch_operator_decorator.py for tasks to queue
[2023-07-24 01:21:03,095] {logging_mixin.py:115} INFO - [2023-07-24 01:21:03,095] {dagbag.py:508} INFO - Filling up the DagBag from /home/airflow/.local/lib/python3.7/site-packages/airflow/example_dags/example_branch_operator_decorator.py
[2023-07-24 01:21:03,104] {processor.py:651} INFO - DAG(s) dict_keys(['example_branch_python_operator_decorator']) retrieved from /home/airflow/.local/lib/python3.7/site-packages/airflow/example_dags/example_branch_operator_decorator.py
[2023-07-24 01:21:03,118] {logging_mixin.py:115} INFO - [2023-07-24 01:21:03,117] {dag.py:2420} INFO - Sync 1 DAGs
[2023-07-24 01:21:03,131] {logging_mixin.py:115} INFO - [2023-07-24 01:21:03,130] {dag.py:2972} INFO - Setting next_dagrun for example_branch_python_operator_decorator to 2023-07-23T00:00:00+00:00, run_after=2023-07-24T00:00:00+00:00
[2023-07-24 01:21:03,209] {processor.py:161} INFO - Processing /home/airflow/.local/lib/python3.7/site-packages/airflow/example_dags/example_branch_operator_decorator.py took 0.116 seconds
[2023-07-24 01:21:33,356] {processor.py:153} INFO - Started process (PID=260) to work on /home/airflow/.local/lib/python3.7/site-packages/airflow/example_dags/example_branch_operator_decorator.py
[2023-07-24 01:21:33,357] {processor.py:641} INFO - Processing file /home/airflow/.local/lib/python3.7/site-packages/airflow/example_dags/example_branch_operator_decorator.py for tasks to queue
[2023-07-24 01:21:33,358] {logging_mixin.py:115} INFO - [2023-07-24 01:21:33,357] {dagbag.py:508} INFO - Filling up the DagBag from /home/airflow/.local/lib/python3.7/site-packages/airflow/example_dags/example_branch_operator_decorator.py
[2023-07-24 01:21:33,368] {processor.py:651} INFO - DAG(s) dict_keys(['example_branch_python_operator_decorator']) retrieved from /home/airflow/.local/lib/python3.7/site-packages/airflow/example_dags/example_branch_operator_decorator.py
[2023-07-24 01:21:33,383] {logging_mixin.py:115} INFO - [2023-07-24 01:21:33,383] {dag.py:2420} INFO - Sync 1 DAGs
[2023-07-24 01:21:33,397] {logging_mixin.py:115} INFO - [2023-07-24 01:21:33,397] {dag.py:2972} INFO - Setting next_dagrun for example_branch_python_operator_decorator to 2023-07-23T00:00:00+00:00, run_after=2023-07-24T00:00:00+00:00
[2023-07-24 01:21:33,487] {processor.py:161} INFO - Processing /home/airflow/.local/lib/python3.7/site-packages/airflow/example_dags/example_branch_operator_decorator.py took 0.132 seconds
[2023-07-24 01:22:03,498] {processor.py:153} INFO - Started process (PID=321) to work on /home/airflow/.local/lib/python3.7/site-packages/airflow/example_dags/example_branch_operator_decorator.py
[2023-07-24 01:22:03,500] {processor.py:641} INFO - Processing file /home/airflow/.local/lib/python3.7/site-packages/airflow/example_dags/example_branch_operator_decorator.py for tasks to queue
[2023-07-24 01:22:03,500] {logging_mixin.py:115} INFO - [2023-07-24 01:22:03,500] {dagbag.py:508} INFO - Filling up the DagBag from /home/airflow/.local/lib/python3.7/site-packages/airflow/example_dags/example_branch_operator_decorator.py
[2023-07-24 01:22:03,510] {processor.py:651} INFO - DAG(s) dict_keys(['example_branch_python_operator_decorator']) retrieved from /home/airflow/.local/lib/python3.7/site-packages/airflow/example_dags/example_branch_operator_decorator.py
[2023-07-24 01:22:03,524] {logging_mixin.py:115} INFO - [2023-07-24 01:22:03,524] {dag.py:2420} INFO - Sync 1 DAGs
[2023-07-24 01:22:03,537] {logging_mixin.py:115} INFO - [2023-07-24 01:22:03,537] {dag.py:2972} INFO - Setting next_dagrun for example_branch_python_operator_decorator to 2023-07-23T00:00:00+00:00, run_after=2023-07-24T00:00:00+00:00
[2023-07-24 01:22:03,616] {processor.py:161} INFO - Processing /home/airflow/.local/lib/python3.7/site-packages/airflow/example_dags/example_branch_operator_decorator.py took 0.119 seconds
[2023-07-24 01:22:33,680] {processor.py:153} INFO - Started process (PID=373) to work on /home/airflow/.local/lib/python3.7/site-packages/airflow/example_dags/example_branch_operator_decorator.py
[2023-07-24 01:22:33,681] {processor.py:641} INFO - Processing file /home/airflow/.local/lib/python3.7/site-packages/airflow/example_dags/example_branch_operator_decorator.py for tasks to queue
[2023-07-24 01:22:33,681] {logging_mixin.py:115} INFO - [2023-07-24 01:22:33,681] {dagbag.py:508} INFO - Filling up the DagBag from /home/airflow/.local/lib/python3.7/site-packages/airflow/example_dags/example_branch_operator_decorator.py
[2023-07-24 01:22:33,690] {processor.py:651} INFO - DAG(s) dict_keys(['example_branch_python_operator_decorator']) retrieved from /home/airflow/.local/lib/python3.7/site-packages/airflow/example_dags/example_branch_operator_decorator.py
[2023-07-24 01:22:33,702] {logging_mixin.py:115} INFO - [2023-07-24 01:22:33,702] {dag.py:2420} INFO - Sync 1 DAGs
[2023-07-24 01:22:33,714] {logging_mixin.py:115} INFO - [2023-07-24 01:22:33,714] {dag.py:2972} INFO - Setting next_dagrun for example_branch_python_operator_decorator to 2023-07-23T00:00:00+00:00, run_after=2023-07-24T00:00:00+00:00
[2023-07-24 01:22:33,787] {processor.py:161} INFO - Processing /home/airflow/.local/lib/python3.7/site-packages/airflow/example_dags/example_branch_operator_decorator.py took 0.108 seconds
[2023-07-24 01:23:03,916] {processor.py:153} INFO - Started process (PID=434) to work on /home/airflow/.local/lib/python3.7/site-packages/airflow/example_dags/example_branch_operator_decorator.py
[2023-07-24 01:23:03,917] {processor.py:641} INFO - Processing file /home/airflow/.local/lib/python3.7/site-packages/airflow/example_dags/example_branch_operator_decorator.py for tasks to queue
[2023-07-24 01:23:03,917] {logging_mixin.py:115} INFO - [2023-07-24 01:23:03,917] {dagbag.py:508} INFO - Filling up the DagBag from /home/airflow/.local/lib/python3.7/site-packages/airflow/example_dags/example_branch_operator_decorator.py
[2023-07-24 01:23:03,926] {processor.py:651} INFO - DAG(s) dict_keys(['example_branch_python_operator_decorator']) retrieved from /home/airflow/.local/lib/python3.7/site-packages/airflow/example_dags/example_branch_operator_decorator.py
[2023-07-24 01:23:03,938] {logging_mixin.py:115} INFO - [2023-07-24 01:23:03,938] {dag.py:2420} INFO - Sync 1 DAGs
[2023-07-24 01:23:03,951] {logging_mixin.py:115} INFO - [2023-07-24 01:23:03,950] {dag.py:2972} INFO - Setting next_dagrun for example_branch_python_operator_decorator to 2023-07-23T00:00:00+00:00, run_after=2023-07-24T00:00:00+00:00
[2023-07-24 01:23:04,028] {processor.py:161} INFO - Processing /home/airflow/.local/lib/python3.7/site-packages/airflow/example_dags/example_branch_operator_decorator.py took 0.114 seconds
[2023-07-24 01:23:34,100] {processor.py:153} INFO - Started process (PID=496) to work on /home/airflow/.local/lib/python3.7/site-packages/airflow/example_dags/example_branch_operator_decorator.py
[2023-07-24 01:23:34,101] {processor.py:641} INFO - Processing file /home/airflow/.local/lib/python3.7/site-packages/airflow/example_dags/example_branch_operator_decorator.py for tasks to queue
[2023-07-24 01:23:34,101] {logging_mixin.py:115} INFO - [2023-07-24 01:23:34,101] {dagbag.py:508} INFO - Filling up the DagBag from /home/airflow/.local/lib/python3.7/site-packages/airflow/example_dags/example_branch_operator_decorator.py
[2023-07-24 01:23:34,109] {processor.py:651} INFO - DAG(s) dict_keys(['example_branch_python_operator_decorator']) retrieved from /home/airflow/.local/lib/python3.7/site-packages/airflow/example_dags/example_branch_operator_decorator.py
[2023-07-24 01:23:34,124] {logging_mixin.py:115} INFO - [2023-07-24 01:23:34,124] {dag.py:2420} INFO - Sync 1 DAGs
[2023-07-24 01:23:34,137] {logging_mixin.py:115} INFO - [2023-07-24 01:23:34,137] {dag.py:2972} INFO - Setting next_dagrun for example_branch_python_operator_decorator to 2023-07-23T00:00:00+00:00, run_after=2023-07-24T00:00:00+00:00
[2023-07-24 01:23:34,214] {processor.py:161} INFO - Processing /home/airflow/.local/lib/python3.7/site-packages/airflow/example_dags/example_branch_operator_decorator.py took 0.115 seconds
[2023-07-24 01:24:04,271] {processor.py:153} INFO - Started process (PID=557) to work on /home/airflow/.local/lib/python3.7/site-packages/airflow/example_dags/example_branch_operator_decorator.py
[2023-07-24 01:24:04,272] {processor.py:641} INFO - Processing file /home/airflow/.local/lib/python3.7/site-packages/airflow/example_dags/example_branch_operator_decorator.py for tasks to queue
[2023-07-24 01:24:04,272] {logging_mixin.py:115} INFO - [2023-07-24 01:24:04,272] {dagbag.py:508} INFO - Filling up the DagBag from /home/airflow/.local/lib/python3.7/site-packages/airflow/example_dags/example_branch_operator_decorator.py
[2023-07-24 01:24:04,281] {processor.py:651} INFO - DAG(s) dict_keys(['example_branch_python_operator_decorator']) retrieved from /home/airflow/.local/lib/python3.7/site-packages/airflow/example_dags/example_branch_operator_decorator.py
[2023-07-24 01:24:04,294] {logging_mixin.py:115} INFO - [2023-07-24 01:24:04,294] {dag.py:2420} INFO - Sync 1 DAGs
[2023-07-24 01:24:04,306] {logging_mixin.py:115} INFO - [2023-07-24 01:24:04,306] {dag.py:2972} INFO - Setting next_dagrun for example_branch_python_operator_decorator to 2023-07-23T00:00:00+00:00, run_after=2023-07-24T00:00:00+00:00
[2023-07-24 01:24:04,383] {processor.py:161} INFO - Processing /home/airflow/.local/lib/python3.7/site-packages/airflow/example_dags/example_branch_operator_decorator.py took 0.113 seconds
[2023-07-24 01:24:34,444] {processor.py:153} INFO - Started process (PID=618) to work on /home/airflow/.local/lib/python3.7/site-packages/airflow/example_dags/example_branch_operator_decorator.py
[2023-07-24 01:24:34,446] {processor.py:641} INFO - Processing file /home/airflow/.local/lib/python3.7/site-packages/airflow/example_dags/example_branch_operator_decorator.py for tasks to queue
[2023-07-24 01:24:34,447] {logging_mixin.py:115} INFO - [2023-07-24 01:24:34,447] {dagbag.py:508} INFO - Filling up the DagBag from /home/airflow/.local/lib/python3.7/site-packages/airflow/example_dags/example_branch_operator_decorator.py
[2023-07-24 01:24:34,456] {processor.py:651} INFO - DAG(s) dict_keys(['example_branch_python_operator_decorator']) retrieved from /home/airflow/.local/lib/python3.7/site-packages/airflow/example_dags/example_branch_operator_decorator.py
[2023-07-24 01:24:34,470] {logging_mixin.py:115} INFO - [2023-07-24 01:24:34,470] {dag.py:2420} INFO - Sync 1 DAGs
[2023-07-24 01:24:34,483] {logging_mixin.py:115} INFO - [2023-07-24 01:24:34,483] {dag.py:2972} INFO - Setting next_dagrun for example_branch_python_operator_decorator to 2023-07-23T00:00:00+00:00, run_after=2023-07-24T00:00:00+00:00
[2023-07-24 01:24:34,559] {processor.py:161} INFO - Processing /home/airflow/.local/lib/python3.7/site-packages/airflow/example_dags/example_branch_operator_decorator.py took 0.117 seconds
[2023-07-24 01:25:04,788] {processor.py:153} INFO - Started process (PID=680) to work on /home/airflow/.local/lib/python3.7/site-packages/airflow/example_dags/example_branch_operator_decorator.py
[2023-07-24 01:25:04,789] {processor.py:641} INFO - Processing file /home/airflow/.local/lib/python3.7/site-packages/airflow/example_dags/example_branch_operator_decorator.py for tasks to queue
[2023-07-24 01:25:04,789] {logging_mixin.py:115} INFO - [2023-07-24 01:25:04,789] {dagbag.py:508} INFO - Filling up the DagBag from /home/airflow/.local/lib/python3.7/site-packages/airflow/example_dags/example_branch_operator_decorator.py
[2023-07-24 01:25:04,799] {processor.py:651} INFO - DAG(s) dict_keys(['example_branch_python_operator_decorator']) retrieved from /home/airflow/.local/lib/python3.7/site-packages/airflow/example_dags/example_branch_operator_decorator.py
[2023-07-24 01:25:04,812] {logging_mixin.py:115} INFO - [2023-07-24 01:25:04,812] {dag.py:2420} INFO - Sync 1 DAGs
[2023-07-24 01:25:04,826] {logging_mixin.py:115} INFO - [2023-07-24 01:25:04,826] {dag.py:2972} INFO - Setting next_dagrun for example_branch_python_operator_decorator to 2023-07-23T00:00:00+00:00, run_after=2023-07-24T00:00:00+00:00
[2023-07-24 01:25:04,906] {processor.py:161} INFO - Processing /home/airflow/.local/lib/python3.7/site-packages/airflow/example_dags/example_branch_operator_decorator.py took 0.119 seconds
[2023-07-24 01:25:35,091] {processor.py:153} INFO - Started process (PID=732) to work on /home/airflow/.local/lib/python3.7/site-packages/airflow/example_dags/example_branch_operator_decorator.py
[2023-07-24 01:25:35,092] {processor.py:641} INFO - Processing file /home/airflow/.local/lib/python3.7/site-packages/airflow/example_dags/example_branch_operator_decorator.py for tasks to queue
[2023-07-24 01:25:35,092] {logging_mixin.py:115} INFO - [2023-07-24 01:25:35,092] {dagbag.py:508} INFO - Filling up the DagBag from /home/airflow/.local/lib/python3.7/site-packages/airflow/example_dags/example_branch_operator_decorator.py
[2023-07-24 01:25:35,101] {processor.py:651} INFO - DAG(s) dict_keys(['example_branch_python_operator_decorator']) retrieved from /home/airflow/.local/lib/python3.7/site-packages/airflow/example_dags/example_branch_operator_decorator.py
[2023-07-24 01:25:35,115] {logging_mixin.py:115} INFO - [2023-07-24 01:25:35,115] {dag.py:2420} INFO - Sync 1 DAGs
[2023-07-24 01:25:35,128] {logging_mixin.py:115} INFO - [2023-07-24 01:25:35,128] {dag.py:2972} INFO - Setting next_dagrun for example_branch_python_operator_decorator to 2023-07-23T00:00:00+00:00, run_after=2023-07-24T00:00:00+00:00
[2023-07-24 01:25:35,210] {processor.py:161} INFO - Processing /home/airflow/.local/lib/python3.7/site-packages/airflow/example_dags/example_branch_operator_decorator.py took 0.120 seconds
