[2023-07-24 01:20:01,660] {processor.py:153} INFO - Started process (PID=72) to work on /home/airflow/.local/lib/python3.7/site-packages/airflow/example_dags/example_xcom.py
[2023-07-24 01:20:01,660] {processor.py:641} INFO - Processing file /home/airflow/.local/lib/python3.7/site-packages/airflow/example_dags/example_xcom.py for tasks to queue
[2023-07-24 01:20:01,661] {logging_mixin.py:115} INFO - [2023-07-24 01:20:01,660] {dagbag.py:508} INFO - Filling up the DagBag from /home/airflow/.local/lib/python3.7/site-packages/airflow/example_dags/example_xcom.py
[2023-07-24 01:20:01,669] {processor.py:651} INFO - DAG(s) dict_keys(['example_xcom']) retrieved from /home/airflow/.local/lib/python3.7/site-packages/airflow/example_dags/example_xcom.py
[2023-07-24 01:20:01,793] {logging_mixin.py:115} INFO - [2023-07-24 01:20:01,793] {manager.py:508} INFO - Created Permission View: can edit on DAG:example_xcom
[2023-07-24 01:20:01,801] {logging_mixin.py:115} INFO - [2023-07-24 01:20:01,801] {manager.py:508} INFO - Created Permission View: can read on DAG:example_xcom
[2023-07-24 01:20:01,809] {logging_mixin.py:115} INFO - [2023-07-24 01:20:01,809] {manager.py:508} INFO - Created Permission View: can delete on DAG:example_xcom
[2023-07-24 01:20:01,809] {logging_mixin.py:115} INFO - [2023-07-24 01:20:01,809] {dag.py:2420} INFO - Sync 1 DAGs
[2023-07-24 01:20:01,815] {logging_mixin.py:115} INFO - [2023-07-24 01:20:01,815] {dag.py:2439} INFO - Creating ORM DAG for example_xcom
[2023-07-24 01:20:01,824] {logging_mixin.py:115} INFO - [2023-07-24 01:20:01,823] {dag.py:2972} INFO - Setting next_dagrun for example_xcom to 2021-01-01T00:00:00+00:00, run_after=2021-01-01T00:00:00+00:00
[2023-07-24 01:20:01,839] {processor.py:161} INFO - Processing /home/airflow/.local/lib/python3.7/site-packages/airflow/example_dags/example_xcom.py took 0.180 seconds
[2023-07-24 01:20:32,405] {processor.py:153} INFO - Started process (PID=132) to work on /home/airflow/.local/lib/python3.7/site-packages/airflow/example_dags/example_xcom.py
[2023-07-24 01:20:32,406] {processor.py:641} INFO - Processing file /home/airflow/.local/lib/python3.7/site-packages/airflow/example_dags/example_xcom.py for tasks to queue
[2023-07-24 01:20:32,406] {logging_mixin.py:115} INFO - [2023-07-24 01:20:32,406] {dagbag.py:508} INFO - Filling up the DagBag from /home/airflow/.local/lib/python3.7/site-packages/airflow/example_dags/example_xcom.py
[2023-07-24 01:20:32,414] {processor.py:651} INFO - DAG(s) dict_keys(['example_xcom']) retrieved from /home/airflow/.local/lib/python3.7/site-packages/airflow/example_dags/example_xcom.py
[2023-07-24 01:20:32,513] {logging_mixin.py:115} INFO - [2023-07-24 01:20:32,513] {dag.py:2420} INFO - Sync 1 DAGs
[2023-07-24 01:20:32,522] {logging_mixin.py:115} INFO - [2023-07-24 01:20:32,522] {dag.py:2972} INFO - Setting next_dagrun for example_xcom to 2021-01-01T00:00:00+00:00, run_after=2021-01-01T00:00:00+00:00
[2023-07-24 01:20:32,531] {processor.py:161} INFO - Processing /home/airflow/.local/lib/python3.7/site-packages/airflow/example_dags/example_xcom.py took 0.128 seconds
[2023-07-24 01:21:02,772] {processor.py:153} INFO - Started process (PID=193) to work on /home/airflow/.local/lib/python3.7/site-packages/airflow/example_dags/example_xcom.py
[2023-07-24 01:21:02,773] {processor.py:641} INFO - Processing file /home/airflow/.local/lib/python3.7/site-packages/airflow/example_dags/example_xcom.py for tasks to queue
[2023-07-24 01:21:02,773] {logging_mixin.py:115} INFO - [2023-07-24 01:21:02,773] {dagbag.py:508} INFO - Filling up the DagBag from /home/airflow/.local/lib/python3.7/site-packages/airflow/example_dags/example_xcom.py
[2023-07-24 01:21:02,781] {processor.py:651} INFO - DAG(s) dict_keys(['example_xcom']) retrieved from /home/airflow/.local/lib/python3.7/site-packages/airflow/example_dags/example_xcom.py
[2023-07-24 01:21:02,885] {logging_mixin.py:115} INFO - [2023-07-24 01:21:02,885] {dag.py:2420} INFO - Sync 1 DAGs
[2023-07-24 01:21:02,894] {logging_mixin.py:115} INFO - [2023-07-24 01:21:02,894] {dag.py:2972} INFO - Setting next_dagrun for example_xcom to 2021-01-01T00:00:00+00:00, run_after=2021-01-01T00:00:00+00:00
[2023-07-24 01:21:02,904] {processor.py:161} INFO - Processing /home/airflow/.local/lib/python3.7/site-packages/airflow/example_dags/example_xcom.py took 0.134 seconds
[2023-07-24 01:21:32,979] {processor.py:153} INFO - Started process (PID=253) to work on /home/airflow/.local/lib/python3.7/site-packages/airflow/example_dags/example_xcom.py
[2023-07-24 01:21:32,979] {processor.py:641} INFO - Processing file /home/airflow/.local/lib/python3.7/site-packages/airflow/example_dags/example_xcom.py for tasks to queue
[2023-07-24 01:21:32,979] {logging_mixin.py:115} INFO - [2023-07-24 01:21:32,979] {dagbag.py:508} INFO - Filling up the DagBag from /home/airflow/.local/lib/python3.7/site-packages/airflow/example_dags/example_xcom.py
[2023-07-24 01:21:32,987] {processor.py:651} INFO - DAG(s) dict_keys(['example_xcom']) retrieved from /home/airflow/.local/lib/python3.7/site-packages/airflow/example_dags/example_xcom.py
[2023-07-24 01:21:33,089] {logging_mixin.py:115} INFO - [2023-07-24 01:21:33,089] {dag.py:2420} INFO - Sync 1 DAGs
[2023-07-24 01:21:33,099] {logging_mixin.py:115} INFO - [2023-07-24 01:21:33,098] {dag.py:2972} INFO - Setting next_dagrun for example_xcom to 2021-01-01T00:00:00+00:00, run_after=2021-01-01T00:00:00+00:00
[2023-07-24 01:21:33,108] {processor.py:161} INFO - Processing /home/airflow/.local/lib/python3.7/site-packages/airflow/example_dags/example_xcom.py took 0.131 seconds
[2023-07-24 01:22:03,156] {processor.py:153} INFO - Started process (PID=314) to work on /home/airflow/.local/lib/python3.7/site-packages/airflow/example_dags/example_xcom.py
[2023-07-24 01:22:03,157] {processor.py:641} INFO - Processing file /home/airflow/.local/lib/python3.7/site-packages/airflow/example_dags/example_xcom.py for tasks to queue
[2023-07-24 01:22:03,157] {logging_mixin.py:115} INFO - [2023-07-24 01:22:03,157] {dagbag.py:508} INFO - Filling up the DagBag from /home/airflow/.local/lib/python3.7/site-packages/airflow/example_dags/example_xcom.py
[2023-07-24 01:22:03,165] {processor.py:651} INFO - DAG(s) dict_keys(['example_xcom']) retrieved from /home/airflow/.local/lib/python3.7/site-packages/airflow/example_dags/example_xcom.py
[2023-07-24 01:22:03,274] {logging_mixin.py:115} INFO - [2023-07-24 01:22:03,274] {dag.py:2420} INFO - Sync 1 DAGs
[2023-07-24 01:22:03,284] {logging_mixin.py:115} INFO - [2023-07-24 01:22:03,284] {dag.py:2972} INFO - Setting next_dagrun for example_xcom to 2021-01-01T00:00:00+00:00, run_after=2021-01-01T00:00:00+00:00
[2023-07-24 01:22:03,293] {processor.py:161} INFO - Processing /home/airflow/.local/lib/python3.7/site-packages/airflow/example_dags/example_xcom.py took 0.139 seconds
[2023-07-24 01:22:33,351] {processor.py:153} INFO - Started process (PID=366) to work on /home/airflow/.local/lib/python3.7/site-packages/airflow/example_dags/example_xcom.py
[2023-07-24 01:22:33,352] {processor.py:641} INFO - Processing file /home/airflow/.local/lib/python3.7/site-packages/airflow/example_dags/example_xcom.py for tasks to queue
[2023-07-24 01:22:33,352] {logging_mixin.py:115} INFO - [2023-07-24 01:22:33,352] {dagbag.py:508} INFO - Filling up the DagBag from /home/airflow/.local/lib/python3.7/site-packages/airflow/example_dags/example_xcom.py
[2023-07-24 01:22:33,361] {processor.py:651} INFO - DAG(s) dict_keys(['example_xcom']) retrieved from /home/airflow/.local/lib/python3.7/site-packages/airflow/example_dags/example_xcom.py
[2023-07-24 01:22:33,459] {logging_mixin.py:115} INFO - [2023-07-24 01:22:33,459] {dag.py:2420} INFO - Sync 1 DAGs
[2023-07-24 01:22:33,469] {logging_mixin.py:115} INFO - [2023-07-24 01:22:33,468] {dag.py:2972} INFO - Setting next_dagrun for example_xcom to 2021-01-01T00:00:00+00:00, run_after=2021-01-01T00:00:00+00:00
[2023-07-24 01:22:33,478] {processor.py:161} INFO - Processing /home/airflow/.local/lib/python3.7/site-packages/airflow/example_dags/example_xcom.py took 0.128 seconds
[2023-07-24 01:23:03,587] {processor.py:153} INFO - Started process (PID=427) to work on /home/airflow/.local/lib/python3.7/site-packages/airflow/example_dags/example_xcom.py
[2023-07-24 01:23:03,588] {processor.py:641} INFO - Processing file /home/airflow/.local/lib/python3.7/site-packages/airflow/example_dags/example_xcom.py for tasks to queue
[2023-07-24 01:23:03,588] {logging_mixin.py:115} INFO - [2023-07-24 01:23:03,588] {dagbag.py:508} INFO - Filling up the DagBag from /home/airflow/.local/lib/python3.7/site-packages/airflow/example_dags/example_xcom.py
[2023-07-24 01:23:03,596] {processor.py:651} INFO - DAG(s) dict_keys(['example_xcom']) retrieved from /home/airflow/.local/lib/python3.7/site-packages/airflow/example_dags/example_xcom.py
[2023-07-24 01:23:03,694] {logging_mixin.py:115} INFO - [2023-07-24 01:23:03,694] {dag.py:2420} INFO - Sync 1 DAGs
[2023-07-24 01:23:03,702] {logging_mixin.py:115} INFO - [2023-07-24 01:23:03,702] {dag.py:2972} INFO - Setting next_dagrun for example_xcom to 2021-01-01T00:00:00+00:00, run_after=2021-01-01T00:00:00+00:00
[2023-07-24 01:23:03,712] {processor.py:161} INFO - Processing /home/airflow/.local/lib/python3.7/site-packages/airflow/example_dags/example_xcom.py took 0.126 seconds
[2023-07-24 01:23:33,739] {processor.py:153} INFO - Started process (PID=488) to work on /home/airflow/.local/lib/python3.7/site-packages/airflow/example_dags/example_xcom.py
[2023-07-24 01:23:33,740] {processor.py:641} INFO - Processing file /home/airflow/.local/lib/python3.7/site-packages/airflow/example_dags/example_xcom.py for tasks to queue
[2023-07-24 01:23:33,740] {logging_mixin.py:115} INFO - [2023-07-24 01:23:33,740] {dagbag.py:508} INFO - Filling up the DagBag from /home/airflow/.local/lib/python3.7/site-packages/airflow/example_dags/example_xcom.py
[2023-07-24 01:23:33,748] {processor.py:651} INFO - DAG(s) dict_keys(['example_xcom']) retrieved from /home/airflow/.local/lib/python3.7/site-packages/airflow/example_dags/example_xcom.py
[2023-07-24 01:23:33,850] {logging_mixin.py:115} INFO - [2023-07-24 01:23:33,850] {dag.py:2420} INFO - Sync 1 DAGs
[2023-07-24 01:23:33,860] {logging_mixin.py:115} INFO - [2023-07-24 01:23:33,860] {dag.py:2972} INFO - Setting next_dagrun for example_xcom to 2021-01-01T00:00:00+00:00, run_after=2021-01-01T00:00:00+00:00
[2023-07-24 01:23:33,870] {processor.py:161} INFO - Processing /home/airflow/.local/lib/python3.7/site-packages/airflow/example_dags/example_xcom.py took 0.132 seconds
[2023-07-24 01:24:03,932] {processor.py:153} INFO - Started process (PID=549) to work on /home/airflow/.local/lib/python3.7/site-packages/airflow/example_dags/example_xcom.py
[2023-07-24 01:24:03,933] {processor.py:641} INFO - Processing file /home/airflow/.local/lib/python3.7/site-packages/airflow/example_dags/example_xcom.py for tasks to queue
[2023-07-24 01:24:03,933] {logging_mixin.py:115} INFO - [2023-07-24 01:24:03,933] {dagbag.py:508} INFO - Filling up the DagBag from /home/airflow/.local/lib/python3.7/site-packages/airflow/example_dags/example_xcom.py
[2023-07-24 01:24:03,941] {processor.py:651} INFO - DAG(s) dict_keys(['example_xcom']) retrieved from /home/airflow/.local/lib/python3.7/site-packages/airflow/example_dags/example_xcom.py
[2023-07-24 01:24:04,045] {logging_mixin.py:115} INFO - [2023-07-24 01:24:04,045] {dag.py:2420} INFO - Sync 1 DAGs
[2023-07-24 01:24:04,055] {logging_mixin.py:115} INFO - [2023-07-24 01:24:04,055] {dag.py:2972} INFO - Setting next_dagrun for example_xcom to 2021-01-01T00:00:00+00:00, run_after=2021-01-01T00:00:00+00:00
[2023-07-24 01:24:04,064] {processor.py:161} INFO - Processing /home/airflow/.local/lib/python3.7/site-packages/airflow/example_dags/example_xcom.py took 0.134 seconds
[2023-07-24 01:24:34,087] {processor.py:153} INFO - Started process (PID=610) to work on /home/airflow/.local/lib/python3.7/site-packages/airflow/example_dags/example_xcom.py
[2023-07-24 01:24:34,087] {processor.py:641} INFO - Processing file /home/airflow/.local/lib/python3.7/site-packages/airflow/example_dags/example_xcom.py for tasks to queue
[2023-07-24 01:24:34,087] {logging_mixin.py:115} INFO - [2023-07-24 01:24:34,087] {dagbag.py:508} INFO - Filling up the DagBag from /home/airflow/.local/lib/python3.7/site-packages/airflow/example_dags/example_xcom.py
[2023-07-24 01:24:34,095] {processor.py:651} INFO - DAG(s) dict_keys(['example_xcom']) retrieved from /home/airflow/.local/lib/python3.7/site-packages/airflow/example_dags/example_xcom.py
[2023-07-24 01:24:34,195] {logging_mixin.py:115} INFO - [2023-07-24 01:24:34,195] {dag.py:2420} INFO - Sync 1 DAGs
[2023-07-24 01:24:34,205] {logging_mixin.py:115} INFO - [2023-07-24 01:24:34,205] {dag.py:2972} INFO - Setting next_dagrun for example_xcom to 2021-01-01T00:00:00+00:00, run_after=2021-01-01T00:00:00+00:00
[2023-07-24 01:24:34,214] {processor.py:161} INFO - Processing /home/airflow/.local/lib/python3.7/site-packages/airflow/example_dags/example_xcom.py took 0.129 seconds
[2023-07-24 01:25:04,404] {processor.py:153} INFO - Started process (PID=662) to work on /home/airflow/.local/lib/python3.7/site-packages/airflow/example_dags/example_xcom.py
[2023-07-24 01:25:04,405] {processor.py:641} INFO - Processing file /home/airflow/.local/lib/python3.7/site-packages/airflow/example_dags/example_xcom.py for tasks to queue
[2023-07-24 01:25:04,405] {logging_mixin.py:115} INFO - [2023-07-24 01:25:04,405] {dagbag.py:508} INFO - Filling up the DagBag from /home/airflow/.local/lib/python3.7/site-packages/airflow/example_dags/example_xcom.py
[2023-07-24 01:25:04,413] {processor.py:651} INFO - DAG(s) dict_keys(['example_xcom']) retrieved from /home/airflow/.local/lib/python3.7/site-packages/airflow/example_dags/example_xcom.py
[2023-07-24 01:25:04,516] {logging_mixin.py:115} INFO - [2023-07-24 01:25:04,516] {dag.py:2420} INFO - Sync 1 DAGs
[2023-07-24 01:25:04,526] {logging_mixin.py:115} INFO - [2023-07-24 01:25:04,526] {dag.py:2972} INFO - Setting next_dagrun for example_xcom to 2021-01-01T00:00:00+00:00, run_after=2021-01-01T00:00:00+00:00
[2023-07-24 01:25:04,536] {processor.py:161} INFO - Processing /home/airflow/.local/lib/python3.7/site-packages/airflow/example_dags/example_xcom.py took 0.133 seconds
[2023-07-24 01:25:34,739] {processor.py:153} INFO - Started process (PID=724) to work on /home/airflow/.local/lib/python3.7/site-packages/airflow/example_dags/example_xcom.py
[2023-07-24 01:25:34,740] {processor.py:641} INFO - Processing file /home/airflow/.local/lib/python3.7/site-packages/airflow/example_dags/example_xcom.py for tasks to queue
[2023-07-24 01:25:34,740] {logging_mixin.py:115} INFO - [2023-07-24 01:25:34,740] {dagbag.py:508} INFO - Filling up the DagBag from /home/airflow/.local/lib/python3.7/site-packages/airflow/example_dags/example_xcom.py
[2023-07-24 01:25:34,748] {processor.py:651} INFO - DAG(s) dict_keys(['example_xcom']) retrieved from /home/airflow/.local/lib/python3.7/site-packages/airflow/example_dags/example_xcom.py
[2023-07-24 01:25:34,849] {logging_mixin.py:115} INFO - [2023-07-24 01:25:34,848] {dag.py:2420} INFO - Sync 1 DAGs
[2023-07-24 01:25:34,859] {logging_mixin.py:115} INFO - [2023-07-24 01:25:34,859] {dag.py:2972} INFO - Setting next_dagrun for example_xcom to 2021-01-01T00:00:00+00:00, run_after=2021-01-01T00:00:00+00:00
[2023-07-24 01:25:34,870] {processor.py:161} INFO - Processing /home/airflow/.local/lib/python3.7/site-packages/airflow/example_dags/example_xcom.py took 0.133 seconds
[2023-07-24 01:26:05,120] {processor.py:153} INFO - Started process (PID=784) to work on /home/airflow/.local/lib/python3.7/site-packages/airflow/example_dags/example_xcom.py
[2023-07-24 01:26:05,120] {processor.py:641} INFO - Processing file /home/airflow/.local/lib/python3.7/site-packages/airflow/example_dags/example_xcom.py for tasks to queue
[2023-07-24 01:26:05,121] {logging_mixin.py:115} INFO - [2023-07-24 01:26:05,120] {dagbag.py:508} INFO - Filling up the DagBag from /home/airflow/.local/lib/python3.7/site-packages/airflow/example_dags/example_xcom.py
[2023-07-24 01:26:05,129] {processor.py:651} INFO - DAG(s) dict_keys(['example_xcom']) retrieved from /home/airflow/.local/lib/python3.7/site-packages/airflow/example_dags/example_xcom.py
[2023-07-24 01:26:05,143] {logging_mixin.py:115} INFO - [2023-07-24 01:26:05,143] {dag.py:2420} INFO - Sync 1 DAGs
[2023-07-24 01:26:05,156] {logging_mixin.py:115} INFO - [2023-07-24 01:26:05,155] {dag.py:2972} INFO - Setting next_dagrun for example_xcom to 2021-01-01T00:00:00+00:00, run_after=2021-01-01T00:00:00+00:00
[2023-07-24 01:26:05,228] {processor.py:161} INFO - Processing /home/airflow/.local/lib/python3.7/site-packages/airflow/example_dags/example_xcom.py took 0.110 seconds
[2023-07-24 01:26:35,383] {processor.py:153} INFO - Started process (PID=845) to work on /home/airflow/.local/lib/python3.7/site-packages/airflow/example_dags/example_xcom.py
[2023-07-24 01:26:35,384] {processor.py:641} INFO - Processing file /home/airflow/.local/lib/python3.7/site-packages/airflow/example_dags/example_xcom.py for tasks to queue
[2023-07-24 01:26:35,385] {logging_mixin.py:115} INFO - [2023-07-24 01:26:35,385] {dagbag.py:508} INFO - Filling up the DagBag from /home/airflow/.local/lib/python3.7/site-packages/airflow/example_dags/example_xcom.py
[2023-07-24 01:26:35,392] {processor.py:651} INFO - DAG(s) dict_keys(['example_xcom']) retrieved from /home/airflow/.local/lib/python3.7/site-packages/airflow/example_dags/example_xcom.py
[2023-07-24 01:26:35,491] {logging_mixin.py:115} INFO - [2023-07-24 01:26:35,490] {dag.py:2420} INFO - Sync 1 DAGs
[2023-07-24 01:26:35,499] {logging_mixin.py:115} INFO - [2023-07-24 01:26:35,499] {dag.py:2972} INFO - Setting next_dagrun for example_xcom to 2021-01-01T00:00:00+00:00, run_after=2021-01-01T00:00:00+00:00
[2023-07-24 01:26:35,509] {processor.py:161} INFO - Processing /home/airflow/.local/lib/python3.7/site-packages/airflow/example_dags/example_xcom.py took 0.127 seconds
[2023-07-24 01:27:05,737] {processor.py:153} INFO - Started process (PID=906) to work on /home/airflow/.local/lib/python3.7/site-packages/airflow/example_dags/example_xcom.py
[2023-07-24 01:27:05,737] {processor.py:641} INFO - Processing file /home/airflow/.local/lib/python3.7/site-packages/airflow/example_dags/example_xcom.py for tasks to queue
[2023-07-24 01:27:05,737] {logging_mixin.py:115} INFO - [2023-07-24 01:27:05,737] {dagbag.py:508} INFO - Filling up the DagBag from /home/airflow/.local/lib/python3.7/site-packages/airflow/example_dags/example_xcom.py
[2023-07-24 01:27:05,746] {processor.py:651} INFO - DAG(s) dict_keys(['example_xcom']) retrieved from /home/airflow/.local/lib/python3.7/site-packages/airflow/example_dags/example_xcom.py
[2023-07-24 01:27:05,852] {logging_mixin.py:115} INFO - [2023-07-24 01:27:05,852] {dag.py:2420} INFO - Sync 1 DAGs
[2023-07-24 01:27:05,862] {logging_mixin.py:115} INFO - [2023-07-24 01:27:05,862] {dag.py:2972} INFO - Setting next_dagrun for example_xcom to 2021-01-01T00:00:00+00:00, run_after=2021-01-01T00:00:00+00:00
[2023-07-24 01:27:05,872] {processor.py:161} INFO - Processing /home/airflow/.local/lib/python3.7/site-packages/airflow/example_dags/example_xcom.py took 0.137 seconds
[2023-07-24 01:27:36,075] {processor.py:153} INFO - Started process (PID=958) to work on /home/airflow/.local/lib/python3.7/site-packages/airflow/example_dags/example_xcom.py
[2023-07-24 01:27:36,075] {processor.py:641} INFO - Processing file /home/airflow/.local/lib/python3.7/site-packages/airflow/example_dags/example_xcom.py for tasks to queue
[2023-07-24 01:27:36,075] {logging_mixin.py:115} INFO - [2023-07-24 01:27:36,075] {dagbag.py:508} INFO - Filling up the DagBag from /home/airflow/.local/lib/python3.7/site-packages/airflow/example_dags/example_xcom.py
[2023-07-24 01:27:36,083] {processor.py:651} INFO - DAG(s) dict_keys(['example_xcom']) retrieved from /home/airflow/.local/lib/python3.7/site-packages/airflow/example_dags/example_xcom.py
[2023-07-24 01:27:36,180] {logging_mixin.py:115} INFO - [2023-07-24 01:27:36,180] {dag.py:2420} INFO - Sync 1 DAGs
[2023-07-24 01:27:36,189] {logging_mixin.py:115} INFO - [2023-07-24 01:27:36,189] {dag.py:2972} INFO - Setting next_dagrun for example_xcom to 2021-01-01T00:00:00+00:00, run_after=2021-01-01T00:00:00+00:00
[2023-07-24 01:27:36,198] {processor.py:161} INFO - Processing /home/airflow/.local/lib/python3.7/site-packages/airflow/example_dags/example_xcom.py took 0.124 seconds
[2023-07-24 01:28:06,563] {processor.py:153} INFO - Started process (PID=1019) to work on /home/airflow/.local/lib/python3.7/site-packages/airflow/example_dags/example_xcom.py
[2023-07-24 01:28:06,564] {processor.py:641} INFO - Processing file /home/airflow/.local/lib/python3.7/site-packages/airflow/example_dags/example_xcom.py for tasks to queue
[2023-07-24 01:28:06,564] {logging_mixin.py:115} INFO - [2023-07-24 01:28:06,564] {dagbag.py:508} INFO - Filling up the DagBag from /home/airflow/.local/lib/python3.7/site-packages/airflow/example_dags/example_xcom.py
[2023-07-24 01:28:06,573] {processor.py:651} INFO - DAG(s) dict_keys(['example_xcom']) retrieved from /home/airflow/.local/lib/python3.7/site-packages/airflow/example_dags/example_xcom.py
[2023-07-24 01:28:06,676] {logging_mixin.py:115} INFO - [2023-07-24 01:28:06,676] {dag.py:2420} INFO - Sync 1 DAGs
[2023-07-24 01:28:06,686] {logging_mixin.py:115} INFO - [2023-07-24 01:28:06,686] {dag.py:2972} INFO - Setting next_dagrun for example_xcom to 2021-01-01T00:00:00+00:00, run_after=2021-01-01T00:00:00+00:00
[2023-07-24 01:28:06,696] {processor.py:161} INFO - Processing /home/airflow/.local/lib/python3.7/site-packages/airflow/example_dags/example_xcom.py took 0.134 seconds
[2023-07-24 01:28:36,948] {processor.py:153} INFO - Started process (PID=1080) to work on /home/airflow/.local/lib/python3.7/site-packages/airflow/example_dags/example_xcom.py
[2023-07-24 01:28:36,948] {processor.py:641} INFO - Processing file /home/airflow/.local/lib/python3.7/site-packages/airflow/example_dags/example_xcom.py for tasks to queue
[2023-07-24 01:28:36,949] {logging_mixin.py:115} INFO - [2023-07-24 01:28:36,948] {dagbag.py:508} INFO - Filling up the DagBag from /home/airflow/.local/lib/python3.7/site-packages/airflow/example_dags/example_xcom.py
[2023-07-24 01:28:36,957] {processor.py:651} INFO - DAG(s) dict_keys(['example_xcom']) retrieved from /home/airflow/.local/lib/python3.7/site-packages/airflow/example_dags/example_xcom.py
[2023-07-24 01:28:37,060] {logging_mixin.py:115} INFO - [2023-07-24 01:28:37,060] {dag.py:2420} INFO - Sync 1 DAGs
[2023-07-24 01:28:37,069] {logging_mixin.py:115} INFO - [2023-07-24 01:28:37,069] {dag.py:2972} INFO - Setting next_dagrun for example_xcom to 2021-01-01T00:00:00+00:00, run_after=2021-01-01T00:00:00+00:00
[2023-07-24 01:28:37,082] {processor.py:161} INFO - Processing /home/airflow/.local/lib/python3.7/site-packages/airflow/example_dags/example_xcom.py took 0.135 seconds
[2023-07-24 01:29:07,461] {processor.py:153} INFO - Started process (PID=1141) to work on /home/airflow/.local/lib/python3.7/site-packages/airflow/example_dags/example_xcom.py
[2023-07-24 01:29:07,464] {processor.py:641} INFO - Processing file /home/airflow/.local/lib/python3.7/site-packages/airflow/example_dags/example_xcom.py for tasks to queue
[2023-07-24 01:29:07,464] {logging_mixin.py:115} INFO - [2023-07-24 01:29:07,464] {dagbag.py:508} INFO - Filling up the DagBag from /home/airflow/.local/lib/python3.7/site-packages/airflow/example_dags/example_xcom.py
[2023-07-24 01:29:07,472] {processor.py:651} INFO - DAG(s) dict_keys(['example_xcom']) retrieved from /home/airflow/.local/lib/python3.7/site-packages/airflow/example_dags/example_xcom.py
[2023-07-24 01:29:07,579] {logging_mixin.py:115} INFO - [2023-07-24 01:29:07,579] {dag.py:2420} INFO - Sync 1 DAGs
[2023-07-24 01:29:07,589] {logging_mixin.py:115} INFO - [2023-07-24 01:29:07,589] {dag.py:2972} INFO - Setting next_dagrun for example_xcom to 2021-01-01T00:00:00+00:00, run_after=2021-01-01T00:00:00+00:00
[2023-07-24 01:29:07,602] {processor.py:161} INFO - Processing /home/airflow/.local/lib/python3.7/site-packages/airflow/example_dags/example_xcom.py took 0.143 seconds
[2023-07-24 01:29:38,141] {processor.py:153} INFO - Started process (PID=1193) to work on /home/airflow/.local/lib/python3.7/site-packages/airflow/example_dags/example_xcom.py
[2023-07-24 01:29:38,142] {processor.py:641} INFO - Processing file /home/airflow/.local/lib/python3.7/site-packages/airflow/example_dags/example_xcom.py for tasks to queue
[2023-07-24 01:29:38,142] {logging_mixin.py:115} INFO - [2023-07-24 01:29:38,142] {dagbag.py:508} INFO - Filling up the DagBag from /home/airflow/.local/lib/python3.7/site-packages/airflow/example_dags/example_xcom.py
[2023-07-24 01:29:38,150] {processor.py:651} INFO - DAG(s) dict_keys(['example_xcom']) retrieved from /home/airflow/.local/lib/python3.7/site-packages/airflow/example_dags/example_xcom.py
[2023-07-24 01:29:38,163] {logging_mixin.py:115} INFO - [2023-07-24 01:29:38,163] {dag.py:2420} INFO - Sync 1 DAGs
[2023-07-24 01:29:38,176] {logging_mixin.py:115} INFO - [2023-07-24 01:29:38,176] {dag.py:2972} INFO - Setting next_dagrun for example_xcom to 2021-01-01T00:00:00+00:00, run_after=2021-01-01T00:00:00+00:00
[2023-07-24 01:29:38,254] {processor.py:161} INFO - Processing /home/airflow/.local/lib/python3.7/site-packages/airflow/example_dags/example_xcom.py took 0.114 seconds
[2023-07-24 01:30:08,507] {processor.py:153} INFO - Started process (PID=1254) to work on /home/airflow/.local/lib/python3.7/site-packages/airflow/example_dags/example_xcom.py
[2023-07-24 01:30:08,508] {processor.py:641} INFO - Processing file /home/airflow/.local/lib/python3.7/site-packages/airflow/example_dags/example_xcom.py for tasks to queue
[2023-07-24 01:30:08,508] {logging_mixin.py:115} INFO - [2023-07-24 01:30:08,508] {dagbag.py:508} INFO - Filling up the DagBag from /home/airflow/.local/lib/python3.7/site-packages/airflow/example_dags/example_xcom.py
[2023-07-24 01:30:08,516] {processor.py:651} INFO - DAG(s) dict_keys(['example_xcom']) retrieved from /home/airflow/.local/lib/python3.7/site-packages/airflow/example_dags/example_xcom.py
[2023-07-24 01:30:08,615] {logging_mixin.py:115} INFO - [2023-07-24 01:30:08,615] {dag.py:2420} INFO - Sync 1 DAGs
[2023-07-24 01:30:08,624] {logging_mixin.py:115} INFO - [2023-07-24 01:30:08,624] {dag.py:2972} INFO - Setting next_dagrun for example_xcom to 2021-01-01T00:00:00+00:00, run_after=2021-01-01T00:00:00+00:00
[2023-07-24 01:30:08,633] {processor.py:161} INFO - Processing /home/airflow/.local/lib/python3.7/site-packages/airflow/example_dags/example_xcom.py took 0.128 seconds
[2023-07-24 01:30:39,006] {processor.py:153} INFO - Started process (PID=1315) to work on /home/airflow/.local/lib/python3.7/site-packages/airflow/example_dags/example_xcom.py
[2023-07-24 01:30:39,007] {processor.py:641} INFO - Processing file /home/airflow/.local/lib/python3.7/site-packages/airflow/example_dags/example_xcom.py for tasks to queue
[2023-07-24 01:30:39,007] {logging_mixin.py:115} INFO - [2023-07-24 01:30:39,007] {dagbag.py:508} INFO - Filling up the DagBag from /home/airflow/.local/lib/python3.7/site-packages/airflow/example_dags/example_xcom.py
[2023-07-24 01:30:39,015] {processor.py:651} INFO - DAG(s) dict_keys(['example_xcom']) retrieved from /home/airflow/.local/lib/python3.7/site-packages/airflow/example_dags/example_xcom.py
[2023-07-24 01:30:39,114] {logging_mixin.py:115} INFO - [2023-07-24 01:30:39,114] {dag.py:2420} INFO - Sync 1 DAGs
[2023-07-24 01:30:39,124] {logging_mixin.py:115} INFO - [2023-07-24 01:30:39,124] {dag.py:2972} INFO - Setting next_dagrun for example_xcom to 2021-01-01T00:00:00+00:00, run_after=2021-01-01T00:00:00+00:00
[2023-07-24 01:30:39,133] {processor.py:161} INFO - Processing /home/airflow/.local/lib/python3.7/site-packages/airflow/example_dags/example_xcom.py took 0.129 seconds
[2023-07-24 01:31:09,454] {processor.py:153} INFO - Started process (PID=1375) to work on /home/airflow/.local/lib/python3.7/site-packages/airflow/example_dags/example_xcom.py
[2023-07-24 01:31:09,455] {processor.py:641} INFO - Processing file /home/airflow/.local/lib/python3.7/site-packages/airflow/example_dags/example_xcom.py for tasks to queue
[2023-07-24 01:31:09,455] {logging_mixin.py:115} INFO - [2023-07-24 01:31:09,455] {dagbag.py:508} INFO - Filling up the DagBag from /home/airflow/.local/lib/python3.7/site-packages/airflow/example_dags/example_xcom.py
[2023-07-24 01:31:09,463] {processor.py:651} INFO - DAG(s) dict_keys(['example_xcom']) retrieved from /home/airflow/.local/lib/python3.7/site-packages/airflow/example_dags/example_xcom.py
[2023-07-24 01:31:09,564] {logging_mixin.py:115} INFO - [2023-07-24 01:31:09,564] {dag.py:2420} INFO - Sync 1 DAGs
[2023-07-24 01:31:09,574] {logging_mixin.py:115} INFO - [2023-07-24 01:31:09,574] {dag.py:2972} INFO - Setting next_dagrun for example_xcom to 2021-01-01T00:00:00+00:00, run_after=2021-01-01T00:00:00+00:00
[2023-07-24 01:31:09,583] {processor.py:161} INFO - Processing /home/airflow/.local/lib/python3.7/site-packages/airflow/example_dags/example_xcom.py took 0.131 seconds
[2023-07-24 01:31:39,785] {processor.py:153} INFO - Started process (PID=1426) to work on /home/airflow/.local/lib/python3.7/site-packages/airflow/example_dags/example_xcom.py
[2023-07-24 01:31:39,786] {processor.py:641} INFO - Processing file /home/airflow/.local/lib/python3.7/site-packages/airflow/example_dags/example_xcom.py for tasks to queue
[2023-07-24 01:31:39,786] {logging_mixin.py:115} INFO - [2023-07-24 01:31:39,786] {dagbag.py:508} INFO - Filling up the DagBag from /home/airflow/.local/lib/python3.7/site-packages/airflow/example_dags/example_xcom.py
[2023-07-24 01:31:39,794] {processor.py:651} INFO - DAG(s) dict_keys(['example_xcom']) retrieved from /home/airflow/.local/lib/python3.7/site-packages/airflow/example_dags/example_xcom.py
[2023-07-24 01:31:39,810] {logging_mixin.py:115} INFO - [2023-07-24 01:31:39,810] {dag.py:2420} INFO - Sync 1 DAGs
[2023-07-24 01:31:39,822] {logging_mixin.py:115} INFO - [2023-07-24 01:31:39,822] {dag.py:2972} INFO - Setting next_dagrun for example_xcom to 2021-01-01T00:00:00+00:00, run_after=2021-01-01T00:00:00+00:00
[2023-07-24 01:31:39,896] {processor.py:161} INFO - Processing /home/airflow/.local/lib/python3.7/site-packages/airflow/example_dags/example_xcom.py took 0.112 seconds
[2023-07-24 01:32:10,082] {processor.py:153} INFO - Started process (PID=1487) to work on /home/airflow/.local/lib/python3.7/site-packages/airflow/example_dags/example_xcom.py
[2023-07-24 01:32:10,083] {processor.py:641} INFO - Processing file /home/airflow/.local/lib/python3.7/site-packages/airflow/example_dags/example_xcom.py for tasks to queue
[2023-07-24 01:32:10,083] {logging_mixin.py:115} INFO - [2023-07-24 01:32:10,083] {dagbag.py:508} INFO - Filling up the DagBag from /home/airflow/.local/lib/python3.7/site-packages/airflow/example_dags/example_xcom.py
[2023-07-24 01:32:10,091] {processor.py:651} INFO - DAG(s) dict_keys(['example_xcom']) retrieved from /home/airflow/.local/lib/python3.7/site-packages/airflow/example_dags/example_xcom.py
[2023-07-24 01:32:10,104] {logging_mixin.py:115} INFO - [2023-07-24 01:32:10,104] {dag.py:2420} INFO - Sync 1 DAGs
[2023-07-24 01:32:10,116] {logging_mixin.py:115} INFO - [2023-07-24 01:32:10,115] {dag.py:2972} INFO - Setting next_dagrun for example_xcom to 2021-01-01T00:00:00+00:00, run_after=2021-01-01T00:00:00+00:00
[2023-07-24 01:32:10,193] {processor.py:161} INFO - Processing /home/airflow/.local/lib/python3.7/site-packages/airflow/example_dags/example_xcom.py took 0.113 seconds
[2023-07-24 01:32:40,505] {processor.py:153} INFO - Started process (PID=1547) to work on /home/airflow/.local/lib/python3.7/site-packages/airflow/example_dags/example_xcom.py
[2023-07-24 01:32:40,506] {processor.py:641} INFO - Processing file /home/airflow/.local/lib/python3.7/site-packages/airflow/example_dags/example_xcom.py for tasks to queue
[2023-07-24 01:32:40,507] {logging_mixin.py:115} INFO - [2023-07-24 01:32:40,507] {dagbag.py:508} INFO - Filling up the DagBag from /home/airflow/.local/lib/python3.7/site-packages/airflow/example_dags/example_xcom.py
[2023-07-24 01:32:40,515] {processor.py:651} INFO - DAG(s) dict_keys(['example_xcom']) retrieved from /home/airflow/.local/lib/python3.7/site-packages/airflow/example_dags/example_xcom.py
[2023-07-24 01:32:40,530] {logging_mixin.py:115} INFO - [2023-07-24 01:32:40,530] {dag.py:2420} INFO - Sync 1 DAGs
[2023-07-24 01:32:40,543] {logging_mixin.py:115} INFO - [2023-07-24 01:32:40,542] {dag.py:2972} INFO - Setting next_dagrun for example_xcom to 2021-01-01T00:00:00+00:00, run_after=2021-01-01T00:00:00+00:00
[2023-07-24 01:32:40,619] {processor.py:161} INFO - Processing /home/airflow/.local/lib/python3.7/site-packages/airflow/example_dags/example_xcom.py took 0.115 seconds
[2023-07-24 01:33:10,885] {processor.py:153} INFO - Started process (PID=1608) to work on /home/airflow/.local/lib/python3.7/site-packages/airflow/example_dags/example_xcom.py
[2023-07-24 01:33:10,886] {processor.py:641} INFO - Processing file /home/airflow/.local/lib/python3.7/site-packages/airflow/example_dags/example_xcom.py for tasks to queue
[2023-07-24 01:33:10,886] {logging_mixin.py:115} INFO - [2023-07-24 01:33:10,886] {dagbag.py:508} INFO - Filling up the DagBag from /home/airflow/.local/lib/python3.7/site-packages/airflow/example_dags/example_xcom.py
[2023-07-24 01:33:10,895] {processor.py:651} INFO - DAG(s) dict_keys(['example_xcom']) retrieved from /home/airflow/.local/lib/python3.7/site-packages/airflow/example_dags/example_xcom.py
[2023-07-24 01:33:10,908] {logging_mixin.py:115} INFO - [2023-07-24 01:33:10,908] {dag.py:2420} INFO - Sync 1 DAGs
[2023-07-24 01:33:10,921] {logging_mixin.py:115} INFO - [2023-07-24 01:33:10,921] {dag.py:2972} INFO - Setting next_dagrun for example_xcom to 2021-01-01T00:00:00+00:00, run_after=2021-01-01T00:00:00+00:00
[2023-07-24 01:33:10,995] {processor.py:161} INFO - Processing /home/airflow/.local/lib/python3.7/site-packages/airflow/example_dags/example_xcom.py took 0.112 seconds
[2023-07-24 01:33:41,227] {processor.py:153} INFO - Started process (PID=1659) to work on /home/airflow/.local/lib/python3.7/site-packages/airflow/example_dags/example_xcom.py
[2023-07-24 01:33:41,228] {processor.py:641} INFO - Processing file /home/airflow/.local/lib/python3.7/site-packages/airflow/example_dags/example_xcom.py for tasks to queue
[2023-07-24 01:33:41,228] {logging_mixin.py:115} INFO - [2023-07-24 01:33:41,228] {dagbag.py:508} INFO - Filling up the DagBag from /home/airflow/.local/lib/python3.7/site-packages/airflow/example_dags/example_xcom.py
[2023-07-24 01:33:41,236] {processor.py:651} INFO - DAG(s) dict_keys(['example_xcom']) retrieved from /home/airflow/.local/lib/python3.7/site-packages/airflow/example_dags/example_xcom.py
[2023-07-24 01:33:41,340] {logging_mixin.py:115} INFO - [2023-07-24 01:33:41,340] {dag.py:2420} INFO - Sync 1 DAGs
[2023-07-24 01:33:41,350] {logging_mixin.py:115} INFO - [2023-07-24 01:33:41,350] {dag.py:2972} INFO - Setting next_dagrun for example_xcom to 2021-01-01T00:00:00+00:00, run_after=2021-01-01T00:00:00+00:00
[2023-07-24 01:33:41,361] {processor.py:161} INFO - Processing /home/airflow/.local/lib/python3.7/site-packages/airflow/example_dags/example_xcom.py took 0.135 seconds
[2023-07-24 01:34:11,628] {processor.py:153} INFO - Started process (PID=1719) to work on /home/airflow/.local/lib/python3.7/site-packages/airflow/example_dags/example_xcom.py
[2023-07-24 01:34:11,629] {processor.py:641} INFO - Processing file /home/airflow/.local/lib/python3.7/site-packages/airflow/example_dags/example_xcom.py for tasks to queue
[2023-07-24 01:34:11,630] {logging_mixin.py:115} INFO - [2023-07-24 01:34:11,630] {dagbag.py:508} INFO - Filling up the DagBag from /home/airflow/.local/lib/python3.7/site-packages/airflow/example_dags/example_xcom.py
[2023-07-24 01:34:11,639] {processor.py:651} INFO - DAG(s) dict_keys(['example_xcom']) retrieved from /home/airflow/.local/lib/python3.7/site-packages/airflow/example_dags/example_xcom.py
[2023-07-24 01:34:11,758] {logging_mixin.py:115} INFO - [2023-07-24 01:34:11,758] {dag.py:2420} INFO - Sync 1 DAGs
[2023-07-24 01:34:11,768] {logging_mixin.py:115} INFO - [2023-07-24 01:34:11,768] {dag.py:2972} INFO - Setting next_dagrun for example_xcom to 2021-01-01T00:00:00+00:00, run_after=2021-01-01T00:00:00+00:00
[2023-07-24 01:34:11,779] {processor.py:161} INFO - Processing /home/airflow/.local/lib/python3.7/site-packages/airflow/example_dags/example_xcom.py took 0.152 seconds
[2023-07-24 01:34:42,005] {processor.py:153} INFO - Started process (PID=1779) to work on /home/airflow/.local/lib/python3.7/site-packages/airflow/example_dags/example_xcom.py
[2023-07-24 01:34:42,005] {processor.py:641} INFO - Processing file /home/airflow/.local/lib/python3.7/site-packages/airflow/example_dags/example_xcom.py for tasks to queue
[2023-07-24 01:34:42,005] {logging_mixin.py:115} INFO - [2023-07-24 01:34:42,005] {dagbag.py:508} INFO - Filling up the DagBag from /home/airflow/.local/lib/python3.7/site-packages/airflow/example_dags/example_xcom.py
[2023-07-24 01:34:42,014] {processor.py:651} INFO - DAG(s) dict_keys(['example_xcom']) retrieved from /home/airflow/.local/lib/python3.7/site-packages/airflow/example_dags/example_xcom.py
[2023-07-24 01:34:42,027] {logging_mixin.py:115} INFO - [2023-07-24 01:34:42,027] {dag.py:2420} INFO - Sync 1 DAGs
[2023-07-24 01:34:42,040] {logging_mixin.py:115} INFO - [2023-07-24 01:34:42,040] {dag.py:2972} INFO - Setting next_dagrun for example_xcom to 2021-01-01T00:00:00+00:00, run_after=2021-01-01T00:00:00+00:00
[2023-07-24 01:34:42,111] {processor.py:161} INFO - Processing /home/airflow/.local/lib/python3.7/site-packages/airflow/example_dags/example_xcom.py took 0.108 seconds
