[2023-07-24 01:20:02,592] {processor.py:153} INFO - Started process (PID=81) to work on /home/airflow/.local/lib/python3.7/site-packages/airflow/example_dags/example_kubernetes_executor.py
[2023-07-24 01:20:02,592] {processor.py:641} INFO - Processing file /home/airflow/.local/lib/python3.7/site-packages/airflow/example_dags/example_kubernetes_executor.py for tasks to queue
[2023-07-24 01:20:02,592] {logging_mixin.py:115} INFO - [2023-07-24 01:20:02,592] {dagbag.py:508} INFO - Filling up the DagBag from /home/airflow/.local/lib/python3.7/site-packages/airflow/example_dags/example_kubernetes_executor.py
[2023-07-24 01:20:02,604] {processor.py:651} INFO - DAG(s) dict_keys(['example_kubernetes_executor']) retrieved from /home/airflow/.local/lib/python3.7/site-packages/airflow/example_dags/example_kubernetes_executor.py
[2023-07-24 01:20:02,740] {logging_mixin.py:115} INFO - [2023-07-24 01:20:02,740] {manager.py:508} INFO - Created Permission View: can edit on DAG:example_kubernetes_executor
[2023-07-24 01:20:02,749] {logging_mixin.py:115} INFO - [2023-07-24 01:20:02,749] {manager.py:508} INFO - Created Permission View: can read on DAG:example_kubernetes_executor
[2023-07-24 01:20:02,756] {logging_mixin.py:115} INFO - [2023-07-24 01:20:02,756] {manager.py:508} INFO - Created Permission View: can delete on DAG:example_kubernetes_executor
[2023-07-24 01:20:02,756] {logging_mixin.py:115} INFO - [2023-07-24 01:20:02,756] {dag.py:2420} INFO - Sync 1 DAGs
[2023-07-24 01:20:02,760] {logging_mixin.py:115} INFO - [2023-07-24 01:20:02,760] {dag.py:2439} INFO - Creating ORM DAG for example_kubernetes_executor
[2023-07-24 01:20:02,766] {logging_mixin.py:115} INFO - [2023-07-24 01:20:02,766] {dag.py:2972} INFO - Setting next_dagrun for example_kubernetes_executor to None, run_after=None
[2023-07-24 01:20:02,776] {processor.py:161} INFO - Processing /home/airflow/.local/lib/python3.7/site-packages/airflow/example_dags/example_kubernetes_executor.py took 0.185 seconds
[2023-07-24 01:20:32,873] {processor.py:153} INFO - Started process (PID=141) to work on /home/airflow/.local/lib/python3.7/site-packages/airflow/example_dags/example_kubernetes_executor.py
[2023-07-24 01:20:32,874] {processor.py:641} INFO - Processing file /home/airflow/.local/lib/python3.7/site-packages/airflow/example_dags/example_kubernetes_executor.py for tasks to queue
[2023-07-24 01:20:32,874] {logging_mixin.py:115} INFO - [2023-07-24 01:20:32,874] {dagbag.py:508} INFO - Filling up the DagBag from /home/airflow/.local/lib/python3.7/site-packages/airflow/example_dags/example_kubernetes_executor.py
[2023-07-24 01:20:32,884] {processor.py:651} INFO - DAG(s) dict_keys(['example_kubernetes_executor']) retrieved from /home/airflow/.local/lib/python3.7/site-packages/airflow/example_dags/example_kubernetes_executor.py
[2023-07-24 01:20:32,897] {logging_mixin.py:115} INFO - [2023-07-24 01:20:32,897] {dag.py:2420} INFO - Sync 1 DAGs
[2023-07-24 01:20:32,908] {logging_mixin.py:115} INFO - [2023-07-24 01:20:32,908] {dag.py:2972} INFO - Setting next_dagrun for example_kubernetes_executor to None, run_after=None
[2023-07-24 01:20:32,983] {processor.py:161} INFO - Processing /home/airflow/.local/lib/python3.7/site-packages/airflow/example_dags/example_kubernetes_executor.py took 0.112 seconds
[2023-07-24 01:21:03,220] {processor.py:153} INFO - Started process (PID=202) to work on /home/airflow/.local/lib/python3.7/site-packages/airflow/example_dags/example_kubernetes_executor.py
[2023-07-24 01:21:03,222] {processor.py:641} INFO - Processing file /home/airflow/.local/lib/python3.7/site-packages/airflow/example_dags/example_kubernetes_executor.py for tasks to queue
[2023-07-24 01:21:03,223] {logging_mixin.py:115} INFO - [2023-07-24 01:21:03,223] {dagbag.py:508} INFO - Filling up the DagBag from /home/airflow/.local/lib/python3.7/site-packages/airflow/example_dags/example_kubernetes_executor.py
[2023-07-24 01:21:03,233] {processor.py:651} INFO - DAG(s) dict_keys(['example_kubernetes_executor']) retrieved from /home/airflow/.local/lib/python3.7/site-packages/airflow/example_dags/example_kubernetes_executor.py
[2023-07-24 01:21:03,247] {logging_mixin.py:115} INFO - [2023-07-24 01:21:03,247] {dag.py:2420} INFO - Sync 1 DAGs
[2023-07-24 01:21:03,259] {logging_mixin.py:115} INFO - [2023-07-24 01:21:03,258] {dag.py:2972} INFO - Setting next_dagrun for example_kubernetes_executor to None, run_after=None
[2023-07-24 01:21:03,332] {processor.py:161} INFO - Processing /home/airflow/.local/lib/python3.7/site-packages/airflow/example_dags/example_kubernetes_executor.py took 0.114 seconds
[2023-07-24 01:21:33,498] {processor.py:153} INFO - Started process (PID=262) to work on /home/airflow/.local/lib/python3.7/site-packages/airflow/example_dags/example_kubernetes_executor.py
[2023-07-24 01:21:33,498] {processor.py:641} INFO - Processing file /home/airflow/.local/lib/python3.7/site-packages/airflow/example_dags/example_kubernetes_executor.py for tasks to queue
[2023-07-24 01:21:33,499] {logging_mixin.py:115} INFO - [2023-07-24 01:21:33,499] {dagbag.py:508} INFO - Filling up the DagBag from /home/airflow/.local/lib/python3.7/site-packages/airflow/example_dags/example_kubernetes_executor.py
[2023-07-24 01:21:33,510] {processor.py:651} INFO - DAG(s) dict_keys(['example_kubernetes_executor']) retrieved from /home/airflow/.local/lib/python3.7/site-packages/airflow/example_dags/example_kubernetes_executor.py
[2023-07-24 01:21:33,523] {logging_mixin.py:115} INFO - [2023-07-24 01:21:33,523] {dag.py:2420} INFO - Sync 1 DAGs
[2023-07-24 01:21:33,537] {logging_mixin.py:115} INFO - [2023-07-24 01:21:33,537] {dag.py:2972} INFO - Setting next_dagrun for example_kubernetes_executor to None, run_after=None
[2023-07-24 01:21:33,616] {processor.py:161} INFO - Processing /home/airflow/.local/lib/python3.7/site-packages/airflow/example_dags/example_kubernetes_executor.py took 0.120 seconds
[2023-07-24 01:22:03,648] {processor.py:153} INFO - Started process (PID=324) to work on /home/airflow/.local/lib/python3.7/site-packages/airflow/example_dags/example_kubernetes_executor.py
[2023-07-24 01:22:03,649] {processor.py:641} INFO - Processing file /home/airflow/.local/lib/python3.7/site-packages/airflow/example_dags/example_kubernetes_executor.py for tasks to queue
[2023-07-24 01:22:03,649] {logging_mixin.py:115} INFO - [2023-07-24 01:22:03,649] {dagbag.py:508} INFO - Filling up the DagBag from /home/airflow/.local/lib/python3.7/site-packages/airflow/example_dags/example_kubernetes_executor.py
[2023-07-24 01:22:03,660] {processor.py:651} INFO - DAG(s) dict_keys(['example_kubernetes_executor']) retrieved from /home/airflow/.local/lib/python3.7/site-packages/airflow/example_dags/example_kubernetes_executor.py
[2023-07-24 01:22:03,674] {logging_mixin.py:115} INFO - [2023-07-24 01:22:03,674] {dag.py:2420} INFO - Sync 1 DAGs
[2023-07-24 01:22:03,685] {logging_mixin.py:115} INFO - [2023-07-24 01:22:03,685] {dag.py:2972} INFO - Setting next_dagrun for example_kubernetes_executor to None, run_after=None
[2023-07-24 01:22:03,762] {processor.py:161} INFO - Processing /home/airflow/.local/lib/python3.7/site-packages/airflow/example_dags/example_kubernetes_executor.py took 0.116 seconds
[2023-07-24 01:22:33,799] {processor.py:153} INFO - Started process (PID=376) to work on /home/airflow/.local/lib/python3.7/site-packages/airflow/example_dags/example_kubernetes_executor.py
[2023-07-24 01:22:33,802] {processor.py:641} INFO - Processing file /home/airflow/.local/lib/python3.7/site-packages/airflow/example_dags/example_kubernetes_executor.py for tasks to queue
[2023-07-24 01:22:33,802] {logging_mixin.py:115} INFO - [2023-07-24 01:22:33,802] {dagbag.py:508} INFO - Filling up the DagBag from /home/airflow/.local/lib/python3.7/site-packages/airflow/example_dags/example_kubernetes_executor.py
[2023-07-24 01:22:33,812] {processor.py:651} INFO - DAG(s) dict_keys(['example_kubernetes_executor']) retrieved from /home/airflow/.local/lib/python3.7/site-packages/airflow/example_dags/example_kubernetes_executor.py
[2023-07-24 01:22:33,825] {logging_mixin.py:115} INFO - [2023-07-24 01:22:33,825] {dag.py:2420} INFO - Sync 1 DAGs
[2023-07-24 01:22:33,836] {logging_mixin.py:115} INFO - [2023-07-24 01:22:33,836] {dag.py:2972} INFO - Setting next_dagrun for example_kubernetes_executor to None, run_after=None
[2023-07-24 01:22:33,912] {processor.py:161} INFO - Processing /home/airflow/.local/lib/python3.7/site-packages/airflow/example_dags/example_kubernetes_executor.py took 0.115 seconds
