[2023-07-24 01:19:59,556] {processor.py:153} INFO - Started process (PID=53) to work on /home/airflow/.local/lib/python3.7/site-packages/airflow/example_dags/example_trigger_target_dag.py
[2023-07-24 01:19:59,557] {processor.py:641} INFO - Processing file /home/airflow/.local/lib/python3.7/site-packages/airflow/example_dags/example_trigger_target_dag.py for tasks to queue
[2023-07-24 01:19:59,557] {logging_mixin.py:115} INFO - [2023-07-24 01:19:59,557] {dagbag.py:508} INFO - Filling up the DagBag from /home/airflow/.local/lib/python3.7/site-packages/airflow/example_dags/example_trigger_target_dag.py
[2023-07-24 01:19:59,571] {processor.py:651} INFO - DAG(s) dict_keys(['example_trigger_target_dag']) retrieved from /home/airflow/.local/lib/python3.7/site-packages/airflow/example_dags/example_trigger_target_dag.py
[2023-07-24 01:19:59,716] {logging_mixin.py:115} INFO - [2023-07-24 01:19:59,716] {manager.py:508} INFO - Created Permission View: can edit on DAG:example_trigger_target_dag
[2023-07-24 01:19:59,727] {logging_mixin.py:115} INFO - [2023-07-24 01:19:59,727] {manager.py:508} INFO - Created Permission View: can read on DAG:example_trigger_target_dag
[2023-07-24 01:19:59,735] {logging_mixin.py:115} INFO - [2023-07-24 01:19:59,735] {manager.py:508} INFO - Created Permission View: can delete on DAG:example_trigger_target_dag
[2023-07-24 01:19:59,735] {logging_mixin.py:115} INFO - [2023-07-24 01:19:59,735] {dag.py:2420} INFO - Sync 1 DAGs
[2023-07-24 01:19:59,739] {logging_mixin.py:115} INFO - [2023-07-24 01:19:59,739] {dag.py:2439} INFO - Creating ORM DAG for example_trigger_target_dag
[2023-07-24 01:19:59,745] {logging_mixin.py:115} INFO - [2023-07-24 01:19:59,745] {dag.py:2972} INFO - Setting next_dagrun for example_trigger_target_dag to None, run_after=None
[2023-07-24 01:19:59,755] {processor.py:161} INFO - Processing /home/airflow/.local/lib/python3.7/site-packages/airflow/example_dags/example_trigger_target_dag.py took 0.200 seconds
[2023-07-24 01:20:29,914] {processor.py:153} INFO - Started process (PID=113) to work on /home/airflow/.local/lib/python3.7/site-packages/airflow/example_dags/example_trigger_target_dag.py
[2023-07-24 01:20:29,915] {processor.py:641} INFO - Processing file /home/airflow/.local/lib/python3.7/site-packages/airflow/example_dags/example_trigger_target_dag.py for tasks to queue
[2023-07-24 01:20:29,915] {logging_mixin.py:115} INFO - [2023-07-24 01:20:29,915] {dagbag.py:508} INFO - Filling up the DagBag from /home/airflow/.local/lib/python3.7/site-packages/airflow/example_dags/example_trigger_target_dag.py
[2023-07-24 01:20:29,922] {processor.py:651} INFO - DAG(s) dict_keys(['example_trigger_target_dag']) retrieved from /home/airflow/.local/lib/python3.7/site-packages/airflow/example_dags/example_trigger_target_dag.py
[2023-07-24 01:20:29,934] {logging_mixin.py:115} INFO - [2023-07-24 01:20:29,934] {dag.py:2420} INFO - Sync 1 DAGs
[2023-07-24 01:20:29,945] {logging_mixin.py:115} INFO - [2023-07-24 01:20:29,945] {dag.py:2972} INFO - Setting next_dagrun for example_trigger_target_dag to None, run_after=None
[2023-07-24 01:20:29,954] {processor.py:161} INFO - Processing /home/airflow/.local/lib/python3.7/site-packages/airflow/example_dags/example_trigger_target_dag.py took 0.041 seconds
[2023-07-24 01:21:00,126] {processor.py:153} INFO - Started process (PID=174) to work on /home/airflow/.local/lib/python3.7/site-packages/airflow/example_dags/example_trigger_target_dag.py
[2023-07-24 01:21:00,127] {processor.py:641} INFO - Processing file /home/airflow/.local/lib/python3.7/site-packages/airflow/example_dags/example_trigger_target_dag.py for tasks to queue
[2023-07-24 01:21:00,127] {logging_mixin.py:115} INFO - [2023-07-24 01:21:00,127] {dagbag.py:508} INFO - Filling up the DagBag from /home/airflow/.local/lib/python3.7/site-packages/airflow/example_dags/example_trigger_target_dag.py
[2023-07-24 01:21:00,134] {processor.py:651} INFO - DAG(s) dict_keys(['example_trigger_target_dag']) retrieved from /home/airflow/.local/lib/python3.7/site-packages/airflow/example_dags/example_trigger_target_dag.py
[2023-07-24 01:21:00,146] {logging_mixin.py:115} INFO - [2023-07-24 01:21:00,146] {dag.py:2420} INFO - Sync 1 DAGs
[2023-07-24 01:21:00,157] {logging_mixin.py:115} INFO - [2023-07-24 01:21:00,157] {dag.py:2972} INFO - Setting next_dagrun for example_trigger_target_dag to None, run_after=None
[2023-07-24 01:21:00,165] {processor.py:161} INFO - Processing /home/airflow/.local/lib/python3.7/site-packages/airflow/example_dags/example_trigger_target_dag.py took 0.041 seconds
[2023-07-24 01:21:30,450] {processor.py:153} INFO - Started process (PID=234) to work on /home/airflow/.local/lib/python3.7/site-packages/airflow/example_dags/example_trigger_target_dag.py
[2023-07-24 01:21:30,451] {processor.py:641} INFO - Processing file /home/airflow/.local/lib/python3.7/site-packages/airflow/example_dags/example_trigger_target_dag.py for tasks to queue
[2023-07-24 01:21:30,452] {logging_mixin.py:115} INFO - [2023-07-24 01:21:30,452] {dagbag.py:508} INFO - Filling up the DagBag from /home/airflow/.local/lib/python3.7/site-packages/airflow/example_dags/example_trigger_target_dag.py
[2023-07-24 01:21:30,459] {processor.py:651} INFO - DAG(s) dict_keys(['example_trigger_target_dag']) retrieved from /home/airflow/.local/lib/python3.7/site-packages/airflow/example_dags/example_trigger_target_dag.py
[2023-07-24 01:21:30,472] {logging_mixin.py:115} INFO - [2023-07-24 01:21:30,472] {dag.py:2420} INFO - Sync 1 DAGs
[2023-07-24 01:21:30,485] {logging_mixin.py:115} INFO - [2023-07-24 01:21:30,485] {dag.py:2972} INFO - Setting next_dagrun for example_trigger_target_dag to None, run_after=None
[2023-07-24 01:21:30,493] {processor.py:161} INFO - Processing /home/airflow/.local/lib/python3.7/site-packages/airflow/example_dags/example_trigger_target_dag.py took 0.045 seconds
[2023-07-24 01:22:00,655] {processor.py:153} INFO - Started process (PID=286) to work on /home/airflow/.local/lib/python3.7/site-packages/airflow/example_dags/example_trigger_target_dag.py
[2023-07-24 01:22:00,656] {processor.py:641} INFO - Processing file /home/airflow/.local/lib/python3.7/site-packages/airflow/example_dags/example_trigger_target_dag.py for tasks to queue
[2023-07-24 01:22:00,657] {logging_mixin.py:115} INFO - [2023-07-24 01:22:00,656] {dagbag.py:508} INFO - Filling up the DagBag from /home/airflow/.local/lib/python3.7/site-packages/airflow/example_dags/example_trigger_target_dag.py
[2023-07-24 01:22:00,663] {processor.py:651} INFO - DAG(s) dict_keys(['example_trigger_target_dag']) retrieved from /home/airflow/.local/lib/python3.7/site-packages/airflow/example_dags/example_trigger_target_dag.py
[2023-07-24 01:22:00,675] {logging_mixin.py:115} INFO - [2023-07-24 01:22:00,675] {dag.py:2420} INFO - Sync 1 DAGs
[2023-07-24 01:22:00,686] {logging_mixin.py:115} INFO - [2023-07-24 01:22:00,686] {dag.py:2972} INFO - Setting next_dagrun for example_trigger_target_dag to None, run_after=None
[2023-07-24 01:22:00,697] {processor.py:161} INFO - Processing /home/airflow/.local/lib/python3.7/site-packages/airflow/example_dags/example_trigger_target_dag.py took 0.043 seconds
[2023-07-24 01:22:30,841] {processor.py:153} INFO - Started process (PID=347) to work on /home/airflow/.local/lib/python3.7/site-packages/airflow/example_dags/example_trigger_target_dag.py
[2023-07-24 01:22:30,842] {processor.py:641} INFO - Processing file /home/airflow/.local/lib/python3.7/site-packages/airflow/example_dags/example_trigger_target_dag.py for tasks to queue
[2023-07-24 01:22:30,842] {logging_mixin.py:115} INFO - [2023-07-24 01:22:30,842] {dagbag.py:508} INFO - Filling up the DagBag from /home/airflow/.local/lib/python3.7/site-packages/airflow/example_dags/example_trigger_target_dag.py
[2023-07-24 01:22:30,849] {processor.py:651} INFO - DAG(s) dict_keys(['example_trigger_target_dag']) retrieved from /home/airflow/.local/lib/python3.7/site-packages/airflow/example_dags/example_trigger_target_dag.py
[2023-07-24 01:22:30,861] {logging_mixin.py:115} INFO - [2023-07-24 01:22:30,861] {dag.py:2420} INFO - Sync 1 DAGs
[2023-07-24 01:22:30,872] {logging_mixin.py:115} INFO - [2023-07-24 01:22:30,872] {dag.py:2972} INFO - Setting next_dagrun for example_trigger_target_dag to None, run_after=None
[2023-07-24 01:22:30,881] {processor.py:161} INFO - Processing /home/airflow/.local/lib/python3.7/site-packages/airflow/example_dags/example_trigger_target_dag.py took 0.042 seconds
[2023-07-24 01:23:01,088] {processor.py:153} INFO - Started process (PID=408) to work on /home/airflow/.local/lib/python3.7/site-packages/airflow/example_dags/example_trigger_target_dag.py
[2023-07-24 01:23:01,089] {processor.py:641} INFO - Processing file /home/airflow/.local/lib/python3.7/site-packages/airflow/example_dags/example_trigger_target_dag.py for tasks to queue
[2023-07-24 01:23:01,089] {logging_mixin.py:115} INFO - [2023-07-24 01:23:01,089] {dagbag.py:508} INFO - Filling up the DagBag from /home/airflow/.local/lib/python3.7/site-packages/airflow/example_dags/example_trigger_target_dag.py
[2023-07-24 01:23:01,096] {processor.py:651} INFO - DAG(s) dict_keys(['example_trigger_target_dag']) retrieved from /home/airflow/.local/lib/python3.7/site-packages/airflow/example_dags/example_trigger_target_dag.py
[2023-07-24 01:23:01,109] {logging_mixin.py:115} INFO - [2023-07-24 01:23:01,109] {dag.py:2420} INFO - Sync 1 DAGs
[2023-07-24 01:23:01,121] {logging_mixin.py:115} INFO - [2023-07-24 01:23:01,121] {dag.py:2972} INFO - Setting next_dagrun for example_trigger_target_dag to None, run_after=None
[2023-07-24 01:23:01,129] {processor.py:161} INFO - Processing /home/airflow/.local/lib/python3.7/site-packages/airflow/example_dags/example_trigger_target_dag.py took 0.043 seconds
[2023-07-24 01:23:31,235] {processor.py:153} INFO - Started process (PID=469) to work on /home/airflow/.local/lib/python3.7/site-packages/airflow/example_dags/example_trigger_target_dag.py
[2023-07-24 01:23:31,236] {processor.py:641} INFO - Processing file /home/airflow/.local/lib/python3.7/site-packages/airflow/example_dags/example_trigger_target_dag.py for tasks to queue
[2023-07-24 01:23:31,236] {logging_mixin.py:115} INFO - [2023-07-24 01:23:31,236] {dagbag.py:508} INFO - Filling up the DagBag from /home/airflow/.local/lib/python3.7/site-packages/airflow/example_dags/example_trigger_target_dag.py
[2023-07-24 01:23:31,243] {processor.py:651} INFO - DAG(s) dict_keys(['example_trigger_target_dag']) retrieved from /home/airflow/.local/lib/python3.7/site-packages/airflow/example_dags/example_trigger_target_dag.py
[2023-07-24 01:23:31,255] {logging_mixin.py:115} INFO - [2023-07-24 01:23:31,255] {dag.py:2420} INFO - Sync 1 DAGs
[2023-07-24 01:23:31,266] {logging_mixin.py:115} INFO - [2023-07-24 01:23:31,266] {dag.py:2972} INFO - Setting next_dagrun for example_trigger_target_dag to None, run_after=None
[2023-07-24 01:23:31,276] {processor.py:161} INFO - Processing /home/airflow/.local/lib/python3.7/site-packages/airflow/example_dags/example_trigger_target_dag.py took 0.042 seconds
[2023-07-24 01:24:01,395] {processor.py:153} INFO - Started process (PID=530) to work on /home/airflow/.local/lib/python3.7/site-packages/airflow/example_dags/example_trigger_target_dag.py
[2023-07-24 01:24:01,395] {processor.py:641} INFO - Processing file /home/airflow/.local/lib/python3.7/site-packages/airflow/example_dags/example_trigger_target_dag.py for tasks to queue
[2023-07-24 01:24:01,395] {logging_mixin.py:115} INFO - [2023-07-24 01:24:01,395] {dagbag.py:508} INFO - Filling up the DagBag from /home/airflow/.local/lib/python3.7/site-packages/airflow/example_dags/example_trigger_target_dag.py
[2023-07-24 01:24:01,402] {processor.py:651} INFO - DAG(s) dict_keys(['example_trigger_target_dag']) retrieved from /home/airflow/.local/lib/python3.7/site-packages/airflow/example_dags/example_trigger_target_dag.py
[2023-07-24 01:24:01,414] {logging_mixin.py:115} INFO - [2023-07-24 01:24:01,414] {dag.py:2420} INFO - Sync 1 DAGs
[2023-07-24 01:24:01,425] {logging_mixin.py:115} INFO - [2023-07-24 01:24:01,425] {dag.py:2972} INFO - Setting next_dagrun for example_trigger_target_dag to None, run_after=None
[2023-07-24 01:24:01,433] {processor.py:161} INFO - Processing /home/airflow/.local/lib/python3.7/site-packages/airflow/example_dags/example_trigger_target_dag.py took 0.039 seconds
[2023-07-24 01:24:31,563] {processor.py:153} INFO - Started process (PID=582) to work on /home/airflow/.local/lib/python3.7/site-packages/airflow/example_dags/example_trigger_target_dag.py
[2023-07-24 01:24:31,563] {processor.py:641} INFO - Processing file /home/airflow/.local/lib/python3.7/site-packages/airflow/example_dags/example_trigger_target_dag.py for tasks to queue
[2023-07-24 01:24:31,564] {logging_mixin.py:115} INFO - [2023-07-24 01:24:31,563] {dagbag.py:508} INFO - Filling up the DagBag from /home/airflow/.local/lib/python3.7/site-packages/airflow/example_dags/example_trigger_target_dag.py
[2023-07-24 01:24:31,571] {processor.py:651} INFO - DAG(s) dict_keys(['example_trigger_target_dag']) retrieved from /home/airflow/.local/lib/python3.7/site-packages/airflow/example_dags/example_trigger_target_dag.py
[2023-07-24 01:24:31,585] {logging_mixin.py:115} INFO - [2023-07-24 01:24:31,585] {dag.py:2420} INFO - Sync 1 DAGs
[2023-07-24 01:24:31,597] {logging_mixin.py:115} INFO - [2023-07-24 01:24:31,597] {dag.py:2972} INFO - Setting next_dagrun for example_trigger_target_dag to None, run_after=None
[2023-07-24 01:24:31,605] {processor.py:161} INFO - Processing /home/airflow/.local/lib/python3.7/site-packages/airflow/example_dags/example_trigger_target_dag.py took 0.044 seconds
[2023-07-24 01:25:01,739] {processor.py:153} INFO - Started process (PID=643) to work on /home/airflow/.local/lib/python3.7/site-packages/airflow/example_dags/example_trigger_target_dag.py
[2023-07-24 01:25:01,740] {processor.py:641} INFO - Processing file /home/airflow/.local/lib/python3.7/site-packages/airflow/example_dags/example_trigger_target_dag.py for tasks to queue
[2023-07-24 01:25:01,740] {logging_mixin.py:115} INFO - [2023-07-24 01:25:01,740] {dagbag.py:508} INFO - Filling up the DagBag from /home/airflow/.local/lib/python3.7/site-packages/airflow/example_dags/example_trigger_target_dag.py
[2023-07-24 01:25:01,747] {processor.py:651} INFO - DAG(s) dict_keys(['example_trigger_target_dag']) retrieved from /home/airflow/.local/lib/python3.7/site-packages/airflow/example_dags/example_trigger_target_dag.py
[2023-07-24 01:25:01,760] {logging_mixin.py:115} INFO - [2023-07-24 01:25:01,760] {dag.py:2420} INFO - Sync 1 DAGs
[2023-07-24 01:25:01,771] {logging_mixin.py:115} INFO - [2023-07-24 01:25:01,771] {dag.py:2972} INFO - Setting next_dagrun for example_trigger_target_dag to None, run_after=None
[2023-07-24 01:25:01,847] {processor.py:161} INFO - Processing /home/airflow/.local/lib/python3.7/site-packages/airflow/example_dags/example_trigger_target_dag.py took 0.110 seconds
[2023-07-24 01:25:32,082] {processor.py:153} INFO - Started process (PID=705) to work on /home/airflow/.local/lib/python3.7/site-packages/airflow/example_dags/example_trigger_target_dag.py
[2023-07-24 01:25:32,083] {processor.py:641} INFO - Processing file /home/airflow/.local/lib/python3.7/site-packages/airflow/example_dags/example_trigger_target_dag.py for tasks to queue
[2023-07-24 01:25:32,083] {logging_mixin.py:115} INFO - [2023-07-24 01:25:32,083] {dagbag.py:508} INFO - Filling up the DagBag from /home/airflow/.local/lib/python3.7/site-packages/airflow/example_dags/example_trigger_target_dag.py
[2023-07-24 01:25:32,090] {processor.py:651} INFO - DAG(s) dict_keys(['example_trigger_target_dag']) retrieved from /home/airflow/.local/lib/python3.7/site-packages/airflow/example_dags/example_trigger_target_dag.py
[2023-07-24 01:25:32,102] {logging_mixin.py:115} INFO - [2023-07-24 01:25:32,102] {dag.py:2420} INFO - Sync 1 DAGs
[2023-07-24 01:25:32,113] {logging_mixin.py:115} INFO - [2023-07-24 01:25:32,113] {dag.py:2972} INFO - Setting next_dagrun for example_trigger_target_dag to None, run_after=None
[2023-07-24 01:25:32,190] {processor.py:161} INFO - Processing /home/airflow/.local/lib/python3.7/site-packages/airflow/example_dags/example_trigger_target_dag.py took 0.109 seconds
[2023-07-24 01:26:02,452] {processor.py:153} INFO - Started process (PID=765) to work on /home/airflow/.local/lib/python3.7/site-packages/airflow/example_dags/example_trigger_target_dag.py
[2023-07-24 01:26:02,453] {processor.py:641} INFO - Processing file /home/airflow/.local/lib/python3.7/site-packages/airflow/example_dags/example_trigger_target_dag.py for tasks to queue
[2023-07-24 01:26:02,454] {logging_mixin.py:115} INFO - [2023-07-24 01:26:02,454] {dagbag.py:508} INFO - Filling up the DagBag from /home/airflow/.local/lib/python3.7/site-packages/airflow/example_dags/example_trigger_target_dag.py
[2023-07-24 01:26:02,461] {processor.py:651} INFO - DAG(s) dict_keys(['example_trigger_target_dag']) retrieved from /home/airflow/.local/lib/python3.7/site-packages/airflow/example_dags/example_trigger_target_dag.py
[2023-07-24 01:26:02,474] {logging_mixin.py:115} INFO - [2023-07-24 01:26:02,474] {dag.py:2420} INFO - Sync 1 DAGs
[2023-07-24 01:26:02,487] {logging_mixin.py:115} INFO - [2023-07-24 01:26:02,487] {dag.py:2972} INFO - Setting next_dagrun for example_trigger_target_dag to None, run_after=None
[2023-07-24 01:26:02,561] {processor.py:161} INFO - Processing /home/airflow/.local/lib/python3.7/site-packages/airflow/example_dags/example_trigger_target_dag.py took 0.110 seconds
[2023-07-24 01:26:32,718] {processor.py:153} INFO - Started process (PID=826) to work on /home/airflow/.local/lib/python3.7/site-packages/airflow/example_dags/example_trigger_target_dag.py
[2023-07-24 01:26:32,718] {processor.py:641} INFO - Processing file /home/airflow/.local/lib/python3.7/site-packages/airflow/example_dags/example_trigger_target_dag.py for tasks to queue
[2023-07-24 01:26:32,718] {logging_mixin.py:115} INFO - [2023-07-24 01:26:32,718] {dagbag.py:508} INFO - Filling up the DagBag from /home/airflow/.local/lib/python3.7/site-packages/airflow/example_dags/example_trigger_target_dag.py
[2023-07-24 01:26:32,725] {processor.py:651} INFO - DAG(s) dict_keys(['example_trigger_target_dag']) retrieved from /home/airflow/.local/lib/python3.7/site-packages/airflow/example_dags/example_trigger_target_dag.py
[2023-07-24 01:26:32,738] {logging_mixin.py:115} INFO - [2023-07-24 01:26:32,738] {dag.py:2420} INFO - Sync 1 DAGs
[2023-07-24 01:26:32,750] {logging_mixin.py:115} INFO - [2023-07-24 01:26:32,750] {dag.py:2972} INFO - Setting next_dagrun for example_trigger_target_dag to None, run_after=None
[2023-07-24 01:26:32,830] {processor.py:161} INFO - Processing /home/airflow/.local/lib/python3.7/site-packages/airflow/example_dags/example_trigger_target_dag.py took 0.113 seconds
[2023-07-24 01:27:03,050] {processor.py:153} INFO - Started process (PID=878) to work on /home/airflow/.local/lib/python3.7/site-packages/airflow/example_dags/example_trigger_target_dag.py
[2023-07-24 01:27:03,051] {processor.py:641} INFO - Processing file /home/airflow/.local/lib/python3.7/site-packages/airflow/example_dags/example_trigger_target_dag.py for tasks to queue
[2023-07-24 01:27:03,051] {logging_mixin.py:115} INFO - [2023-07-24 01:27:03,051] {dagbag.py:508} INFO - Filling up the DagBag from /home/airflow/.local/lib/python3.7/site-packages/airflow/example_dags/example_trigger_target_dag.py
[2023-07-24 01:27:03,058] {processor.py:651} INFO - DAG(s) dict_keys(['example_trigger_target_dag']) retrieved from /home/airflow/.local/lib/python3.7/site-packages/airflow/example_dags/example_trigger_target_dag.py
[2023-07-24 01:27:03,070] {logging_mixin.py:115} INFO - [2023-07-24 01:27:03,070] {dag.py:2420} INFO - Sync 1 DAGs
[2023-07-24 01:27:03,082] {logging_mixin.py:115} INFO - [2023-07-24 01:27:03,082] {dag.py:2972} INFO - Setting next_dagrun for example_trigger_target_dag to None, run_after=None
[2023-07-24 01:27:03,159] {processor.py:161} INFO - Processing /home/airflow/.local/lib/python3.7/site-packages/airflow/example_dags/example_trigger_target_dag.py took 0.111 seconds
[2023-07-24 01:27:33,419] {processor.py:153} INFO - Started process (PID=939) to work on /home/airflow/.local/lib/python3.7/site-packages/airflow/example_dags/example_trigger_target_dag.py
[2023-07-24 01:27:33,419] {processor.py:641} INFO - Processing file /home/airflow/.local/lib/python3.7/site-packages/airflow/example_dags/example_trigger_target_dag.py for tasks to queue
[2023-07-24 01:27:33,419] {logging_mixin.py:115} INFO - [2023-07-24 01:27:33,419] {dagbag.py:508} INFO - Filling up the DagBag from /home/airflow/.local/lib/python3.7/site-packages/airflow/example_dags/example_trigger_target_dag.py
[2023-07-24 01:27:33,426] {processor.py:651} INFO - DAG(s) dict_keys(['example_trigger_target_dag']) retrieved from /home/airflow/.local/lib/python3.7/site-packages/airflow/example_dags/example_trigger_target_dag.py
[2023-07-24 01:27:33,438] {logging_mixin.py:115} INFO - [2023-07-24 01:27:33,438] {dag.py:2420} INFO - Sync 1 DAGs
[2023-07-24 01:27:33,449] {logging_mixin.py:115} INFO - [2023-07-24 01:27:33,449] {dag.py:2972} INFO - Setting next_dagrun for example_trigger_target_dag to None, run_after=None
[2023-07-24 01:27:33,523] {processor.py:161} INFO - Processing /home/airflow/.local/lib/python3.7/site-packages/airflow/example_dags/example_trigger_target_dag.py took 0.106 seconds
[2023-07-24 01:28:03,749] {processor.py:153} INFO - Started process (PID=1000) to work on /home/airflow/.local/lib/python3.7/site-packages/airflow/example_dags/example_trigger_target_dag.py
[2023-07-24 01:28:03,749] {processor.py:641} INFO - Processing file /home/airflow/.local/lib/python3.7/site-packages/airflow/example_dags/example_trigger_target_dag.py for tasks to queue
[2023-07-24 01:28:03,750] {logging_mixin.py:115} INFO - [2023-07-24 01:28:03,750] {dagbag.py:508} INFO - Filling up the DagBag from /home/airflow/.local/lib/python3.7/site-packages/airflow/example_dags/example_trigger_target_dag.py
[2023-07-24 01:28:03,757] {processor.py:651} INFO - DAG(s) dict_keys(['example_trigger_target_dag']) retrieved from /home/airflow/.local/lib/python3.7/site-packages/airflow/example_dags/example_trigger_target_dag.py
[2023-07-24 01:28:03,770] {logging_mixin.py:115} INFO - [2023-07-24 01:28:03,770] {dag.py:2420} INFO - Sync 1 DAGs
[2023-07-24 01:28:03,783] {logging_mixin.py:115} INFO - [2023-07-24 01:28:03,783] {dag.py:2972} INFO - Setting next_dagrun for example_trigger_target_dag to None, run_after=None
[2023-07-24 01:28:03,863] {processor.py:161} INFO - Processing /home/airflow/.local/lib/python3.7/site-packages/airflow/example_dags/example_trigger_target_dag.py took 0.115 seconds
[2023-07-24 01:28:34,213] {processor.py:153} INFO - Started process (PID=1061) to work on /home/airflow/.local/lib/python3.7/site-packages/airflow/example_dags/example_trigger_target_dag.py
[2023-07-24 01:28:34,214] {processor.py:641} INFO - Processing file /home/airflow/.local/lib/python3.7/site-packages/airflow/example_dags/example_trigger_target_dag.py for tasks to queue
[2023-07-24 01:28:34,214] {logging_mixin.py:115} INFO - [2023-07-24 01:28:34,214] {dagbag.py:508} INFO - Filling up the DagBag from /home/airflow/.local/lib/python3.7/site-packages/airflow/example_dags/example_trigger_target_dag.py
[2023-07-24 01:28:34,222] {processor.py:651} INFO - DAG(s) dict_keys(['example_trigger_target_dag']) retrieved from /home/airflow/.local/lib/python3.7/site-packages/airflow/example_dags/example_trigger_target_dag.py
[2023-07-24 01:28:34,235] {logging_mixin.py:115} INFO - [2023-07-24 01:28:34,235] {dag.py:2420} INFO - Sync 1 DAGs
[2023-07-24 01:28:34,247] {logging_mixin.py:115} INFO - [2023-07-24 01:28:34,247] {dag.py:2972} INFO - Setting next_dagrun for example_trigger_target_dag to None, run_after=None
[2023-07-24 01:28:34,330] {processor.py:161} INFO - Processing /home/airflow/.local/lib/python3.7/site-packages/airflow/example_dags/example_trigger_target_dag.py took 0.119 seconds
[2023-07-24 01:29:04,757] {processor.py:153} INFO - Started process (PID=1113) to work on /home/airflow/.local/lib/python3.7/site-packages/airflow/example_dags/example_trigger_target_dag.py
[2023-07-24 01:29:04,758] {processor.py:641} INFO - Processing file /home/airflow/.local/lib/python3.7/site-packages/airflow/example_dags/example_trigger_target_dag.py for tasks to queue
[2023-07-24 01:29:04,758] {logging_mixin.py:115} INFO - [2023-07-24 01:29:04,758] {dagbag.py:508} INFO - Filling up the DagBag from /home/airflow/.local/lib/python3.7/site-packages/airflow/example_dags/example_trigger_target_dag.py
[2023-07-24 01:29:04,766] {processor.py:651} INFO - DAG(s) dict_keys(['example_trigger_target_dag']) retrieved from /home/airflow/.local/lib/python3.7/site-packages/airflow/example_dags/example_trigger_target_dag.py
[2023-07-24 01:29:04,780] {logging_mixin.py:115} INFO - [2023-07-24 01:29:04,780] {dag.py:2420} INFO - Sync 1 DAGs
[2023-07-24 01:29:04,793] {logging_mixin.py:115} INFO - [2023-07-24 01:29:04,793] {dag.py:2972} INFO - Setting next_dagrun for example_trigger_target_dag to None, run_after=None
[2023-07-24 01:29:04,871] {processor.py:161} INFO - Processing /home/airflow/.local/lib/python3.7/site-packages/airflow/example_dags/example_trigger_target_dag.py took 0.115 seconds
[2023-07-24 01:29:35,463] {processor.py:153} INFO - Started process (PID=1174) to work on /home/airflow/.local/lib/python3.7/site-packages/airflow/example_dags/example_trigger_target_dag.py
[2023-07-24 01:29:35,463] {processor.py:641} INFO - Processing file /home/airflow/.local/lib/python3.7/site-packages/airflow/example_dags/example_trigger_target_dag.py for tasks to queue
[2023-07-24 01:29:35,463] {logging_mixin.py:115} INFO - [2023-07-24 01:29:35,463] {dagbag.py:508} INFO - Filling up the DagBag from /home/airflow/.local/lib/python3.7/site-packages/airflow/example_dags/example_trigger_target_dag.py
[2023-07-24 01:29:35,471] {processor.py:651} INFO - DAG(s) dict_keys(['example_trigger_target_dag']) retrieved from /home/airflow/.local/lib/python3.7/site-packages/airflow/example_dags/example_trigger_target_dag.py
[2023-07-24 01:29:35,485] {logging_mixin.py:115} INFO - [2023-07-24 01:29:35,485] {dag.py:2420} INFO - Sync 1 DAGs
[2023-07-24 01:29:35,497] {logging_mixin.py:115} INFO - [2023-07-24 01:29:35,497] {dag.py:2972} INFO - Setting next_dagrun for example_trigger_target_dag to None, run_after=None
[2023-07-24 01:29:35,574] {processor.py:161} INFO - Processing /home/airflow/.local/lib/python3.7/site-packages/airflow/example_dags/example_trigger_target_dag.py took 0.112 seconds
[2023-07-24 01:30:05,788] {processor.py:153} INFO - Started process (PID=1235) to work on /home/airflow/.local/lib/python3.7/site-packages/airflow/example_dags/example_trigger_target_dag.py
[2023-07-24 01:30:05,789] {processor.py:641} INFO - Processing file /home/airflow/.local/lib/python3.7/site-packages/airflow/example_dags/example_trigger_target_dag.py for tasks to queue
[2023-07-24 01:30:05,790] {logging_mixin.py:115} INFO - [2023-07-24 01:30:05,790] {dagbag.py:508} INFO - Filling up the DagBag from /home/airflow/.local/lib/python3.7/site-packages/airflow/example_dags/example_trigger_target_dag.py
[2023-07-24 01:30:05,797] {processor.py:651} INFO - DAG(s) dict_keys(['example_trigger_target_dag']) retrieved from /home/airflow/.local/lib/python3.7/site-packages/airflow/example_dags/example_trigger_target_dag.py
[2023-07-24 01:30:05,809] {logging_mixin.py:115} INFO - [2023-07-24 01:30:05,809] {dag.py:2420} INFO - Sync 1 DAGs
[2023-07-24 01:30:05,820] {logging_mixin.py:115} INFO - [2023-07-24 01:30:05,820] {dag.py:2972} INFO - Setting next_dagrun for example_trigger_target_dag to None, run_after=None
[2023-07-24 01:30:05,895] {processor.py:161} INFO - Processing /home/airflow/.local/lib/python3.7/site-packages/airflow/example_dags/example_trigger_target_dag.py took 0.108 seconds
[2023-07-24 01:30:36,211] {processor.py:153} INFO - Started process (PID=1296) to work on /home/airflow/.local/lib/python3.7/site-packages/airflow/example_dags/example_trigger_target_dag.py
[2023-07-24 01:30:36,211] {processor.py:641} INFO - Processing file /home/airflow/.local/lib/python3.7/site-packages/airflow/example_dags/example_trigger_target_dag.py for tasks to queue
[2023-07-24 01:30:36,211] {logging_mixin.py:115} INFO - [2023-07-24 01:30:36,211] {dagbag.py:508} INFO - Filling up the DagBag from /home/airflow/.local/lib/python3.7/site-packages/airflow/example_dags/example_trigger_target_dag.py
[2023-07-24 01:30:36,218] {processor.py:651} INFO - DAG(s) dict_keys(['example_trigger_target_dag']) retrieved from /home/airflow/.local/lib/python3.7/site-packages/airflow/example_dags/example_trigger_target_dag.py
[2023-07-24 01:30:36,231] {logging_mixin.py:115} INFO - [2023-07-24 01:30:36,231] {dag.py:2420} INFO - Sync 1 DAGs
[2023-07-24 01:30:36,242] {logging_mixin.py:115} INFO - [2023-07-24 01:30:36,242] {dag.py:2972} INFO - Setting next_dagrun for example_trigger_target_dag to None, run_after=None
[2023-07-24 01:30:36,321] {processor.py:161} INFO - Processing /home/airflow/.local/lib/python3.7/site-packages/airflow/example_dags/example_trigger_target_dag.py took 0.111 seconds
[2023-07-24 01:31:06,673] {processor.py:153} INFO - Started process (PID=1347) to work on /home/airflow/.local/lib/python3.7/site-packages/airflow/example_dags/example_trigger_target_dag.py
[2023-07-24 01:31:06,674] {processor.py:641} INFO - Processing file /home/airflow/.local/lib/python3.7/site-packages/airflow/example_dags/example_trigger_target_dag.py for tasks to queue
[2023-07-24 01:31:06,674] {logging_mixin.py:115} INFO - [2023-07-24 01:31:06,674] {dagbag.py:508} INFO - Filling up the DagBag from /home/airflow/.local/lib/python3.7/site-packages/airflow/example_dags/example_trigger_target_dag.py
[2023-07-24 01:31:06,681] {processor.py:651} INFO - DAG(s) dict_keys(['example_trigger_target_dag']) retrieved from /home/airflow/.local/lib/python3.7/site-packages/airflow/example_dags/example_trigger_target_dag.py
[2023-07-24 01:31:06,694] {logging_mixin.py:115} INFO - [2023-07-24 01:31:06,693] {dag.py:2420} INFO - Sync 1 DAGs
[2023-07-24 01:31:06,704] {logging_mixin.py:115} INFO - [2023-07-24 01:31:06,704] {dag.py:2972} INFO - Setting next_dagrun for example_trigger_target_dag to None, run_after=None
[2023-07-24 01:31:06,780] {processor.py:161} INFO - Processing /home/airflow/.local/lib/python3.7/site-packages/airflow/example_dags/example_trigger_target_dag.py took 0.108 seconds
[2023-07-24 01:31:37,116] {processor.py:153} INFO - Started process (PID=1407) to work on /home/airflow/.local/lib/python3.7/site-packages/airflow/example_dags/example_trigger_target_dag.py
[2023-07-24 01:31:37,116] {processor.py:641} INFO - Processing file /home/airflow/.local/lib/python3.7/site-packages/airflow/example_dags/example_trigger_target_dag.py for tasks to queue
[2023-07-24 01:31:37,116] {logging_mixin.py:115} INFO - [2023-07-24 01:31:37,116] {dagbag.py:508} INFO - Filling up the DagBag from /home/airflow/.local/lib/python3.7/site-packages/airflow/example_dags/example_trigger_target_dag.py
[2023-07-24 01:31:37,123] {processor.py:651} INFO - DAG(s) dict_keys(['example_trigger_target_dag']) retrieved from /home/airflow/.local/lib/python3.7/site-packages/airflow/example_dags/example_trigger_target_dag.py
[2023-07-24 01:31:37,135] {logging_mixin.py:115} INFO - [2023-07-24 01:31:37,135] {dag.py:2420} INFO - Sync 1 DAGs
[2023-07-24 01:31:37,146] {logging_mixin.py:115} INFO - [2023-07-24 01:31:37,146] {dag.py:2972} INFO - Setting next_dagrun for example_trigger_target_dag to None, run_after=None
[2023-07-24 01:31:37,222] {processor.py:161} INFO - Processing /home/airflow/.local/lib/python3.7/site-packages/airflow/example_dags/example_trigger_target_dag.py took 0.108 seconds
[2023-07-24 01:32:07,404] {processor.py:153} INFO - Started process (PID=1468) to work on /home/airflow/.local/lib/python3.7/site-packages/airflow/example_dags/example_trigger_target_dag.py
[2023-07-24 01:32:07,405] {processor.py:641} INFO - Processing file /home/airflow/.local/lib/python3.7/site-packages/airflow/example_dags/example_trigger_target_dag.py for tasks to queue
[2023-07-24 01:32:07,405] {logging_mixin.py:115} INFO - [2023-07-24 01:32:07,405] {dagbag.py:508} INFO - Filling up the DagBag from /home/airflow/.local/lib/python3.7/site-packages/airflow/example_dags/example_trigger_target_dag.py
[2023-07-24 01:32:07,412] {processor.py:651} INFO - DAG(s) dict_keys(['example_trigger_target_dag']) retrieved from /home/airflow/.local/lib/python3.7/site-packages/airflow/example_dags/example_trigger_target_dag.py
[2023-07-24 01:32:07,425] {logging_mixin.py:115} INFO - [2023-07-24 01:32:07,425] {dag.py:2420} INFO - Sync 1 DAGs
[2023-07-24 01:32:07,436] {logging_mixin.py:115} INFO - [2023-07-24 01:32:07,436] {dag.py:2972} INFO - Setting next_dagrun for example_trigger_target_dag to None, run_after=None
[2023-07-24 01:32:07,510] {processor.py:161} INFO - Processing /home/airflow/.local/lib/python3.7/site-packages/airflow/example_dags/example_trigger_target_dag.py took 0.108 seconds
[2023-07-24 01:32:37,764] {processor.py:153} INFO - Started process (PID=1528) to work on /home/airflow/.local/lib/python3.7/site-packages/airflow/example_dags/example_trigger_target_dag.py
[2023-07-24 01:32:37,764] {processor.py:641} INFO - Processing file /home/airflow/.local/lib/python3.7/site-packages/airflow/example_dags/example_trigger_target_dag.py for tasks to queue
[2023-07-24 01:32:37,764] {logging_mixin.py:115} INFO - [2023-07-24 01:32:37,764] {dagbag.py:508} INFO - Filling up the DagBag from /home/airflow/.local/lib/python3.7/site-packages/airflow/example_dags/example_trigger_target_dag.py
[2023-07-24 01:32:37,771] {processor.py:651} INFO - DAG(s) dict_keys(['example_trigger_target_dag']) retrieved from /home/airflow/.local/lib/python3.7/site-packages/airflow/example_dags/example_trigger_target_dag.py
[2023-07-24 01:32:37,787] {logging_mixin.py:115} INFO - [2023-07-24 01:32:37,787] {dag.py:2420} INFO - Sync 1 DAGs
[2023-07-24 01:32:37,799] {logging_mixin.py:115} INFO - [2023-07-24 01:32:37,799] {dag.py:2972} INFO - Setting next_dagrun for example_trigger_target_dag to None, run_after=None
[2023-07-24 01:32:37,880] {processor.py:161} INFO - Processing /home/airflow/.local/lib/python3.7/site-packages/airflow/example_dags/example_trigger_target_dag.py took 0.117 seconds
[2023-07-24 01:33:08,141] {processor.py:153} INFO - Started process (PID=1580) to work on /home/airflow/.local/lib/python3.7/site-packages/airflow/example_dags/example_trigger_target_dag.py
[2023-07-24 01:33:08,141] {processor.py:641} INFO - Processing file /home/airflow/.local/lib/python3.7/site-packages/airflow/example_dags/example_trigger_target_dag.py for tasks to queue
[2023-07-24 01:33:08,141] {logging_mixin.py:115} INFO - [2023-07-24 01:33:08,141] {dagbag.py:508} INFO - Filling up the DagBag from /home/airflow/.local/lib/python3.7/site-packages/airflow/example_dags/example_trigger_target_dag.py
[2023-07-24 01:33:08,148] {processor.py:651} INFO - DAG(s) dict_keys(['example_trigger_target_dag']) retrieved from /home/airflow/.local/lib/python3.7/site-packages/airflow/example_dags/example_trigger_target_dag.py
[2023-07-24 01:33:08,161] {logging_mixin.py:115} INFO - [2023-07-24 01:33:08,160] {dag.py:2420} INFO - Sync 1 DAGs
[2023-07-24 01:33:08,172] {logging_mixin.py:115} INFO - [2023-07-24 01:33:08,172] {dag.py:2972} INFO - Setting next_dagrun for example_trigger_target_dag to None, run_after=None
[2023-07-24 01:33:08,251] {processor.py:161} INFO - Processing /home/airflow/.local/lib/python3.7/site-packages/airflow/example_dags/example_trigger_target_dag.py took 0.112 seconds
[2023-07-24 01:33:38,481] {processor.py:153} INFO - Started process (PID=1640) to work on /home/airflow/.local/lib/python3.7/site-packages/airflow/example_dags/example_trigger_target_dag.py
[2023-07-24 01:33:38,481] {processor.py:641} INFO - Processing file /home/airflow/.local/lib/python3.7/site-packages/airflow/example_dags/example_trigger_target_dag.py for tasks to queue
[2023-07-24 01:33:38,481] {logging_mixin.py:115} INFO - [2023-07-24 01:33:38,481] {dagbag.py:508} INFO - Filling up the DagBag from /home/airflow/.local/lib/python3.7/site-packages/airflow/example_dags/example_trigger_target_dag.py
[2023-07-24 01:33:38,488] {processor.py:651} INFO - DAG(s) dict_keys(['example_trigger_target_dag']) retrieved from /home/airflow/.local/lib/python3.7/site-packages/airflow/example_dags/example_trigger_target_dag.py
[2023-07-24 01:33:38,502] {logging_mixin.py:115} INFO - [2023-07-24 01:33:38,502] {dag.py:2420} INFO - Sync 1 DAGs
[2023-07-24 01:33:38,515] {logging_mixin.py:115} INFO - [2023-07-24 01:33:38,514] {dag.py:2972} INFO - Setting next_dagrun for example_trigger_target_dag to None, run_after=None
[2023-07-24 01:33:38,596] {processor.py:161} INFO - Processing /home/airflow/.local/lib/python3.7/site-packages/airflow/example_dags/example_trigger_target_dag.py took 0.116 seconds
[2023-07-24 01:34:08,931] {processor.py:153} INFO - Started process (PID=1700) to work on /home/airflow/.local/lib/python3.7/site-packages/airflow/example_dags/example_trigger_target_dag.py
[2023-07-24 01:34:08,932] {processor.py:641} INFO - Processing file /home/airflow/.local/lib/python3.7/site-packages/airflow/example_dags/example_trigger_target_dag.py for tasks to queue
[2023-07-24 01:34:08,932] {logging_mixin.py:115} INFO - [2023-07-24 01:34:08,932] {dagbag.py:508} INFO - Filling up the DagBag from /home/airflow/.local/lib/python3.7/site-packages/airflow/example_dags/example_trigger_target_dag.py
[2023-07-24 01:34:08,939] {processor.py:651} INFO - DAG(s) dict_keys(['example_trigger_target_dag']) retrieved from /home/airflow/.local/lib/python3.7/site-packages/airflow/example_dags/example_trigger_target_dag.py
[2023-07-24 01:34:08,954] {logging_mixin.py:115} INFO - [2023-07-24 01:34:08,954] {dag.py:2420} INFO - Sync 1 DAGs
[2023-07-24 01:34:08,966] {logging_mixin.py:115} INFO - [2023-07-24 01:34:08,966] {dag.py:2972} INFO - Setting next_dagrun for example_trigger_target_dag to None, run_after=None
[2023-07-24 01:34:09,045] {processor.py:161} INFO - Processing /home/airflow/.local/lib/python3.7/site-packages/airflow/example_dags/example_trigger_target_dag.py took 0.116 seconds
[2023-07-24 01:34:39,288] {processor.py:153} INFO - Started process (PID=1760) to work on /home/airflow/.local/lib/python3.7/site-packages/airflow/example_dags/example_trigger_target_dag.py
[2023-07-24 01:34:39,288] {processor.py:641} INFO - Processing file /home/airflow/.local/lib/python3.7/site-packages/airflow/example_dags/example_trigger_target_dag.py for tasks to queue
[2023-07-24 01:34:39,288] {logging_mixin.py:115} INFO - [2023-07-24 01:34:39,288] {dagbag.py:508} INFO - Filling up the DagBag from /home/airflow/.local/lib/python3.7/site-packages/airflow/example_dags/example_trigger_target_dag.py
[2023-07-24 01:34:39,295] {processor.py:651} INFO - DAG(s) dict_keys(['example_trigger_target_dag']) retrieved from /home/airflow/.local/lib/python3.7/site-packages/airflow/example_dags/example_trigger_target_dag.py
[2023-07-24 01:34:39,309] {logging_mixin.py:115} INFO - [2023-07-24 01:34:39,309] {dag.py:2420} INFO - Sync 1 DAGs
[2023-07-24 01:34:39,321] {logging_mixin.py:115} INFO - [2023-07-24 01:34:39,321] {dag.py:2972} INFO - Setting next_dagrun for example_trigger_target_dag to None, run_after=None
[2023-07-24 01:34:39,402] {processor.py:161} INFO - Processing /home/airflow/.local/lib/python3.7/site-packages/airflow/example_dags/example_trigger_target_dag.py took 0.115 seconds
[2023-07-24 01:35:09,650] {processor.py:153} INFO - Started process (PID=1812) to work on /home/airflow/.local/lib/python3.7/site-packages/airflow/example_dags/example_trigger_target_dag.py
[2023-07-24 01:35:09,651] {processor.py:641} INFO - Processing file /home/airflow/.local/lib/python3.7/site-packages/airflow/example_dags/example_trigger_target_dag.py for tasks to queue
[2023-07-24 01:35:09,651] {logging_mixin.py:115} INFO - [2023-07-24 01:35:09,651] {dagbag.py:508} INFO - Filling up the DagBag from /home/airflow/.local/lib/python3.7/site-packages/airflow/example_dags/example_trigger_target_dag.py
[2023-07-24 01:35:09,658] {processor.py:651} INFO - DAG(s) dict_keys(['example_trigger_target_dag']) retrieved from /home/airflow/.local/lib/python3.7/site-packages/airflow/example_dags/example_trigger_target_dag.py
[2023-07-24 01:35:09,670] {logging_mixin.py:115} INFO - [2023-07-24 01:35:09,670] {dag.py:2420} INFO - Sync 1 DAGs
[2023-07-24 01:35:09,752] {logging_mixin.py:115} INFO - [2023-07-24 01:35:09,752] {dag.py:2972} INFO - Setting next_dagrun for example_trigger_target_dag to None, run_after=None
[2023-07-24 01:35:09,761] {processor.py:161} INFO - Processing /home/airflow/.local/lib/python3.7/site-packages/airflow/example_dags/example_trigger_target_dag.py took 0.112 seconds
[2023-07-24 01:35:40,161] {processor.py:153} INFO - Started process (PID=1873) to work on /home/airflow/.local/lib/python3.7/site-packages/airflow/example_dags/example_trigger_target_dag.py
[2023-07-24 01:35:40,161] {processor.py:641} INFO - Processing file /home/airflow/.local/lib/python3.7/site-packages/airflow/example_dags/example_trigger_target_dag.py for tasks to queue
[2023-07-24 01:35:40,161] {logging_mixin.py:115} INFO - [2023-07-24 01:35:40,161] {dagbag.py:508} INFO - Filling up the DagBag from /home/airflow/.local/lib/python3.7/site-packages/airflow/example_dags/example_trigger_target_dag.py
[2023-07-24 01:35:40,168] {processor.py:651} INFO - DAG(s) dict_keys(['example_trigger_target_dag']) retrieved from /home/airflow/.local/lib/python3.7/site-packages/airflow/example_dags/example_trigger_target_dag.py
[2023-07-24 01:35:40,180] {logging_mixin.py:115} INFO - [2023-07-24 01:35:40,180] {dag.py:2420} INFO - Sync 1 DAGs
[2023-07-24 01:35:40,259] {logging_mixin.py:115} INFO - [2023-07-24 01:35:40,259] {dag.py:2972} INFO - Setting next_dagrun for example_trigger_target_dag to None, run_after=None
[2023-07-24 01:35:40,268] {processor.py:161} INFO - Processing /home/airflow/.local/lib/python3.7/site-packages/airflow/example_dags/example_trigger_target_dag.py took 0.109 seconds
[2023-07-24 01:36:10,690] {processor.py:153} INFO - Started process (PID=1932) to work on /home/airflow/.local/lib/python3.7/site-packages/airflow/example_dags/example_trigger_target_dag.py
[2023-07-24 01:36:10,691] {processor.py:641} INFO - Processing file /home/airflow/.local/lib/python3.7/site-packages/airflow/example_dags/example_trigger_target_dag.py for tasks to queue
[2023-07-24 01:36:10,691] {logging_mixin.py:115} INFO - [2023-07-24 01:36:10,691] {dagbag.py:508} INFO - Filling up the DagBag from /home/airflow/.local/lib/python3.7/site-packages/airflow/example_dags/example_trigger_target_dag.py
[2023-07-24 01:36:10,698] {processor.py:651} INFO - DAG(s) dict_keys(['example_trigger_target_dag']) retrieved from /home/airflow/.local/lib/python3.7/site-packages/airflow/example_dags/example_trigger_target_dag.py
[2023-07-24 01:36:10,710] {logging_mixin.py:115} INFO - [2023-07-24 01:36:10,710] {dag.py:2420} INFO - Sync 1 DAGs
[2023-07-24 01:36:10,788] {logging_mixin.py:115} INFO - [2023-07-24 01:36:10,788] {dag.py:2972} INFO - Setting next_dagrun for example_trigger_target_dag to None, run_after=None
[2023-07-24 01:36:10,796] {processor.py:161} INFO - Processing /home/airflow/.local/lib/python3.7/site-packages/airflow/example_dags/example_trigger_target_dag.py took 0.107 seconds
[2023-07-24 01:36:41,313] {processor.py:153} INFO - Started process (PID=1992) to work on /home/airflow/.local/lib/python3.7/site-packages/airflow/example_dags/example_trigger_target_dag.py
[2023-07-24 01:36:41,314] {processor.py:641} INFO - Processing file /home/airflow/.local/lib/python3.7/site-packages/airflow/example_dags/example_trigger_target_dag.py for tasks to queue
[2023-07-24 01:36:41,314] {logging_mixin.py:115} INFO - [2023-07-24 01:36:41,314] {dagbag.py:508} INFO - Filling up the DagBag from /home/airflow/.local/lib/python3.7/site-packages/airflow/example_dags/example_trigger_target_dag.py
[2023-07-24 01:36:41,321] {processor.py:651} INFO - DAG(s) dict_keys(['example_trigger_target_dag']) retrieved from /home/airflow/.local/lib/python3.7/site-packages/airflow/example_dags/example_trigger_target_dag.py
[2023-07-24 01:36:41,335] {logging_mixin.py:115} INFO - [2023-07-24 01:36:41,335] {dag.py:2420} INFO - Sync 1 DAGs
[2023-07-24 01:36:41,420] {logging_mixin.py:115} INFO - [2023-07-24 01:36:41,420] {dag.py:2972} INFO - Setting next_dagrun for example_trigger_target_dag to None, run_after=None
[2023-07-24 01:36:41,429] {processor.py:161} INFO - Processing /home/airflow/.local/lib/python3.7/site-packages/airflow/example_dags/example_trigger_target_dag.py took 0.117 seconds
[2023-07-24 01:37:11,780] {processor.py:153} INFO - Started process (PID=2044) to work on /home/airflow/.local/lib/python3.7/site-packages/airflow/example_dags/example_trigger_target_dag.py
[2023-07-24 01:37:11,780] {processor.py:641} INFO - Processing file /home/airflow/.local/lib/python3.7/site-packages/airflow/example_dags/example_trigger_target_dag.py for tasks to queue
[2023-07-24 01:37:11,780] {logging_mixin.py:115} INFO - [2023-07-24 01:37:11,780] {dagbag.py:508} INFO - Filling up the DagBag from /home/airflow/.local/lib/python3.7/site-packages/airflow/example_dags/example_trigger_target_dag.py
[2023-07-24 01:37:11,787] {processor.py:651} INFO - DAG(s) dict_keys(['example_trigger_target_dag']) retrieved from /home/airflow/.local/lib/python3.7/site-packages/airflow/example_dags/example_trigger_target_dag.py
[2023-07-24 01:37:11,799] {logging_mixin.py:115} INFO - [2023-07-24 01:37:11,799] {dag.py:2420} INFO - Sync 1 DAGs
[2023-07-24 01:37:11,878] {logging_mixin.py:115} INFO - [2023-07-24 01:37:11,878] {dag.py:2972} INFO - Setting next_dagrun for example_trigger_target_dag to None, run_after=None
[2023-07-24 01:37:11,886] {processor.py:161} INFO - Processing /home/airflow/.local/lib/python3.7/site-packages/airflow/example_dags/example_trigger_target_dag.py took 0.108 seconds
[2023-07-24 01:37:42,405] {processor.py:153} INFO - Started process (PID=2104) to work on /home/airflow/.local/lib/python3.7/site-packages/airflow/example_dags/example_trigger_target_dag.py
[2023-07-24 01:37:42,405] {processor.py:641} INFO - Processing file /home/airflow/.local/lib/python3.7/site-packages/airflow/example_dags/example_trigger_target_dag.py for tasks to queue
[2023-07-24 01:37:42,405] {logging_mixin.py:115} INFO - [2023-07-24 01:37:42,405] {dagbag.py:508} INFO - Filling up the DagBag from /home/airflow/.local/lib/python3.7/site-packages/airflow/example_dags/example_trigger_target_dag.py
[2023-07-24 01:37:42,412] {processor.py:651} INFO - DAG(s) dict_keys(['example_trigger_target_dag']) retrieved from /home/airflow/.local/lib/python3.7/site-packages/airflow/example_dags/example_trigger_target_dag.py
[2023-07-24 01:37:42,425] {logging_mixin.py:115} INFO - [2023-07-24 01:37:42,425] {dag.py:2420} INFO - Sync 1 DAGs
[2023-07-24 01:37:42,504] {logging_mixin.py:115} INFO - [2023-07-24 01:37:42,504] {dag.py:2972} INFO - Setting next_dagrun for example_trigger_target_dag to None, run_after=None
[2023-07-24 01:37:42,513] {processor.py:161} INFO - Processing /home/airflow/.local/lib/python3.7/site-packages/airflow/example_dags/example_trigger_target_dag.py took 0.110 seconds
[2023-07-24 01:38:12,823] {processor.py:153} INFO - Started process (PID=2164) to work on /home/airflow/.local/lib/python3.7/site-packages/airflow/example_dags/example_trigger_target_dag.py
[2023-07-24 01:38:12,824] {processor.py:641} INFO - Processing file /home/airflow/.local/lib/python3.7/site-packages/airflow/example_dags/example_trigger_target_dag.py for tasks to queue
[2023-07-24 01:38:12,824] {logging_mixin.py:115} INFO - [2023-07-24 01:38:12,824] {dagbag.py:508} INFO - Filling up the DagBag from /home/airflow/.local/lib/python3.7/site-packages/airflow/example_dags/example_trigger_target_dag.py
[2023-07-24 01:38:12,831] {processor.py:651} INFO - DAG(s) dict_keys(['example_trigger_target_dag']) retrieved from /home/airflow/.local/lib/python3.7/site-packages/airflow/example_dags/example_trigger_target_dag.py
[2023-07-24 01:38:12,843] {logging_mixin.py:115} INFO - [2023-07-24 01:38:12,843] {dag.py:2420} INFO - Sync 1 DAGs
[2023-07-24 01:38:12,924] {logging_mixin.py:115} INFO - [2023-07-24 01:38:12,924] {dag.py:2972} INFO - Setting next_dagrun for example_trigger_target_dag to None, run_after=None
[2023-07-24 01:38:12,933] {processor.py:161} INFO - Processing /home/airflow/.local/lib/python3.7/site-packages/airflow/example_dags/example_trigger_target_dag.py took 0.111 seconds
[2023-07-24 01:38:43,336] {processor.py:153} INFO - Started process (PID=2225) to work on /home/airflow/.local/lib/python3.7/site-packages/airflow/example_dags/example_trigger_target_dag.py
[2023-07-24 01:38:43,337] {processor.py:641} INFO - Processing file /home/airflow/.local/lib/python3.7/site-packages/airflow/example_dags/example_trigger_target_dag.py for tasks to queue
[2023-07-24 01:38:43,337] {logging_mixin.py:115} INFO - [2023-07-24 01:38:43,337] {dagbag.py:508} INFO - Filling up the DagBag from /home/airflow/.local/lib/python3.7/site-packages/airflow/example_dags/example_trigger_target_dag.py
[2023-07-24 01:38:43,344] {processor.py:651} INFO - DAG(s) dict_keys(['example_trigger_target_dag']) retrieved from /home/airflow/.local/lib/python3.7/site-packages/airflow/example_dags/example_trigger_target_dag.py
[2023-07-24 01:38:43,356] {logging_mixin.py:115} INFO - [2023-07-24 01:38:43,356] {dag.py:2420} INFO - Sync 1 DAGs
[2023-07-24 01:38:43,435] {logging_mixin.py:115} INFO - [2023-07-24 01:38:43,435] {dag.py:2972} INFO - Setting next_dagrun for example_trigger_target_dag to None, run_after=None
[2023-07-24 01:38:43,444] {processor.py:161} INFO - Processing /home/airflow/.local/lib/python3.7/site-packages/airflow/example_dags/example_trigger_target_dag.py took 0.109 seconds
[2023-07-24 01:39:13,898] {processor.py:153} INFO - Started process (PID=2285) to work on /home/airflow/.local/lib/python3.7/site-packages/airflow/example_dags/example_trigger_target_dag.py
[2023-07-24 01:39:13,899] {processor.py:641} INFO - Processing file /home/airflow/.local/lib/python3.7/site-packages/airflow/example_dags/example_trigger_target_dag.py for tasks to queue
[2023-07-24 01:39:13,899] {logging_mixin.py:115} INFO - [2023-07-24 01:39:13,899] {dagbag.py:508} INFO - Filling up the DagBag from /home/airflow/.local/lib/python3.7/site-packages/airflow/example_dags/example_trigger_target_dag.py
[2023-07-24 01:39:13,906] {processor.py:651} INFO - DAG(s) dict_keys(['example_trigger_target_dag']) retrieved from /home/airflow/.local/lib/python3.7/site-packages/airflow/example_dags/example_trigger_target_dag.py
[2023-07-24 01:39:13,920] {logging_mixin.py:115} INFO - [2023-07-24 01:39:13,920] {dag.py:2420} INFO - Sync 1 DAGs
[2023-07-24 01:39:14,004] {logging_mixin.py:115} INFO - [2023-07-24 01:39:14,004] {dag.py:2972} INFO - Setting next_dagrun for example_trigger_target_dag to None, run_after=None
[2023-07-24 01:39:14,014] {processor.py:161} INFO - Processing /home/airflow/.local/lib/python3.7/site-packages/airflow/example_dags/example_trigger_target_dag.py took 0.118 seconds
[2023-07-24 01:39:44,431] {processor.py:153} INFO - Started process (PID=2336) to work on /home/airflow/.local/lib/python3.7/site-packages/airflow/example_dags/example_trigger_target_dag.py
[2023-07-24 01:39:44,431] {processor.py:641} INFO - Processing file /home/airflow/.local/lib/python3.7/site-packages/airflow/example_dags/example_trigger_target_dag.py for tasks to queue
[2023-07-24 01:39:44,432] {logging_mixin.py:115} INFO - [2023-07-24 01:39:44,432] {dagbag.py:508} INFO - Filling up the DagBag from /home/airflow/.local/lib/python3.7/site-packages/airflow/example_dags/example_trigger_target_dag.py
[2023-07-24 01:39:44,439] {processor.py:651} INFO - DAG(s) dict_keys(['example_trigger_target_dag']) retrieved from /home/airflow/.local/lib/python3.7/site-packages/airflow/example_dags/example_trigger_target_dag.py
[2023-07-24 01:39:44,452] {logging_mixin.py:115} INFO - [2023-07-24 01:39:44,452] {dag.py:2420} INFO - Sync 1 DAGs
[2023-07-24 01:39:44,532] {logging_mixin.py:115} INFO - [2023-07-24 01:39:44,532] {dag.py:2972} INFO - Setting next_dagrun for example_trigger_target_dag to None, run_after=None
[2023-07-24 01:39:44,542] {processor.py:161} INFO - Processing /home/airflow/.local/lib/python3.7/site-packages/airflow/example_dags/example_trigger_target_dag.py took 0.112 seconds
[2023-07-24 01:40:15,025] {processor.py:153} INFO - Started process (PID=2396) to work on /home/airflow/.local/lib/python3.7/site-packages/airflow/example_dags/example_trigger_target_dag.py
[2023-07-24 01:40:15,026] {processor.py:641} INFO - Processing file /home/airflow/.local/lib/python3.7/site-packages/airflow/example_dags/example_trigger_target_dag.py for tasks to queue
[2023-07-24 01:40:15,026] {logging_mixin.py:115} INFO - [2023-07-24 01:40:15,026] {dagbag.py:508} INFO - Filling up the DagBag from /home/airflow/.local/lib/python3.7/site-packages/airflow/example_dags/example_trigger_target_dag.py
[2023-07-24 01:40:15,033] {processor.py:651} INFO - DAG(s) dict_keys(['example_trigger_target_dag']) retrieved from /home/airflow/.local/lib/python3.7/site-packages/airflow/example_dags/example_trigger_target_dag.py
[2023-07-24 01:40:15,046] {logging_mixin.py:115} INFO - [2023-07-24 01:40:15,046] {dag.py:2420} INFO - Sync 1 DAGs
[2023-07-24 01:40:15,126] {logging_mixin.py:115} INFO - [2023-07-24 01:40:15,125] {dag.py:2972} INFO - Setting next_dagrun for example_trigger_target_dag to None, run_after=None
[2023-07-24 01:40:15,140] {processor.py:161} INFO - Processing /home/airflow/.local/lib/python3.7/site-packages/airflow/example_dags/example_trigger_target_dag.py took 0.117 seconds
[2023-07-24 01:40:45,600] {processor.py:153} INFO - Started process (PID=2457) to work on /home/airflow/.local/lib/python3.7/site-packages/airflow/example_dags/example_trigger_target_dag.py
[2023-07-24 01:40:45,600] {processor.py:641} INFO - Processing file /home/airflow/.local/lib/python3.7/site-packages/airflow/example_dags/example_trigger_target_dag.py for tasks to queue
[2023-07-24 01:40:45,601] {logging_mixin.py:115} INFO - [2023-07-24 01:40:45,600] {dagbag.py:508} INFO - Filling up the DagBag from /home/airflow/.local/lib/python3.7/site-packages/airflow/example_dags/example_trigger_target_dag.py
[2023-07-24 01:40:45,608] {processor.py:651} INFO - DAG(s) dict_keys(['example_trigger_target_dag']) retrieved from /home/airflow/.local/lib/python3.7/site-packages/airflow/example_dags/example_trigger_target_dag.py
[2023-07-24 01:40:45,621] {logging_mixin.py:115} INFO - [2023-07-24 01:40:45,621] {dag.py:2420} INFO - Sync 1 DAGs
[2023-07-24 01:40:45,700] {logging_mixin.py:115} INFO - [2023-07-24 01:40:45,700] {dag.py:2972} INFO - Setting next_dagrun for example_trigger_target_dag to None, run_after=None
[2023-07-24 01:40:45,710] {processor.py:161} INFO - Processing /home/airflow/.local/lib/python3.7/site-packages/airflow/example_dags/example_trigger_target_dag.py took 0.111 seconds
