[2023-07-24 01:20:00,303] {processor.py:153} INFO - Started process (PID=59) to work on /home/airflow/.local/lib/python3.7/site-packages/airflow/example_dags/example_task_group.py
[2023-07-24 01:20:00,303] {processor.py:641} INFO - Processing file /home/airflow/.local/lib/python3.7/site-packages/airflow/example_dags/example_task_group.py for tasks to queue
[2023-07-24 01:20:00,303] {logging_mixin.py:115} INFO - [2023-07-24 01:20:00,303] {dagbag.py:508} INFO - Filling up the DagBag from /home/airflow/.local/lib/python3.7/site-packages/airflow/example_dags/example_task_group.py
[2023-07-24 01:20:00,307] {processor.py:651} INFO - DAG(s) dict_keys(['example_task_group']) retrieved from /home/airflow/.local/lib/python3.7/site-packages/airflow/example_dags/example_task_group.py
[2023-07-24 01:20:00,438] {logging_mixin.py:115} INFO - [2023-07-24 01:20:00,438] {manager.py:508} INFO - Created Permission View: can edit on DAG:example_task_group
[2023-07-24 01:20:00,447] {logging_mixin.py:115} INFO - [2023-07-24 01:20:00,447] {manager.py:508} INFO - Created Permission View: can read on DAG:example_task_group
[2023-07-24 01:20:00,455] {logging_mixin.py:115} INFO - [2023-07-24 01:20:00,455] {manager.py:508} INFO - Created Permission View: can delete on DAG:example_task_group
[2023-07-24 01:20:00,455] {logging_mixin.py:115} INFO - [2023-07-24 01:20:00,455] {dag.py:2420} INFO - Sync 1 DAGs
[2023-07-24 01:20:00,459] {logging_mixin.py:115} INFO - [2023-07-24 01:20:00,459] {dag.py:2439} INFO - Creating ORM DAG for example_task_group
[2023-07-24 01:20:00,465] {logging_mixin.py:115} INFO - [2023-07-24 01:20:00,465] {dag.py:2972} INFO - Setting next_dagrun for example_task_group to 2023-07-23T01:20:00.465639+00:00, run_after=2023-07-24T01:20:00.465639+00:00
[2023-07-24 01:20:00,478] {processor.py:161} INFO - Processing /home/airflow/.local/lib/python3.7/site-packages/airflow/example_dags/example_task_group.py took 0.177 seconds
[2023-07-24 01:20:31,081] {processor.py:153} INFO - Started process (PID=119) to work on /home/airflow/.local/lib/python3.7/site-packages/airflow/example_dags/example_task_group.py
[2023-07-24 01:20:31,081] {processor.py:641} INFO - Processing file /home/airflow/.local/lib/python3.7/site-packages/airflow/example_dags/example_task_group.py for tasks to queue
[2023-07-24 01:20:31,081] {logging_mixin.py:115} INFO - [2023-07-24 01:20:31,081] {dagbag.py:508} INFO - Filling up the DagBag from /home/airflow/.local/lib/python3.7/site-packages/airflow/example_dags/example_task_group.py
[2023-07-24 01:20:31,084] {processor.py:651} INFO - DAG(s) dict_keys(['example_task_group']) retrieved from /home/airflow/.local/lib/python3.7/site-packages/airflow/example_dags/example_task_group.py
[2023-07-24 01:20:31,097] {logging_mixin.py:115} INFO - [2023-07-24 01:20:31,097] {dag.py:2420} INFO - Sync 1 DAGs
[2023-07-24 01:20:31,108] {logging_mixin.py:115} INFO - [2023-07-24 01:20:31,108] {dag.py:2972} INFO - Setting next_dagrun for example_task_group to 2023-07-23T01:20:31.108046+00:00, run_after=2023-07-24T01:20:31.108046+00:00
[2023-07-24 01:20:31,115] {processor.py:161} INFO - Processing /home/airflow/.local/lib/python3.7/site-packages/airflow/example_dags/example_task_group.py took 0.036 seconds
[2023-07-24 01:21:01,296] {processor.py:153} INFO - Started process (PID=180) to work on /home/airflow/.local/lib/python3.7/site-packages/airflow/example_dags/example_task_group.py
[2023-07-24 01:21:01,297] {processor.py:641} INFO - Processing file /home/airflow/.local/lib/python3.7/site-packages/airflow/example_dags/example_task_group.py for tasks to queue
[2023-07-24 01:21:01,297] {logging_mixin.py:115} INFO - [2023-07-24 01:21:01,297] {dagbag.py:508} INFO - Filling up the DagBag from /home/airflow/.local/lib/python3.7/site-packages/airflow/example_dags/example_task_group.py
[2023-07-24 01:21:01,300] {processor.py:651} INFO - DAG(s) dict_keys(['example_task_group']) retrieved from /home/airflow/.local/lib/python3.7/site-packages/airflow/example_dags/example_task_group.py
[2023-07-24 01:21:01,315] {logging_mixin.py:115} INFO - [2023-07-24 01:21:01,315] {dag.py:2420} INFO - Sync 1 DAGs
[2023-07-24 01:21:01,326] {logging_mixin.py:115} INFO - [2023-07-24 01:21:01,326] {dag.py:2972} INFO - Setting next_dagrun for example_task_group to 2023-07-23T01:21:01.326274+00:00, run_after=2023-07-24T01:21:01.326274+00:00
[2023-07-24 01:21:01,335] {processor.py:161} INFO - Processing /home/airflow/.local/lib/python3.7/site-packages/airflow/example_dags/example_task_group.py took 0.040 seconds
[2023-07-24 01:21:31,636] {processor.py:153} INFO - Started process (PID=240) to work on /home/airflow/.local/lib/python3.7/site-packages/airflow/example_dags/example_task_group.py
[2023-07-24 01:21:31,637] {processor.py:641} INFO - Processing file /home/airflow/.local/lib/python3.7/site-packages/airflow/example_dags/example_task_group.py for tasks to queue
[2023-07-24 01:21:31,637] {logging_mixin.py:115} INFO - [2023-07-24 01:21:31,637] {dagbag.py:508} INFO - Filling up the DagBag from /home/airflow/.local/lib/python3.7/site-packages/airflow/example_dags/example_task_group.py
[2023-07-24 01:21:31,641] {processor.py:651} INFO - DAG(s) dict_keys(['example_task_group']) retrieved from /home/airflow/.local/lib/python3.7/site-packages/airflow/example_dags/example_task_group.py
[2023-07-24 01:21:31,655] {logging_mixin.py:115} INFO - [2023-07-24 01:21:31,655] {dag.py:2420} INFO - Sync 1 DAGs
[2023-07-24 01:21:31,667] {logging_mixin.py:115} INFO - [2023-07-24 01:21:31,666] {dag.py:2972} INFO - Setting next_dagrun for example_task_group to 2023-07-23T01:21:31.666787+00:00, run_after=2023-07-24T01:21:31.666787+00:00
[2023-07-24 01:21:31,676] {processor.py:161} INFO - Processing /home/airflow/.local/lib/python3.7/site-packages/airflow/example_dags/example_task_group.py took 0.042 seconds
[2023-07-24 01:22:01,834] {processor.py:153} INFO - Started process (PID=292) to work on /home/airflow/.local/lib/python3.7/site-packages/airflow/example_dags/example_task_group.py
[2023-07-24 01:22:01,835] {processor.py:641} INFO - Processing file /home/airflow/.local/lib/python3.7/site-packages/airflow/example_dags/example_task_group.py for tasks to queue
[2023-07-24 01:22:01,835] {logging_mixin.py:115} INFO - [2023-07-24 01:22:01,835] {dagbag.py:508} INFO - Filling up the DagBag from /home/airflow/.local/lib/python3.7/site-packages/airflow/example_dags/example_task_group.py
[2023-07-24 01:22:01,838] {processor.py:651} INFO - DAG(s) dict_keys(['example_task_group']) retrieved from /home/airflow/.local/lib/python3.7/site-packages/airflow/example_dags/example_task_group.py
[2023-07-24 01:22:01,851] {logging_mixin.py:115} INFO - [2023-07-24 01:22:01,851] {dag.py:2420} INFO - Sync 1 DAGs
[2023-07-24 01:22:01,862] {logging_mixin.py:115} INFO - [2023-07-24 01:22:01,862] {dag.py:2972} INFO - Setting next_dagrun for example_task_group to 2023-07-23T01:22:01.862576+00:00, run_after=2023-07-24T01:22:01.862576+00:00
[2023-07-24 01:22:01,871] {processor.py:161} INFO - Processing /home/airflow/.local/lib/python3.7/site-packages/airflow/example_dags/example_task_group.py took 0.038 seconds
[2023-07-24 01:22:32,022] {processor.py:153} INFO - Started process (PID=353) to work on /home/airflow/.local/lib/python3.7/site-packages/airflow/example_dags/example_task_group.py
[2023-07-24 01:22:32,023] {processor.py:641} INFO - Processing file /home/airflow/.local/lib/python3.7/site-packages/airflow/example_dags/example_task_group.py for tasks to queue
[2023-07-24 01:22:32,023] {logging_mixin.py:115} INFO - [2023-07-24 01:22:32,023] {dagbag.py:508} INFO - Filling up the DagBag from /home/airflow/.local/lib/python3.7/site-packages/airflow/example_dags/example_task_group.py
[2023-07-24 01:22:32,026] {processor.py:651} INFO - DAG(s) dict_keys(['example_task_group']) retrieved from /home/airflow/.local/lib/python3.7/site-packages/airflow/example_dags/example_task_group.py
[2023-07-24 01:22:32,040] {logging_mixin.py:115} INFO - [2023-07-24 01:22:32,039] {dag.py:2420} INFO - Sync 1 DAGs
[2023-07-24 01:22:32,050] {logging_mixin.py:115} INFO - [2023-07-24 01:22:32,050] {dag.py:2972} INFO - Setting next_dagrun for example_task_group to 2023-07-23T01:22:32.050779+00:00, run_after=2023-07-24T01:22:32.050779+00:00
[2023-07-24 01:22:32,059] {processor.py:161} INFO - Processing /home/airflow/.local/lib/python3.7/site-packages/airflow/example_dags/example_task_group.py took 0.038 seconds
[2023-07-24 01:23:02,267] {processor.py:153} INFO - Started process (PID=414) to work on /home/airflow/.local/lib/python3.7/site-packages/airflow/example_dags/example_task_group.py
[2023-07-24 01:23:02,267] {processor.py:641} INFO - Processing file /home/airflow/.local/lib/python3.7/site-packages/airflow/example_dags/example_task_group.py for tasks to queue
[2023-07-24 01:23:02,267] {logging_mixin.py:115} INFO - [2023-07-24 01:23:02,267] {dagbag.py:508} INFO - Filling up the DagBag from /home/airflow/.local/lib/python3.7/site-packages/airflow/example_dags/example_task_group.py
[2023-07-24 01:23:02,270] {processor.py:651} INFO - DAG(s) dict_keys(['example_task_group']) retrieved from /home/airflow/.local/lib/python3.7/site-packages/airflow/example_dags/example_task_group.py
[2023-07-24 01:23:02,284] {logging_mixin.py:115} INFO - [2023-07-24 01:23:02,284] {dag.py:2420} INFO - Sync 1 DAGs
[2023-07-24 01:23:02,295] {logging_mixin.py:115} INFO - [2023-07-24 01:23:02,295] {dag.py:2972} INFO - Setting next_dagrun for example_task_group to 2023-07-23T01:23:02.295570+00:00, run_after=2023-07-24T01:23:02.295570+00:00
[2023-07-24 01:23:02,304] {processor.py:161} INFO - Processing /home/airflow/.local/lib/python3.7/site-packages/airflow/example_dags/example_task_group.py took 0.039 seconds
[2023-07-24 01:23:32,408] {processor.py:153} INFO - Started process (PID=475) to work on /home/airflow/.local/lib/python3.7/site-packages/airflow/example_dags/example_task_group.py
[2023-07-24 01:23:32,408] {processor.py:641} INFO - Processing file /home/airflow/.local/lib/python3.7/site-packages/airflow/example_dags/example_task_group.py for tasks to queue
[2023-07-24 01:23:32,409] {logging_mixin.py:115} INFO - [2023-07-24 01:23:32,409] {dagbag.py:508} INFO - Filling up the DagBag from /home/airflow/.local/lib/python3.7/site-packages/airflow/example_dags/example_task_group.py
[2023-07-24 01:23:32,412] {processor.py:651} INFO - DAG(s) dict_keys(['example_task_group']) retrieved from /home/airflow/.local/lib/python3.7/site-packages/airflow/example_dags/example_task_group.py
[2023-07-24 01:23:32,426] {logging_mixin.py:115} INFO - [2023-07-24 01:23:32,425] {dag.py:2420} INFO - Sync 1 DAGs
[2023-07-24 01:23:32,436] {logging_mixin.py:115} INFO - [2023-07-24 01:23:32,436] {dag.py:2972} INFO - Setting next_dagrun for example_task_group to 2023-07-23T01:23:32.436014+00:00, run_after=2023-07-24T01:23:32.436014+00:00
[2023-07-24 01:23:32,445] {processor.py:161} INFO - Processing /home/airflow/.local/lib/python3.7/site-packages/airflow/example_dags/example_task_group.py took 0.038 seconds
[2023-07-24 01:24:02,586] {processor.py:153} INFO - Started process (PID=536) to work on /home/airflow/.local/lib/python3.7/site-packages/airflow/example_dags/example_task_group.py
[2023-07-24 01:24:02,587] {processor.py:641} INFO - Processing file /home/airflow/.local/lib/python3.7/site-packages/airflow/example_dags/example_task_group.py for tasks to queue
[2023-07-24 01:24:02,587] {logging_mixin.py:115} INFO - [2023-07-24 01:24:02,587] {dagbag.py:508} INFO - Filling up the DagBag from /home/airflow/.local/lib/python3.7/site-packages/airflow/example_dags/example_task_group.py
[2023-07-24 01:24:02,590] {processor.py:651} INFO - DAG(s) dict_keys(['example_task_group']) retrieved from /home/airflow/.local/lib/python3.7/site-packages/airflow/example_dags/example_task_group.py
[2023-07-24 01:24:02,604] {logging_mixin.py:115} INFO - [2023-07-24 01:24:02,604] {dag.py:2420} INFO - Sync 1 DAGs
[2023-07-24 01:24:02,615] {logging_mixin.py:115} INFO - [2023-07-24 01:24:02,615] {dag.py:2972} INFO - Setting next_dagrun for example_task_group to 2023-07-23T01:24:02.615375+00:00, run_after=2023-07-24T01:24:02.615375+00:00
[2023-07-24 01:24:02,624] {processor.py:161} INFO - Processing /home/airflow/.local/lib/python3.7/site-packages/airflow/example_dags/example_task_group.py took 0.039 seconds
[2023-07-24 01:24:32,749] {processor.py:153} INFO - Started process (PID=597) to work on /home/airflow/.local/lib/python3.7/site-packages/airflow/example_dags/example_task_group.py
[2023-07-24 01:24:32,749] {processor.py:641} INFO - Processing file /home/airflow/.local/lib/python3.7/site-packages/airflow/example_dags/example_task_group.py for tasks to queue
[2023-07-24 01:24:32,750] {logging_mixin.py:115} INFO - [2023-07-24 01:24:32,750] {dagbag.py:508} INFO - Filling up the DagBag from /home/airflow/.local/lib/python3.7/site-packages/airflow/example_dags/example_task_group.py
[2023-07-24 01:24:32,753] {processor.py:651} INFO - DAG(s) dict_keys(['example_task_group']) retrieved from /home/airflow/.local/lib/python3.7/site-packages/airflow/example_dags/example_task_group.py
[2023-07-24 01:24:32,767] {logging_mixin.py:115} INFO - [2023-07-24 01:24:32,766] {dag.py:2420} INFO - Sync 1 DAGs
[2023-07-24 01:24:32,778] {logging_mixin.py:115} INFO - [2023-07-24 01:24:32,778] {dag.py:2972} INFO - Setting next_dagrun for example_task_group to 2023-07-23T01:24:32.778498+00:00, run_after=2023-07-24T01:24:32.778498+00:00
[2023-07-24 01:24:32,788] {processor.py:161} INFO - Processing /home/airflow/.local/lib/python3.7/site-packages/airflow/example_dags/example_task_group.py took 0.041 seconds
[2023-07-24 01:25:03,039] {processor.py:153} INFO - Started process (PID=649) to work on /home/airflow/.local/lib/python3.7/site-packages/airflow/example_dags/example_task_group.py
[2023-07-24 01:25:03,039] {processor.py:641} INFO - Processing file /home/airflow/.local/lib/python3.7/site-packages/airflow/example_dags/example_task_group.py for tasks to queue
[2023-07-24 01:25:03,039] {logging_mixin.py:115} INFO - [2023-07-24 01:25:03,039] {dagbag.py:508} INFO - Filling up the DagBag from /home/airflow/.local/lib/python3.7/site-packages/airflow/example_dags/example_task_group.py
[2023-07-24 01:25:03,043] {processor.py:651} INFO - DAG(s) dict_keys(['example_task_group']) retrieved from /home/airflow/.local/lib/python3.7/site-packages/airflow/example_dags/example_task_group.py
[2023-07-24 01:25:03,060] {logging_mixin.py:115} INFO - [2023-07-24 01:25:03,060] {dag.py:2420} INFO - Sync 1 DAGs
[2023-07-24 01:25:03,071] {logging_mixin.py:115} INFO - [2023-07-24 01:25:03,071] {dag.py:2972} INFO - Setting next_dagrun for example_task_group to 2023-07-23T01:25:03.071771+00:00, run_after=2023-07-24T01:25:03.071771+00:00
[2023-07-24 01:25:03,080] {processor.py:161} INFO - Processing /home/airflow/.local/lib/python3.7/site-packages/airflow/example_dags/example_task_group.py took 0.043 seconds
[2023-07-24 01:25:33,377] {processor.py:153} INFO - Started process (PID=711) to work on /home/airflow/.local/lib/python3.7/site-packages/airflow/example_dags/example_task_group.py
[2023-07-24 01:25:33,378] {processor.py:641} INFO - Processing file /home/airflow/.local/lib/python3.7/site-packages/airflow/example_dags/example_task_group.py for tasks to queue
[2023-07-24 01:25:33,378] {logging_mixin.py:115} INFO - [2023-07-24 01:25:33,378] {dagbag.py:508} INFO - Filling up the DagBag from /home/airflow/.local/lib/python3.7/site-packages/airflow/example_dags/example_task_group.py
[2023-07-24 01:25:33,381] {processor.py:651} INFO - DAG(s) dict_keys(['example_task_group']) retrieved from /home/airflow/.local/lib/python3.7/site-packages/airflow/example_dags/example_task_group.py
[2023-07-24 01:25:33,394] {logging_mixin.py:115} INFO - [2023-07-24 01:25:33,394] {dag.py:2420} INFO - Sync 1 DAGs
[2023-07-24 01:25:33,405] {logging_mixin.py:115} INFO - [2023-07-24 01:25:33,405] {dag.py:2972} INFO - Setting next_dagrun for example_task_group to 2023-07-23T01:25:33.405248+00:00, run_after=2023-07-24T01:25:33.405248+00:00
[2023-07-24 01:25:33,413] {processor.py:161} INFO - Processing /home/airflow/.local/lib/python3.7/site-packages/airflow/example_dags/example_task_group.py took 0.037 seconds
[2023-07-24 01:26:03,748] {processor.py:153} INFO - Started process (PID=771) to work on /home/airflow/.local/lib/python3.7/site-packages/airflow/example_dags/example_task_group.py
[2023-07-24 01:26:03,749] {processor.py:641} INFO - Processing file /home/airflow/.local/lib/python3.7/site-packages/airflow/example_dags/example_task_group.py for tasks to queue
[2023-07-24 01:26:03,749] {logging_mixin.py:115} INFO - [2023-07-24 01:26:03,749] {dagbag.py:508} INFO - Filling up the DagBag from /home/airflow/.local/lib/python3.7/site-packages/airflow/example_dags/example_task_group.py
[2023-07-24 01:26:03,753] {processor.py:651} INFO - DAG(s) dict_keys(['example_task_group']) retrieved from /home/airflow/.local/lib/python3.7/site-packages/airflow/example_dags/example_task_group.py
[2023-07-24 01:26:03,766] {logging_mixin.py:115} INFO - [2023-07-24 01:26:03,766] {dag.py:2420} INFO - Sync 1 DAGs
[2023-07-24 01:26:03,777] {logging_mixin.py:115} INFO - [2023-07-24 01:26:03,777] {dag.py:2972} INFO - Setting next_dagrun for example_task_group to 2023-07-23T01:26:03.777707+00:00, run_after=2023-07-24T01:26:03.777707+00:00
[2023-07-24 01:26:03,787] {processor.py:161} INFO - Processing /home/airflow/.local/lib/python3.7/site-packages/airflow/example_dags/example_task_group.py took 0.040 seconds
[2023-07-24 01:26:34,022] {processor.py:153} INFO - Started process (PID=832) to work on /home/airflow/.local/lib/python3.7/site-packages/airflow/example_dags/example_task_group.py
[2023-07-24 01:26:34,024] {processor.py:641} INFO - Processing file /home/airflow/.local/lib/python3.7/site-packages/airflow/example_dags/example_task_group.py for tasks to queue
[2023-07-24 01:26:34,024] {logging_mixin.py:115} INFO - [2023-07-24 01:26:34,024] {dagbag.py:508} INFO - Filling up the DagBag from /home/airflow/.local/lib/python3.7/site-packages/airflow/example_dags/example_task_group.py
[2023-07-24 01:26:34,027] {processor.py:651} INFO - DAG(s) dict_keys(['example_task_group']) retrieved from /home/airflow/.local/lib/python3.7/site-packages/airflow/example_dags/example_task_group.py
[2023-07-24 01:26:34,040] {logging_mixin.py:115} INFO - [2023-07-24 01:26:34,040] {dag.py:2420} INFO - Sync 1 DAGs
[2023-07-24 01:26:34,051] {logging_mixin.py:115} INFO - [2023-07-24 01:26:34,051] {dag.py:2972} INFO - Setting next_dagrun for example_task_group to 2023-07-23T01:26:34.051254+00:00, run_after=2023-07-24T01:26:34.051254+00:00
[2023-07-24 01:26:34,059] {processor.py:161} INFO - Processing /home/airflow/.local/lib/python3.7/site-packages/airflow/example_dags/example_task_group.py took 0.038 seconds
[2023-07-24 01:27:04,376] {processor.py:153} INFO - Started process (PID=884) to work on /home/airflow/.local/lib/python3.7/site-packages/airflow/example_dags/example_task_group.py
[2023-07-24 01:27:04,377] {processor.py:641} INFO - Processing file /home/airflow/.local/lib/python3.7/site-packages/airflow/example_dags/example_task_group.py for tasks to queue
[2023-07-24 01:27:04,377] {logging_mixin.py:115} INFO - [2023-07-24 01:27:04,377] {dagbag.py:508} INFO - Filling up the DagBag from /home/airflow/.local/lib/python3.7/site-packages/airflow/example_dags/example_task_group.py
[2023-07-24 01:27:04,380] {processor.py:651} INFO - DAG(s) dict_keys(['example_task_group']) retrieved from /home/airflow/.local/lib/python3.7/site-packages/airflow/example_dags/example_task_group.py
[2023-07-24 01:27:04,394] {logging_mixin.py:115} INFO - [2023-07-24 01:27:04,394] {dag.py:2420} INFO - Sync 1 DAGs
[2023-07-24 01:27:04,406] {logging_mixin.py:115} INFO - [2023-07-24 01:27:04,406] {dag.py:2972} INFO - Setting next_dagrun for example_task_group to 2023-07-23T01:27:04.405890+00:00, run_after=2023-07-24T01:27:04.405890+00:00
[2023-07-24 01:27:04,414] {processor.py:161} INFO - Processing /home/airflow/.local/lib/python3.7/site-packages/airflow/example_dags/example_task_group.py took 0.040 seconds
