[2023-07-24 01:20:00,111] {processor.py:153} INFO - Started process (PID=57) to work on /home/airflow/.local/lib/python3.7/site-packages/airflow/example_dags/example_sla_dag.py
[2023-07-24 01:20:00,112] {processor.py:641} INFO - Processing file /home/airflow/.local/lib/python3.7/site-packages/airflow/example_dags/example_sla_dag.py for tasks to queue
[2023-07-24 01:20:00,112] {logging_mixin.py:115} INFO - [2023-07-24 01:20:00,112] {dagbag.py:508} INFO - Filling up the DagBag from /home/airflow/.local/lib/python3.7/site-packages/airflow/example_dags/example_sla_dag.py
[2023-07-24 01:20:00,122] {processor.py:651} INFO - DAG(s) dict_keys(['example_sla_dag']) retrieved from /home/airflow/.local/lib/python3.7/site-packages/airflow/example_dags/example_sla_dag.py
[2023-07-24 01:20:00,252] {logging_mixin.py:115} INFO - [2023-07-24 01:20:00,252] {manager.py:508} INFO - Created Permission View: can edit on DAG:example_sla_dag
[2023-07-24 01:20:00,262] {logging_mixin.py:115} INFO - [2023-07-24 01:20:00,262] {manager.py:508} INFO - Created Permission View: can read on DAG:example_sla_dag
[2023-07-24 01:20:00,271] {logging_mixin.py:115} INFO - [2023-07-24 01:20:00,271] {manager.py:508} INFO - Created Permission View: can delete on DAG:example_sla_dag
[2023-07-24 01:20:00,271] {logging_mixin.py:115} INFO - [2023-07-24 01:20:00,271] {dag.py:2420} INFO - Sync 1 DAGs
[2023-07-24 01:20:00,276] {logging_mixin.py:115} INFO - [2023-07-24 01:20:00,276] {dag.py:2439} INFO - Creating ORM DAG for example_sla_dag
[2023-07-24 01:20:00,284] {logging_mixin.py:115} INFO - [2023-07-24 01:20:00,283] {dag.py:2972} INFO - Setting next_dagrun for example_sla_dag to 2023-07-24T01:18:00+00:00, run_after=2023-07-24T01:20:00+00:00
[2023-07-24 01:20:00,292] {processor.py:161} INFO - Processing /home/airflow/.local/lib/python3.7/site-packages/airflow/example_dags/example_sla_dag.py took 0.182 seconds
[2023-07-24 01:20:31,015] {processor.py:153} INFO - Started process (PID=117) to work on /home/airflow/.local/lib/python3.7/site-packages/airflow/example_dags/example_sla_dag.py
[2023-07-24 01:20:31,016] {processor.py:641} INFO - Processing file /home/airflow/.local/lib/python3.7/site-packages/airflow/example_dags/example_sla_dag.py for tasks to queue
[2023-07-24 01:20:31,016] {logging_mixin.py:115} INFO - [2023-07-24 01:20:31,016] {dagbag.py:508} INFO - Filling up the DagBag from /home/airflow/.local/lib/python3.7/site-packages/airflow/example_dags/example_sla_dag.py
[2023-07-24 01:20:31,024] {processor.py:651} INFO - DAG(s) dict_keys(['example_sla_dag']) retrieved from /home/airflow/.local/lib/python3.7/site-packages/airflow/example_dags/example_sla_dag.py
[2023-07-24 01:20:31,037] {logging_mixin.py:115} INFO - [2023-07-24 01:20:31,037] {dag.py:2420} INFO - Sync 1 DAGs
[2023-07-24 01:20:31,050] {logging_mixin.py:115} INFO - [2023-07-24 01:20:31,050] {dag.py:2972} INFO - Setting next_dagrun for example_sla_dag to 2023-07-24T01:18:00+00:00, run_after=2023-07-24T01:20:00+00:00
[2023-07-24 01:20:31,059] {processor.py:161} INFO - Processing /home/airflow/.local/lib/python3.7/site-packages/airflow/example_dags/example_sla_dag.py took 0.046 seconds
[2023-07-24 01:21:01,226] {processor.py:153} INFO - Started process (PID=178) to work on /home/airflow/.local/lib/python3.7/site-packages/airflow/example_dags/example_sla_dag.py
[2023-07-24 01:21:01,227] {processor.py:641} INFO - Processing file /home/airflow/.local/lib/python3.7/site-packages/airflow/example_dags/example_sla_dag.py for tasks to queue
[2023-07-24 01:21:01,227] {logging_mixin.py:115} INFO - [2023-07-24 01:21:01,227] {dagbag.py:508} INFO - Filling up the DagBag from /home/airflow/.local/lib/python3.7/site-packages/airflow/example_dags/example_sla_dag.py
[2023-07-24 01:21:01,235] {processor.py:651} INFO - DAG(s) dict_keys(['example_sla_dag']) retrieved from /home/airflow/.local/lib/python3.7/site-packages/airflow/example_dags/example_sla_dag.py
[2023-07-24 01:21:01,248] {logging_mixin.py:115} INFO - [2023-07-24 01:21:01,248] {dag.py:2420} INFO - Sync 1 DAGs
[2023-07-24 01:21:01,262] {logging_mixin.py:115} INFO - [2023-07-24 01:21:01,262] {dag.py:2972} INFO - Setting next_dagrun for example_sla_dag to 2023-07-24T01:18:00+00:00, run_after=2023-07-24T01:20:00+00:00
[2023-07-24 01:21:01,271] {processor.py:161} INFO - Processing /home/airflow/.local/lib/python3.7/site-packages/airflow/example_dags/example_sla_dag.py took 0.046 seconds
[2023-07-24 01:21:31,557] {processor.py:153} INFO - Started process (PID=238) to work on /home/airflow/.local/lib/python3.7/site-packages/airflow/example_dags/example_sla_dag.py
[2023-07-24 01:21:31,557] {processor.py:641} INFO - Processing file /home/airflow/.local/lib/python3.7/site-packages/airflow/example_dags/example_sla_dag.py for tasks to queue
[2023-07-24 01:21:31,557] {logging_mixin.py:115} INFO - [2023-07-24 01:21:31,557] {dagbag.py:508} INFO - Filling up the DagBag from /home/airflow/.local/lib/python3.7/site-packages/airflow/example_dags/example_sla_dag.py
[2023-07-24 01:21:31,566] {processor.py:651} INFO - DAG(s) dict_keys(['example_sla_dag']) retrieved from /home/airflow/.local/lib/python3.7/site-packages/airflow/example_dags/example_sla_dag.py
[2023-07-24 01:21:31,581] {logging_mixin.py:115} INFO - [2023-07-24 01:21:31,581] {dag.py:2420} INFO - Sync 1 DAGs
[2023-07-24 01:21:31,597] {logging_mixin.py:115} INFO - [2023-07-24 01:21:31,597] {dag.py:2972} INFO - Setting next_dagrun for example_sla_dag to 2023-07-24T01:18:00+00:00, run_after=2023-07-24T01:20:00+00:00
[2023-07-24 01:21:31,606] {processor.py:161} INFO - Processing /home/airflow/.local/lib/python3.7/site-packages/airflow/example_dags/example_sla_dag.py took 0.051 seconds
[2023-07-24 01:22:01,761] {processor.py:153} INFO - Started process (PID=290) to work on /home/airflow/.local/lib/python3.7/site-packages/airflow/example_dags/example_sla_dag.py
[2023-07-24 01:22:01,762] {processor.py:641} INFO - Processing file /home/airflow/.local/lib/python3.7/site-packages/airflow/example_dags/example_sla_dag.py for tasks to queue
[2023-07-24 01:22:01,762] {logging_mixin.py:115} INFO - [2023-07-24 01:22:01,762] {dagbag.py:508} INFO - Filling up the DagBag from /home/airflow/.local/lib/python3.7/site-packages/airflow/example_dags/example_sla_dag.py
[2023-07-24 01:22:01,770] {processor.py:651} INFO - DAG(s) dict_keys(['example_sla_dag']) retrieved from /home/airflow/.local/lib/python3.7/site-packages/airflow/example_dags/example_sla_dag.py
[2023-07-24 01:22:01,782] {logging_mixin.py:115} INFO - [2023-07-24 01:22:01,782] {dag.py:2420} INFO - Sync 1 DAGs
[2023-07-24 01:22:01,796] {logging_mixin.py:115} INFO - [2023-07-24 01:22:01,796] {dag.py:2972} INFO - Setting next_dagrun for example_sla_dag to 2023-07-24T01:20:00+00:00, run_after=2023-07-24T01:22:00+00:00
[2023-07-24 01:22:01,804] {processor.py:161} INFO - Processing /home/airflow/.local/lib/python3.7/site-packages/airflow/example_dags/example_sla_dag.py took 0.045 seconds
[2023-07-24 01:22:31,945] {processor.py:153} INFO - Started process (PID=351) to work on /home/airflow/.local/lib/python3.7/site-packages/airflow/example_dags/example_sla_dag.py
[2023-07-24 01:22:31,946] {processor.py:641} INFO - Processing file /home/airflow/.local/lib/python3.7/site-packages/airflow/example_dags/example_sla_dag.py for tasks to queue
[2023-07-24 01:22:31,946] {logging_mixin.py:115} INFO - [2023-07-24 01:22:31,946] {dagbag.py:508} INFO - Filling up the DagBag from /home/airflow/.local/lib/python3.7/site-packages/airflow/example_dags/example_sla_dag.py
[2023-07-24 01:22:31,954] {processor.py:651} INFO - DAG(s) dict_keys(['example_sla_dag']) retrieved from /home/airflow/.local/lib/python3.7/site-packages/airflow/example_dags/example_sla_dag.py
[2023-07-24 01:22:31,967] {logging_mixin.py:115} INFO - [2023-07-24 01:22:31,967] {dag.py:2420} INFO - Sync 1 DAGs
[2023-07-24 01:22:31,981] {logging_mixin.py:115} INFO - [2023-07-24 01:22:31,981] {dag.py:2972} INFO - Setting next_dagrun for example_sla_dag to 2023-07-24T01:20:00+00:00, run_after=2023-07-24T01:22:00+00:00
[2023-07-24 01:22:31,989] {processor.py:161} INFO - Processing /home/airflow/.local/lib/python3.7/site-packages/airflow/example_dags/example_sla_dag.py took 0.046 seconds
[2023-07-24 01:23:02,196] {processor.py:153} INFO - Started process (PID=412) to work on /home/airflow/.local/lib/python3.7/site-packages/airflow/example_dags/example_sla_dag.py
[2023-07-24 01:23:02,197] {processor.py:641} INFO - Processing file /home/airflow/.local/lib/python3.7/site-packages/airflow/example_dags/example_sla_dag.py for tasks to queue
[2023-07-24 01:23:02,197] {logging_mixin.py:115} INFO - [2023-07-24 01:23:02,197] {dagbag.py:508} INFO - Filling up the DagBag from /home/airflow/.local/lib/python3.7/site-packages/airflow/example_dags/example_sla_dag.py
[2023-07-24 01:23:02,205] {processor.py:651} INFO - DAG(s) dict_keys(['example_sla_dag']) retrieved from /home/airflow/.local/lib/python3.7/site-packages/airflow/example_dags/example_sla_dag.py
[2023-07-24 01:23:02,218] {logging_mixin.py:115} INFO - [2023-07-24 01:23:02,218] {dag.py:2420} INFO - Sync 1 DAGs
[2023-07-24 01:23:02,231] {logging_mixin.py:115} INFO - [2023-07-24 01:23:02,231] {dag.py:2972} INFO - Setting next_dagrun for example_sla_dag to 2023-07-24T01:20:00+00:00, run_after=2023-07-24T01:22:00+00:00
[2023-07-24 01:23:02,239] {processor.py:161} INFO - Processing /home/airflow/.local/lib/python3.7/site-packages/airflow/example_dags/example_sla_dag.py took 0.044 seconds
[2023-07-24 01:23:32,339] {processor.py:153} INFO - Started process (PID=473) to work on /home/airflow/.local/lib/python3.7/site-packages/airflow/example_dags/example_sla_dag.py
[2023-07-24 01:23:32,340] {processor.py:641} INFO - Processing file /home/airflow/.local/lib/python3.7/site-packages/airflow/example_dags/example_sla_dag.py for tasks to queue
[2023-07-24 01:23:32,340] {logging_mixin.py:115} INFO - [2023-07-24 01:23:32,340] {dagbag.py:508} INFO - Filling up the DagBag from /home/airflow/.local/lib/python3.7/site-packages/airflow/example_dags/example_sla_dag.py
[2023-07-24 01:23:32,349] {processor.py:651} INFO - DAG(s) dict_keys(['example_sla_dag']) retrieved from /home/airflow/.local/lib/python3.7/site-packages/airflow/example_dags/example_sla_dag.py
[2023-07-24 01:23:32,361] {logging_mixin.py:115} INFO - [2023-07-24 01:23:32,361] {dag.py:2420} INFO - Sync 1 DAGs
[2023-07-24 01:23:32,375] {logging_mixin.py:115} INFO - [2023-07-24 01:23:32,375] {dag.py:2972} INFO - Setting next_dagrun for example_sla_dag to 2023-07-24T01:20:00+00:00, run_after=2023-07-24T01:22:00+00:00
[2023-07-24 01:23:32,383] {processor.py:161} INFO - Processing /home/airflow/.local/lib/python3.7/site-packages/airflow/example_dags/example_sla_dag.py took 0.046 seconds
[2023-07-24 01:24:02,520] {processor.py:153} INFO - Started process (PID=534) to work on /home/airflow/.local/lib/python3.7/site-packages/airflow/example_dags/example_sla_dag.py
[2023-07-24 01:24:02,521] {processor.py:641} INFO - Processing file /home/airflow/.local/lib/python3.7/site-packages/airflow/example_dags/example_sla_dag.py for tasks to queue
[2023-07-24 01:24:02,522] {logging_mixin.py:115} INFO - [2023-07-24 01:24:02,521] {dagbag.py:508} INFO - Filling up the DagBag from /home/airflow/.local/lib/python3.7/site-packages/airflow/example_dags/example_sla_dag.py
[2023-07-24 01:24:02,533] {processor.py:651} INFO - DAG(s) dict_keys(['example_sla_dag']) retrieved from /home/airflow/.local/lib/python3.7/site-packages/airflow/example_dags/example_sla_dag.py
[2023-07-24 01:24:02,547] {logging_mixin.py:115} INFO - [2023-07-24 01:24:02,547] {dag.py:2420} INFO - Sync 1 DAGs
[2023-07-24 01:24:02,561] {logging_mixin.py:115} INFO - [2023-07-24 01:24:02,561] {dag.py:2972} INFO - Setting next_dagrun for example_sla_dag to 2023-07-24T01:22:00+00:00, run_after=2023-07-24T01:24:00+00:00
[2023-07-24 01:24:02,571] {processor.py:161} INFO - Processing /home/airflow/.local/lib/python3.7/site-packages/airflow/example_dags/example_sla_dag.py took 0.052 seconds
[2023-07-24 01:24:32,670] {processor.py:153} INFO - Started process (PID=595) to work on /home/airflow/.local/lib/python3.7/site-packages/airflow/example_dags/example_sla_dag.py
[2023-07-24 01:24:32,670] {processor.py:641} INFO - Processing file /home/airflow/.local/lib/python3.7/site-packages/airflow/example_dags/example_sla_dag.py for tasks to queue
[2023-07-24 01:24:32,670] {logging_mixin.py:115} INFO - [2023-07-24 01:24:32,670] {dagbag.py:508} INFO - Filling up the DagBag from /home/airflow/.local/lib/python3.7/site-packages/airflow/example_dags/example_sla_dag.py
[2023-07-24 01:24:32,679] {processor.py:651} INFO - DAG(s) dict_keys(['example_sla_dag']) retrieved from /home/airflow/.local/lib/python3.7/site-packages/airflow/example_dags/example_sla_dag.py
[2023-07-24 01:24:32,692] {logging_mixin.py:115} INFO - [2023-07-24 01:24:32,692] {dag.py:2420} INFO - Sync 1 DAGs
[2023-07-24 01:24:32,707] {logging_mixin.py:115} INFO - [2023-07-24 01:24:32,707] {dag.py:2972} INFO - Setting next_dagrun for example_sla_dag to 2023-07-24T01:22:00+00:00, run_after=2023-07-24T01:24:00+00:00
[2023-07-24 01:24:32,716] {processor.py:161} INFO - Processing /home/airflow/.local/lib/python3.7/site-packages/airflow/example_dags/example_sla_dag.py took 0.048 seconds
[2023-07-24 01:25:02,980] {processor.py:153} INFO - Started process (PID=647) to work on /home/airflow/.local/lib/python3.7/site-packages/airflow/example_dags/example_sla_dag.py
[2023-07-24 01:25:02,981] {processor.py:641} INFO - Processing file /home/airflow/.local/lib/python3.7/site-packages/airflow/example_dags/example_sla_dag.py for tasks to queue
[2023-07-24 01:25:02,981] {logging_mixin.py:115} INFO - [2023-07-24 01:25:02,981] {dagbag.py:508} INFO - Filling up the DagBag from /home/airflow/.local/lib/python3.7/site-packages/airflow/example_dags/example_sla_dag.py
[2023-07-24 01:25:02,989] {processor.py:651} INFO - DAG(s) dict_keys(['example_sla_dag']) retrieved from /home/airflow/.local/lib/python3.7/site-packages/airflow/example_dags/example_sla_dag.py
[2023-07-24 01:25:03,002] {logging_mixin.py:115} INFO - [2023-07-24 01:25:03,002] {dag.py:2420} INFO - Sync 1 DAGs
[2023-07-24 01:25:03,015] {logging_mixin.py:115} INFO - [2023-07-24 01:25:03,015] {dag.py:2972} INFO - Setting next_dagrun for example_sla_dag to 2023-07-24T01:22:00+00:00, run_after=2023-07-24T01:24:00+00:00
[2023-07-24 01:25:03,087] {processor.py:161} INFO - Processing /home/airflow/.local/lib/python3.7/site-packages/airflow/example_dags/example_sla_dag.py took 0.109 seconds
[2023-07-24 01:25:33,318] {processor.py:153} INFO - Started process (PID=709) to work on /home/airflow/.local/lib/python3.7/site-packages/airflow/example_dags/example_sla_dag.py
[2023-07-24 01:25:33,319] {processor.py:641} INFO - Processing file /home/airflow/.local/lib/python3.7/site-packages/airflow/example_dags/example_sla_dag.py for tasks to queue
[2023-07-24 01:25:33,319] {logging_mixin.py:115} INFO - [2023-07-24 01:25:33,319] {dagbag.py:508} INFO - Filling up the DagBag from /home/airflow/.local/lib/python3.7/site-packages/airflow/example_dags/example_sla_dag.py
[2023-07-24 01:25:33,327] {processor.py:651} INFO - DAG(s) dict_keys(['example_sla_dag']) retrieved from /home/airflow/.local/lib/python3.7/site-packages/airflow/example_dags/example_sla_dag.py
[2023-07-24 01:25:33,341] {logging_mixin.py:115} INFO - [2023-07-24 01:25:33,341] {dag.py:2420} INFO - Sync 1 DAGs
[2023-07-24 01:25:33,354] {logging_mixin.py:115} INFO - [2023-07-24 01:25:33,354] {dag.py:2972} INFO - Setting next_dagrun for example_sla_dag to 2023-07-24T01:22:00+00:00, run_after=2023-07-24T01:24:00+00:00
[2023-07-24 01:25:33,427] {processor.py:161} INFO - Processing /home/airflow/.local/lib/python3.7/site-packages/airflow/example_dags/example_sla_dag.py took 0.111 seconds
[2023-07-24 01:26:03,689] {processor.py:153} INFO - Started process (PID=769) to work on /home/airflow/.local/lib/python3.7/site-packages/airflow/example_dags/example_sla_dag.py
[2023-07-24 01:26:03,690] {processor.py:641} INFO - Processing file /home/airflow/.local/lib/python3.7/site-packages/airflow/example_dags/example_sla_dag.py for tasks to queue
[2023-07-24 01:26:03,691] {logging_mixin.py:115} INFO - [2023-07-24 01:26:03,690] {dagbag.py:508} INFO - Filling up the DagBag from /home/airflow/.local/lib/python3.7/site-packages/airflow/example_dags/example_sla_dag.py
[2023-07-24 01:26:03,698] {processor.py:651} INFO - DAG(s) dict_keys(['example_sla_dag']) retrieved from /home/airflow/.local/lib/python3.7/site-packages/airflow/example_dags/example_sla_dag.py
[2023-07-24 01:26:03,711] {logging_mixin.py:115} INFO - [2023-07-24 01:26:03,711] {dag.py:2420} INFO - Sync 1 DAGs
[2023-07-24 01:26:03,724] {logging_mixin.py:115} INFO - [2023-07-24 01:26:03,724] {dag.py:2972} INFO - Setting next_dagrun for example_sla_dag to 2023-07-24T01:24:00+00:00, run_after=2023-07-24T01:26:00+00:00
[2023-07-24 01:26:03,799] {processor.py:161} INFO - Processing /home/airflow/.local/lib/python3.7/site-packages/airflow/example_dags/example_sla_dag.py took 0.111 seconds
[2023-07-24 01:26:33,965] {processor.py:153} INFO - Started process (PID=830) to work on /home/airflow/.local/lib/python3.7/site-packages/airflow/example_dags/example_sla_dag.py
[2023-07-24 01:26:33,965] {processor.py:641} INFO - Processing file /home/airflow/.local/lib/python3.7/site-packages/airflow/example_dags/example_sla_dag.py for tasks to queue
[2023-07-24 01:26:33,966] {logging_mixin.py:115} INFO - [2023-07-24 01:26:33,966] {dagbag.py:508} INFO - Filling up the DagBag from /home/airflow/.local/lib/python3.7/site-packages/airflow/example_dags/example_sla_dag.py
[2023-07-24 01:26:33,973] {processor.py:651} INFO - DAG(s) dict_keys(['example_sla_dag']) retrieved from /home/airflow/.local/lib/python3.7/site-packages/airflow/example_dags/example_sla_dag.py
[2023-07-24 01:26:33,986] {logging_mixin.py:115} INFO - [2023-07-24 01:26:33,986] {dag.py:2420} INFO - Sync 1 DAGs
[2023-07-24 01:26:33,999] {logging_mixin.py:115} INFO - [2023-07-24 01:26:33,999] {dag.py:2972} INFO - Setting next_dagrun for example_sla_dag to 2023-07-24T01:24:00+00:00, run_after=2023-07-24T01:26:00+00:00
[2023-07-24 01:26:34,073] {processor.py:161} INFO - Processing /home/airflow/.local/lib/python3.7/site-packages/airflow/example_dags/example_sla_dag.py took 0.110 seconds
[2023-07-24 01:27:04,289] {processor.py:153} INFO - Started process (PID=882) to work on /home/airflow/.local/lib/python3.7/site-packages/airflow/example_dags/example_sla_dag.py
[2023-07-24 01:27:04,289] {processor.py:641} INFO - Processing file /home/airflow/.local/lib/python3.7/site-packages/airflow/example_dags/example_sla_dag.py for tasks to queue
[2023-07-24 01:27:04,289] {logging_mixin.py:115} INFO - [2023-07-24 01:27:04,289] {dagbag.py:508} INFO - Filling up the DagBag from /home/airflow/.local/lib/python3.7/site-packages/airflow/example_dags/example_sla_dag.py
[2023-07-24 01:27:04,297] {processor.py:651} INFO - DAG(s) dict_keys(['example_sla_dag']) retrieved from /home/airflow/.local/lib/python3.7/site-packages/airflow/example_dags/example_sla_dag.py
[2023-07-24 01:27:04,310] {logging_mixin.py:115} INFO - [2023-07-24 01:27:04,310] {dag.py:2420} INFO - Sync 1 DAGs
[2023-07-24 01:27:04,323] {logging_mixin.py:115} INFO - [2023-07-24 01:27:04,323] {dag.py:2972} INFO - Setting next_dagrun for example_sla_dag to 2023-07-24T01:24:00+00:00, run_after=2023-07-24T01:26:00+00:00
[2023-07-24 01:27:04,395] {processor.py:161} INFO - Processing /home/airflow/.local/lib/python3.7/site-packages/airflow/example_dags/example_sla_dag.py took 0.108 seconds
[2023-07-24 01:27:34,652] {processor.py:153} INFO - Started process (PID=943) to work on /home/airflow/.local/lib/python3.7/site-packages/airflow/example_dags/example_sla_dag.py
[2023-07-24 01:27:34,654] {processor.py:641} INFO - Processing file /home/airflow/.local/lib/python3.7/site-packages/airflow/example_dags/example_sla_dag.py for tasks to queue
[2023-07-24 01:27:34,654] {logging_mixin.py:115} INFO - [2023-07-24 01:27:34,654] {dagbag.py:508} INFO - Filling up the DagBag from /home/airflow/.local/lib/python3.7/site-packages/airflow/example_dags/example_sla_dag.py
[2023-07-24 01:27:34,662] {processor.py:651} INFO - DAG(s) dict_keys(['example_sla_dag']) retrieved from /home/airflow/.local/lib/python3.7/site-packages/airflow/example_dags/example_sla_dag.py
[2023-07-24 01:27:34,674] {logging_mixin.py:115} INFO - [2023-07-24 01:27:34,674] {dag.py:2420} INFO - Sync 1 DAGs
[2023-07-24 01:27:34,688] {logging_mixin.py:115} INFO - [2023-07-24 01:27:34,688] {dag.py:2972} INFO - Setting next_dagrun for example_sla_dag to 2023-07-24T01:24:00+00:00, run_after=2023-07-24T01:26:00+00:00
[2023-07-24 01:27:34,760] {processor.py:161} INFO - Processing /home/airflow/.local/lib/python3.7/site-packages/airflow/example_dags/example_sla_dag.py took 0.109 seconds
[2023-07-24 01:28:05,008] {processor.py:153} INFO - Started process (PID=1004) to work on /home/airflow/.local/lib/python3.7/site-packages/airflow/example_dags/example_sla_dag.py
[2023-07-24 01:28:05,009] {processor.py:641} INFO - Processing file /home/airflow/.local/lib/python3.7/site-packages/airflow/example_dags/example_sla_dag.py for tasks to queue
[2023-07-24 01:28:05,009] {logging_mixin.py:115} INFO - [2023-07-24 01:28:05,009] {dagbag.py:508} INFO - Filling up the DagBag from /home/airflow/.local/lib/python3.7/site-packages/airflow/example_dags/example_sla_dag.py
[2023-07-24 01:28:05,017] {processor.py:651} INFO - DAG(s) dict_keys(['example_sla_dag']) retrieved from /home/airflow/.local/lib/python3.7/site-packages/airflow/example_dags/example_sla_dag.py
[2023-07-24 01:28:05,030] {logging_mixin.py:115} INFO - [2023-07-24 01:28:05,030] {dag.py:2420} INFO - Sync 1 DAGs
[2023-07-24 01:28:05,044] {logging_mixin.py:115} INFO - [2023-07-24 01:28:05,044] {dag.py:2972} INFO - Setting next_dagrun for example_sla_dag to 2023-07-24T01:26:00+00:00, run_after=2023-07-24T01:28:00+00:00
[2023-07-24 01:28:05,119] {processor.py:161} INFO - Processing /home/airflow/.local/lib/python3.7/site-packages/airflow/example_dags/example_sla_dag.py took 0.112 seconds
[2023-07-24 01:28:35,465] {processor.py:153} INFO - Started process (PID=1065) to work on /home/airflow/.local/lib/python3.7/site-packages/airflow/example_dags/example_sla_dag.py
[2023-07-24 01:28:35,465] {processor.py:641} INFO - Processing file /home/airflow/.local/lib/python3.7/site-packages/airflow/example_dags/example_sla_dag.py for tasks to queue
[2023-07-24 01:28:35,465] {logging_mixin.py:115} INFO - [2023-07-24 01:28:35,465] {dagbag.py:508} INFO - Filling up the DagBag from /home/airflow/.local/lib/python3.7/site-packages/airflow/example_dags/example_sla_dag.py
[2023-07-24 01:28:35,473] {processor.py:651} INFO - DAG(s) dict_keys(['example_sla_dag']) retrieved from /home/airflow/.local/lib/python3.7/site-packages/airflow/example_dags/example_sla_dag.py
[2023-07-24 01:28:35,486] {logging_mixin.py:115} INFO - [2023-07-24 01:28:35,486] {dag.py:2420} INFO - Sync 1 DAGs
[2023-07-24 01:28:35,499] {logging_mixin.py:115} INFO - [2023-07-24 01:28:35,499] {dag.py:2972} INFO - Setting next_dagrun for example_sla_dag to 2023-07-24T01:26:00+00:00, run_after=2023-07-24T01:28:00+00:00
[2023-07-24 01:28:35,576] {processor.py:161} INFO - Processing /home/airflow/.local/lib/python3.7/site-packages/airflow/example_dags/example_sla_dag.py took 0.112 seconds
[2023-07-24 01:29:06,006] {processor.py:153} INFO - Started process (PID=1117) to work on /home/airflow/.local/lib/python3.7/site-packages/airflow/example_dags/example_sla_dag.py
[2023-07-24 01:29:06,006] {processor.py:641} INFO - Processing file /home/airflow/.local/lib/python3.7/site-packages/airflow/example_dags/example_sla_dag.py for tasks to queue
[2023-07-24 01:29:06,006] {logging_mixin.py:115} INFO - [2023-07-24 01:29:06,006] {dagbag.py:508} INFO - Filling up the DagBag from /home/airflow/.local/lib/python3.7/site-packages/airflow/example_dags/example_sla_dag.py
[2023-07-24 01:29:06,014] {processor.py:651} INFO - DAG(s) dict_keys(['example_sla_dag']) retrieved from /home/airflow/.local/lib/python3.7/site-packages/airflow/example_dags/example_sla_dag.py
[2023-07-24 01:29:06,027] {logging_mixin.py:115} INFO - [2023-07-24 01:29:06,027] {dag.py:2420} INFO - Sync 1 DAGs
[2023-07-24 01:29:06,041] {logging_mixin.py:115} INFO - [2023-07-24 01:29:06,041] {dag.py:2972} INFO - Setting next_dagrun for example_sla_dag to 2023-07-24T01:26:00+00:00, run_after=2023-07-24T01:28:00+00:00
[2023-07-24 01:29:06,118] {processor.py:161} INFO - Processing /home/airflow/.local/lib/python3.7/site-packages/airflow/example_dags/example_sla_dag.py took 0.114 seconds
[2023-07-24 01:29:36,708] {processor.py:153} INFO - Started process (PID=1178) to work on /home/airflow/.local/lib/python3.7/site-packages/airflow/example_dags/example_sla_dag.py
[2023-07-24 01:29:36,708] {processor.py:641} INFO - Processing file /home/airflow/.local/lib/python3.7/site-packages/airflow/example_dags/example_sla_dag.py for tasks to queue
[2023-07-24 01:29:36,709] {logging_mixin.py:115} INFO - [2023-07-24 01:29:36,709] {dagbag.py:508} INFO - Filling up the DagBag from /home/airflow/.local/lib/python3.7/site-packages/airflow/example_dags/example_sla_dag.py
[2023-07-24 01:29:36,717] {processor.py:651} INFO - DAG(s) dict_keys(['example_sla_dag']) retrieved from /home/airflow/.local/lib/python3.7/site-packages/airflow/example_dags/example_sla_dag.py
[2023-07-24 01:29:36,730] {logging_mixin.py:115} INFO - [2023-07-24 01:29:36,730] {dag.py:2420} INFO - Sync 1 DAGs
[2023-07-24 01:29:36,745] {logging_mixin.py:115} INFO - [2023-07-24 01:29:36,745] {dag.py:2972} INFO - Setting next_dagrun for example_sla_dag to 2023-07-24T01:26:00+00:00, run_after=2023-07-24T01:28:00+00:00
[2023-07-24 01:29:36,824] {processor.py:161} INFO - Processing /home/airflow/.local/lib/python3.7/site-packages/airflow/example_dags/example_sla_dag.py took 0.118 seconds
[2023-07-24 01:30:07,029] {processor.py:153} INFO - Started process (PID=1239) to work on /home/airflow/.local/lib/python3.7/site-packages/airflow/example_dags/example_sla_dag.py
[2023-07-24 01:30:07,029] {processor.py:641} INFO - Processing file /home/airflow/.local/lib/python3.7/site-packages/airflow/example_dags/example_sla_dag.py for tasks to queue
[2023-07-24 01:30:07,029] {logging_mixin.py:115} INFO - [2023-07-24 01:30:07,029] {dagbag.py:508} INFO - Filling up the DagBag from /home/airflow/.local/lib/python3.7/site-packages/airflow/example_dags/example_sla_dag.py
[2023-07-24 01:30:07,037] {processor.py:651} INFO - DAG(s) dict_keys(['example_sla_dag']) retrieved from /home/airflow/.local/lib/python3.7/site-packages/airflow/example_dags/example_sla_dag.py
[2023-07-24 01:30:07,048] {logging_mixin.py:115} INFO - [2023-07-24 01:30:07,048] {dag.py:2420} INFO - Sync 1 DAGs
[2023-07-24 01:30:07,061] {logging_mixin.py:115} INFO - [2023-07-24 01:30:07,061] {dag.py:2972} INFO - Setting next_dagrun for example_sla_dag to 2023-07-24T01:28:00+00:00, run_after=2023-07-24T01:30:00+00:00
[2023-07-24 01:30:07,138] {processor.py:161} INFO - Processing /home/airflow/.local/lib/python3.7/site-packages/airflow/example_dags/example_sla_dag.py took 0.110 seconds
[2023-07-24 01:30:37,453] {processor.py:153} INFO - Started process (PID=1300) to work on /home/airflow/.local/lib/python3.7/site-packages/airflow/example_dags/example_sla_dag.py
[2023-07-24 01:30:37,454] {processor.py:641} INFO - Processing file /home/airflow/.local/lib/python3.7/site-packages/airflow/example_dags/example_sla_dag.py for tasks to queue
[2023-07-24 01:30:37,454] {logging_mixin.py:115} INFO - [2023-07-24 01:30:37,454] {dagbag.py:508} INFO - Filling up the DagBag from /home/airflow/.local/lib/python3.7/site-packages/airflow/example_dags/example_sla_dag.py
[2023-07-24 01:30:37,462] {processor.py:651} INFO - DAG(s) dict_keys(['example_sla_dag']) retrieved from /home/airflow/.local/lib/python3.7/site-packages/airflow/example_dags/example_sla_dag.py
[2023-07-24 01:30:37,473] {logging_mixin.py:115} INFO - [2023-07-24 01:30:37,473] {dag.py:2420} INFO - Sync 1 DAGs
[2023-07-24 01:30:37,486] {logging_mixin.py:115} INFO - [2023-07-24 01:30:37,486] {dag.py:2972} INFO - Setting next_dagrun for example_sla_dag to 2023-07-24T01:28:00+00:00, run_after=2023-07-24T01:30:00+00:00
[2023-07-24 01:30:37,560] {processor.py:161} INFO - Processing /home/airflow/.local/lib/python3.7/site-packages/airflow/example_dags/example_sla_dag.py took 0.108 seconds
[2023-07-24 01:31:07,913] {processor.py:153} INFO - Started process (PID=1351) to work on /home/airflow/.local/lib/python3.7/site-packages/airflow/example_dags/example_sla_dag.py
[2023-07-24 01:31:07,913] {processor.py:641} INFO - Processing file /home/airflow/.local/lib/python3.7/site-packages/airflow/example_dags/example_sla_dag.py for tasks to queue
[2023-07-24 01:31:07,914] {logging_mixin.py:115} INFO - [2023-07-24 01:31:07,913] {dagbag.py:508} INFO - Filling up the DagBag from /home/airflow/.local/lib/python3.7/site-packages/airflow/example_dags/example_sla_dag.py
[2023-07-24 01:31:07,922] {processor.py:651} INFO - DAG(s) dict_keys(['example_sla_dag']) retrieved from /home/airflow/.local/lib/python3.7/site-packages/airflow/example_dags/example_sla_dag.py
[2023-07-24 01:31:07,955] {logging_mixin.py:115} INFO - [2023-07-24 01:31:07,955] {dag.py:2420} INFO - Sync 1 DAGs
[2023-07-24 01:31:07,969] {logging_mixin.py:115} INFO - [2023-07-24 01:31:07,969] {dag.py:2972} INFO - Setting next_dagrun for example_sla_dag to 2023-07-24T01:28:00+00:00, run_after=2023-07-24T01:30:00+00:00
[2023-07-24 01:31:08,045] {processor.py:161} INFO - Processing /home/airflow/.local/lib/python3.7/site-packages/airflow/example_dags/example_sla_dag.py took 0.134 seconds
[2023-07-24 01:31:38,356] {processor.py:153} INFO - Started process (PID=1411) to work on /home/airflow/.local/lib/python3.7/site-packages/airflow/example_dags/example_sla_dag.py
[2023-07-24 01:31:38,357] {processor.py:641} INFO - Processing file /home/airflow/.local/lib/python3.7/site-packages/airflow/example_dags/example_sla_dag.py for tasks to queue
[2023-07-24 01:31:38,357] {logging_mixin.py:115} INFO - [2023-07-24 01:31:38,357] {dagbag.py:508} INFO - Filling up the DagBag from /home/airflow/.local/lib/python3.7/site-packages/airflow/example_dags/example_sla_dag.py
[2023-07-24 01:31:38,365] {processor.py:651} INFO - DAG(s) dict_keys(['example_sla_dag']) retrieved from /home/airflow/.local/lib/python3.7/site-packages/airflow/example_dags/example_sla_dag.py
[2023-07-24 01:31:38,378] {logging_mixin.py:115} INFO - [2023-07-24 01:31:38,378] {dag.py:2420} INFO - Sync 1 DAGs
[2023-07-24 01:31:38,392] {logging_mixin.py:115} INFO - [2023-07-24 01:31:38,392] {dag.py:2972} INFO - Setting next_dagrun for example_sla_dag to 2023-07-24T01:28:00+00:00, run_after=2023-07-24T01:30:00+00:00
[2023-07-24 01:31:38,469] {processor.py:161} INFO - Processing /home/airflow/.local/lib/python3.7/site-packages/airflow/example_dags/example_sla_dag.py took 0.115 seconds
[2023-07-24 01:32:08,644] {processor.py:153} INFO - Started process (PID=1472) to work on /home/airflow/.local/lib/python3.7/site-packages/airflow/example_dags/example_sla_dag.py
[2023-07-24 01:32:08,644] {processor.py:641} INFO - Processing file /home/airflow/.local/lib/python3.7/site-packages/airflow/example_dags/example_sla_dag.py for tasks to queue
[2023-07-24 01:32:08,644] {logging_mixin.py:115} INFO - [2023-07-24 01:32:08,644] {dagbag.py:508} INFO - Filling up the DagBag from /home/airflow/.local/lib/python3.7/site-packages/airflow/example_dags/example_sla_dag.py
[2023-07-24 01:32:08,654] {processor.py:651} INFO - DAG(s) dict_keys(['example_sla_dag']) retrieved from /home/airflow/.local/lib/python3.7/site-packages/airflow/example_dags/example_sla_dag.py
[2023-07-24 01:32:08,666] {logging_mixin.py:115} INFO - [2023-07-24 01:32:08,666] {dag.py:2420} INFO - Sync 1 DAGs
[2023-07-24 01:32:08,678] {logging_mixin.py:115} INFO - [2023-07-24 01:32:08,678] {dag.py:2972} INFO - Setting next_dagrun for example_sla_dag to 2023-07-24T01:30:00+00:00, run_after=2023-07-24T01:32:00+00:00
[2023-07-24 01:32:08,750] {processor.py:161} INFO - Processing /home/airflow/.local/lib/python3.7/site-packages/airflow/example_dags/example_sla_dag.py took 0.108 seconds
[2023-07-24 01:32:39,015] {processor.py:153} INFO - Started process (PID=1532) to work on /home/airflow/.local/lib/python3.7/site-packages/airflow/example_dags/example_sla_dag.py
[2023-07-24 01:32:39,015] {processor.py:641} INFO - Processing file /home/airflow/.local/lib/python3.7/site-packages/airflow/example_dags/example_sla_dag.py for tasks to queue
[2023-07-24 01:32:39,016] {logging_mixin.py:115} INFO - [2023-07-24 01:32:39,016] {dagbag.py:508} INFO - Filling up the DagBag from /home/airflow/.local/lib/python3.7/site-packages/airflow/example_dags/example_sla_dag.py
[2023-07-24 01:32:39,024] {processor.py:651} INFO - DAG(s) dict_keys(['example_sla_dag']) retrieved from /home/airflow/.local/lib/python3.7/site-packages/airflow/example_dags/example_sla_dag.py
[2023-07-24 01:32:39,037] {logging_mixin.py:115} INFO - [2023-07-24 01:32:39,037] {dag.py:2420} INFO - Sync 1 DAGs
[2023-07-24 01:32:39,050] {logging_mixin.py:115} INFO - [2023-07-24 01:32:39,050] {dag.py:2972} INFO - Setting next_dagrun for example_sla_dag to 2023-07-24T01:30:00+00:00, run_after=2023-07-24T01:32:00+00:00
[2023-07-24 01:32:39,127] {processor.py:161} INFO - Processing /home/airflow/.local/lib/python3.7/site-packages/airflow/example_dags/example_sla_dag.py took 0.114 seconds
[2023-07-24 01:33:09,428] {processor.py:153} INFO - Started process (PID=1593) to work on /home/airflow/.local/lib/python3.7/site-packages/airflow/example_dags/example_sla_dag.py
[2023-07-24 01:33:09,429] {processor.py:641} INFO - Processing file /home/airflow/.local/lib/python3.7/site-packages/airflow/example_dags/example_sla_dag.py for tasks to queue
[2023-07-24 01:33:09,429] {logging_mixin.py:115} INFO - [2023-07-24 01:33:09,429] {dagbag.py:508} INFO - Filling up the DagBag from /home/airflow/.local/lib/python3.7/site-packages/airflow/example_dags/example_sla_dag.py
[2023-07-24 01:33:09,438] {processor.py:651} INFO - DAG(s) dict_keys(['example_sla_dag']) retrieved from /home/airflow/.local/lib/python3.7/site-packages/airflow/example_dags/example_sla_dag.py
[2023-07-24 01:33:09,450] {logging_mixin.py:115} INFO - [2023-07-24 01:33:09,450] {dag.py:2420} INFO - Sync 1 DAGs
[2023-07-24 01:33:09,464] {logging_mixin.py:115} INFO - [2023-07-24 01:33:09,464] {dag.py:2972} INFO - Setting next_dagrun for example_sla_dag to 2023-07-24T01:30:00+00:00, run_after=2023-07-24T01:32:00+00:00
[2023-07-24 01:33:09,542] {processor.py:161} INFO - Processing /home/airflow/.local/lib/python3.7/site-packages/airflow/example_dags/example_sla_dag.py took 0.115 seconds
[2023-07-24 01:33:39,734] {processor.py:153} INFO - Started process (PID=1644) to work on /home/airflow/.local/lib/python3.7/site-packages/airflow/example_dags/example_sla_dag.py
[2023-07-24 01:33:39,734] {processor.py:641} INFO - Processing file /home/airflow/.local/lib/python3.7/site-packages/airflow/example_dags/example_sla_dag.py for tasks to queue
[2023-07-24 01:33:39,734] {logging_mixin.py:115} INFO - [2023-07-24 01:33:39,734] {dagbag.py:508} INFO - Filling up the DagBag from /home/airflow/.local/lib/python3.7/site-packages/airflow/example_dags/example_sla_dag.py
[2023-07-24 01:33:39,742] {processor.py:651} INFO - DAG(s) dict_keys(['example_sla_dag']) retrieved from /home/airflow/.local/lib/python3.7/site-packages/airflow/example_dags/example_sla_dag.py
[2023-07-24 01:33:39,754] {logging_mixin.py:115} INFO - [2023-07-24 01:33:39,754] {dag.py:2420} INFO - Sync 1 DAGs
[2023-07-24 01:33:39,768] {logging_mixin.py:115} INFO - [2023-07-24 01:33:39,768] {dag.py:2972} INFO - Setting next_dagrun for example_sla_dag to 2023-07-24T01:30:00+00:00, run_after=2023-07-24T01:32:00+00:00
[2023-07-24 01:33:39,845] {processor.py:161} INFO - Processing /home/airflow/.local/lib/python3.7/site-packages/airflow/example_dags/example_sla_dag.py took 0.113 seconds
[2023-07-24 01:34:10,186] {processor.py:153} INFO - Started process (PID=1704) to work on /home/airflow/.local/lib/python3.7/site-packages/airflow/example_dags/example_sla_dag.py
[2023-07-24 01:34:10,186] {processor.py:641} INFO - Processing file /home/airflow/.local/lib/python3.7/site-packages/airflow/example_dags/example_sla_dag.py for tasks to queue
[2023-07-24 01:34:10,186] {logging_mixin.py:115} INFO - [2023-07-24 01:34:10,186] {dagbag.py:508} INFO - Filling up the DagBag from /home/airflow/.local/lib/python3.7/site-packages/airflow/example_dags/example_sla_dag.py
[2023-07-24 01:34:10,194] {processor.py:651} INFO - DAG(s) dict_keys(['example_sla_dag']) retrieved from /home/airflow/.local/lib/python3.7/site-packages/airflow/example_dags/example_sla_dag.py
[2023-07-24 01:34:10,207] {logging_mixin.py:115} INFO - [2023-07-24 01:34:10,207] {dag.py:2420} INFO - Sync 1 DAGs
[2023-07-24 01:34:10,221] {logging_mixin.py:115} INFO - [2023-07-24 01:34:10,220] {dag.py:2972} INFO - Setting next_dagrun for example_sla_dag to 2023-07-24T01:32:00+00:00, run_after=2023-07-24T01:34:00+00:00
[2023-07-24 01:34:10,299] {processor.py:161} INFO - Processing /home/airflow/.local/lib/python3.7/site-packages/airflow/example_dags/example_sla_dag.py took 0.115 seconds
[2023-07-24 01:34:40,530] {processor.py:153} INFO - Started process (PID=1764) to work on /home/airflow/.local/lib/python3.7/site-packages/airflow/example_dags/example_sla_dag.py
[2023-07-24 01:34:40,530] {processor.py:641} INFO - Processing file /home/airflow/.local/lib/python3.7/site-packages/airflow/example_dags/example_sla_dag.py for tasks to queue
[2023-07-24 01:34:40,531] {logging_mixin.py:115} INFO - [2023-07-24 01:34:40,530] {dagbag.py:508} INFO - Filling up the DagBag from /home/airflow/.local/lib/python3.7/site-packages/airflow/example_dags/example_sla_dag.py
[2023-07-24 01:34:40,538] {processor.py:651} INFO - DAG(s) dict_keys(['example_sla_dag']) retrieved from /home/airflow/.local/lib/python3.7/site-packages/airflow/example_dags/example_sla_dag.py
[2023-07-24 01:34:40,550] {logging_mixin.py:115} INFO - [2023-07-24 01:34:40,550] {dag.py:2420} INFO - Sync 1 DAGs
[2023-07-24 01:34:40,563] {logging_mixin.py:115} INFO - [2023-07-24 01:34:40,563] {dag.py:2972} INFO - Setting next_dagrun for example_sla_dag to 2023-07-24T01:32:00+00:00, run_after=2023-07-24T01:34:00+00:00
[2023-07-24 01:34:40,637] {processor.py:161} INFO - Processing /home/airflow/.local/lib/python3.7/site-packages/airflow/example_dags/example_sla_dag.py took 0.108 seconds
