[2023-07-24 01:20:00,677] {processor.py:153} INFO - Started process (PID=63) to work on /home/airflow/.local/lib/python3.7/site-packages/airflow/example_dags/example_subdag_operator.py
[2023-07-24 01:20:00,677] {processor.py:641} INFO - Processing file /home/airflow/.local/lib/python3.7/site-packages/airflow/example_dags/example_subdag_operator.py for tasks to queue
[2023-07-24 01:20:00,678] {logging_mixin.py:115} INFO - [2023-07-24 01:20:00,678] {dagbag.py:508} INFO - Filling up the DagBag from /home/airflow/.local/lib/python3.7/site-packages/airflow/example_dags/example_subdag_operator.py
[2023-07-24 01:20:00,692] {processor.py:651} INFO - DAG(s) dict_keys(['example_subdag_operator.section-1', 'example_subdag_operator.section-2', 'example_subdag_operator']) retrieved from /home/airflow/.local/lib/python3.7/site-packages/airflow/example_dags/example_subdag_operator.py
[2023-07-24 01:20:00,819] {logging_mixin.py:115} INFO - [2023-07-24 01:20:00,819] {manager.py:508} INFO - Created Permission View: can edit on DAG:example_subdag_operator
[2023-07-24 01:20:00,829] {logging_mixin.py:115} INFO - [2023-07-24 01:20:00,829] {manager.py:508} INFO - Created Permission View: can read on DAG:example_subdag_operator
[2023-07-24 01:20:00,837] {logging_mixin.py:115} INFO - [2023-07-24 01:20:00,837] {manager.py:508} INFO - Created Permission View: can delete on DAG:example_subdag_operator
[2023-07-24 01:20:00,837] {logging_mixin.py:115} INFO - [2023-07-24 01:20:00,837] {dag.py:2420} INFO - Sync 3 DAGs
[2023-07-24 01:20:00,842] {logging_mixin.py:115} INFO - [2023-07-24 01:20:00,842] {dag.py:2439} INFO - Creating ORM DAG for example_subdag_operator.section-2
[2023-07-24 01:20:00,842] {logging_mixin.py:115} INFO - [2023-07-24 01:20:00,842] {dag.py:2439} INFO - Creating ORM DAG for example_subdag_operator
[2023-07-24 01:20:00,843] {logging_mixin.py:115} INFO - [2023-07-24 01:20:00,843] {dag.py:2439} INFO - Creating ORM DAG for example_subdag_operator.section-1
[2023-07-24 01:20:00,848] {logging_mixin.py:115} INFO - [2023-07-24 01:20:00,848] {dag.py:2972} INFO - Setting next_dagrun for example_subdag_operator to 2022-01-01T00:00:00+00:00, run_after=2022-01-01T00:00:00+00:00
[2023-07-24 01:20:00,848] {logging_mixin.py:115} INFO - [2023-07-24 01:20:00,848] {dag.py:2972} INFO - Setting next_dagrun for example_subdag_operator.section-1 to None, run_after=None
[2023-07-24 01:20:00,848] {logging_mixin.py:115} INFO - [2023-07-24 01:20:00,848] {dag.py:2972} INFO - Setting next_dagrun for example_subdag_operator.section-2 to None, run_after=None
[2023-07-24 01:20:00,854] {logging_mixin.py:115} INFO - [2023-07-24 01:20:00,854] {dag.py:2420} INFO - Sync 2 DAGs
[2023-07-24 01:20:00,857] {logging_mixin.py:115} INFO - [2023-07-24 01:20:00,857] {dag.py:2972} INFO - Setting next_dagrun for example_subdag_operator.section-1 to None, run_after=None
[2023-07-24 01:20:00,857] {logging_mixin.py:115} INFO - [2023-07-24 01:20:00,857] {dag.py:2972} INFO - Setting next_dagrun for example_subdag_operator.section-2 to None, run_after=None
[2023-07-24 01:20:00,865] {processor.py:161} INFO - Processing /home/airflow/.local/lib/python3.7/site-packages/airflow/example_dags/example_subdag_operator.py took 0.189 seconds
[2023-07-24 01:20:31,169] {processor.py:153} INFO - Started process (PID=123) to work on /home/airflow/.local/lib/python3.7/site-packages/airflow/example_dags/example_subdag_operator.py
[2023-07-24 01:20:31,169] {processor.py:641} INFO - Processing file /home/airflow/.local/lib/python3.7/site-packages/airflow/example_dags/example_subdag_operator.py for tasks to queue
[2023-07-24 01:20:31,169] {logging_mixin.py:115} INFO - [2023-07-24 01:20:31,169] {dagbag.py:508} INFO - Filling up the DagBag from /home/airflow/.local/lib/python3.7/site-packages/airflow/example_dags/example_subdag_operator.py
[2023-07-24 01:20:31,181] {processor.py:651} INFO - DAG(s) dict_keys(['example_subdag_operator.section-1', 'example_subdag_operator.section-2', 'example_subdag_operator']) retrieved from /home/airflow/.local/lib/python3.7/site-packages/airflow/example_dags/example_subdag_operator.py
[2023-07-24 01:20:31,193] {logging_mixin.py:115} INFO - [2023-07-24 01:20:31,193] {dag.py:2420} INFO - Sync 3 DAGs
[2023-07-24 01:20:31,203] {logging_mixin.py:115} INFO - [2023-07-24 01:20:31,203] {dag.py:2972} INFO - Setting next_dagrun for example_subdag_operator to 2022-01-01T00:00:00+00:00, run_after=2022-01-01T00:00:00+00:00
[2023-07-24 01:20:31,203] {logging_mixin.py:115} INFO - [2023-07-24 01:20:31,203] {dag.py:2972} INFO - Setting next_dagrun for example_subdag_operator.section-1 to None, run_after=None
[2023-07-24 01:20:31,203] {logging_mixin.py:115} INFO - [2023-07-24 01:20:31,203] {dag.py:2972} INFO - Setting next_dagrun for example_subdag_operator.section-2 to None, run_after=None
[2023-07-24 01:20:31,208] {logging_mixin.py:115} INFO - [2023-07-24 01:20:31,208] {dag.py:2420} INFO - Sync 2 DAGs
[2023-07-24 01:20:31,211] {logging_mixin.py:115} INFO - [2023-07-24 01:20:31,211] {dag.py:2972} INFO - Setting next_dagrun for example_subdag_operator.section-1 to None, run_after=None
[2023-07-24 01:20:31,211] {logging_mixin.py:115} INFO - [2023-07-24 01:20:31,211] {dag.py:2972} INFO - Setting next_dagrun for example_subdag_operator.section-2 to None, run_after=None
[2023-07-24 01:20:31,217] {processor.py:161} INFO - Processing /home/airflow/.local/lib/python3.7/site-packages/airflow/example_dags/example_subdag_operator.py took 0.050 seconds
[2023-07-24 01:21:01,391] {processor.py:153} INFO - Started process (PID=184) to work on /home/airflow/.local/lib/python3.7/site-packages/airflow/example_dags/example_subdag_operator.py
[2023-07-24 01:21:01,392] {processor.py:641} INFO - Processing file /home/airflow/.local/lib/python3.7/site-packages/airflow/example_dags/example_subdag_operator.py for tasks to queue
[2023-07-24 01:21:01,392] {logging_mixin.py:115} INFO - [2023-07-24 01:21:01,392] {dagbag.py:508} INFO - Filling up the DagBag from /home/airflow/.local/lib/python3.7/site-packages/airflow/example_dags/example_subdag_operator.py
[2023-07-24 01:21:01,405] {processor.py:651} INFO - DAG(s) dict_keys(['example_subdag_operator.section-1', 'example_subdag_operator.section-2', 'example_subdag_operator']) retrieved from /home/airflow/.local/lib/python3.7/site-packages/airflow/example_dags/example_subdag_operator.py
[2023-07-24 01:21:01,417] {logging_mixin.py:115} INFO - [2023-07-24 01:21:01,417] {dag.py:2420} INFO - Sync 3 DAGs
[2023-07-24 01:21:01,428] {logging_mixin.py:115} INFO - [2023-07-24 01:21:01,427] {dag.py:2972} INFO - Setting next_dagrun for example_subdag_operator to 2022-01-01T00:00:00+00:00, run_after=2022-01-01T00:00:00+00:00
[2023-07-24 01:21:01,428] {logging_mixin.py:115} INFO - [2023-07-24 01:21:01,428] {dag.py:2972} INFO - Setting next_dagrun for example_subdag_operator.section-1 to None, run_after=None
[2023-07-24 01:21:01,428] {logging_mixin.py:115} INFO - [2023-07-24 01:21:01,428] {dag.py:2972} INFO - Setting next_dagrun for example_subdag_operator.section-2 to None, run_after=None
[2023-07-24 01:21:01,432] {logging_mixin.py:115} INFO - [2023-07-24 01:21:01,432] {dag.py:2420} INFO - Sync 2 DAGs
[2023-07-24 01:21:01,436] {logging_mixin.py:115} INFO - [2023-07-24 01:21:01,436] {dag.py:2972} INFO - Setting next_dagrun for example_subdag_operator.section-1 to None, run_after=None
[2023-07-24 01:21:01,436] {logging_mixin.py:115} INFO - [2023-07-24 01:21:01,436] {dag.py:2972} INFO - Setting next_dagrun for example_subdag_operator.section-2 to None, run_after=None
[2023-07-24 01:21:01,444] {processor.py:161} INFO - Processing /home/airflow/.local/lib/python3.7/site-packages/airflow/example_dags/example_subdag_operator.py took 0.055 seconds
[2023-07-24 01:21:31,734] {processor.py:153} INFO - Started process (PID=244) to work on /home/airflow/.local/lib/python3.7/site-packages/airflow/example_dags/example_subdag_operator.py
[2023-07-24 01:21:31,735] {processor.py:641} INFO - Processing file /home/airflow/.local/lib/python3.7/site-packages/airflow/example_dags/example_subdag_operator.py for tasks to queue
[2023-07-24 01:21:31,736] {logging_mixin.py:115} INFO - [2023-07-24 01:21:31,736] {dagbag.py:508} INFO - Filling up the DagBag from /home/airflow/.local/lib/python3.7/site-packages/airflow/example_dags/example_subdag_operator.py
[2023-07-24 01:21:31,749] {processor.py:651} INFO - DAG(s) dict_keys(['example_subdag_operator.section-1', 'example_subdag_operator.section-2', 'example_subdag_operator']) retrieved from /home/airflow/.local/lib/python3.7/site-packages/airflow/example_dags/example_subdag_operator.py
[2023-07-24 01:21:31,761] {logging_mixin.py:115} INFO - [2023-07-24 01:21:31,761] {dag.py:2420} INFO - Sync 3 DAGs
[2023-07-24 01:21:31,772] {logging_mixin.py:115} INFO - [2023-07-24 01:21:31,772] {dag.py:2972} INFO - Setting next_dagrun for example_subdag_operator to 2022-01-01T00:00:00+00:00, run_after=2022-01-01T00:00:00+00:00
[2023-07-24 01:21:31,772] {logging_mixin.py:115} INFO - [2023-07-24 01:21:31,772] {dag.py:2972} INFO - Setting next_dagrun for example_subdag_operator.section-1 to None, run_after=None
[2023-07-24 01:21:31,772] {logging_mixin.py:115} INFO - [2023-07-24 01:21:31,772] {dag.py:2972} INFO - Setting next_dagrun for example_subdag_operator.section-2 to None, run_after=None
[2023-07-24 01:21:31,777] {logging_mixin.py:115} INFO - [2023-07-24 01:21:31,777] {dag.py:2420} INFO - Sync 2 DAGs
[2023-07-24 01:21:31,780] {logging_mixin.py:115} INFO - [2023-07-24 01:21:31,780] {dag.py:2972} INFO - Setting next_dagrun for example_subdag_operator.section-1 to None, run_after=None
[2023-07-24 01:21:31,780] {logging_mixin.py:115} INFO - [2023-07-24 01:21:31,780] {dag.py:2972} INFO - Setting next_dagrun for example_subdag_operator.section-2 to None, run_after=None
[2023-07-24 01:21:31,787] {processor.py:161} INFO - Processing /home/airflow/.local/lib/python3.7/site-packages/airflow/example_dags/example_subdag_operator.py took 0.055 seconds
[2023-07-24 01:22:01,929] {processor.py:153} INFO - Started process (PID=296) to work on /home/airflow/.local/lib/python3.7/site-packages/airflow/example_dags/example_subdag_operator.py
[2023-07-24 01:22:01,929] {processor.py:641} INFO - Processing file /home/airflow/.local/lib/python3.7/site-packages/airflow/example_dags/example_subdag_operator.py for tasks to queue
[2023-07-24 01:22:01,929] {logging_mixin.py:115} INFO - [2023-07-24 01:22:01,929] {dagbag.py:508} INFO - Filling up the DagBag from /home/airflow/.local/lib/python3.7/site-packages/airflow/example_dags/example_subdag_operator.py
[2023-07-24 01:22:01,943] {processor.py:651} INFO - DAG(s) dict_keys(['example_subdag_operator.section-1', 'example_subdag_operator.section-2', 'example_subdag_operator']) retrieved from /home/airflow/.local/lib/python3.7/site-packages/airflow/example_dags/example_subdag_operator.py
[2023-07-24 01:22:01,955] {logging_mixin.py:115} INFO - [2023-07-24 01:22:01,955] {dag.py:2420} INFO - Sync 3 DAGs
[2023-07-24 01:22:01,966] {logging_mixin.py:115} INFO - [2023-07-24 01:22:01,965] {dag.py:2972} INFO - Setting next_dagrun for example_subdag_operator to 2022-01-01T00:00:00+00:00, run_after=2022-01-01T00:00:00+00:00
[2023-07-24 01:22:01,966] {logging_mixin.py:115} INFO - [2023-07-24 01:22:01,966] {dag.py:2972} INFO - Setting next_dagrun for example_subdag_operator.section-1 to None, run_after=None
[2023-07-24 01:22:01,966] {logging_mixin.py:115} INFO - [2023-07-24 01:22:01,966] {dag.py:2972} INFO - Setting next_dagrun for example_subdag_operator.section-2 to None, run_after=None
[2023-07-24 01:22:01,970] {logging_mixin.py:115} INFO - [2023-07-24 01:22:01,970] {dag.py:2420} INFO - Sync 2 DAGs
[2023-07-24 01:22:01,973] {logging_mixin.py:115} INFO - [2023-07-24 01:22:01,973] {dag.py:2972} INFO - Setting next_dagrun for example_subdag_operator.section-1 to None, run_after=None
[2023-07-24 01:22:01,973] {logging_mixin.py:115} INFO - [2023-07-24 01:22:01,973] {dag.py:2972} INFO - Setting next_dagrun for example_subdag_operator.section-2 to None, run_after=None
[2023-07-24 01:22:01,981] {processor.py:161} INFO - Processing /home/airflow/.local/lib/python3.7/site-packages/airflow/example_dags/example_subdag_operator.py took 0.053 seconds
[2023-07-24 01:22:32,116] {processor.py:153} INFO - Started process (PID=357) to work on /home/airflow/.local/lib/python3.7/site-packages/airflow/example_dags/example_subdag_operator.py
[2023-07-24 01:22:32,117] {processor.py:641} INFO - Processing file /home/airflow/.local/lib/python3.7/site-packages/airflow/example_dags/example_subdag_operator.py for tasks to queue
[2023-07-24 01:22:32,117] {logging_mixin.py:115} INFO - [2023-07-24 01:22:32,117] {dagbag.py:508} INFO - Filling up the DagBag from /home/airflow/.local/lib/python3.7/site-packages/airflow/example_dags/example_subdag_operator.py
[2023-07-24 01:22:32,131] {processor.py:651} INFO - DAG(s) dict_keys(['example_subdag_operator.section-1', 'example_subdag_operator.section-2', 'example_subdag_operator']) retrieved from /home/airflow/.local/lib/python3.7/site-packages/airflow/example_dags/example_subdag_operator.py
[2023-07-24 01:22:32,143] {logging_mixin.py:115} INFO - [2023-07-24 01:22:32,143] {dag.py:2420} INFO - Sync 3 DAGs
[2023-07-24 01:22:32,154] {logging_mixin.py:115} INFO - [2023-07-24 01:22:32,154] {dag.py:2972} INFO - Setting next_dagrun for example_subdag_operator to 2022-01-01T00:00:00+00:00, run_after=2022-01-01T00:00:00+00:00
[2023-07-24 01:22:32,154] {logging_mixin.py:115} INFO - [2023-07-24 01:22:32,154] {dag.py:2972} INFO - Setting next_dagrun for example_subdag_operator.section-1 to None, run_after=None
[2023-07-24 01:22:32,154] {logging_mixin.py:115} INFO - [2023-07-24 01:22:32,154] {dag.py:2972} INFO - Setting next_dagrun for example_subdag_operator.section-2 to None, run_after=None
[2023-07-24 01:22:32,158] {logging_mixin.py:115} INFO - [2023-07-24 01:22:32,158] {dag.py:2420} INFO - Sync 2 DAGs
[2023-07-24 01:22:32,161] {logging_mixin.py:115} INFO - [2023-07-24 01:22:32,161] {dag.py:2972} INFO - Setting next_dagrun for example_subdag_operator.section-1 to None, run_after=None
[2023-07-24 01:22:32,162] {logging_mixin.py:115} INFO - [2023-07-24 01:22:32,162] {dag.py:2972} INFO - Setting next_dagrun for example_subdag_operator.section-2 to None, run_after=None
[2023-07-24 01:22:32,169] {processor.py:161} INFO - Processing /home/airflow/.local/lib/python3.7/site-packages/airflow/example_dags/example_subdag_operator.py took 0.054 seconds
[2023-07-24 01:23:02,360] {processor.py:153} INFO - Started process (PID=418) to work on /home/airflow/.local/lib/python3.7/site-packages/airflow/example_dags/example_subdag_operator.py
[2023-07-24 01:23:02,360] {processor.py:641} INFO - Processing file /home/airflow/.local/lib/python3.7/site-packages/airflow/example_dags/example_subdag_operator.py for tasks to queue
[2023-07-24 01:23:02,361] {logging_mixin.py:115} INFO - [2023-07-24 01:23:02,361] {dagbag.py:508} INFO - Filling up the DagBag from /home/airflow/.local/lib/python3.7/site-packages/airflow/example_dags/example_subdag_operator.py
[2023-07-24 01:23:02,374] {processor.py:651} INFO - DAG(s) dict_keys(['example_subdag_operator.section-1', 'example_subdag_operator.section-2', 'example_subdag_operator']) retrieved from /home/airflow/.local/lib/python3.7/site-packages/airflow/example_dags/example_subdag_operator.py
[2023-07-24 01:23:02,386] {logging_mixin.py:115} INFO - [2023-07-24 01:23:02,386] {dag.py:2420} INFO - Sync 3 DAGs
[2023-07-24 01:23:02,397] {logging_mixin.py:115} INFO - [2023-07-24 01:23:02,397] {dag.py:2972} INFO - Setting next_dagrun for example_subdag_operator to 2022-01-01T00:00:00+00:00, run_after=2022-01-01T00:00:00+00:00
[2023-07-24 01:23:02,397] {logging_mixin.py:115} INFO - [2023-07-24 01:23:02,397] {dag.py:2972} INFO - Setting next_dagrun for example_subdag_operator.section-1 to None, run_after=None
[2023-07-24 01:23:02,397] {logging_mixin.py:115} INFO - [2023-07-24 01:23:02,397] {dag.py:2972} INFO - Setting next_dagrun for example_subdag_operator.section-2 to None, run_after=None
[2023-07-24 01:23:02,402] {logging_mixin.py:115} INFO - [2023-07-24 01:23:02,402] {dag.py:2420} INFO - Sync 2 DAGs
[2023-07-24 01:23:02,404] {logging_mixin.py:115} INFO - [2023-07-24 01:23:02,404] {dag.py:2972} INFO - Setting next_dagrun for example_subdag_operator.section-1 to None, run_after=None
[2023-07-24 01:23:02,405] {logging_mixin.py:115} INFO - [2023-07-24 01:23:02,404] {dag.py:2972} INFO - Setting next_dagrun for example_subdag_operator.section-2 to None, run_after=None
[2023-07-24 01:23:02,410] {processor.py:161} INFO - Processing /home/airflow/.local/lib/python3.7/site-packages/airflow/example_dags/example_subdag_operator.py took 0.052 seconds
[2023-07-24 01:23:32,497] {processor.py:153} INFO - Started process (PID=479) to work on /home/airflow/.local/lib/python3.7/site-packages/airflow/example_dags/example_subdag_operator.py
[2023-07-24 01:23:32,498] {processor.py:641} INFO - Processing file /home/airflow/.local/lib/python3.7/site-packages/airflow/example_dags/example_subdag_operator.py for tasks to queue
[2023-07-24 01:23:32,499] {logging_mixin.py:115} INFO - [2023-07-24 01:23:32,499] {dagbag.py:508} INFO - Filling up the DagBag from /home/airflow/.local/lib/python3.7/site-packages/airflow/example_dags/example_subdag_operator.py
[2023-07-24 01:23:32,511] {processor.py:651} INFO - DAG(s) dict_keys(['example_subdag_operator.section-1', 'example_subdag_operator.section-2', 'example_subdag_operator']) retrieved from /home/airflow/.local/lib/python3.7/site-packages/airflow/example_dags/example_subdag_operator.py
[2023-07-24 01:23:32,524] {logging_mixin.py:115} INFO - [2023-07-24 01:23:32,524] {dag.py:2420} INFO - Sync 3 DAGs
[2023-07-24 01:23:32,534] {logging_mixin.py:115} INFO - [2023-07-24 01:23:32,534] {dag.py:2972} INFO - Setting next_dagrun for example_subdag_operator to 2022-01-01T00:00:00+00:00, run_after=2022-01-01T00:00:00+00:00
[2023-07-24 01:23:32,535] {logging_mixin.py:115} INFO - [2023-07-24 01:23:32,535] {dag.py:2972} INFO - Setting next_dagrun for example_subdag_operator.section-1 to None, run_after=None
[2023-07-24 01:23:32,535] {logging_mixin.py:115} INFO - [2023-07-24 01:23:32,535] {dag.py:2972} INFO - Setting next_dagrun for example_subdag_operator.section-2 to None, run_after=None
[2023-07-24 01:23:32,539] {logging_mixin.py:115} INFO - [2023-07-24 01:23:32,539] {dag.py:2420} INFO - Sync 2 DAGs
[2023-07-24 01:23:32,542] {logging_mixin.py:115} INFO - [2023-07-24 01:23:32,542] {dag.py:2972} INFO - Setting next_dagrun for example_subdag_operator.section-1 to None, run_after=None
[2023-07-24 01:23:32,542] {logging_mixin.py:115} INFO - [2023-07-24 01:23:32,542] {dag.py:2972} INFO - Setting next_dagrun for example_subdag_operator.section-2 to None, run_after=None
[2023-07-24 01:23:32,549] {processor.py:161} INFO - Processing /home/airflow/.local/lib/python3.7/site-packages/airflow/example_dags/example_subdag_operator.py took 0.053 seconds
[2023-07-24 01:24:02,729] {processor.py:153} INFO - Started process (PID=540) to work on /home/airflow/.local/lib/python3.7/site-packages/airflow/example_dags/example_subdag_operator.py
[2023-07-24 01:24:02,730] {processor.py:641} INFO - Processing file /home/airflow/.local/lib/python3.7/site-packages/airflow/example_dags/example_subdag_operator.py for tasks to queue
[2023-07-24 01:24:02,730] {logging_mixin.py:115} INFO - [2023-07-24 01:24:02,730] {dagbag.py:508} INFO - Filling up the DagBag from /home/airflow/.local/lib/python3.7/site-packages/airflow/example_dags/example_subdag_operator.py
[2023-07-24 01:24:02,743] {processor.py:651} INFO - DAG(s) dict_keys(['example_subdag_operator.section-1', 'example_subdag_operator.section-2', 'example_subdag_operator']) retrieved from /home/airflow/.local/lib/python3.7/site-packages/airflow/example_dags/example_subdag_operator.py
[2023-07-24 01:24:02,756] {logging_mixin.py:115} INFO - [2023-07-24 01:24:02,756] {dag.py:2420} INFO - Sync 3 DAGs
[2023-07-24 01:24:02,766] {logging_mixin.py:115} INFO - [2023-07-24 01:24:02,766] {dag.py:2972} INFO - Setting next_dagrun for example_subdag_operator to 2022-01-01T00:00:00+00:00, run_after=2022-01-01T00:00:00+00:00
[2023-07-24 01:24:02,766] {logging_mixin.py:115} INFO - [2023-07-24 01:24:02,766] {dag.py:2972} INFO - Setting next_dagrun for example_subdag_operator.section-1 to None, run_after=None
[2023-07-24 01:24:02,766] {logging_mixin.py:115} INFO - [2023-07-24 01:24:02,766] {dag.py:2972} INFO - Setting next_dagrun for example_subdag_operator.section-2 to None, run_after=None
[2023-07-24 01:24:02,771] {logging_mixin.py:115} INFO - [2023-07-24 01:24:02,771] {dag.py:2420} INFO - Sync 2 DAGs
[2023-07-24 01:24:02,774] {logging_mixin.py:115} INFO - [2023-07-24 01:24:02,774] {dag.py:2972} INFO - Setting next_dagrun for example_subdag_operator.section-1 to None, run_after=None
[2023-07-24 01:24:02,774] {logging_mixin.py:115} INFO - [2023-07-24 01:24:02,774] {dag.py:2972} INFO - Setting next_dagrun for example_subdag_operator.section-2 to None, run_after=None
[2023-07-24 01:24:02,780] {processor.py:161} INFO - Processing /home/airflow/.local/lib/python3.7/site-packages/airflow/example_dags/example_subdag_operator.py took 0.053 seconds
[2023-07-24 01:24:32,849] {processor.py:153} INFO - Started process (PID=601) to work on /home/airflow/.local/lib/python3.7/site-packages/airflow/example_dags/example_subdag_operator.py
[2023-07-24 01:24:32,851] {processor.py:641} INFO - Processing file /home/airflow/.local/lib/python3.7/site-packages/airflow/example_dags/example_subdag_operator.py for tasks to queue
[2023-07-24 01:24:32,851] {logging_mixin.py:115} INFO - [2023-07-24 01:24:32,851] {dagbag.py:508} INFO - Filling up the DagBag from /home/airflow/.local/lib/python3.7/site-packages/airflow/example_dags/example_subdag_operator.py
[2023-07-24 01:24:32,865] {processor.py:651} INFO - DAG(s) dict_keys(['example_subdag_operator.section-1', 'example_subdag_operator.section-2', 'example_subdag_operator']) retrieved from /home/airflow/.local/lib/python3.7/site-packages/airflow/example_dags/example_subdag_operator.py
[2023-07-24 01:24:32,878] {logging_mixin.py:115} INFO - [2023-07-24 01:24:32,878] {dag.py:2420} INFO - Sync 3 DAGs
[2023-07-24 01:24:32,890] {logging_mixin.py:115} INFO - [2023-07-24 01:24:32,890] {dag.py:2972} INFO - Setting next_dagrun for example_subdag_operator to 2022-01-01T00:00:00+00:00, run_after=2022-01-01T00:00:00+00:00
[2023-07-24 01:24:32,890] {logging_mixin.py:115} INFO - [2023-07-24 01:24:32,890] {dag.py:2972} INFO - Setting next_dagrun for example_subdag_operator.section-1 to None, run_after=None
[2023-07-24 01:24:32,890] {logging_mixin.py:115} INFO - [2023-07-24 01:24:32,890] {dag.py:2972} INFO - Setting next_dagrun for example_subdag_operator.section-2 to None, run_after=None
[2023-07-24 01:24:32,895] {logging_mixin.py:115} INFO - [2023-07-24 01:24:32,895] {dag.py:2420} INFO - Sync 2 DAGs
[2023-07-24 01:24:32,899] {logging_mixin.py:115} INFO - [2023-07-24 01:24:32,899] {dag.py:2972} INFO - Setting next_dagrun for example_subdag_operator.section-1 to None, run_after=None
[2023-07-24 01:24:32,899] {logging_mixin.py:115} INFO - [2023-07-24 01:24:32,899] {dag.py:2972} INFO - Setting next_dagrun for example_subdag_operator.section-2 to None, run_after=None
[2023-07-24 01:24:32,905] {processor.py:161} INFO - Processing /home/airflow/.local/lib/python3.7/site-packages/airflow/example_dags/example_subdag_operator.py took 0.058 seconds
[2023-07-24 01:25:03,195] {processor.py:153} INFO - Started process (PID=653) to work on /home/airflow/.local/lib/python3.7/site-packages/airflow/example_dags/example_subdag_operator.py
[2023-07-24 01:25:03,196] {processor.py:641} INFO - Processing file /home/airflow/.local/lib/python3.7/site-packages/airflow/example_dags/example_subdag_operator.py for tasks to queue
[2023-07-24 01:25:03,196] {logging_mixin.py:115} INFO - [2023-07-24 01:25:03,196] {dagbag.py:508} INFO - Filling up the DagBag from /home/airflow/.local/lib/python3.7/site-packages/airflow/example_dags/example_subdag_operator.py
[2023-07-24 01:25:03,210] {processor.py:651} INFO - DAG(s) dict_keys(['example_subdag_operator.section-1', 'example_subdag_operator.section-2', 'example_subdag_operator']) retrieved from /home/airflow/.local/lib/python3.7/site-packages/airflow/example_dags/example_subdag_operator.py
[2023-07-24 01:25:03,223] {logging_mixin.py:115} INFO - [2023-07-24 01:25:03,223] {dag.py:2420} INFO - Sync 3 DAGs
[2023-07-24 01:25:03,234] {logging_mixin.py:115} INFO - [2023-07-24 01:25:03,234] {dag.py:2972} INFO - Setting next_dagrun for example_subdag_operator to 2022-01-01T00:00:00+00:00, run_after=2022-01-01T00:00:00+00:00
[2023-07-24 01:25:03,234] {logging_mixin.py:115} INFO - [2023-07-24 01:25:03,234] {dag.py:2972} INFO - Setting next_dagrun for example_subdag_operator.section-1 to None, run_after=None
[2023-07-24 01:25:03,234] {logging_mixin.py:115} INFO - [2023-07-24 01:25:03,234] {dag.py:2972} INFO - Setting next_dagrun for example_subdag_operator.section-2 to None, run_after=None
[2023-07-24 01:25:03,238] {logging_mixin.py:115} INFO - [2023-07-24 01:25:03,238] {dag.py:2420} INFO - Sync 2 DAGs
[2023-07-24 01:25:03,241] {logging_mixin.py:115} INFO - [2023-07-24 01:25:03,241] {dag.py:2972} INFO - Setting next_dagrun for example_subdag_operator.section-1 to None, run_after=None
[2023-07-24 01:25:03,241] {logging_mixin.py:115} INFO - [2023-07-24 01:25:03,241] {dag.py:2972} INFO - Setting next_dagrun for example_subdag_operator.section-2 to None, run_after=None
[2023-07-24 01:25:03,248] {processor.py:161} INFO - Processing /home/airflow/.local/lib/python3.7/site-packages/airflow/example_dags/example_subdag_operator.py took 0.054 seconds
[2023-07-24 01:25:33,489] {processor.py:153} INFO - Started process (PID=715) to work on /home/airflow/.local/lib/python3.7/site-packages/airflow/example_dags/example_subdag_operator.py
[2023-07-24 01:25:33,490] {processor.py:641} INFO - Processing file /home/airflow/.local/lib/python3.7/site-packages/airflow/example_dags/example_subdag_operator.py for tasks to queue
[2023-07-24 01:25:33,490] {logging_mixin.py:115} INFO - [2023-07-24 01:25:33,490] {dagbag.py:508} INFO - Filling up the DagBag from /home/airflow/.local/lib/python3.7/site-packages/airflow/example_dags/example_subdag_operator.py
[2023-07-24 01:25:33,503] {processor.py:651} INFO - DAG(s) dict_keys(['example_subdag_operator.section-1', 'example_subdag_operator.section-2', 'example_subdag_operator']) retrieved from /home/airflow/.local/lib/python3.7/site-packages/airflow/example_dags/example_subdag_operator.py
[2023-07-24 01:25:33,516] {logging_mixin.py:115} INFO - [2023-07-24 01:25:33,516] {dag.py:2420} INFO - Sync 3 DAGs
[2023-07-24 01:25:33,527] {logging_mixin.py:115} INFO - [2023-07-24 01:25:33,527] {dag.py:2972} INFO - Setting next_dagrun for example_subdag_operator to 2022-01-01T00:00:00+00:00, run_after=2022-01-01T00:00:00+00:00
[2023-07-24 01:25:33,527] {logging_mixin.py:115} INFO - [2023-07-24 01:25:33,527] {dag.py:2972} INFO - Setting next_dagrun for example_subdag_operator.section-1 to None, run_after=None
[2023-07-24 01:25:33,527] {logging_mixin.py:115} INFO - [2023-07-24 01:25:33,527] {dag.py:2972} INFO - Setting next_dagrun for example_subdag_operator.section-2 to None, run_after=None
[2023-07-24 01:25:33,531] {logging_mixin.py:115} INFO - [2023-07-24 01:25:33,531] {dag.py:2420} INFO - Sync 2 DAGs
[2023-07-24 01:25:33,534] {logging_mixin.py:115} INFO - [2023-07-24 01:25:33,534] {dag.py:2972} INFO - Setting next_dagrun for example_subdag_operator.section-1 to None, run_after=None
[2023-07-24 01:25:33,534] {logging_mixin.py:115} INFO - [2023-07-24 01:25:33,534] {dag.py:2972} INFO - Setting next_dagrun for example_subdag_operator.section-2 to None, run_after=None
[2023-07-24 01:25:33,542] {processor.py:161} INFO - Processing /home/airflow/.local/lib/python3.7/site-packages/airflow/example_dags/example_subdag_operator.py took 0.054 seconds
[2023-07-24 01:26:03,847] {processor.py:153} INFO - Started process (PID=774) to work on /home/airflow/.local/lib/python3.7/site-packages/airflow/example_dags/example_subdag_operator.py
[2023-07-24 01:26:03,849] {processor.py:641} INFO - Processing file /home/airflow/.local/lib/python3.7/site-packages/airflow/example_dags/example_subdag_operator.py for tasks to queue
[2023-07-24 01:26:03,850] {logging_mixin.py:115} INFO - [2023-07-24 01:26:03,849] {dagbag.py:508} INFO - Filling up the DagBag from /home/airflow/.local/lib/python3.7/site-packages/airflow/example_dags/example_subdag_operator.py
[2023-07-24 01:26:03,863] {processor.py:651} INFO - DAG(s) dict_keys(['example_subdag_operator.section-1', 'example_subdag_operator.section-2', 'example_subdag_operator']) retrieved from /home/airflow/.local/lib/python3.7/site-packages/airflow/example_dags/example_subdag_operator.py
[2023-07-24 01:26:03,875] {logging_mixin.py:115} INFO - [2023-07-24 01:26:03,875] {dag.py:2420} INFO - Sync 3 DAGs
[2023-07-24 01:26:03,885] {logging_mixin.py:115} INFO - [2023-07-24 01:26:03,885] {dag.py:2972} INFO - Setting next_dagrun for example_subdag_operator to 2022-01-01T00:00:00+00:00, run_after=2022-01-01T00:00:00+00:00
[2023-07-24 01:26:03,885] {logging_mixin.py:115} INFO - [2023-07-24 01:26:03,885] {dag.py:2972} INFO - Setting next_dagrun for example_subdag_operator.section-1 to None, run_after=None
[2023-07-24 01:26:03,885] {logging_mixin.py:115} INFO - [2023-07-24 01:26:03,885] {dag.py:2972} INFO - Setting next_dagrun for example_subdag_operator.section-2 to None, run_after=None
[2023-07-24 01:26:03,890] {logging_mixin.py:115} INFO - [2023-07-24 01:26:03,890] {dag.py:2420} INFO - Sync 2 DAGs
[2023-07-24 01:26:03,892] {logging_mixin.py:115} INFO - [2023-07-24 01:26:03,892] {dag.py:2972} INFO - Setting next_dagrun for example_subdag_operator.section-1 to None, run_after=None
[2023-07-24 01:26:03,892] {logging_mixin.py:115} INFO - [2023-07-24 01:26:03,892] {dag.py:2972} INFO - Setting next_dagrun for example_subdag_operator.section-2 to None, run_after=None
[2023-07-24 01:26:03,899] {processor.py:161} INFO - Processing /home/airflow/.local/lib/python3.7/site-packages/airflow/example_dags/example_subdag_operator.py took 0.053 seconds
[2023-07-24 01:26:34,187] {processor.py:153} INFO - Started process (PID=836) to work on /home/airflow/.local/lib/python3.7/site-packages/airflow/example_dags/example_subdag_operator.py
[2023-07-24 01:26:34,187] {processor.py:641} INFO - Processing file /home/airflow/.local/lib/python3.7/site-packages/airflow/example_dags/example_subdag_operator.py for tasks to queue
[2023-07-24 01:26:34,188] {logging_mixin.py:115} INFO - [2023-07-24 01:26:34,188] {dagbag.py:508} INFO - Filling up the DagBag from /home/airflow/.local/lib/python3.7/site-packages/airflow/example_dags/example_subdag_operator.py
[2023-07-24 01:26:34,201] {processor.py:651} INFO - DAG(s) dict_keys(['example_subdag_operator.section-1', 'example_subdag_operator.section-2', 'example_subdag_operator']) retrieved from /home/airflow/.local/lib/python3.7/site-packages/airflow/example_dags/example_subdag_operator.py
[2023-07-24 01:26:34,213] {logging_mixin.py:115} INFO - [2023-07-24 01:26:34,213] {dag.py:2420} INFO - Sync 3 DAGs
[2023-07-24 01:26:34,223] {logging_mixin.py:115} INFO - [2023-07-24 01:26:34,223] {dag.py:2972} INFO - Setting next_dagrun for example_subdag_operator to 2022-01-01T00:00:00+00:00, run_after=2022-01-01T00:00:00+00:00
[2023-07-24 01:26:34,223] {logging_mixin.py:115} INFO - [2023-07-24 01:26:34,223] {dag.py:2972} INFO - Setting next_dagrun for example_subdag_operator.section-1 to None, run_after=None
[2023-07-24 01:26:34,223] {logging_mixin.py:115} INFO - [2023-07-24 01:26:34,223] {dag.py:2972} INFO - Setting next_dagrun for example_subdag_operator.section-2 to None, run_after=None
[2023-07-24 01:26:34,227] {logging_mixin.py:115} INFO - [2023-07-24 01:26:34,227] {dag.py:2420} INFO - Sync 2 DAGs
[2023-07-24 01:26:34,230] {logging_mixin.py:115} INFO - [2023-07-24 01:26:34,230] {dag.py:2972} INFO - Setting next_dagrun for example_subdag_operator.section-1 to None, run_after=None
[2023-07-24 01:26:34,230] {logging_mixin.py:115} INFO - [2023-07-24 01:26:34,230] {dag.py:2972} INFO - Setting next_dagrun for example_subdag_operator.section-2 to None, run_after=None
[2023-07-24 01:26:34,237] {processor.py:161} INFO - Processing /home/airflow/.local/lib/python3.7/site-packages/airflow/example_dags/example_subdag_operator.py took 0.052 seconds
[2023-07-24 01:27:04,506] {processor.py:153} INFO - Started process (PID=888) to work on /home/airflow/.local/lib/python3.7/site-packages/airflow/example_dags/example_subdag_operator.py
[2023-07-24 01:27:04,507] {processor.py:641} INFO - Processing file /home/airflow/.local/lib/python3.7/site-packages/airflow/example_dags/example_subdag_operator.py for tasks to queue
[2023-07-24 01:27:04,507] {logging_mixin.py:115} INFO - [2023-07-24 01:27:04,507] {dagbag.py:508} INFO - Filling up the DagBag from /home/airflow/.local/lib/python3.7/site-packages/airflow/example_dags/example_subdag_operator.py
[2023-07-24 01:27:04,521] {processor.py:651} INFO - DAG(s) dict_keys(['example_subdag_operator.section-1', 'example_subdag_operator.section-2', 'example_subdag_operator']) retrieved from /home/airflow/.local/lib/python3.7/site-packages/airflow/example_dags/example_subdag_operator.py
[2023-07-24 01:27:04,533] {logging_mixin.py:115} INFO - [2023-07-24 01:27:04,533] {dag.py:2420} INFO - Sync 3 DAGs
[2023-07-24 01:27:04,543] {logging_mixin.py:115} INFO - [2023-07-24 01:27:04,543] {dag.py:2972} INFO - Setting next_dagrun for example_subdag_operator to 2022-01-01T00:00:00+00:00, run_after=2022-01-01T00:00:00+00:00
[2023-07-24 01:27:04,544] {logging_mixin.py:115} INFO - [2023-07-24 01:27:04,544] {dag.py:2972} INFO - Setting next_dagrun for example_subdag_operator.section-1 to None, run_after=None
[2023-07-24 01:27:04,544] {logging_mixin.py:115} INFO - [2023-07-24 01:27:04,544] {dag.py:2972} INFO - Setting next_dagrun for example_subdag_operator.section-2 to None, run_after=None
[2023-07-24 01:27:04,548] {logging_mixin.py:115} INFO - [2023-07-24 01:27:04,548] {dag.py:2420} INFO - Sync 2 DAGs
[2023-07-24 01:27:04,551] {logging_mixin.py:115} INFO - [2023-07-24 01:27:04,551] {dag.py:2972} INFO - Setting next_dagrun for example_subdag_operator.section-1 to None, run_after=None
[2023-07-24 01:27:04,552] {logging_mixin.py:115} INFO - [2023-07-24 01:27:04,552] {dag.py:2972} INFO - Setting next_dagrun for example_subdag_operator.section-2 to None, run_after=None
[2023-07-24 01:27:04,558] {processor.py:161} INFO - Processing /home/airflow/.local/lib/python3.7/site-packages/airflow/example_dags/example_subdag_operator.py took 0.053 seconds
[2023-07-24 01:27:34,821] {processor.py:153} INFO - Started process (PID=949) to work on /home/airflow/.local/lib/python3.7/site-packages/airflow/example_dags/example_subdag_operator.py
[2023-07-24 01:27:34,822] {processor.py:641} INFO - Processing file /home/airflow/.local/lib/python3.7/site-packages/airflow/example_dags/example_subdag_operator.py for tasks to queue
[2023-07-24 01:27:34,822] {logging_mixin.py:115} INFO - [2023-07-24 01:27:34,822] {dagbag.py:508} INFO - Filling up the DagBag from /home/airflow/.local/lib/python3.7/site-packages/airflow/example_dags/example_subdag_operator.py
[2023-07-24 01:27:34,835] {processor.py:651} INFO - DAG(s) dict_keys(['example_subdag_operator.section-1', 'example_subdag_operator.section-2', 'example_subdag_operator']) retrieved from /home/airflow/.local/lib/python3.7/site-packages/airflow/example_dags/example_subdag_operator.py
[2023-07-24 01:27:34,847] {logging_mixin.py:115} INFO - [2023-07-24 01:27:34,847] {dag.py:2420} INFO - Sync 3 DAGs
[2023-07-24 01:27:34,858] {logging_mixin.py:115} INFO - [2023-07-24 01:27:34,858] {dag.py:2972} INFO - Setting next_dagrun for example_subdag_operator to 2022-01-01T00:00:00+00:00, run_after=2022-01-01T00:00:00+00:00
[2023-07-24 01:27:34,859] {logging_mixin.py:115} INFO - [2023-07-24 01:27:34,859] {dag.py:2972} INFO - Setting next_dagrun for example_subdag_operator.section-1 to None, run_after=None
[2023-07-24 01:27:34,859] {logging_mixin.py:115} INFO - [2023-07-24 01:27:34,859] {dag.py:2972} INFO - Setting next_dagrun for example_subdag_operator.section-2 to None, run_after=None
[2023-07-24 01:27:34,863] {logging_mixin.py:115} INFO - [2023-07-24 01:27:34,863] {dag.py:2420} INFO - Sync 2 DAGs
[2023-07-24 01:27:34,867] {logging_mixin.py:115} INFO - [2023-07-24 01:27:34,866] {dag.py:2972} INFO - Setting next_dagrun for example_subdag_operator.section-1 to None, run_after=None
[2023-07-24 01:27:34,867] {logging_mixin.py:115} INFO - [2023-07-24 01:27:34,867] {dag.py:2972} INFO - Setting next_dagrun for example_subdag_operator.section-2 to None, run_after=None
[2023-07-24 01:27:34,875] {processor.py:161} INFO - Processing /home/airflow/.local/lib/python3.7/site-packages/airflow/example_dags/example_subdag_operator.py took 0.055 seconds
[2023-07-24 01:28:05,285] {processor.py:153} INFO - Started process (PID=1010) to work on /home/airflow/.local/lib/python3.7/site-packages/airflow/example_dags/example_subdag_operator.py
[2023-07-24 01:28:05,286] {processor.py:641} INFO - Processing file /home/airflow/.local/lib/python3.7/site-packages/airflow/example_dags/example_subdag_operator.py for tasks to queue
[2023-07-24 01:28:05,286] {logging_mixin.py:115} INFO - [2023-07-24 01:28:05,286] {dagbag.py:508} INFO - Filling up the DagBag from /home/airflow/.local/lib/python3.7/site-packages/airflow/example_dags/example_subdag_operator.py
[2023-07-24 01:28:05,300] {processor.py:651} INFO - DAG(s) dict_keys(['example_subdag_operator.section-1', 'example_subdag_operator.section-2', 'example_subdag_operator']) retrieved from /home/airflow/.local/lib/python3.7/site-packages/airflow/example_dags/example_subdag_operator.py
[2023-07-24 01:28:05,313] {logging_mixin.py:115} INFO - [2023-07-24 01:28:05,313] {dag.py:2420} INFO - Sync 3 DAGs
[2023-07-24 01:28:05,324] {logging_mixin.py:115} INFO - [2023-07-24 01:28:05,324] {dag.py:2972} INFO - Setting next_dagrun for example_subdag_operator to 2022-01-01T00:00:00+00:00, run_after=2022-01-01T00:00:00+00:00
[2023-07-24 01:28:05,324] {logging_mixin.py:115} INFO - [2023-07-24 01:28:05,324] {dag.py:2972} INFO - Setting next_dagrun for example_subdag_operator.section-1 to None, run_after=None
[2023-07-24 01:28:05,324] {logging_mixin.py:115} INFO - [2023-07-24 01:28:05,324] {dag.py:2972} INFO - Setting next_dagrun for example_subdag_operator.section-2 to None, run_after=None
[2023-07-24 01:28:05,329] {logging_mixin.py:115} INFO - [2023-07-24 01:28:05,329] {dag.py:2420} INFO - Sync 2 DAGs
[2023-07-24 01:28:05,332] {logging_mixin.py:115} INFO - [2023-07-24 01:28:05,332] {dag.py:2972} INFO - Setting next_dagrun for example_subdag_operator.section-1 to None, run_after=None
[2023-07-24 01:28:05,332] {logging_mixin.py:115} INFO - [2023-07-24 01:28:05,332] {dag.py:2972} INFO - Setting next_dagrun for example_subdag_operator.section-2 to None, run_after=None
[2023-07-24 01:28:05,339] {processor.py:161} INFO - Processing /home/airflow/.local/lib/python3.7/site-packages/airflow/example_dags/example_subdag_operator.py took 0.056 seconds
[2023-07-24 01:28:35,640] {processor.py:153} INFO - Started process (PID=1071) to work on /home/airflow/.local/lib/python3.7/site-packages/airflow/example_dags/example_subdag_operator.py
[2023-07-24 01:28:35,640] {processor.py:641} INFO - Processing file /home/airflow/.local/lib/python3.7/site-packages/airflow/example_dags/example_subdag_operator.py for tasks to queue
[2023-07-24 01:28:35,641] {logging_mixin.py:115} INFO - [2023-07-24 01:28:35,641] {dagbag.py:508} INFO - Filling up the DagBag from /home/airflow/.local/lib/python3.7/site-packages/airflow/example_dags/example_subdag_operator.py
[2023-07-24 01:28:35,654] {processor.py:651} INFO - DAG(s) dict_keys(['example_subdag_operator.section-1', 'example_subdag_operator.section-2', 'example_subdag_operator']) retrieved from /home/airflow/.local/lib/python3.7/site-packages/airflow/example_dags/example_subdag_operator.py
[2023-07-24 01:28:35,667] {logging_mixin.py:115} INFO - [2023-07-24 01:28:35,667] {dag.py:2420} INFO - Sync 3 DAGs
[2023-07-24 01:28:35,678] {logging_mixin.py:115} INFO - [2023-07-24 01:28:35,678] {dag.py:2972} INFO - Setting next_dagrun for example_subdag_operator to 2022-01-01T00:00:00+00:00, run_after=2022-01-01T00:00:00+00:00
[2023-07-24 01:28:35,678] {logging_mixin.py:115} INFO - [2023-07-24 01:28:35,678] {dag.py:2972} INFO - Setting next_dagrun for example_subdag_operator.section-1 to None, run_after=None
[2023-07-24 01:28:35,678] {logging_mixin.py:115} INFO - [2023-07-24 01:28:35,678] {dag.py:2972} INFO - Setting next_dagrun for example_subdag_operator.section-2 to None, run_after=None
[2023-07-24 01:28:35,683] {logging_mixin.py:115} INFO - [2023-07-24 01:28:35,683] {dag.py:2420} INFO - Sync 2 DAGs
[2023-07-24 01:28:35,687] {logging_mixin.py:115} INFO - [2023-07-24 01:28:35,687] {dag.py:2972} INFO - Setting next_dagrun for example_subdag_operator.section-1 to None, run_after=None
[2023-07-24 01:28:35,687] {logging_mixin.py:115} INFO - [2023-07-24 01:28:35,687] {dag.py:2972} INFO - Setting next_dagrun for example_subdag_operator.section-2 to None, run_after=None
[2023-07-24 01:28:35,694] {processor.py:161} INFO - Processing /home/airflow/.local/lib/python3.7/site-packages/airflow/example_dags/example_subdag_operator.py took 0.055 seconds
[2023-07-24 01:29:06,235] {processor.py:153} INFO - Started process (PID=1123) to work on /home/airflow/.local/lib/python3.7/site-packages/airflow/example_dags/example_subdag_operator.py
[2023-07-24 01:29:06,236] {processor.py:641} INFO - Processing file /home/airflow/.local/lib/python3.7/site-packages/airflow/example_dags/example_subdag_operator.py for tasks to queue
[2023-07-24 01:29:06,236] {logging_mixin.py:115} INFO - [2023-07-24 01:29:06,236] {dagbag.py:508} INFO - Filling up the DagBag from /home/airflow/.local/lib/python3.7/site-packages/airflow/example_dags/example_subdag_operator.py
[2023-07-24 01:29:06,250] {processor.py:651} INFO - DAG(s) dict_keys(['example_subdag_operator.section-1', 'example_subdag_operator.section-2', 'example_subdag_operator']) retrieved from /home/airflow/.local/lib/python3.7/site-packages/airflow/example_dags/example_subdag_operator.py
[2023-07-24 01:29:06,263] {logging_mixin.py:115} INFO - [2023-07-24 01:29:06,263] {dag.py:2420} INFO - Sync 3 DAGs
[2023-07-24 01:29:06,273] {logging_mixin.py:115} INFO - [2023-07-24 01:29:06,273] {dag.py:2972} INFO - Setting next_dagrun for example_subdag_operator to 2022-01-01T00:00:00+00:00, run_after=2022-01-01T00:00:00+00:00
[2023-07-24 01:29:06,274] {logging_mixin.py:115} INFO - [2023-07-24 01:29:06,274] {dag.py:2972} INFO - Setting next_dagrun for example_subdag_operator.section-1 to None, run_after=None
[2023-07-24 01:29:06,274] {logging_mixin.py:115} INFO - [2023-07-24 01:29:06,274] {dag.py:2972} INFO - Setting next_dagrun for example_subdag_operator.section-2 to None, run_after=None
[2023-07-24 01:29:06,278] {logging_mixin.py:115} INFO - [2023-07-24 01:29:06,278] {dag.py:2420} INFO - Sync 2 DAGs
[2023-07-24 01:29:06,281] {logging_mixin.py:115} INFO - [2023-07-24 01:29:06,281] {dag.py:2972} INFO - Setting next_dagrun for example_subdag_operator.section-1 to None, run_after=None
[2023-07-24 01:29:06,281] {logging_mixin.py:115} INFO - [2023-07-24 01:29:06,281] {dag.py:2972} INFO - Setting next_dagrun for example_subdag_operator.section-2 to None, run_after=None
[2023-07-24 01:29:06,288] {processor.py:161} INFO - Processing /home/airflow/.local/lib/python3.7/site-packages/airflow/example_dags/example_subdag_operator.py took 0.055 seconds
[2023-07-24 01:29:36,937] {processor.py:153} INFO - Started process (PID=1184) to work on /home/airflow/.local/lib/python3.7/site-packages/airflow/example_dags/example_subdag_operator.py
[2023-07-24 01:29:36,937] {processor.py:641} INFO - Processing file /home/airflow/.local/lib/python3.7/site-packages/airflow/example_dags/example_subdag_operator.py for tasks to queue
[2023-07-24 01:29:36,938] {logging_mixin.py:115} INFO - [2023-07-24 01:29:36,938] {dagbag.py:508} INFO - Filling up the DagBag from /home/airflow/.local/lib/python3.7/site-packages/airflow/example_dags/example_subdag_operator.py
[2023-07-24 01:29:36,951] {processor.py:651} INFO - DAG(s) dict_keys(['example_subdag_operator.section-1', 'example_subdag_operator.section-2', 'example_subdag_operator']) retrieved from /home/airflow/.local/lib/python3.7/site-packages/airflow/example_dags/example_subdag_operator.py
[2023-07-24 01:29:36,963] {logging_mixin.py:115} INFO - [2023-07-24 01:29:36,963] {dag.py:2420} INFO - Sync 3 DAGs
[2023-07-24 01:29:36,973] {logging_mixin.py:115} INFO - [2023-07-24 01:29:36,973] {dag.py:2972} INFO - Setting next_dagrun for example_subdag_operator to 2022-01-01T00:00:00+00:00, run_after=2022-01-01T00:00:00+00:00
[2023-07-24 01:29:36,974] {logging_mixin.py:115} INFO - [2023-07-24 01:29:36,974] {dag.py:2972} INFO - Setting next_dagrun for example_subdag_operator.section-1 to None, run_after=None
[2023-07-24 01:29:36,974] {logging_mixin.py:115} INFO - [2023-07-24 01:29:36,974] {dag.py:2972} INFO - Setting next_dagrun for example_subdag_operator.section-2 to None, run_after=None
[2023-07-24 01:29:36,978] {logging_mixin.py:115} INFO - [2023-07-24 01:29:36,978] {dag.py:2420} INFO - Sync 2 DAGs
[2023-07-24 01:29:36,981] {logging_mixin.py:115} INFO - [2023-07-24 01:29:36,980] {dag.py:2972} INFO - Setting next_dagrun for example_subdag_operator.section-1 to None, run_after=None
[2023-07-24 01:29:36,981] {logging_mixin.py:115} INFO - [2023-07-24 01:29:36,981] {dag.py:2972} INFO - Setting next_dagrun for example_subdag_operator.section-2 to None, run_after=None
[2023-07-24 01:29:36,988] {processor.py:161} INFO - Processing /home/airflow/.local/lib/python3.7/site-packages/airflow/example_dags/example_subdag_operator.py took 0.052 seconds
[2023-07-24 01:30:07,243] {processor.py:153} INFO - Started process (PID=1245) to work on /home/airflow/.local/lib/python3.7/site-packages/airflow/example_dags/example_subdag_operator.py
[2023-07-24 01:30:07,243] {processor.py:641} INFO - Processing file /home/airflow/.local/lib/python3.7/site-packages/airflow/example_dags/example_subdag_operator.py for tasks to queue
[2023-07-24 01:30:07,243] {logging_mixin.py:115} INFO - [2023-07-24 01:30:07,243] {dagbag.py:508} INFO - Filling up the DagBag from /home/airflow/.local/lib/python3.7/site-packages/airflow/example_dags/example_subdag_operator.py
[2023-07-24 01:30:07,258] {processor.py:651} INFO - DAG(s) dict_keys(['example_subdag_operator.section-1', 'example_subdag_operator.section-2', 'example_subdag_operator']) retrieved from /home/airflow/.local/lib/python3.7/site-packages/airflow/example_dags/example_subdag_operator.py
[2023-07-24 01:30:07,272] {logging_mixin.py:115} INFO - [2023-07-24 01:30:07,272] {dag.py:2420} INFO - Sync 3 DAGs
[2023-07-24 01:30:07,284] {logging_mixin.py:115} INFO - [2023-07-24 01:30:07,284] {dag.py:2972} INFO - Setting next_dagrun for example_subdag_operator to 2022-01-01T00:00:00+00:00, run_after=2022-01-01T00:00:00+00:00
[2023-07-24 01:30:07,284] {logging_mixin.py:115} INFO - [2023-07-24 01:30:07,284] {dag.py:2972} INFO - Setting next_dagrun for example_subdag_operator.section-1 to None, run_after=None
[2023-07-24 01:30:07,284] {logging_mixin.py:115} INFO - [2023-07-24 01:30:07,284] {dag.py:2972} INFO - Setting next_dagrun for example_subdag_operator.section-2 to None, run_after=None
[2023-07-24 01:30:07,289] {logging_mixin.py:115} INFO - [2023-07-24 01:30:07,289] {dag.py:2420} INFO - Sync 2 DAGs
[2023-07-24 01:30:07,292] {logging_mixin.py:115} INFO - [2023-07-24 01:30:07,292] {dag.py:2972} INFO - Setting next_dagrun for example_subdag_operator.section-1 to None, run_after=None
[2023-07-24 01:30:07,292] {logging_mixin.py:115} INFO - [2023-07-24 01:30:07,292] {dag.py:2972} INFO - Setting next_dagrun for example_subdag_operator.section-2 to None, run_after=None
[2023-07-24 01:30:07,302] {processor.py:161} INFO - Processing /home/airflow/.local/lib/python3.7/site-packages/airflow/example_dags/example_subdag_operator.py took 0.060 seconds
[2023-07-24 01:30:37,764] {processor.py:153} INFO - Started process (PID=1306) to work on /home/airflow/.local/lib/python3.7/site-packages/airflow/example_dags/example_subdag_operator.py
[2023-07-24 01:30:37,764] {processor.py:641} INFO - Processing file /home/airflow/.local/lib/python3.7/site-packages/airflow/example_dags/example_subdag_operator.py for tasks to queue
[2023-07-24 01:30:37,764] {logging_mixin.py:115} INFO - [2023-07-24 01:30:37,764] {dagbag.py:508} INFO - Filling up the DagBag from /home/airflow/.local/lib/python3.7/site-packages/airflow/example_dags/example_subdag_operator.py
[2023-07-24 01:30:37,778] {processor.py:651} INFO - DAG(s) dict_keys(['example_subdag_operator.section-1', 'example_subdag_operator.section-2', 'example_subdag_operator']) retrieved from /home/airflow/.local/lib/python3.7/site-packages/airflow/example_dags/example_subdag_operator.py
[2023-07-24 01:30:37,791] {logging_mixin.py:115} INFO - [2023-07-24 01:30:37,791] {dag.py:2420} INFO - Sync 3 DAGs
[2023-07-24 01:30:37,801] {logging_mixin.py:115} INFO - [2023-07-24 01:30:37,801] {dag.py:2972} INFO - Setting next_dagrun for example_subdag_operator to 2022-01-01T00:00:00+00:00, run_after=2022-01-01T00:00:00+00:00
[2023-07-24 01:30:37,801] {logging_mixin.py:115} INFO - [2023-07-24 01:30:37,801] {dag.py:2972} INFO - Setting next_dagrun for example_subdag_operator.section-1 to None, run_after=None
[2023-07-24 01:30:37,801] {logging_mixin.py:115} INFO - [2023-07-24 01:30:37,801] {dag.py:2972} INFO - Setting next_dagrun for example_subdag_operator.section-2 to None, run_after=None
[2023-07-24 01:30:37,805] {logging_mixin.py:115} INFO - [2023-07-24 01:30:37,805] {dag.py:2420} INFO - Sync 2 DAGs
[2023-07-24 01:30:37,808] {logging_mixin.py:115} INFO - [2023-07-24 01:30:37,808] {dag.py:2972} INFO - Setting next_dagrun for example_subdag_operator.section-1 to None, run_after=None
[2023-07-24 01:30:37,808] {logging_mixin.py:115} INFO - [2023-07-24 01:30:37,808] {dag.py:2972} INFO - Setting next_dagrun for example_subdag_operator.section-2 to None, run_after=None
[2023-07-24 01:30:37,816] {processor.py:161} INFO - Processing /home/airflow/.local/lib/python3.7/site-packages/airflow/example_dags/example_subdag_operator.py took 0.054 seconds
[2023-07-24 01:31:08,154] {processor.py:153} INFO - Started process (PID=1366) to work on /home/airflow/.local/lib/python3.7/site-packages/airflow/example_dags/example_subdag_operator.py
[2023-07-24 01:31:08,154] {processor.py:641} INFO - Processing file /home/airflow/.local/lib/python3.7/site-packages/airflow/example_dags/example_subdag_operator.py for tasks to queue
[2023-07-24 01:31:08,154] {logging_mixin.py:115} INFO - [2023-07-24 01:31:08,154] {dagbag.py:508} INFO - Filling up the DagBag from /home/airflow/.local/lib/python3.7/site-packages/airflow/example_dags/example_subdag_operator.py
[2023-07-24 01:31:08,167] {processor.py:651} INFO - DAG(s) dict_keys(['example_subdag_operator.section-1', 'example_subdag_operator.section-2', 'example_subdag_operator']) retrieved from /home/airflow/.local/lib/python3.7/site-packages/airflow/example_dags/example_subdag_operator.py
[2023-07-24 01:31:08,179] {logging_mixin.py:115} INFO - [2023-07-24 01:31:08,179] {dag.py:2420} INFO - Sync 3 DAGs
[2023-07-24 01:31:08,190] {logging_mixin.py:115} INFO - [2023-07-24 01:31:08,190] {dag.py:2972} INFO - Setting next_dagrun for example_subdag_operator to 2022-01-01T00:00:00+00:00, run_after=2022-01-01T00:00:00+00:00
[2023-07-24 01:31:08,190] {logging_mixin.py:115} INFO - [2023-07-24 01:31:08,190] {dag.py:2972} INFO - Setting next_dagrun for example_subdag_operator.section-1 to None, run_after=None
[2023-07-24 01:31:08,190] {logging_mixin.py:115} INFO - [2023-07-24 01:31:08,190] {dag.py:2972} INFO - Setting next_dagrun for example_subdag_operator.section-2 to None, run_after=None
[2023-07-24 01:31:08,194] {logging_mixin.py:115} INFO - [2023-07-24 01:31:08,194] {dag.py:2420} INFO - Sync 2 DAGs
[2023-07-24 01:31:08,197] {logging_mixin.py:115} INFO - [2023-07-24 01:31:08,197] {dag.py:2972} INFO - Setting next_dagrun for example_subdag_operator.section-1 to None, run_after=None
[2023-07-24 01:31:08,197] {logging_mixin.py:115} INFO - [2023-07-24 01:31:08,197] {dag.py:2972} INFO - Setting next_dagrun for example_subdag_operator.section-2 to None, run_after=None
[2023-07-24 01:31:08,204] {processor.py:161} INFO - Processing /home/airflow/.local/lib/python3.7/site-packages/airflow/example_dags/example_subdag_operator.py took 0.052 seconds
[2023-07-24 01:31:38,583] {processor.py:153} INFO - Started process (PID=1417) to work on /home/airflow/.local/lib/python3.7/site-packages/airflow/example_dags/example_subdag_operator.py
[2023-07-24 01:31:38,583] {processor.py:641} INFO - Processing file /home/airflow/.local/lib/python3.7/site-packages/airflow/example_dags/example_subdag_operator.py for tasks to queue
[2023-07-24 01:31:38,583] {logging_mixin.py:115} INFO - [2023-07-24 01:31:38,583] {dagbag.py:508} INFO - Filling up the DagBag from /home/airflow/.local/lib/python3.7/site-packages/airflow/example_dags/example_subdag_operator.py
[2023-07-24 01:31:38,597] {processor.py:651} INFO - DAG(s) dict_keys(['example_subdag_operator.section-1', 'example_subdag_operator.section-2', 'example_subdag_operator']) retrieved from /home/airflow/.local/lib/python3.7/site-packages/airflow/example_dags/example_subdag_operator.py
[2023-07-24 01:31:38,610] {logging_mixin.py:115} INFO - [2023-07-24 01:31:38,610] {dag.py:2420} INFO - Sync 3 DAGs
[2023-07-24 01:31:38,620] {logging_mixin.py:115} INFO - [2023-07-24 01:31:38,620] {dag.py:2972} INFO - Setting next_dagrun for example_subdag_operator to 2022-01-01T00:00:00+00:00, run_after=2022-01-01T00:00:00+00:00
[2023-07-24 01:31:38,620] {logging_mixin.py:115} INFO - [2023-07-24 01:31:38,620] {dag.py:2972} INFO - Setting next_dagrun for example_subdag_operator.section-1 to None, run_after=None
[2023-07-24 01:31:38,620] {logging_mixin.py:115} INFO - [2023-07-24 01:31:38,620] {dag.py:2972} INFO - Setting next_dagrun for example_subdag_operator.section-2 to None, run_after=None
[2023-07-24 01:31:38,624] {logging_mixin.py:115} INFO - [2023-07-24 01:31:38,624] {dag.py:2420} INFO - Sync 2 DAGs
[2023-07-24 01:31:38,627] {logging_mixin.py:115} INFO - [2023-07-24 01:31:38,627] {dag.py:2972} INFO - Setting next_dagrun for example_subdag_operator.section-1 to None, run_after=None
[2023-07-24 01:31:38,627] {logging_mixin.py:115} INFO - [2023-07-24 01:31:38,627] {dag.py:2972} INFO - Setting next_dagrun for example_subdag_operator.section-2 to None, run_after=None
[2023-07-24 01:31:38,633] {processor.py:161} INFO - Processing /home/airflow/.local/lib/python3.7/site-packages/airflow/example_dags/example_subdag_operator.py took 0.051 seconds
[2023-07-24 01:32:08,864] {processor.py:153} INFO - Started process (PID=1478) to work on /home/airflow/.local/lib/python3.7/site-packages/airflow/example_dags/example_subdag_operator.py
[2023-07-24 01:32:08,867] {processor.py:641} INFO - Processing file /home/airflow/.local/lib/python3.7/site-packages/airflow/example_dags/example_subdag_operator.py for tasks to queue
[2023-07-24 01:32:08,867] {logging_mixin.py:115} INFO - [2023-07-24 01:32:08,867] {dagbag.py:508} INFO - Filling up the DagBag from /home/airflow/.local/lib/python3.7/site-packages/airflow/example_dags/example_subdag_operator.py
[2023-07-24 01:32:08,881] {processor.py:651} INFO - DAG(s) dict_keys(['example_subdag_operator.section-1', 'example_subdag_operator.section-2', 'example_subdag_operator']) retrieved from /home/airflow/.local/lib/python3.7/site-packages/airflow/example_dags/example_subdag_operator.py
[2023-07-24 01:32:08,894] {logging_mixin.py:115} INFO - [2023-07-24 01:32:08,893] {dag.py:2420} INFO - Sync 3 DAGs
[2023-07-24 01:32:08,904] {logging_mixin.py:115} INFO - [2023-07-24 01:32:08,904] {dag.py:2972} INFO - Setting next_dagrun for example_subdag_operator to 2022-01-01T00:00:00+00:00, run_after=2022-01-01T00:00:00+00:00
[2023-07-24 01:32:08,904] {logging_mixin.py:115} INFO - [2023-07-24 01:32:08,904] {dag.py:2972} INFO - Setting next_dagrun for example_subdag_operator.section-1 to None, run_after=None
[2023-07-24 01:32:08,904] {logging_mixin.py:115} INFO - [2023-07-24 01:32:08,904] {dag.py:2972} INFO - Setting next_dagrun for example_subdag_operator.section-2 to None, run_after=None
[2023-07-24 01:32:08,908] {logging_mixin.py:115} INFO - [2023-07-24 01:32:08,908] {dag.py:2420} INFO - Sync 2 DAGs
[2023-07-24 01:32:08,911] {logging_mixin.py:115} INFO - [2023-07-24 01:32:08,911] {dag.py:2972} INFO - Setting next_dagrun for example_subdag_operator.section-1 to None, run_after=None
[2023-07-24 01:32:08,912] {logging_mixin.py:115} INFO - [2023-07-24 01:32:08,911] {dag.py:2972} INFO - Setting next_dagrun for example_subdag_operator.section-2 to None, run_after=None
[2023-07-24 01:32:08,919] {processor.py:161} INFO - Processing /home/airflow/.local/lib/python3.7/site-packages/airflow/example_dags/example_subdag_operator.py took 0.056 seconds
[2023-07-24 01:32:39,243] {processor.py:153} INFO - Started process (PID=1538) to work on /home/airflow/.local/lib/python3.7/site-packages/airflow/example_dags/example_subdag_operator.py
[2023-07-24 01:32:39,244] {processor.py:641} INFO - Processing file /home/airflow/.local/lib/python3.7/site-packages/airflow/example_dags/example_subdag_operator.py for tasks to queue
[2023-07-24 01:32:39,244] {logging_mixin.py:115} INFO - [2023-07-24 01:32:39,244] {dagbag.py:508} INFO - Filling up the DagBag from /home/airflow/.local/lib/python3.7/site-packages/airflow/example_dags/example_subdag_operator.py
[2023-07-24 01:32:39,258] {processor.py:651} INFO - DAG(s) dict_keys(['example_subdag_operator.section-1', 'example_subdag_operator.section-2', 'example_subdag_operator']) retrieved from /home/airflow/.local/lib/python3.7/site-packages/airflow/example_dags/example_subdag_operator.py
[2023-07-24 01:32:39,271] {logging_mixin.py:115} INFO - [2023-07-24 01:32:39,271] {dag.py:2420} INFO - Sync 3 DAGs
[2023-07-24 01:32:39,281] {logging_mixin.py:115} INFO - [2023-07-24 01:32:39,281] {dag.py:2972} INFO - Setting next_dagrun for example_subdag_operator to 2022-01-01T00:00:00+00:00, run_after=2022-01-01T00:00:00+00:00
[2023-07-24 01:32:39,281] {logging_mixin.py:115} INFO - [2023-07-24 01:32:39,281] {dag.py:2972} INFO - Setting next_dagrun for example_subdag_operator.section-1 to None, run_after=None
[2023-07-24 01:32:39,281] {logging_mixin.py:115} INFO - [2023-07-24 01:32:39,281] {dag.py:2972} INFO - Setting next_dagrun for example_subdag_operator.section-2 to None, run_after=None
[2023-07-24 01:32:39,286] {logging_mixin.py:115} INFO - [2023-07-24 01:32:39,286] {dag.py:2420} INFO - Sync 2 DAGs
[2023-07-24 01:32:39,289] {logging_mixin.py:115} INFO - [2023-07-24 01:32:39,288] {dag.py:2972} INFO - Setting next_dagrun for example_subdag_operator.section-1 to None, run_after=None
[2023-07-24 01:32:39,289] {logging_mixin.py:115} INFO - [2023-07-24 01:32:39,289] {dag.py:2972} INFO - Setting next_dagrun for example_subdag_operator.section-2 to None, run_after=None
[2023-07-24 01:32:39,296] {processor.py:161} INFO - Processing /home/airflow/.local/lib/python3.7/site-packages/airflow/example_dags/example_subdag_operator.py took 0.054 seconds
[2023-07-24 01:33:09,662] {processor.py:153} INFO - Started process (PID=1599) to work on /home/airflow/.local/lib/python3.7/site-packages/airflow/example_dags/example_subdag_operator.py
[2023-07-24 01:33:09,662] {processor.py:641} INFO - Processing file /home/airflow/.local/lib/python3.7/site-packages/airflow/example_dags/example_subdag_operator.py for tasks to queue
[2023-07-24 01:33:09,662] {logging_mixin.py:115} INFO - [2023-07-24 01:33:09,662] {dagbag.py:508} INFO - Filling up the DagBag from /home/airflow/.local/lib/python3.7/site-packages/airflow/example_dags/example_subdag_operator.py
[2023-07-24 01:33:09,676] {processor.py:651} INFO - DAG(s) dict_keys(['example_subdag_operator.section-1', 'example_subdag_operator.section-2', 'example_subdag_operator']) retrieved from /home/airflow/.local/lib/python3.7/site-packages/airflow/example_dags/example_subdag_operator.py
[2023-07-24 01:33:09,690] {logging_mixin.py:115} INFO - [2023-07-24 01:33:09,690] {dag.py:2420} INFO - Sync 3 DAGs
[2023-07-24 01:33:09,702] {logging_mixin.py:115} INFO - [2023-07-24 01:33:09,702] {dag.py:2972} INFO - Setting next_dagrun for example_subdag_operator to 2022-01-01T00:00:00+00:00, run_after=2022-01-01T00:00:00+00:00
[2023-07-24 01:33:09,702] {logging_mixin.py:115} INFO - [2023-07-24 01:33:09,702] {dag.py:2972} INFO - Setting next_dagrun for example_subdag_operator.section-1 to None, run_after=None
[2023-07-24 01:33:09,702] {logging_mixin.py:115} INFO - [2023-07-24 01:33:09,702] {dag.py:2972} INFO - Setting next_dagrun for example_subdag_operator.section-2 to None, run_after=None
[2023-07-24 01:33:09,707] {logging_mixin.py:115} INFO - [2023-07-24 01:33:09,707] {dag.py:2420} INFO - Sync 2 DAGs
[2023-07-24 01:33:09,710] {logging_mixin.py:115} INFO - [2023-07-24 01:33:09,710] {dag.py:2972} INFO - Setting next_dagrun for example_subdag_operator.section-1 to None, run_after=None
[2023-07-24 01:33:09,710] {logging_mixin.py:115} INFO - [2023-07-24 01:33:09,710] {dag.py:2972} INFO - Setting next_dagrun for example_subdag_operator.section-2 to None, run_after=None
[2023-07-24 01:33:09,718] {processor.py:161} INFO - Processing /home/airflow/.local/lib/python3.7/site-packages/airflow/example_dags/example_subdag_operator.py took 0.058 seconds
[2023-07-24 01:33:40,008] {processor.py:153} INFO - Started process (PID=1650) to work on /home/airflow/.local/lib/python3.7/site-packages/airflow/example_dags/example_subdag_operator.py
[2023-07-24 01:33:40,009] {processor.py:641} INFO - Processing file /home/airflow/.local/lib/python3.7/site-packages/airflow/example_dags/example_subdag_operator.py for tasks to queue
[2023-07-24 01:33:40,009] {logging_mixin.py:115} INFO - [2023-07-24 01:33:40,009] {dagbag.py:508} INFO - Filling up the DagBag from /home/airflow/.local/lib/python3.7/site-packages/airflow/example_dags/example_subdag_operator.py
[2023-07-24 01:33:40,023] {processor.py:651} INFO - DAG(s) dict_keys(['example_subdag_operator.section-1', 'example_subdag_operator.section-2', 'example_subdag_operator']) retrieved from /home/airflow/.local/lib/python3.7/site-packages/airflow/example_dags/example_subdag_operator.py
[2023-07-24 01:33:40,036] {logging_mixin.py:115} INFO - [2023-07-24 01:33:40,036] {dag.py:2420} INFO - Sync 3 DAGs
[2023-07-24 01:33:40,047] {logging_mixin.py:115} INFO - [2023-07-24 01:33:40,047] {dag.py:2972} INFO - Setting next_dagrun for example_subdag_operator to 2022-01-01T00:00:00+00:00, run_after=2022-01-01T00:00:00+00:00
[2023-07-24 01:33:40,047] {logging_mixin.py:115} INFO - [2023-07-24 01:33:40,047] {dag.py:2972} INFO - Setting next_dagrun for example_subdag_operator.section-1 to None, run_after=None
[2023-07-24 01:33:40,047] {logging_mixin.py:115} INFO - [2023-07-24 01:33:40,047] {dag.py:2972} INFO - Setting next_dagrun for example_subdag_operator.section-2 to None, run_after=None
[2023-07-24 01:33:40,053] {logging_mixin.py:115} INFO - [2023-07-24 01:33:40,053] {dag.py:2420} INFO - Sync 2 DAGs
[2023-07-24 01:33:40,056] {logging_mixin.py:115} INFO - [2023-07-24 01:33:40,056] {dag.py:2972} INFO - Setting next_dagrun for example_subdag_operator.section-1 to None, run_after=None
[2023-07-24 01:33:40,056] {logging_mixin.py:115} INFO - [2023-07-24 01:33:40,056] {dag.py:2972} INFO - Setting next_dagrun for example_subdag_operator.section-2 to None, run_after=None
[2023-07-24 01:33:40,063] {processor.py:161} INFO - Processing /home/airflow/.local/lib/python3.7/site-packages/airflow/example_dags/example_subdag_operator.py took 0.056 seconds
[2023-07-24 01:34:10,418] {processor.py:153} INFO - Started process (PID=1710) to work on /home/airflow/.local/lib/python3.7/site-packages/airflow/example_dags/example_subdag_operator.py
[2023-07-24 01:34:10,418] {processor.py:641} INFO - Processing file /home/airflow/.local/lib/python3.7/site-packages/airflow/example_dags/example_subdag_operator.py for tasks to queue
[2023-07-24 01:34:10,418] {logging_mixin.py:115} INFO - [2023-07-24 01:34:10,418] {dagbag.py:508} INFO - Filling up the DagBag from /home/airflow/.local/lib/python3.7/site-packages/airflow/example_dags/example_subdag_operator.py
[2023-07-24 01:34:10,432] {processor.py:651} INFO - DAG(s) dict_keys(['example_subdag_operator.section-1', 'example_subdag_operator.section-2', 'example_subdag_operator']) retrieved from /home/airflow/.local/lib/python3.7/site-packages/airflow/example_dags/example_subdag_operator.py
[2023-07-24 01:34:10,446] {logging_mixin.py:115} INFO - [2023-07-24 01:34:10,446] {dag.py:2420} INFO - Sync 3 DAGs
[2023-07-24 01:34:10,457] {logging_mixin.py:115} INFO - [2023-07-24 01:34:10,457] {dag.py:2972} INFO - Setting next_dagrun for example_subdag_operator to 2022-01-01T00:00:00+00:00, run_after=2022-01-01T00:00:00+00:00
[2023-07-24 01:34:10,457] {logging_mixin.py:115} INFO - [2023-07-24 01:34:10,457] {dag.py:2972} INFO - Setting next_dagrun for example_subdag_operator.section-1 to None, run_after=None
[2023-07-24 01:34:10,457] {logging_mixin.py:115} INFO - [2023-07-24 01:34:10,457] {dag.py:2972} INFO - Setting next_dagrun for example_subdag_operator.section-2 to None, run_after=None
[2023-07-24 01:34:10,461] {logging_mixin.py:115} INFO - [2023-07-24 01:34:10,461] {dag.py:2420} INFO - Sync 2 DAGs
[2023-07-24 01:34:10,464] {logging_mixin.py:115} INFO - [2023-07-24 01:34:10,464] {dag.py:2972} INFO - Setting next_dagrun for example_subdag_operator.section-1 to None, run_after=None
[2023-07-24 01:34:10,465] {logging_mixin.py:115} INFO - [2023-07-24 01:34:10,465] {dag.py:2972} INFO - Setting next_dagrun for example_subdag_operator.section-2 to None, run_after=None
[2023-07-24 01:34:10,471] {processor.py:161} INFO - Processing /home/airflow/.local/lib/python3.7/site-packages/airflow/example_dags/example_subdag_operator.py took 0.055 seconds
[2023-07-24 01:34:40,796] {processor.py:153} INFO - Started process (PID=1770) to work on /home/airflow/.local/lib/python3.7/site-packages/airflow/example_dags/example_subdag_operator.py
[2023-07-24 01:34:40,796] {processor.py:641} INFO - Processing file /home/airflow/.local/lib/python3.7/site-packages/airflow/example_dags/example_subdag_operator.py for tasks to queue
[2023-07-24 01:34:40,797] {logging_mixin.py:115} INFO - [2023-07-24 01:34:40,797] {dagbag.py:508} INFO - Filling up the DagBag from /home/airflow/.local/lib/python3.7/site-packages/airflow/example_dags/example_subdag_operator.py
[2023-07-24 01:34:40,810] {processor.py:651} INFO - DAG(s) dict_keys(['example_subdag_operator.section-1', 'example_subdag_operator.section-2', 'example_subdag_operator']) retrieved from /home/airflow/.local/lib/python3.7/site-packages/airflow/example_dags/example_subdag_operator.py
[2023-07-24 01:34:40,822] {logging_mixin.py:115} INFO - [2023-07-24 01:34:40,822] {dag.py:2420} INFO - Sync 3 DAGs
[2023-07-24 01:34:40,832] {logging_mixin.py:115} INFO - [2023-07-24 01:34:40,832] {dag.py:2972} INFO - Setting next_dagrun for example_subdag_operator to 2022-01-01T00:00:00+00:00, run_after=2022-01-01T00:00:00+00:00
[2023-07-24 01:34:40,832] {logging_mixin.py:115} INFO - [2023-07-24 01:34:40,832] {dag.py:2972} INFO - Setting next_dagrun for example_subdag_operator.section-1 to None, run_after=None
[2023-07-24 01:34:40,832] {logging_mixin.py:115} INFO - [2023-07-24 01:34:40,832] {dag.py:2972} INFO - Setting next_dagrun for example_subdag_operator.section-2 to None, run_after=None
[2023-07-24 01:34:40,837] {logging_mixin.py:115} INFO - [2023-07-24 01:34:40,837] {dag.py:2420} INFO - Sync 2 DAGs
[2023-07-24 01:34:40,840] {logging_mixin.py:115} INFO - [2023-07-24 01:34:40,840] {dag.py:2972} INFO - Setting next_dagrun for example_subdag_operator.section-1 to None, run_after=None
[2023-07-24 01:34:40,840] {logging_mixin.py:115} INFO - [2023-07-24 01:34:40,840] {dag.py:2972} INFO - Setting next_dagrun for example_subdag_operator.section-2 to None, run_after=None
[2023-07-24 01:34:40,846] {processor.py:161} INFO - Processing /home/airflow/.local/lib/python3.7/site-packages/airflow/example_dags/example_subdag_operator.py took 0.051 seconds
[2023-07-24 01:35:11,204] {processor.py:153} INFO - Started process (PID=1831) to work on /home/airflow/.local/lib/python3.7/site-packages/airflow/example_dags/example_subdag_operator.py
[2023-07-24 01:35:11,204] {processor.py:641} INFO - Processing file /home/airflow/.local/lib/python3.7/site-packages/airflow/example_dags/example_subdag_operator.py for tasks to queue
[2023-07-24 01:35:11,205] {logging_mixin.py:115} INFO - [2023-07-24 01:35:11,205] {dagbag.py:508} INFO - Filling up the DagBag from /home/airflow/.local/lib/python3.7/site-packages/airflow/example_dags/example_subdag_operator.py
[2023-07-24 01:35:11,221] {processor.py:651} INFO - DAG(s) dict_keys(['example_subdag_operator.section-1', 'example_subdag_operator.section-2', 'example_subdag_operator']) retrieved from /home/airflow/.local/lib/python3.7/site-packages/airflow/example_dags/example_subdag_operator.py
[2023-07-24 01:35:11,235] {logging_mixin.py:115} INFO - [2023-07-24 01:35:11,235] {dag.py:2420} INFO - Sync 3 DAGs
[2023-07-24 01:35:11,249] {logging_mixin.py:115} INFO - [2023-07-24 01:35:11,249] {dag.py:2972} INFO - Setting next_dagrun for example_subdag_operator to 2022-01-01T00:00:00+00:00, run_after=2022-01-01T00:00:00+00:00
[2023-07-24 01:35:11,249] {logging_mixin.py:115} INFO - [2023-07-24 01:35:11,249] {dag.py:2972} INFO - Setting next_dagrun for example_subdag_operator.section-1 to None, run_after=None
[2023-07-24 01:35:11,249] {logging_mixin.py:115} INFO - [2023-07-24 01:35:11,249] {dag.py:2972} INFO - Setting next_dagrun for example_subdag_operator.section-2 to None, run_after=None
[2023-07-24 01:35:11,253] {logging_mixin.py:115} INFO - [2023-07-24 01:35:11,253] {dag.py:2420} INFO - Sync 2 DAGs
[2023-07-24 01:35:11,325] {logging_mixin.py:115} INFO - [2023-07-24 01:35:11,325] {dag.py:2972} INFO - Setting next_dagrun for example_subdag_operator.section-1 to None, run_after=None
[2023-07-24 01:35:11,325] {logging_mixin.py:115} INFO - [2023-07-24 01:35:11,325] {dag.py:2972} INFO - Setting next_dagrun for example_subdag_operator.section-2 to None, run_after=None
[2023-07-24 01:35:11,332] {processor.py:161} INFO - Processing /home/airflow/.local/lib/python3.7/site-packages/airflow/example_dags/example_subdag_operator.py took 0.130 seconds
[2023-07-24 01:35:41,623] {processor.py:153} INFO - Started process (PID=1883) to work on /home/airflow/.local/lib/python3.7/site-packages/airflow/example_dags/example_subdag_operator.py
[2023-07-24 01:35:41,625] {processor.py:641} INFO - Processing file /home/airflow/.local/lib/python3.7/site-packages/airflow/example_dags/example_subdag_operator.py for tasks to queue
[2023-07-24 01:35:41,625] {logging_mixin.py:115} INFO - [2023-07-24 01:35:41,625] {dagbag.py:508} INFO - Filling up the DagBag from /home/airflow/.local/lib/python3.7/site-packages/airflow/example_dags/example_subdag_operator.py
[2023-07-24 01:35:41,639] {processor.py:651} INFO - DAG(s) dict_keys(['example_subdag_operator.section-1', 'example_subdag_operator.section-2', 'example_subdag_operator']) retrieved from /home/airflow/.local/lib/python3.7/site-packages/airflow/example_dags/example_subdag_operator.py
[2023-07-24 01:35:41,652] {logging_mixin.py:115} INFO - [2023-07-24 01:35:41,652] {dag.py:2420} INFO - Sync 3 DAGs
[2023-07-24 01:35:41,664] {logging_mixin.py:115} INFO - [2023-07-24 01:35:41,664] {dag.py:2972} INFO - Setting next_dagrun for example_subdag_operator to 2022-01-01T00:00:00+00:00, run_after=2022-01-01T00:00:00+00:00
[2023-07-24 01:35:41,664] {logging_mixin.py:115} INFO - [2023-07-24 01:35:41,664] {dag.py:2972} INFO - Setting next_dagrun for example_subdag_operator.section-1 to None, run_after=None
[2023-07-24 01:35:41,664] {logging_mixin.py:115} INFO - [2023-07-24 01:35:41,664] {dag.py:2972} INFO - Setting next_dagrun for example_subdag_operator.section-2 to None, run_after=None
[2023-07-24 01:35:41,668] {logging_mixin.py:115} INFO - [2023-07-24 01:35:41,668] {dag.py:2420} INFO - Sync 2 DAGs
[2023-07-24 01:35:41,735] {logging_mixin.py:115} INFO - [2023-07-24 01:35:41,735] {dag.py:2972} INFO - Setting next_dagrun for example_subdag_operator.section-1 to None, run_after=None
[2023-07-24 01:35:41,735] {logging_mixin.py:115} INFO - [2023-07-24 01:35:41,735] {dag.py:2972} INFO - Setting next_dagrun for example_subdag_operator.section-2 to None, run_after=None
[2023-07-24 01:35:41,743] {processor.py:161} INFO - Processing /home/airflow/.local/lib/python3.7/site-packages/airflow/example_dags/example_subdag_operator.py took 0.121 seconds
[2023-07-24 01:36:12,215] {processor.py:153} INFO - Started process (PID=1942) to work on /home/airflow/.local/lib/python3.7/site-packages/airflow/example_dags/example_subdag_operator.py
[2023-07-24 01:36:12,216] {processor.py:641} INFO - Processing file /home/airflow/.local/lib/python3.7/site-packages/airflow/example_dags/example_subdag_operator.py for tasks to queue
[2023-07-24 01:36:12,216] {logging_mixin.py:115} INFO - [2023-07-24 01:36:12,216] {dagbag.py:508} INFO - Filling up the DagBag from /home/airflow/.local/lib/python3.7/site-packages/airflow/example_dags/example_subdag_operator.py
[2023-07-24 01:36:12,230] {processor.py:651} INFO - DAG(s) dict_keys(['example_subdag_operator.section-1', 'example_subdag_operator.section-2', 'example_subdag_operator']) retrieved from /home/airflow/.local/lib/python3.7/site-packages/airflow/example_dags/example_subdag_operator.py
[2023-07-24 01:36:12,243] {logging_mixin.py:115} INFO - [2023-07-24 01:36:12,243] {dag.py:2420} INFO - Sync 3 DAGs
[2023-07-24 01:36:12,256] {logging_mixin.py:115} INFO - [2023-07-24 01:36:12,256] {dag.py:2972} INFO - Setting next_dagrun for example_subdag_operator to 2022-01-01T00:00:00+00:00, run_after=2022-01-01T00:00:00+00:00
[2023-07-24 01:36:12,256] {logging_mixin.py:115} INFO - [2023-07-24 01:36:12,256] {dag.py:2972} INFO - Setting next_dagrun for example_subdag_operator.section-1 to None, run_after=None
[2023-07-24 01:36:12,257] {logging_mixin.py:115} INFO - [2023-07-24 01:36:12,257] {dag.py:2972} INFO - Setting next_dagrun for example_subdag_operator.section-2 to None, run_after=None
[2023-07-24 01:36:12,261] {logging_mixin.py:115} INFO - [2023-07-24 01:36:12,261] {dag.py:2420} INFO - Sync 2 DAGs
[2023-07-24 01:36:12,332] {logging_mixin.py:115} INFO - [2023-07-24 01:36:12,332] {dag.py:2972} INFO - Setting next_dagrun for example_subdag_operator.section-1 to None, run_after=None
[2023-07-24 01:36:12,333] {logging_mixin.py:115} INFO - [2023-07-24 01:36:12,333] {dag.py:2972} INFO - Setting next_dagrun for example_subdag_operator.section-2 to None, run_after=None
[2023-07-24 01:36:12,339] {processor.py:161} INFO - Processing /home/airflow/.local/lib/python3.7/site-packages/airflow/example_dags/example_subdag_operator.py took 0.125 seconds
[2023-07-24 01:36:42,784] {processor.py:153} INFO - Started process (PID=2002) to work on /home/airflow/.local/lib/python3.7/site-packages/airflow/example_dags/example_subdag_operator.py
[2023-07-24 01:36:42,784] {processor.py:641} INFO - Processing file /home/airflow/.local/lib/python3.7/site-packages/airflow/example_dags/example_subdag_operator.py for tasks to queue
[2023-07-24 01:36:42,784] {logging_mixin.py:115} INFO - [2023-07-24 01:36:42,784] {dagbag.py:508} INFO - Filling up the DagBag from /home/airflow/.local/lib/python3.7/site-packages/airflow/example_dags/example_subdag_operator.py
[2023-07-24 01:36:42,798] {processor.py:651} INFO - DAG(s) dict_keys(['example_subdag_operator.section-1', 'example_subdag_operator.section-2', 'example_subdag_operator']) retrieved from /home/airflow/.local/lib/python3.7/site-packages/airflow/example_dags/example_subdag_operator.py
[2023-07-24 01:36:42,810] {logging_mixin.py:115} INFO - [2023-07-24 01:36:42,810] {dag.py:2420} INFO - Sync 3 DAGs
[2023-07-24 01:36:42,822] {logging_mixin.py:115} INFO - [2023-07-24 01:36:42,822] {dag.py:2972} INFO - Setting next_dagrun for example_subdag_operator to 2022-01-01T00:00:00+00:00, run_after=2022-01-01T00:00:00+00:00
[2023-07-24 01:36:42,822] {logging_mixin.py:115} INFO - [2023-07-24 01:36:42,822] {dag.py:2972} INFO - Setting next_dagrun for example_subdag_operator.section-1 to None, run_after=None
[2023-07-24 01:36:42,822] {logging_mixin.py:115} INFO - [2023-07-24 01:36:42,822] {dag.py:2972} INFO - Setting next_dagrun for example_subdag_operator.section-2 to None, run_after=None
[2023-07-24 01:36:42,825] {logging_mixin.py:115} INFO - [2023-07-24 01:36:42,825] {dag.py:2420} INFO - Sync 2 DAGs
[2023-07-24 01:36:42,893] {logging_mixin.py:115} INFO - [2023-07-24 01:36:42,893] {dag.py:2972} INFO - Setting next_dagrun for example_subdag_operator.section-1 to None, run_after=None
[2023-07-24 01:36:42,893] {logging_mixin.py:115} INFO - [2023-07-24 01:36:42,893] {dag.py:2972} INFO - Setting next_dagrun for example_subdag_operator.section-2 to None, run_after=None
[2023-07-24 01:36:42,901] {processor.py:161} INFO - Processing /home/airflow/.local/lib/python3.7/site-packages/airflow/example_dags/example_subdag_operator.py took 0.119 seconds
[2023-07-24 01:37:13,404] {processor.py:153} INFO - Started process (PID=2063) to work on /home/airflow/.local/lib/python3.7/site-packages/airflow/example_dags/example_subdag_operator.py
[2023-07-24 01:37:13,404] {processor.py:641} INFO - Processing file /home/airflow/.local/lib/python3.7/site-packages/airflow/example_dags/example_subdag_operator.py for tasks to queue
[2023-07-24 01:37:13,405] {logging_mixin.py:115} INFO - [2023-07-24 01:37:13,405] {dagbag.py:508} INFO - Filling up the DagBag from /home/airflow/.local/lib/python3.7/site-packages/airflow/example_dags/example_subdag_operator.py
[2023-07-24 01:37:13,417] {processor.py:651} INFO - DAG(s) dict_keys(['example_subdag_operator.section-1', 'example_subdag_operator.section-2', 'example_subdag_operator']) retrieved from /home/airflow/.local/lib/python3.7/site-packages/airflow/example_dags/example_subdag_operator.py
[2023-07-24 01:37:13,430] {logging_mixin.py:115} INFO - [2023-07-24 01:37:13,430] {dag.py:2420} INFO - Sync 3 DAGs
[2023-07-24 01:37:13,442] {logging_mixin.py:115} INFO - [2023-07-24 01:37:13,442] {dag.py:2972} INFO - Setting next_dagrun for example_subdag_operator to 2022-01-01T00:00:00+00:00, run_after=2022-01-01T00:00:00+00:00
[2023-07-24 01:37:13,442] {logging_mixin.py:115} INFO - [2023-07-24 01:37:13,442] {dag.py:2972} INFO - Setting next_dagrun for example_subdag_operator.section-1 to None, run_after=None
[2023-07-24 01:37:13,442] {logging_mixin.py:115} INFO - [2023-07-24 01:37:13,442] {dag.py:2972} INFO - Setting next_dagrun for example_subdag_operator.section-2 to None, run_after=None
[2023-07-24 01:37:13,446] {logging_mixin.py:115} INFO - [2023-07-24 01:37:13,446] {dag.py:2420} INFO - Sync 2 DAGs
[2023-07-24 01:37:13,516] {logging_mixin.py:115} INFO - [2023-07-24 01:37:13,516] {dag.py:2972} INFO - Setting next_dagrun for example_subdag_operator.section-1 to None, run_after=None
[2023-07-24 01:37:13,516] {logging_mixin.py:115} INFO - [2023-07-24 01:37:13,516] {dag.py:2972} INFO - Setting next_dagrun for example_subdag_operator.section-2 to None, run_after=None
[2023-07-24 01:37:13,525] {processor.py:161} INFO - Processing /home/airflow/.local/lib/python3.7/site-packages/airflow/example_dags/example_subdag_operator.py took 0.122 seconds
[2023-07-24 01:37:43,945] {processor.py:153} INFO - Started process (PID=2116) to work on /home/airflow/.local/lib/python3.7/site-packages/airflow/example_dags/example_subdag_operator.py
[2023-07-24 01:37:43,946] {processor.py:641} INFO - Processing file /home/airflow/.local/lib/python3.7/site-packages/airflow/example_dags/example_subdag_operator.py for tasks to queue
[2023-07-24 01:37:43,946] {logging_mixin.py:115} INFO - [2023-07-24 01:37:43,946] {dagbag.py:508} INFO - Filling up the DagBag from /home/airflow/.local/lib/python3.7/site-packages/airflow/example_dags/example_subdag_operator.py
[2023-07-24 01:37:43,960] {processor.py:651} INFO - DAG(s) dict_keys(['example_subdag_operator.section-1', 'example_subdag_operator.section-2', 'example_subdag_operator']) retrieved from /home/airflow/.local/lib/python3.7/site-packages/airflow/example_dags/example_subdag_operator.py
[2023-07-24 01:37:43,973] {logging_mixin.py:115} INFO - [2023-07-24 01:37:43,973] {dag.py:2420} INFO - Sync 3 DAGs
[2023-07-24 01:37:43,986] {logging_mixin.py:115} INFO - [2023-07-24 01:37:43,986] {dag.py:2972} INFO - Setting next_dagrun for example_subdag_operator to 2022-01-01T00:00:00+00:00, run_after=2022-01-01T00:00:00+00:00
[2023-07-24 01:37:43,986] {logging_mixin.py:115} INFO - [2023-07-24 01:37:43,986] {dag.py:2972} INFO - Setting next_dagrun for example_subdag_operator.section-1 to None, run_after=None
[2023-07-24 01:37:43,986] {logging_mixin.py:115} INFO - [2023-07-24 01:37:43,986] {dag.py:2972} INFO - Setting next_dagrun for example_subdag_operator.section-2 to None, run_after=None
[2023-07-24 01:37:43,990] {logging_mixin.py:115} INFO - [2023-07-24 01:37:43,990] {dag.py:2420} INFO - Sync 2 DAGs
[2023-07-24 01:37:44,066] {logging_mixin.py:115} INFO - [2023-07-24 01:37:44,066] {dag.py:2972} INFO - Setting next_dagrun for example_subdag_operator.section-1 to None, run_after=None
[2023-07-24 01:37:44,066] {logging_mixin.py:115} INFO - [2023-07-24 01:37:44,066] {dag.py:2972} INFO - Setting next_dagrun for example_subdag_operator.section-2 to None, run_after=None
[2023-07-24 01:37:44,077] {processor.py:161} INFO - Processing /home/airflow/.local/lib/python3.7/site-packages/airflow/example_dags/example_subdag_operator.py took 0.133 seconds
[2023-07-24 01:38:14,429] {processor.py:153} INFO - Started process (PID=2175) to work on /home/airflow/.local/lib/python3.7/site-packages/airflow/example_dags/example_subdag_operator.py
[2023-07-24 01:38:14,430] {processor.py:641} INFO - Processing file /home/airflow/.local/lib/python3.7/site-packages/airflow/example_dags/example_subdag_operator.py for tasks to queue
[2023-07-24 01:38:14,430] {logging_mixin.py:115} INFO - [2023-07-24 01:38:14,430] {dagbag.py:508} INFO - Filling up the DagBag from /home/airflow/.local/lib/python3.7/site-packages/airflow/example_dags/example_subdag_operator.py
[2023-07-24 01:38:14,443] {processor.py:651} INFO - DAG(s) dict_keys(['example_subdag_operator.section-1', 'example_subdag_operator.section-2', 'example_subdag_operator']) retrieved from /home/airflow/.local/lib/python3.7/site-packages/airflow/example_dags/example_subdag_operator.py
[2023-07-24 01:38:14,455] {logging_mixin.py:115} INFO - [2023-07-24 01:38:14,455] {dag.py:2420} INFO - Sync 3 DAGs
[2023-07-24 01:38:14,466] {logging_mixin.py:115} INFO - [2023-07-24 01:38:14,466] {dag.py:2972} INFO - Setting next_dagrun for example_subdag_operator to 2022-01-01T00:00:00+00:00, run_after=2022-01-01T00:00:00+00:00
[2023-07-24 01:38:14,466] {logging_mixin.py:115} INFO - [2023-07-24 01:38:14,466] {dag.py:2972} INFO - Setting next_dagrun for example_subdag_operator.section-1 to None, run_after=None
[2023-07-24 01:38:14,467] {logging_mixin.py:115} INFO - [2023-07-24 01:38:14,466] {dag.py:2972} INFO - Setting next_dagrun for example_subdag_operator.section-2 to None, run_after=None
[2023-07-24 01:38:14,470] {logging_mixin.py:115} INFO - [2023-07-24 01:38:14,469] {dag.py:2420} INFO - Sync 2 DAGs
[2023-07-24 01:38:14,536] {logging_mixin.py:115} INFO - [2023-07-24 01:38:14,536] {dag.py:2972} INFO - Setting next_dagrun for example_subdag_operator.section-1 to None, run_after=None
[2023-07-24 01:38:14,537] {logging_mixin.py:115} INFO - [2023-07-24 01:38:14,537] {dag.py:2972} INFO - Setting next_dagrun for example_subdag_operator.section-2 to None, run_after=None
[2023-07-24 01:38:14,543] {processor.py:161} INFO - Processing /home/airflow/.local/lib/python3.7/site-packages/airflow/example_dags/example_subdag_operator.py took 0.116 seconds
[2023-07-24 01:38:44,907] {processor.py:153} INFO - Started process (PID=2236) to work on /home/airflow/.local/lib/python3.7/site-packages/airflow/example_dags/example_subdag_operator.py
[2023-07-24 01:38:44,907] {processor.py:641} INFO - Processing file /home/airflow/.local/lib/python3.7/site-packages/airflow/example_dags/example_subdag_operator.py for tasks to queue
[2023-07-24 01:38:44,907] {logging_mixin.py:115} INFO - [2023-07-24 01:38:44,907] {dagbag.py:508} INFO - Filling up the DagBag from /home/airflow/.local/lib/python3.7/site-packages/airflow/example_dags/example_subdag_operator.py
[2023-07-24 01:38:44,956] {processor.py:651} INFO - DAG(s) dict_keys(['example_subdag_operator.section-1', 'example_subdag_operator.section-2', 'example_subdag_operator']) retrieved from /home/airflow/.local/lib/python3.7/site-packages/airflow/example_dags/example_subdag_operator.py
[2023-07-24 01:38:44,970] {logging_mixin.py:115} INFO - [2023-07-24 01:38:44,970] {dag.py:2420} INFO - Sync 3 DAGs
[2023-07-24 01:38:44,982] {logging_mixin.py:115} INFO - [2023-07-24 01:38:44,982] {dag.py:2972} INFO - Setting next_dagrun for example_subdag_operator to 2022-01-01T00:00:00+00:00, run_after=2022-01-01T00:00:00+00:00
[2023-07-24 01:38:44,982] {logging_mixin.py:115} INFO - [2023-07-24 01:38:44,982] {dag.py:2972} INFO - Setting next_dagrun for example_subdag_operator.section-1 to None, run_after=None
[2023-07-24 01:38:44,982] {logging_mixin.py:115} INFO - [2023-07-24 01:38:44,982] {dag.py:2972} INFO - Setting next_dagrun for example_subdag_operator.section-2 to None, run_after=None
[2023-07-24 01:38:44,985] {logging_mixin.py:115} INFO - [2023-07-24 01:38:44,985] {dag.py:2420} INFO - Sync 2 DAGs
[2023-07-24 01:38:45,051] {logging_mixin.py:115} INFO - [2023-07-24 01:38:45,051] {dag.py:2972} INFO - Setting next_dagrun for example_subdag_operator.section-1 to None, run_after=None
[2023-07-24 01:38:45,051] {logging_mixin.py:115} INFO - [2023-07-24 01:38:45,051] {dag.py:2972} INFO - Setting next_dagrun for example_subdag_operator.section-2 to None, run_after=None
[2023-07-24 01:38:45,058] {processor.py:161} INFO - Processing /home/airflow/.local/lib/python3.7/site-packages/airflow/example_dags/example_subdag_operator.py took 0.153 seconds
[2023-07-24 01:39:15,481] {processor.py:153} INFO - Started process (PID=2296) to work on /home/airflow/.local/lib/python3.7/site-packages/airflow/example_dags/example_subdag_operator.py
[2023-07-24 01:39:15,482] {processor.py:641} INFO - Processing file /home/airflow/.local/lib/python3.7/site-packages/airflow/example_dags/example_subdag_operator.py for tasks to queue
[2023-07-24 01:39:15,482] {logging_mixin.py:115} INFO - [2023-07-24 01:39:15,482] {dagbag.py:508} INFO - Filling up the DagBag from /home/airflow/.local/lib/python3.7/site-packages/airflow/example_dags/example_subdag_operator.py
[2023-07-24 01:39:15,495] {processor.py:651} INFO - DAG(s) dict_keys(['example_subdag_operator.section-1', 'example_subdag_operator.section-2', 'example_subdag_operator']) retrieved from /home/airflow/.local/lib/python3.7/site-packages/airflow/example_dags/example_subdag_operator.py
[2023-07-24 01:39:15,507] {logging_mixin.py:115} INFO - [2023-07-24 01:39:15,507] {dag.py:2420} INFO - Sync 3 DAGs
[2023-07-24 01:39:15,518] {logging_mixin.py:115} INFO - [2023-07-24 01:39:15,518] {dag.py:2972} INFO - Setting next_dagrun for example_subdag_operator to 2022-01-01T00:00:00+00:00, run_after=2022-01-01T00:00:00+00:00
[2023-07-24 01:39:15,518] {logging_mixin.py:115} INFO - [2023-07-24 01:39:15,518] {dag.py:2972} INFO - Setting next_dagrun for example_subdag_operator.section-1 to None, run_after=None
[2023-07-24 01:39:15,518] {logging_mixin.py:115} INFO - [2023-07-24 01:39:15,518] {dag.py:2972} INFO - Setting next_dagrun for example_subdag_operator.section-2 to None, run_after=None
[2023-07-24 01:39:15,521] {logging_mixin.py:115} INFO - [2023-07-24 01:39:15,521] {dag.py:2420} INFO - Sync 2 DAGs
[2023-07-24 01:39:15,585] {logging_mixin.py:115} INFO - [2023-07-24 01:39:15,585] {dag.py:2972} INFO - Setting next_dagrun for example_subdag_operator.section-1 to None, run_after=None
[2023-07-24 01:39:15,585] {logging_mixin.py:115} INFO - [2023-07-24 01:39:15,585] {dag.py:2972} INFO - Setting next_dagrun for example_subdag_operator.section-2 to None, run_after=None
[2023-07-24 01:39:15,593] {processor.py:161} INFO - Processing /home/airflow/.local/lib/python3.7/site-packages/airflow/example_dags/example_subdag_operator.py took 0.114 seconds
[2023-07-24 01:39:46,023] {processor.py:153} INFO - Started process (PID=2347) to work on /home/airflow/.local/lib/python3.7/site-packages/airflow/example_dags/example_subdag_operator.py
[2023-07-24 01:39:46,023] {processor.py:641} INFO - Processing file /home/airflow/.local/lib/python3.7/site-packages/airflow/example_dags/example_subdag_operator.py for tasks to queue
[2023-07-24 01:39:46,024] {logging_mixin.py:115} INFO - [2023-07-24 01:39:46,024] {dagbag.py:508} INFO - Filling up the DagBag from /home/airflow/.local/lib/python3.7/site-packages/airflow/example_dags/example_subdag_operator.py
[2023-07-24 01:39:46,036] {processor.py:651} INFO - DAG(s) dict_keys(['example_subdag_operator.section-1', 'example_subdag_operator.section-2', 'example_subdag_operator']) retrieved from /home/airflow/.local/lib/python3.7/site-packages/airflow/example_dags/example_subdag_operator.py
[2023-07-24 01:39:46,048] {logging_mixin.py:115} INFO - [2023-07-24 01:39:46,048] {dag.py:2420} INFO - Sync 3 DAGs
[2023-07-24 01:39:46,059] {logging_mixin.py:115} INFO - [2023-07-24 01:39:46,058] {dag.py:2972} INFO - Setting next_dagrun for example_subdag_operator to 2022-01-01T00:00:00+00:00, run_after=2022-01-01T00:00:00+00:00
[2023-07-24 01:39:46,059] {logging_mixin.py:115} INFO - [2023-07-24 01:39:46,059] {dag.py:2972} INFO - Setting next_dagrun for example_subdag_operator.section-1 to None, run_after=None
[2023-07-24 01:39:46,059] {logging_mixin.py:115} INFO - [2023-07-24 01:39:46,059] {dag.py:2972} INFO - Setting next_dagrun for example_subdag_operator.section-2 to None, run_after=None
[2023-07-24 01:39:46,062] {logging_mixin.py:115} INFO - [2023-07-24 01:39:46,062] {dag.py:2420} INFO - Sync 2 DAGs
[2023-07-24 01:39:46,126] {logging_mixin.py:115} INFO - [2023-07-24 01:39:46,126] {dag.py:2972} INFO - Setting next_dagrun for example_subdag_operator.section-1 to None, run_after=None
[2023-07-24 01:39:46,126] {logging_mixin.py:115} INFO - [2023-07-24 01:39:46,126] {dag.py:2972} INFO - Setting next_dagrun for example_subdag_operator.section-2 to None, run_after=None
[2023-07-24 01:39:46,133] {processor.py:161} INFO - Processing /home/airflow/.local/lib/python3.7/site-packages/airflow/example_dags/example_subdag_operator.py took 0.112 seconds
[2023-07-24 01:40:16,569] {processor.py:153} INFO - Started process (PID=2406) to work on /home/airflow/.local/lib/python3.7/site-packages/airflow/example_dags/example_subdag_operator.py
[2023-07-24 01:40:16,569] {processor.py:641} INFO - Processing file /home/airflow/.local/lib/python3.7/site-packages/airflow/example_dags/example_subdag_operator.py for tasks to queue
[2023-07-24 01:40:16,570] {logging_mixin.py:115} INFO - [2023-07-24 01:40:16,570] {dagbag.py:508} INFO - Filling up the DagBag from /home/airflow/.local/lib/python3.7/site-packages/airflow/example_dags/example_subdag_operator.py
[2023-07-24 01:40:16,584] {processor.py:651} INFO - DAG(s) dict_keys(['example_subdag_operator.section-1', 'example_subdag_operator.section-2', 'example_subdag_operator']) retrieved from /home/airflow/.local/lib/python3.7/site-packages/airflow/example_dags/example_subdag_operator.py
[2023-07-24 01:40:16,597] {logging_mixin.py:115} INFO - [2023-07-24 01:40:16,597] {dag.py:2420} INFO - Sync 3 DAGs
[2023-07-24 01:40:16,610] {logging_mixin.py:115} INFO - [2023-07-24 01:40:16,610] {dag.py:2972} INFO - Setting next_dagrun for example_subdag_operator to 2022-01-01T00:00:00+00:00, run_after=2022-01-01T00:00:00+00:00
[2023-07-24 01:40:16,610] {logging_mixin.py:115} INFO - [2023-07-24 01:40:16,610] {dag.py:2972} INFO - Setting next_dagrun for example_subdag_operator.section-1 to None, run_after=None
[2023-07-24 01:40:16,610] {logging_mixin.py:115} INFO - [2023-07-24 01:40:16,610] {dag.py:2972} INFO - Setting next_dagrun for example_subdag_operator.section-2 to None, run_after=None
[2023-07-24 01:40:16,614] {logging_mixin.py:115} INFO - [2023-07-24 01:40:16,614] {dag.py:2420} INFO - Sync 2 DAGs
[2023-07-24 01:40:16,688] {logging_mixin.py:115} INFO - [2023-07-24 01:40:16,688] {dag.py:2972} INFO - Setting next_dagrun for example_subdag_operator.section-1 to None, run_after=None
[2023-07-24 01:40:16,688] {logging_mixin.py:115} INFO - [2023-07-24 01:40:16,688] {dag.py:2972} INFO - Setting next_dagrun for example_subdag_operator.section-2 to None, run_after=None
[2023-07-24 01:40:16,696] {processor.py:161} INFO - Processing /home/airflow/.local/lib/python3.7/site-packages/airflow/example_dags/example_subdag_operator.py took 0.129 seconds
[2023-07-24 01:40:47,129] {processor.py:153} INFO - Started process (PID=2467) to work on /home/airflow/.local/lib/python3.7/site-packages/airflow/example_dags/example_subdag_operator.py
[2023-07-24 01:40:47,129] {processor.py:641} INFO - Processing file /home/airflow/.local/lib/python3.7/site-packages/airflow/example_dags/example_subdag_operator.py for tasks to queue
[2023-07-24 01:40:47,129] {logging_mixin.py:115} INFO - [2023-07-24 01:40:47,129] {dagbag.py:508} INFO - Filling up the DagBag from /home/airflow/.local/lib/python3.7/site-packages/airflow/example_dags/example_subdag_operator.py
[2023-07-24 01:40:47,143] {processor.py:651} INFO - DAG(s) dict_keys(['example_subdag_operator.section-1', 'example_subdag_operator.section-2', 'example_subdag_operator']) retrieved from /home/airflow/.local/lib/python3.7/site-packages/airflow/example_dags/example_subdag_operator.py
[2023-07-24 01:40:47,155] {logging_mixin.py:115} INFO - [2023-07-24 01:40:47,155] {dag.py:2420} INFO - Sync 3 DAGs
[2023-07-24 01:40:47,167] {logging_mixin.py:115} INFO - [2023-07-24 01:40:47,167] {dag.py:2972} INFO - Setting next_dagrun for example_subdag_operator to 2022-01-01T00:00:00+00:00, run_after=2022-01-01T00:00:00+00:00
[2023-07-24 01:40:47,167] {logging_mixin.py:115} INFO - [2023-07-24 01:40:47,167] {dag.py:2972} INFO - Setting next_dagrun for example_subdag_operator.section-1 to None, run_after=None
[2023-07-24 01:40:47,167] {logging_mixin.py:115} INFO - [2023-07-24 01:40:47,167] {dag.py:2972} INFO - Setting next_dagrun for example_subdag_operator.section-2 to None, run_after=None
[2023-07-24 01:40:47,171] {logging_mixin.py:115} INFO - [2023-07-24 01:40:47,170] {dag.py:2420} INFO - Sync 2 DAGs
[2023-07-24 01:40:47,236] {logging_mixin.py:115} INFO - [2023-07-24 01:40:47,236] {dag.py:2972} INFO - Setting next_dagrun for example_subdag_operator.section-1 to None, run_after=None
[2023-07-24 01:40:47,236] {logging_mixin.py:115} INFO - [2023-07-24 01:40:47,236] {dag.py:2972} INFO - Setting next_dagrun for example_subdag_operator.section-2 to None, run_after=None
[2023-07-24 01:40:47,244] {processor.py:161} INFO - Processing /home/airflow/.local/lib/python3.7/site-packages/airflow/example_dags/example_subdag_operator.py took 0.117 seconds
