[2023-07-24 01:20:01,261] {processor.py:153} INFO - Started process (PID=68) to work on /home/airflow/.local/lib/python3.7/site-packages/airflow/example_dags/example_external_task_marker_dag.py
[2023-07-24 01:20:01,261] {processor.py:641} INFO - Processing file /home/airflow/.local/lib/python3.7/site-packages/airflow/example_dags/example_external_task_marker_dag.py for tasks to queue
[2023-07-24 01:20:01,261] {logging_mixin.py:115} INFO - [2023-07-24 01:20:01,261] {dagbag.py:508} INFO - Filling up the DagBag from /home/airflow/.local/lib/python3.7/site-packages/airflow/example_dags/example_external_task_marker_dag.py
[2023-07-24 01:20:01,264] {processor.py:651} INFO - DAG(s) dict_keys(['example_external_task_marker_parent', 'example_external_task_marker_child']) retrieved from /home/airflow/.local/lib/python3.7/site-packages/airflow/example_dags/example_external_task_marker_dag.py
[2023-07-24 01:20:01,394] {logging_mixin.py:115} INFO - [2023-07-24 01:20:01,394] {manager.py:508} INFO - Created Permission View: can edit on DAG:example_external_task_marker_parent
[2023-07-24 01:20:01,403] {logging_mixin.py:115} INFO - [2023-07-24 01:20:01,403] {manager.py:508} INFO - Created Permission View: can read on DAG:example_external_task_marker_parent
[2023-07-24 01:20:01,410] {logging_mixin.py:115} INFO - [2023-07-24 01:20:01,410] {manager.py:508} INFO - Created Permission View: can delete on DAG:example_external_task_marker_parent
[2023-07-24 01:20:01,433] {logging_mixin.py:115} INFO - [2023-07-24 01:20:01,433] {manager.py:508} INFO - Created Permission View: can edit on DAG:example_external_task_marker_child
[2023-07-24 01:20:01,441] {logging_mixin.py:115} INFO - [2023-07-24 01:20:01,441] {manager.py:508} INFO - Created Permission View: can read on DAG:example_external_task_marker_child
[2023-07-24 01:20:01,448] {logging_mixin.py:115} INFO - [2023-07-24 01:20:01,448] {manager.py:508} INFO - Created Permission View: can delete on DAG:example_external_task_marker_child
[2023-07-24 01:20:01,449] {logging_mixin.py:115} INFO - [2023-07-24 01:20:01,448] {dag.py:2420} INFO - Sync 2 DAGs
[2023-07-24 01:20:01,455] {logging_mixin.py:115} INFO - [2023-07-24 01:20:01,455] {dag.py:2439} INFO - Creating ORM DAG for example_external_task_marker_child
[2023-07-24 01:20:01,455] {logging_mixin.py:115} INFO - [2023-07-24 01:20:01,455] {dag.py:2439} INFO - Creating ORM DAG for example_external_task_marker_parent
[2023-07-24 01:20:01,464] {logging_mixin.py:115} INFO - [2023-07-24 01:20:01,464] {dag.py:2972} INFO - Setting next_dagrun for example_external_task_marker_child to None, run_after=None
[2023-07-24 01:20:01,465] {logging_mixin.py:115} INFO - [2023-07-24 01:20:01,465] {dag.py:2972} INFO - Setting next_dagrun for example_external_task_marker_parent to None, run_after=None
[2023-07-24 01:20:01,478] {processor.py:161} INFO - Processing /home/airflow/.local/lib/python3.7/site-packages/airflow/example_dags/example_external_task_marker_dag.py took 0.219 seconds
[2023-07-24 01:20:32,307] {processor.py:153} INFO - Started process (PID=128) to work on /home/airflow/.local/lib/python3.7/site-packages/airflow/example_dags/example_external_task_marker_dag.py
[2023-07-24 01:20:32,309] {processor.py:641} INFO - Processing file /home/airflow/.local/lib/python3.7/site-packages/airflow/example_dags/example_external_task_marker_dag.py for tasks to queue
[2023-07-24 01:20:32,309] {logging_mixin.py:115} INFO - [2023-07-24 01:20:32,309] {dagbag.py:508} INFO - Filling up the DagBag from /home/airflow/.local/lib/python3.7/site-packages/airflow/example_dags/example_external_task_marker_dag.py
[2023-07-24 01:20:32,311] {processor.py:651} INFO - DAG(s) dict_keys(['example_external_task_marker_parent', 'example_external_task_marker_child']) retrieved from /home/airflow/.local/lib/python3.7/site-packages/airflow/example_dags/example_external_task_marker_dag.py
[2023-07-24 01:20:32,331] {logging_mixin.py:115} INFO - [2023-07-24 01:20:32,330] {dag.py:2420} INFO - Sync 2 DAGs
[2023-07-24 01:20:32,341] {logging_mixin.py:115} INFO - [2023-07-24 01:20:32,341] {dag.py:2972} INFO - Setting next_dagrun for example_external_task_marker_child to None, run_after=None
[2023-07-24 01:20:32,341] {logging_mixin.py:115} INFO - [2023-07-24 01:20:32,341] {dag.py:2972} INFO - Setting next_dagrun for example_external_task_marker_parent to None, run_after=None
[2023-07-24 01:20:32,355] {processor.py:161} INFO - Processing /home/airflow/.local/lib/python3.7/site-packages/airflow/example_dags/example_external_task_marker_dag.py took 0.050 seconds
[2023-07-24 01:21:02,530] {processor.py:153} INFO - Started process (PID=189) to work on /home/airflow/.local/lib/python3.7/site-packages/airflow/example_dags/example_external_task_marker_dag.py
[2023-07-24 01:21:02,531] {processor.py:641} INFO - Processing file /home/airflow/.local/lib/python3.7/site-packages/airflow/example_dags/example_external_task_marker_dag.py for tasks to queue
[2023-07-24 01:21:02,532] {logging_mixin.py:115} INFO - [2023-07-24 01:21:02,531] {dagbag.py:508} INFO - Filling up the DagBag from /home/airflow/.local/lib/python3.7/site-packages/airflow/example_dags/example_external_task_marker_dag.py
[2023-07-24 01:21:02,534] {processor.py:651} INFO - DAG(s) dict_keys(['example_external_task_marker_parent', 'example_external_task_marker_child']) retrieved from /home/airflow/.local/lib/python3.7/site-packages/airflow/example_dags/example_external_task_marker_dag.py
[2023-07-24 01:21:02,554] {logging_mixin.py:115} INFO - [2023-07-24 01:21:02,554] {dag.py:2420} INFO - Sync 2 DAGs
[2023-07-24 01:21:02,564] {logging_mixin.py:115} INFO - [2023-07-24 01:21:02,564] {dag.py:2972} INFO - Setting next_dagrun for example_external_task_marker_child to None, run_after=None
[2023-07-24 01:21:02,565] {logging_mixin.py:115} INFO - [2023-07-24 01:21:02,565] {dag.py:2972} INFO - Setting next_dagrun for example_external_task_marker_parent to None, run_after=None
[2023-07-24 01:21:02,573] {processor.py:161} INFO - Processing /home/airflow/.local/lib/python3.7/site-packages/airflow/example_dags/example_external_task_marker_dag.py took 0.045 seconds
[2023-07-24 01:21:32,881] {processor.py:153} INFO - Started process (PID=249) to work on /home/airflow/.local/lib/python3.7/site-packages/airflow/example_dags/example_external_task_marker_dag.py
[2023-07-24 01:21:32,883] {processor.py:641} INFO - Processing file /home/airflow/.local/lib/python3.7/site-packages/airflow/example_dags/example_external_task_marker_dag.py for tasks to queue
[2023-07-24 01:21:32,883] {logging_mixin.py:115} INFO - [2023-07-24 01:21:32,883] {dagbag.py:508} INFO - Filling up the DagBag from /home/airflow/.local/lib/python3.7/site-packages/airflow/example_dags/example_external_task_marker_dag.py
[2023-07-24 01:21:32,885] {processor.py:651} INFO - DAG(s) dict_keys(['example_external_task_marker_parent', 'example_external_task_marker_child']) retrieved from /home/airflow/.local/lib/python3.7/site-packages/airflow/example_dags/example_external_task_marker_dag.py
[2023-07-24 01:21:32,905] {logging_mixin.py:115} INFO - [2023-07-24 01:21:32,905] {dag.py:2420} INFO - Sync 2 DAGs
[2023-07-24 01:21:32,916] {logging_mixin.py:115} INFO - [2023-07-24 01:21:32,916] {dag.py:2972} INFO - Setting next_dagrun for example_external_task_marker_child to None, run_after=None
[2023-07-24 01:21:32,916] {logging_mixin.py:115} INFO - [2023-07-24 01:21:32,916] {dag.py:2972} INFO - Setting next_dagrun for example_external_task_marker_parent to None, run_after=None
[2023-07-24 01:21:32,925] {processor.py:161} INFO - Processing /home/airflow/.local/lib/python3.7/site-packages/airflow/example_dags/example_external_task_marker_dag.py took 0.045 seconds
[2023-07-24 01:22:03,053] {processor.py:153} INFO - Started process (PID=310) to work on /home/airflow/.local/lib/python3.7/site-packages/airflow/example_dags/example_external_task_marker_dag.py
[2023-07-24 01:22:03,055] {processor.py:641} INFO - Processing file /home/airflow/.local/lib/python3.7/site-packages/airflow/example_dags/example_external_task_marker_dag.py for tasks to queue
[2023-07-24 01:22:03,055] {logging_mixin.py:115} INFO - [2023-07-24 01:22:03,055] {dagbag.py:508} INFO - Filling up the DagBag from /home/airflow/.local/lib/python3.7/site-packages/airflow/example_dags/example_external_task_marker_dag.py
[2023-07-24 01:22:03,057] {processor.py:651} INFO - DAG(s) dict_keys(['example_external_task_marker_parent', 'example_external_task_marker_child']) retrieved from /home/airflow/.local/lib/python3.7/site-packages/airflow/example_dags/example_external_task_marker_dag.py
[2023-07-24 01:22:03,077] {logging_mixin.py:115} INFO - [2023-07-24 01:22:03,077] {dag.py:2420} INFO - Sync 2 DAGs
[2023-07-24 01:22:03,088] {logging_mixin.py:115} INFO - [2023-07-24 01:22:03,088] {dag.py:2972} INFO - Setting next_dagrun for example_external_task_marker_child to None, run_after=None
[2023-07-24 01:22:03,088] {logging_mixin.py:115} INFO - [2023-07-24 01:22:03,088] {dag.py:2972} INFO - Setting next_dagrun for example_external_task_marker_parent to None, run_after=None
[2023-07-24 01:22:03,102] {processor.py:161} INFO - Processing /home/airflow/.local/lib/python3.7/site-packages/airflow/example_dags/example_external_task_marker_dag.py took 0.051 seconds
[2023-07-24 01:22:33,252] {processor.py:153} INFO - Started process (PID=362) to work on /home/airflow/.local/lib/python3.7/site-packages/airflow/example_dags/example_external_task_marker_dag.py
[2023-07-24 01:22:33,254] {processor.py:641} INFO - Processing file /home/airflow/.local/lib/python3.7/site-packages/airflow/example_dags/example_external_task_marker_dag.py for tasks to queue
[2023-07-24 01:22:33,254] {logging_mixin.py:115} INFO - [2023-07-24 01:22:33,254] {dagbag.py:508} INFO - Filling up the DagBag from /home/airflow/.local/lib/python3.7/site-packages/airflow/example_dags/example_external_task_marker_dag.py
[2023-07-24 01:22:33,256] {processor.py:651} INFO - DAG(s) dict_keys(['example_external_task_marker_parent', 'example_external_task_marker_child']) retrieved from /home/airflow/.local/lib/python3.7/site-packages/airflow/example_dags/example_external_task_marker_dag.py
[2023-07-24 01:22:33,277] {logging_mixin.py:115} INFO - [2023-07-24 01:22:33,277] {dag.py:2420} INFO - Sync 2 DAGs
[2023-07-24 01:22:33,287] {logging_mixin.py:115} INFO - [2023-07-24 01:22:33,287] {dag.py:2972} INFO - Setting next_dagrun for example_external_task_marker_child to None, run_after=None
[2023-07-24 01:22:33,287] {logging_mixin.py:115} INFO - [2023-07-24 01:22:33,287] {dag.py:2972} INFO - Setting next_dagrun for example_external_task_marker_parent to None, run_after=None
[2023-07-24 01:22:33,299] {processor.py:161} INFO - Processing /home/airflow/.local/lib/python3.7/site-packages/airflow/example_dags/example_external_task_marker_dag.py took 0.048 seconds
[2023-07-24 01:23:03,490] {processor.py:153} INFO - Started process (PID=423) to work on /home/airflow/.local/lib/python3.7/site-packages/airflow/example_dags/example_external_task_marker_dag.py
[2023-07-24 01:23:03,491] {processor.py:641} INFO - Processing file /home/airflow/.local/lib/python3.7/site-packages/airflow/example_dags/example_external_task_marker_dag.py for tasks to queue
[2023-07-24 01:23:03,492] {logging_mixin.py:115} INFO - [2023-07-24 01:23:03,492] {dagbag.py:508} INFO - Filling up the DagBag from /home/airflow/.local/lib/python3.7/site-packages/airflow/example_dags/example_external_task_marker_dag.py
[2023-07-24 01:23:03,494] {processor.py:651} INFO - DAG(s) dict_keys(['example_external_task_marker_parent', 'example_external_task_marker_child']) retrieved from /home/airflow/.local/lib/python3.7/site-packages/airflow/example_dags/example_external_task_marker_dag.py
[2023-07-24 01:23:03,514] {logging_mixin.py:115} INFO - [2023-07-24 01:23:03,514] {dag.py:2420} INFO - Sync 2 DAGs
[2023-07-24 01:23:03,524] {logging_mixin.py:115} INFO - [2023-07-24 01:23:03,524] {dag.py:2972} INFO - Setting next_dagrun for example_external_task_marker_child to None, run_after=None
[2023-07-24 01:23:03,524] {logging_mixin.py:115} INFO - [2023-07-24 01:23:03,524] {dag.py:2972} INFO - Setting next_dagrun for example_external_task_marker_parent to None, run_after=None
[2023-07-24 01:23:03,532] {processor.py:161} INFO - Processing /home/airflow/.local/lib/python3.7/site-packages/airflow/example_dags/example_external_task_marker_dag.py took 0.044 seconds
[2023-07-24 01:23:33,643] {processor.py:153} INFO - Started process (PID=484) to work on /home/airflow/.local/lib/python3.7/site-packages/airflow/example_dags/example_external_task_marker_dag.py
[2023-07-24 01:23:33,645] {processor.py:641} INFO - Processing file /home/airflow/.local/lib/python3.7/site-packages/airflow/example_dags/example_external_task_marker_dag.py for tasks to queue
[2023-07-24 01:23:33,645] {logging_mixin.py:115} INFO - [2023-07-24 01:23:33,645] {dagbag.py:508} INFO - Filling up the DagBag from /home/airflow/.local/lib/python3.7/site-packages/airflow/example_dags/example_external_task_marker_dag.py
[2023-07-24 01:23:33,647] {processor.py:651} INFO - DAG(s) dict_keys(['example_external_task_marker_parent', 'example_external_task_marker_child']) retrieved from /home/airflow/.local/lib/python3.7/site-packages/airflow/example_dags/example_external_task_marker_dag.py
[2023-07-24 01:23:33,667] {logging_mixin.py:115} INFO - [2023-07-24 01:23:33,667] {dag.py:2420} INFO - Sync 2 DAGs
[2023-07-24 01:23:33,677] {logging_mixin.py:115} INFO - [2023-07-24 01:23:33,677] {dag.py:2972} INFO - Setting next_dagrun for example_external_task_marker_child to None, run_after=None
[2023-07-24 01:23:33,677] {logging_mixin.py:115} INFO - [2023-07-24 01:23:33,677] {dag.py:2972} INFO - Setting next_dagrun for example_external_task_marker_parent to None, run_after=None
[2023-07-24 01:23:33,688] {processor.py:161} INFO - Processing /home/airflow/.local/lib/python3.7/site-packages/airflow/example_dags/example_external_task_marker_dag.py took 0.047 seconds
[2023-07-24 01:24:03,837] {processor.py:153} INFO - Started process (PID=545) to work on /home/airflow/.local/lib/python3.7/site-packages/airflow/example_dags/example_external_task_marker_dag.py
[2023-07-24 01:24:03,839] {processor.py:641} INFO - Processing file /home/airflow/.local/lib/python3.7/site-packages/airflow/example_dags/example_external_task_marker_dag.py for tasks to queue
[2023-07-24 01:24:03,839] {logging_mixin.py:115} INFO - [2023-07-24 01:24:03,839] {dagbag.py:508} INFO - Filling up the DagBag from /home/airflow/.local/lib/python3.7/site-packages/airflow/example_dags/example_external_task_marker_dag.py
[2023-07-24 01:24:03,841] {processor.py:651} INFO - DAG(s) dict_keys(['example_external_task_marker_parent', 'example_external_task_marker_child']) retrieved from /home/airflow/.local/lib/python3.7/site-packages/airflow/example_dags/example_external_task_marker_dag.py
[2023-07-24 01:24:03,860] {logging_mixin.py:115} INFO - [2023-07-24 01:24:03,860] {dag.py:2420} INFO - Sync 2 DAGs
[2023-07-24 01:24:03,871] {logging_mixin.py:115} INFO - [2023-07-24 01:24:03,870] {dag.py:2972} INFO - Setting next_dagrun for example_external_task_marker_child to None, run_after=None
[2023-07-24 01:24:03,871] {logging_mixin.py:115} INFO - [2023-07-24 01:24:03,871] {dag.py:2972} INFO - Setting next_dagrun for example_external_task_marker_parent to None, run_after=None
[2023-07-24 01:24:03,879] {processor.py:161} INFO - Processing /home/airflow/.local/lib/python3.7/site-packages/airflow/example_dags/example_external_task_marker_dag.py took 0.043 seconds
[2023-07-24 01:24:33,992] {processor.py:153} INFO - Started process (PID=606) to work on /home/airflow/.local/lib/python3.7/site-packages/airflow/example_dags/example_external_task_marker_dag.py
[2023-07-24 01:24:33,993] {processor.py:641} INFO - Processing file /home/airflow/.local/lib/python3.7/site-packages/airflow/example_dags/example_external_task_marker_dag.py for tasks to queue
[2023-07-24 01:24:33,993] {logging_mixin.py:115} INFO - [2023-07-24 01:24:33,993] {dagbag.py:508} INFO - Filling up the DagBag from /home/airflow/.local/lib/python3.7/site-packages/airflow/example_dags/example_external_task_marker_dag.py
[2023-07-24 01:24:33,996] {processor.py:651} INFO - DAG(s) dict_keys(['example_external_task_marker_parent', 'example_external_task_marker_child']) retrieved from /home/airflow/.local/lib/python3.7/site-packages/airflow/example_dags/example_external_task_marker_dag.py
[2023-07-24 01:24:34,015] {logging_mixin.py:115} INFO - [2023-07-24 01:24:34,015] {dag.py:2420} INFO - Sync 2 DAGs
[2023-07-24 01:24:34,026] {logging_mixin.py:115} INFO - [2023-07-24 01:24:34,026] {dag.py:2972} INFO - Setting next_dagrun for example_external_task_marker_child to None, run_after=None
[2023-07-24 01:24:34,026] {logging_mixin.py:115} INFO - [2023-07-24 01:24:34,026] {dag.py:2972} INFO - Setting next_dagrun for example_external_task_marker_parent to None, run_after=None
[2023-07-24 01:24:34,033] {processor.py:161} INFO - Processing /home/airflow/.local/lib/python3.7/site-packages/airflow/example_dags/example_external_task_marker_dag.py took 0.043 seconds
[2023-07-24 01:25:04,309] {processor.py:153} INFO - Started process (PID=658) to work on /home/airflow/.local/lib/python3.7/site-packages/airflow/example_dags/example_external_task_marker_dag.py
[2023-07-24 01:25:04,311] {processor.py:641} INFO - Processing file /home/airflow/.local/lib/python3.7/site-packages/airflow/example_dags/example_external_task_marker_dag.py for tasks to queue
[2023-07-24 01:25:04,311] {logging_mixin.py:115} INFO - [2023-07-24 01:25:04,311] {dagbag.py:508} INFO - Filling up the DagBag from /home/airflow/.local/lib/python3.7/site-packages/airflow/example_dags/example_external_task_marker_dag.py
[2023-07-24 01:25:04,313] {processor.py:651} INFO - DAG(s) dict_keys(['example_external_task_marker_parent', 'example_external_task_marker_child']) retrieved from /home/airflow/.local/lib/python3.7/site-packages/airflow/example_dags/example_external_task_marker_dag.py
[2023-07-24 01:25:04,334] {logging_mixin.py:115} INFO - [2023-07-24 01:25:04,333] {dag.py:2420} INFO - Sync 2 DAGs
[2023-07-24 01:25:04,343] {logging_mixin.py:115} INFO - [2023-07-24 01:25:04,343] {dag.py:2972} INFO - Setting next_dagrun for example_external_task_marker_child to None, run_after=None
[2023-07-24 01:25:04,344] {logging_mixin.py:115} INFO - [2023-07-24 01:25:04,344] {dag.py:2972} INFO - Setting next_dagrun for example_external_task_marker_parent to None, run_after=None
[2023-07-24 01:25:04,354] {processor.py:161} INFO - Processing /home/airflow/.local/lib/python3.7/site-packages/airflow/example_dags/example_external_task_marker_dag.py took 0.046 seconds
[2023-07-24 01:25:34,643] {processor.py:153} INFO - Started process (PID=720) to work on /home/airflow/.local/lib/python3.7/site-packages/airflow/example_dags/example_external_task_marker_dag.py
[2023-07-24 01:25:34,645] {processor.py:641} INFO - Processing file /home/airflow/.local/lib/python3.7/site-packages/airflow/example_dags/example_external_task_marker_dag.py for tasks to queue
[2023-07-24 01:25:34,645] {logging_mixin.py:115} INFO - [2023-07-24 01:25:34,645] {dagbag.py:508} INFO - Filling up the DagBag from /home/airflow/.local/lib/python3.7/site-packages/airflow/example_dags/example_external_task_marker_dag.py
[2023-07-24 01:25:34,647] {processor.py:651} INFO - DAG(s) dict_keys(['example_external_task_marker_parent', 'example_external_task_marker_child']) retrieved from /home/airflow/.local/lib/python3.7/site-packages/airflow/example_dags/example_external_task_marker_dag.py
[2023-07-24 01:25:34,667] {logging_mixin.py:115} INFO - [2023-07-24 01:25:34,667] {dag.py:2420} INFO - Sync 2 DAGs
[2023-07-24 01:25:34,678] {logging_mixin.py:115} INFO - [2023-07-24 01:25:34,678] {dag.py:2972} INFO - Setting next_dagrun for example_external_task_marker_child to None, run_after=None
[2023-07-24 01:25:34,678] {logging_mixin.py:115} INFO - [2023-07-24 01:25:34,678] {dag.py:2972} INFO - Setting next_dagrun for example_external_task_marker_parent to None, run_after=None
[2023-07-24 01:25:34,690] {processor.py:161} INFO - Processing /home/airflow/.local/lib/python3.7/site-packages/airflow/example_dags/example_external_task_marker_dag.py took 0.048 seconds
[2023-07-24 01:26:05,024] {processor.py:153} INFO - Started process (PID=780) to work on /home/airflow/.local/lib/python3.7/site-packages/airflow/example_dags/example_external_task_marker_dag.py
[2023-07-24 01:26:05,026] {processor.py:641} INFO - Processing file /home/airflow/.local/lib/python3.7/site-packages/airflow/example_dags/example_external_task_marker_dag.py for tasks to queue
[2023-07-24 01:26:05,027] {logging_mixin.py:115} INFO - [2023-07-24 01:26:05,027] {dagbag.py:508} INFO - Filling up the DagBag from /home/airflow/.local/lib/python3.7/site-packages/airflow/example_dags/example_external_task_marker_dag.py
[2023-07-24 01:26:05,028] {processor.py:651} INFO - DAG(s) dict_keys(['example_external_task_marker_parent', 'example_external_task_marker_child']) retrieved from /home/airflow/.local/lib/python3.7/site-packages/airflow/example_dags/example_external_task_marker_dag.py
[2023-07-24 01:26:05,049] {logging_mixin.py:115} INFO - [2023-07-24 01:26:05,049] {dag.py:2420} INFO - Sync 2 DAGs
[2023-07-24 01:26:05,060] {logging_mixin.py:115} INFO - [2023-07-24 01:26:05,060] {dag.py:2972} INFO - Setting next_dagrun for example_external_task_marker_child to None, run_after=None
[2023-07-24 01:26:05,060] {logging_mixin.py:115} INFO - [2023-07-24 01:26:05,060] {dag.py:2972} INFO - Setting next_dagrun for example_external_task_marker_parent to None, run_after=None
[2023-07-24 01:26:05,070] {processor.py:161} INFO - Processing /home/airflow/.local/lib/python3.7/site-packages/airflow/example_dags/example_external_task_marker_dag.py took 0.047 seconds
[2023-07-24 01:26:35,292] {processor.py:153} INFO - Started process (PID=841) to work on /home/airflow/.local/lib/python3.7/site-packages/airflow/example_dags/example_external_task_marker_dag.py
[2023-07-24 01:26:35,293] {processor.py:641} INFO - Processing file /home/airflow/.local/lib/python3.7/site-packages/airflow/example_dags/example_external_task_marker_dag.py for tasks to queue
[2023-07-24 01:26:35,294] {logging_mixin.py:115} INFO - [2023-07-24 01:26:35,294] {dagbag.py:508} INFO - Filling up the DagBag from /home/airflow/.local/lib/python3.7/site-packages/airflow/example_dags/example_external_task_marker_dag.py
[2023-07-24 01:26:35,295] {processor.py:651} INFO - DAG(s) dict_keys(['example_external_task_marker_parent', 'example_external_task_marker_child']) retrieved from /home/airflow/.local/lib/python3.7/site-packages/airflow/example_dags/example_external_task_marker_dag.py
[2023-07-24 01:26:35,316] {logging_mixin.py:115} INFO - [2023-07-24 01:26:35,315] {dag.py:2420} INFO - Sync 2 DAGs
[2023-07-24 01:26:35,325] {logging_mixin.py:115} INFO - [2023-07-24 01:26:35,325] {dag.py:2972} INFO - Setting next_dagrun for example_external_task_marker_child to None, run_after=None
[2023-07-24 01:26:35,326] {logging_mixin.py:115} INFO - [2023-07-24 01:26:35,326] {dag.py:2972} INFO - Setting next_dagrun for example_external_task_marker_parent to None, run_after=None
[2023-07-24 01:26:35,335] {processor.py:161} INFO - Processing /home/airflow/.local/lib/python3.7/site-packages/airflow/example_dags/example_external_task_marker_dag.py took 0.044 seconds
[2023-07-24 01:27:05,638] {processor.py:153} INFO - Started process (PID=902) to work on /home/airflow/.local/lib/python3.7/site-packages/airflow/example_dags/example_external_task_marker_dag.py
[2023-07-24 01:27:05,638] {processor.py:641} INFO - Processing file /home/airflow/.local/lib/python3.7/site-packages/airflow/example_dags/example_external_task_marker_dag.py for tasks to queue
[2023-07-24 01:27:05,638] {logging_mixin.py:115} INFO - [2023-07-24 01:27:05,638] {dagbag.py:508} INFO - Filling up the DagBag from /home/airflow/.local/lib/python3.7/site-packages/airflow/example_dags/example_external_task_marker_dag.py
[2023-07-24 01:27:05,640] {processor.py:651} INFO - DAG(s) dict_keys(['example_external_task_marker_parent', 'example_external_task_marker_child']) retrieved from /home/airflow/.local/lib/python3.7/site-packages/airflow/example_dags/example_external_task_marker_dag.py
[2023-07-24 01:27:05,661] {logging_mixin.py:115} INFO - [2023-07-24 01:27:05,661] {dag.py:2420} INFO - Sync 2 DAGs
[2023-07-24 01:27:05,672] {logging_mixin.py:115} INFO - [2023-07-24 01:27:05,672] {dag.py:2972} INFO - Setting next_dagrun for example_external_task_marker_child to None, run_after=None
[2023-07-24 01:27:05,672] {logging_mixin.py:115} INFO - [2023-07-24 01:27:05,672] {dag.py:2972} INFO - Setting next_dagrun for example_external_task_marker_parent to None, run_after=None
[2023-07-24 01:27:05,681] {processor.py:161} INFO - Processing /home/airflow/.local/lib/python3.7/site-packages/airflow/example_dags/example_external_task_marker_dag.py took 0.045 seconds
