[2023-07-24 01:20:00,881] {processor.py:153} INFO - Started process (PID=66) to work on /home/airflow/.local/lib/python3.7/site-packages/airflow/example_dags/example_latest_only.py
[2023-07-24 01:20:00,881] {processor.py:641} INFO - Processing file /home/airflow/.local/lib/python3.7/site-packages/airflow/example_dags/example_latest_only.py for tasks to queue
[2023-07-24 01:20:00,882] {logging_mixin.py:115} INFO - [2023-07-24 01:20:00,882] {dagbag.py:508} INFO - Filling up the DagBag from /home/airflow/.local/lib/python3.7/site-packages/airflow/example_dags/example_latest_only.py
[2023-07-24 01:20:00,885] {processor.py:651} INFO - DAG(s) dict_keys(['latest_only']) retrieved from /home/airflow/.local/lib/python3.7/site-packages/airflow/example_dags/example_latest_only.py
[2023-07-24 01:20:01,020] {logging_mixin.py:115} INFO - [2023-07-24 01:20:01,020] {manager.py:508} INFO - Created Permission View: can edit on DAG:latest_only
[2023-07-24 01:20:01,029] {logging_mixin.py:115} INFO - [2023-07-24 01:20:01,029] {manager.py:508} INFO - Created Permission View: can read on DAG:latest_only
[2023-07-24 01:20:01,037] {logging_mixin.py:115} INFO - [2023-07-24 01:20:01,037] {manager.py:508} INFO - Created Permission View: can delete on DAG:latest_only
[2023-07-24 01:20:01,037] {logging_mixin.py:115} INFO - [2023-07-24 01:20:01,037] {dag.py:2420} INFO - Sync 1 DAGs
[2023-07-24 01:20:01,042] {logging_mixin.py:115} INFO - [2023-07-24 01:20:01,042] {dag.py:2439} INFO - Creating ORM DAG for latest_only
[2023-07-24 01:20:01,049] {logging_mixin.py:115} INFO - [2023-07-24 01:20:01,049] {dag.py:2972} INFO - Setting next_dagrun for latest_only to 2023-07-23T21:20:01.048876+00:00, run_after=2023-07-24T01:20:01.048876+00:00
[2023-07-24 01:20:01,059] {processor.py:161} INFO - Processing /home/airflow/.local/lib/python3.7/site-packages/airflow/example_dags/example_latest_only.py took 0.180 seconds
[2023-07-24 01:20:31,260] {processor.py:153} INFO - Started process (PID=126) to work on /home/airflow/.local/lib/python3.7/site-packages/airflow/example_dags/example_latest_only.py
[2023-07-24 01:20:31,261] {processor.py:641} INFO - Processing file /home/airflow/.local/lib/python3.7/site-packages/airflow/example_dags/example_latest_only.py for tasks to queue
[2023-07-24 01:20:31,261] {logging_mixin.py:115} INFO - [2023-07-24 01:20:31,261] {dagbag.py:508} INFO - Filling up the DagBag from /home/airflow/.local/lib/python3.7/site-packages/airflow/example_dags/example_latest_only.py
[2023-07-24 01:20:31,264] {processor.py:651} INFO - DAG(s) dict_keys(['latest_only']) retrieved from /home/airflow/.local/lib/python3.7/site-packages/airflow/example_dags/example_latest_only.py
[2023-07-24 01:20:31,276] {logging_mixin.py:115} INFO - [2023-07-24 01:20:31,276] {dag.py:2420} INFO - Sync 1 DAGs
[2023-07-24 01:20:31,287] {logging_mixin.py:115} INFO - [2023-07-24 01:20:31,287] {dag.py:2972} INFO - Setting next_dagrun for latest_only to 2023-07-23T21:20:31.286947+00:00, run_after=2023-07-24T01:20:31.286947+00:00
[2023-07-24 01:20:31,296] {processor.py:161} INFO - Processing /home/airflow/.local/lib/python3.7/site-packages/airflow/example_dags/example_latest_only.py took 0.037 seconds
[2023-07-24 01:21:01,481] {processor.py:153} INFO - Started process (PID=187) to work on /home/airflow/.local/lib/python3.7/site-packages/airflow/example_dags/example_latest_only.py
[2023-07-24 01:21:01,482] {processor.py:641} INFO - Processing file /home/airflow/.local/lib/python3.7/site-packages/airflow/example_dags/example_latest_only.py for tasks to queue
[2023-07-24 01:21:01,482] {logging_mixin.py:115} INFO - [2023-07-24 01:21:01,482] {dagbag.py:508} INFO - Filling up the DagBag from /home/airflow/.local/lib/python3.7/site-packages/airflow/example_dags/example_latest_only.py
[2023-07-24 01:21:01,485] {processor.py:651} INFO - DAG(s) dict_keys(['latest_only']) retrieved from /home/airflow/.local/lib/python3.7/site-packages/airflow/example_dags/example_latest_only.py
[2023-07-24 01:21:01,498] {logging_mixin.py:115} INFO - [2023-07-24 01:21:01,498] {dag.py:2420} INFO - Sync 1 DAGs
[2023-07-24 01:21:01,510] {logging_mixin.py:115} INFO - [2023-07-24 01:21:01,509] {dag.py:2972} INFO - Setting next_dagrun for latest_only to 2023-07-23T21:21:01.509856+00:00, run_after=2023-07-24T01:21:01.509856+00:00
[2023-07-24 01:21:01,519] {processor.py:161} INFO - Processing /home/airflow/.local/lib/python3.7/site-packages/airflow/example_dags/example_latest_only.py took 0.039 seconds
[2023-07-24 01:21:31,828] {processor.py:153} INFO - Started process (PID=247) to work on /home/airflow/.local/lib/python3.7/site-packages/airflow/example_dags/example_latest_only.py
[2023-07-24 01:21:31,829] {processor.py:641} INFO - Processing file /home/airflow/.local/lib/python3.7/site-packages/airflow/example_dags/example_latest_only.py for tasks to queue
[2023-07-24 01:21:31,829] {logging_mixin.py:115} INFO - [2023-07-24 01:21:31,829] {dagbag.py:508} INFO - Filling up the DagBag from /home/airflow/.local/lib/python3.7/site-packages/airflow/example_dags/example_latest_only.py
[2023-07-24 01:21:31,831] {processor.py:651} INFO - DAG(s) dict_keys(['latest_only']) retrieved from /home/airflow/.local/lib/python3.7/site-packages/airflow/example_dags/example_latest_only.py
[2023-07-24 01:21:31,846] {logging_mixin.py:115} INFO - [2023-07-24 01:21:31,846] {dag.py:2420} INFO - Sync 1 DAGs
[2023-07-24 01:21:31,859] {logging_mixin.py:115} INFO - [2023-07-24 01:21:31,859] {dag.py:2972} INFO - Setting next_dagrun for latest_only to 2023-07-23T21:21:31.859160+00:00, run_after=2023-07-24T01:21:31.859160+00:00
[2023-07-24 01:21:31,868] {processor.py:161} INFO - Processing /home/airflow/.local/lib/python3.7/site-packages/airflow/example_dags/example_latest_only.py took 0.042 seconds
[2023-07-24 01:22:02,006] {processor.py:153} INFO - Started process (PID=299) to work on /home/airflow/.local/lib/python3.7/site-packages/airflow/example_dags/example_latest_only.py
[2023-07-24 01:22:02,006] {processor.py:641} INFO - Processing file /home/airflow/.local/lib/python3.7/site-packages/airflow/example_dags/example_latest_only.py for tasks to queue
[2023-07-24 01:22:02,006] {logging_mixin.py:115} INFO - [2023-07-24 01:22:02,006] {dagbag.py:508} INFO - Filling up the DagBag from /home/airflow/.local/lib/python3.7/site-packages/airflow/example_dags/example_latest_only.py
[2023-07-24 01:22:02,008] {processor.py:651} INFO - DAG(s) dict_keys(['latest_only']) retrieved from /home/airflow/.local/lib/python3.7/site-packages/airflow/example_dags/example_latest_only.py
[2023-07-24 01:22:02,021] {logging_mixin.py:115} INFO - [2023-07-24 01:22:02,021] {dag.py:2420} INFO - Sync 1 DAGs
[2023-07-24 01:22:02,031] {logging_mixin.py:115} INFO - [2023-07-24 01:22:02,031] {dag.py:2972} INFO - Setting next_dagrun for latest_only to 2023-07-23T21:22:02.031221+00:00, run_after=2023-07-24T01:22:02.031221+00:00
[2023-07-24 01:22:02,041] {processor.py:161} INFO - Processing /home/airflow/.local/lib/python3.7/site-packages/airflow/example_dags/example_latest_only.py took 0.037 seconds
[2023-07-24 01:22:32,203] {processor.py:153} INFO - Started process (PID=360) to work on /home/airflow/.local/lib/python3.7/site-packages/airflow/example_dags/example_latest_only.py
[2023-07-24 01:22:32,204] {processor.py:641} INFO - Processing file /home/airflow/.local/lib/python3.7/site-packages/airflow/example_dags/example_latest_only.py for tasks to queue
[2023-07-24 01:22:32,204] {logging_mixin.py:115} INFO - [2023-07-24 01:22:32,204] {dagbag.py:508} INFO - Filling up the DagBag from /home/airflow/.local/lib/python3.7/site-packages/airflow/example_dags/example_latest_only.py
[2023-07-24 01:22:32,207] {processor.py:651} INFO - DAG(s) dict_keys(['latest_only']) retrieved from /home/airflow/.local/lib/python3.7/site-packages/airflow/example_dags/example_latest_only.py
[2023-07-24 01:22:32,220] {logging_mixin.py:115} INFO - [2023-07-24 01:22:32,220] {dag.py:2420} INFO - Sync 1 DAGs
[2023-07-24 01:22:32,231] {logging_mixin.py:115} INFO - [2023-07-24 01:22:32,231] {dag.py:2972} INFO - Setting next_dagrun for latest_only to 2023-07-23T21:22:32.231390+00:00, run_after=2023-07-24T01:22:32.231390+00:00
[2023-07-24 01:22:32,240] {processor.py:161} INFO - Processing /home/airflow/.local/lib/python3.7/site-packages/airflow/example_dags/example_latest_only.py took 0.039 seconds
[2023-07-24 01:23:02,443] {processor.py:153} INFO - Started process (PID=421) to work on /home/airflow/.local/lib/python3.7/site-packages/airflow/example_dags/example_latest_only.py
[2023-07-24 01:23:02,444] {processor.py:641} INFO - Processing file /home/airflow/.local/lib/python3.7/site-packages/airflow/example_dags/example_latest_only.py for tasks to queue
[2023-07-24 01:23:02,444] {logging_mixin.py:115} INFO - [2023-07-24 01:23:02,444] {dagbag.py:508} INFO - Filling up the DagBag from /home/airflow/.local/lib/python3.7/site-packages/airflow/example_dags/example_latest_only.py
[2023-07-24 01:23:02,446] {processor.py:651} INFO - DAG(s) dict_keys(['latest_only']) retrieved from /home/airflow/.local/lib/python3.7/site-packages/airflow/example_dags/example_latest_only.py
[2023-07-24 01:23:02,459] {logging_mixin.py:115} INFO - [2023-07-24 01:23:02,459] {dag.py:2420} INFO - Sync 1 DAGs
[2023-07-24 01:23:02,470] {logging_mixin.py:115} INFO - [2023-07-24 01:23:02,470] {dag.py:2972} INFO - Setting next_dagrun for latest_only to 2023-07-23T21:23:02.470425+00:00, run_after=2023-07-24T01:23:02.470425+00:00
[2023-07-24 01:23:02,478] {processor.py:161} INFO - Processing /home/airflow/.local/lib/python3.7/site-packages/airflow/example_dags/example_latest_only.py took 0.037 seconds
[2023-07-24 01:23:32,588] {processor.py:153} INFO - Started process (PID=482) to work on /home/airflow/.local/lib/python3.7/site-packages/airflow/example_dags/example_latest_only.py
[2023-07-24 01:23:32,590] {processor.py:641} INFO - Processing file /home/airflow/.local/lib/python3.7/site-packages/airflow/example_dags/example_latest_only.py for tasks to queue
[2023-07-24 01:23:32,590] {logging_mixin.py:115} INFO - [2023-07-24 01:23:32,590] {dagbag.py:508} INFO - Filling up the DagBag from /home/airflow/.local/lib/python3.7/site-packages/airflow/example_dags/example_latest_only.py
[2023-07-24 01:23:32,592] {processor.py:651} INFO - DAG(s) dict_keys(['latest_only']) retrieved from /home/airflow/.local/lib/python3.7/site-packages/airflow/example_dags/example_latest_only.py
[2023-07-24 01:23:32,606] {logging_mixin.py:115} INFO - [2023-07-24 01:23:32,605] {dag.py:2420} INFO - Sync 1 DAGs
[2023-07-24 01:23:32,617] {logging_mixin.py:115} INFO - [2023-07-24 01:23:32,617] {dag.py:2972} INFO - Setting next_dagrun for latest_only to 2023-07-23T21:23:32.617428+00:00, run_after=2023-07-24T01:23:32.617428+00:00
[2023-07-24 01:23:32,632] {processor.py:161} INFO - Processing /home/airflow/.local/lib/python3.7/site-packages/airflow/example_dags/example_latest_only.py took 0.046 seconds
[2023-07-24 01:24:02,790] {processor.py:153} INFO - Started process (PID=543) to work on /home/airflow/.local/lib/python3.7/site-packages/airflow/example_dags/example_latest_only.py
[2023-07-24 01:24:02,790] {processor.py:641} INFO - Processing file /home/airflow/.local/lib/python3.7/site-packages/airflow/example_dags/example_latest_only.py for tasks to queue
[2023-07-24 01:24:02,790] {logging_mixin.py:115} INFO - [2023-07-24 01:24:02,790] {dagbag.py:508} INFO - Filling up the DagBag from /home/airflow/.local/lib/python3.7/site-packages/airflow/example_dags/example_latest_only.py
[2023-07-24 01:24:02,793] {processor.py:651} INFO - DAG(s) dict_keys(['latest_only']) retrieved from /home/airflow/.local/lib/python3.7/site-packages/airflow/example_dags/example_latest_only.py
[2023-07-24 01:24:02,806] {logging_mixin.py:115} INFO - [2023-07-24 01:24:02,806] {dag.py:2420} INFO - Sync 1 DAGs
[2023-07-24 01:24:02,817] {logging_mixin.py:115} INFO - [2023-07-24 01:24:02,817] {dag.py:2972} INFO - Setting next_dagrun for latest_only to 2023-07-23T21:24:02.817614+00:00, run_after=2023-07-24T01:24:02.817614+00:00
[2023-07-24 01:24:02,826] {processor.py:161} INFO - Processing /home/airflow/.local/lib/python3.7/site-packages/airflow/example_dags/example_latest_only.py took 0.038 seconds
[2023-07-24 01:24:32,942] {processor.py:153} INFO - Started process (PID=604) to work on /home/airflow/.local/lib/python3.7/site-packages/airflow/example_dags/example_latest_only.py
[2023-07-24 01:24:32,943] {processor.py:641} INFO - Processing file /home/airflow/.local/lib/python3.7/site-packages/airflow/example_dags/example_latest_only.py for tasks to queue
[2023-07-24 01:24:32,943] {logging_mixin.py:115} INFO - [2023-07-24 01:24:32,943] {dagbag.py:508} INFO - Filling up the DagBag from /home/airflow/.local/lib/python3.7/site-packages/airflow/example_dags/example_latest_only.py
[2023-07-24 01:24:32,945] {processor.py:651} INFO - DAG(s) dict_keys(['latest_only']) retrieved from /home/airflow/.local/lib/python3.7/site-packages/airflow/example_dags/example_latest_only.py
[2023-07-24 01:24:32,958] {logging_mixin.py:115} INFO - [2023-07-24 01:24:32,958] {dag.py:2420} INFO - Sync 1 DAGs
[2023-07-24 01:24:32,971] {logging_mixin.py:115} INFO - [2023-07-24 01:24:32,971] {dag.py:2972} INFO - Setting next_dagrun for latest_only to 2023-07-23T21:24:32.971464+00:00, run_after=2023-07-24T01:24:32.971464+00:00
[2023-07-24 01:24:32,980] {processor.py:161} INFO - Processing /home/airflow/.local/lib/python3.7/site-packages/airflow/example_dags/example_latest_only.py took 0.040 seconds
[2023-07-24 01:25:03,260] {processor.py:153} INFO - Started process (PID=656) to work on /home/airflow/.local/lib/python3.7/site-packages/airflow/example_dags/example_latest_only.py
[2023-07-24 01:25:03,260] {processor.py:641} INFO - Processing file /home/airflow/.local/lib/python3.7/site-packages/airflow/example_dags/example_latest_only.py for tasks to queue
[2023-07-24 01:25:03,261] {logging_mixin.py:115} INFO - [2023-07-24 01:25:03,261] {dagbag.py:508} INFO - Filling up the DagBag from /home/airflow/.local/lib/python3.7/site-packages/airflow/example_dags/example_latest_only.py
[2023-07-24 01:25:03,263] {processor.py:651} INFO - DAG(s) dict_keys(['latest_only']) retrieved from /home/airflow/.local/lib/python3.7/site-packages/airflow/example_dags/example_latest_only.py
[2023-07-24 01:25:03,275] {logging_mixin.py:115} INFO - [2023-07-24 01:25:03,275] {dag.py:2420} INFO - Sync 1 DAGs
[2023-07-24 01:25:03,285] {logging_mixin.py:115} INFO - [2023-07-24 01:25:03,285] {dag.py:2972} INFO - Setting next_dagrun for latest_only to 2023-07-23T21:25:03.285452+00:00, run_after=2023-07-24T01:25:03.285452+00:00
[2023-07-24 01:25:03,294] {processor.py:161} INFO - Processing /home/airflow/.local/lib/python3.7/site-packages/airflow/example_dags/example_latest_only.py took 0.036 seconds
[2023-07-24 01:25:33,598] {processor.py:153} INFO - Started process (PID=718) to work on /home/airflow/.local/lib/python3.7/site-packages/airflow/example_dags/example_latest_only.py
[2023-07-24 01:25:33,598] {processor.py:641} INFO - Processing file /home/airflow/.local/lib/python3.7/site-packages/airflow/example_dags/example_latest_only.py for tasks to queue
[2023-07-24 01:25:33,598] {logging_mixin.py:115} INFO - [2023-07-24 01:25:33,598] {dagbag.py:508} INFO - Filling up the DagBag from /home/airflow/.local/lib/python3.7/site-packages/airflow/example_dags/example_latest_only.py
[2023-07-24 01:25:33,601] {processor.py:651} INFO - DAG(s) dict_keys(['latest_only']) retrieved from /home/airflow/.local/lib/python3.7/site-packages/airflow/example_dags/example_latest_only.py
[2023-07-24 01:25:33,614] {logging_mixin.py:115} INFO - [2023-07-24 01:25:33,614] {dag.py:2420} INFO - Sync 1 DAGs
[2023-07-24 01:25:33,624] {logging_mixin.py:115} INFO - [2023-07-24 01:25:33,624] {dag.py:2972} INFO - Setting next_dagrun for latest_only to 2023-07-23T21:25:33.623916+00:00, run_after=2023-07-24T01:25:33.623916+00:00
[2023-07-24 01:25:33,632] {processor.py:161} INFO - Processing /home/airflow/.local/lib/python3.7/site-packages/airflow/example_dags/example_latest_only.py took 0.036 seconds
[2023-07-24 01:26:03,977] {processor.py:153} INFO - Started process (PID=778) to work on /home/airflow/.local/lib/python3.7/site-packages/airflow/example_dags/example_latest_only.py
[2023-07-24 01:26:03,978] {processor.py:641} INFO - Processing file /home/airflow/.local/lib/python3.7/site-packages/airflow/example_dags/example_latest_only.py for tasks to queue
[2023-07-24 01:26:03,978] {logging_mixin.py:115} INFO - [2023-07-24 01:26:03,978] {dagbag.py:508} INFO - Filling up the DagBag from /home/airflow/.local/lib/python3.7/site-packages/airflow/example_dags/example_latest_only.py
[2023-07-24 01:26:03,980] {processor.py:651} INFO - DAG(s) dict_keys(['latest_only']) retrieved from /home/airflow/.local/lib/python3.7/site-packages/airflow/example_dags/example_latest_only.py
[2023-07-24 01:26:03,993] {logging_mixin.py:115} INFO - [2023-07-24 01:26:03,993] {dag.py:2420} INFO - Sync 1 DAGs
[2023-07-24 01:26:04,003] {logging_mixin.py:115} INFO - [2023-07-24 01:26:04,003] {dag.py:2972} INFO - Setting next_dagrun for latest_only to 2023-07-23T21:26:04.003762+00:00, run_after=2023-07-24T01:26:04.003762+00:00
[2023-07-24 01:26:04,012] {processor.py:161} INFO - Processing /home/airflow/.local/lib/python3.7/site-packages/airflow/example_dags/example_latest_only.py took 0.037 seconds
[2023-07-24 01:26:34,246] {processor.py:153} INFO - Started process (PID=839) to work on /home/airflow/.local/lib/python3.7/site-packages/airflow/example_dags/example_latest_only.py
[2023-07-24 01:26:34,246] {processor.py:641} INFO - Processing file /home/airflow/.local/lib/python3.7/site-packages/airflow/example_dags/example_latest_only.py for tasks to queue
[2023-07-24 01:26:34,246] {logging_mixin.py:115} INFO - [2023-07-24 01:26:34,246] {dagbag.py:508} INFO - Filling up the DagBag from /home/airflow/.local/lib/python3.7/site-packages/airflow/example_dags/example_latest_only.py
[2023-07-24 01:26:34,248] {processor.py:651} INFO - DAG(s) dict_keys(['latest_only']) retrieved from /home/airflow/.local/lib/python3.7/site-packages/airflow/example_dags/example_latest_only.py
[2023-07-24 01:26:34,261] {logging_mixin.py:115} INFO - [2023-07-24 01:26:34,261] {dag.py:2420} INFO - Sync 1 DAGs
[2023-07-24 01:26:34,272] {logging_mixin.py:115} INFO - [2023-07-24 01:26:34,272] {dag.py:2972} INFO - Setting next_dagrun for latest_only to 2023-07-23T21:26:34.271891+00:00, run_after=2023-07-24T01:26:34.271891+00:00
[2023-07-24 01:26:34,281] {processor.py:161} INFO - Processing /home/airflow/.local/lib/python3.7/site-packages/airflow/example_dags/example_latest_only.py took 0.037 seconds
[2023-07-24 01:27:04,590] {processor.py:153} INFO - Started process (PID=891) to work on /home/airflow/.local/lib/python3.7/site-packages/airflow/example_dags/example_latest_only.py
[2023-07-24 01:27:04,590] {processor.py:641} INFO - Processing file /home/airflow/.local/lib/python3.7/site-packages/airflow/example_dags/example_latest_only.py for tasks to queue
[2023-07-24 01:27:04,590] {logging_mixin.py:115} INFO - [2023-07-24 01:27:04,590] {dagbag.py:508} INFO - Filling up the DagBag from /home/airflow/.local/lib/python3.7/site-packages/airflow/example_dags/example_latest_only.py
[2023-07-24 01:27:04,593] {processor.py:651} INFO - DAG(s) dict_keys(['latest_only']) retrieved from /home/airflow/.local/lib/python3.7/site-packages/airflow/example_dags/example_latest_only.py
[2023-07-24 01:27:04,606] {logging_mixin.py:115} INFO - [2023-07-24 01:27:04,606] {dag.py:2420} INFO - Sync 1 DAGs
[2023-07-24 01:27:04,618] {logging_mixin.py:115} INFO - [2023-07-24 01:27:04,617] {dag.py:2972} INFO - Setting next_dagrun for latest_only to 2023-07-23T21:27:04.617842+00:00, run_after=2023-07-24T01:27:04.617842+00:00
[2023-07-24 01:27:04,625] {processor.py:161} INFO - Processing /home/airflow/.local/lib/python3.7/site-packages/airflow/example_dags/example_latest_only.py took 0.037 seconds
[2023-07-24 01:27:34,931] {processor.py:153} INFO - Started process (PID=952) to work on /home/airflow/.local/lib/python3.7/site-packages/airflow/example_dags/example_latest_only.py
[2023-07-24 01:27:34,931] {processor.py:641} INFO - Processing file /home/airflow/.local/lib/python3.7/site-packages/airflow/example_dags/example_latest_only.py for tasks to queue
[2023-07-24 01:27:34,931] {logging_mixin.py:115} INFO - [2023-07-24 01:27:34,931] {dagbag.py:508} INFO - Filling up the DagBag from /home/airflow/.local/lib/python3.7/site-packages/airflow/example_dags/example_latest_only.py
[2023-07-24 01:27:34,934] {processor.py:651} INFO - DAG(s) dict_keys(['latest_only']) retrieved from /home/airflow/.local/lib/python3.7/site-packages/airflow/example_dags/example_latest_only.py
[2023-07-24 01:27:34,946] {logging_mixin.py:115} INFO - [2023-07-24 01:27:34,946] {dag.py:2420} INFO - Sync 1 DAGs
[2023-07-24 01:27:34,956] {logging_mixin.py:115} INFO - [2023-07-24 01:27:34,956] {dag.py:2972} INFO - Setting next_dagrun for latest_only to 2023-07-23T21:27:34.956578+00:00, run_after=2023-07-24T01:27:34.956578+00:00
[2023-07-24 01:27:34,967] {processor.py:161} INFO - Processing /home/airflow/.local/lib/python3.7/site-packages/airflow/example_dags/example_latest_only.py took 0.037 seconds
[2023-07-24 01:28:05,415] {processor.py:153} INFO - Started process (PID=1013) to work on /home/airflow/.local/lib/python3.7/site-packages/airflow/example_dags/example_latest_only.py
[2023-07-24 01:28:05,416] {processor.py:641} INFO - Processing file /home/airflow/.local/lib/python3.7/site-packages/airflow/example_dags/example_latest_only.py for tasks to queue
[2023-07-24 01:28:05,416] {logging_mixin.py:115} INFO - [2023-07-24 01:28:05,416] {dagbag.py:508} INFO - Filling up the DagBag from /home/airflow/.local/lib/python3.7/site-packages/airflow/example_dags/example_latest_only.py
[2023-07-24 01:28:05,419] {processor.py:651} INFO - DAG(s) dict_keys(['latest_only']) retrieved from /home/airflow/.local/lib/python3.7/site-packages/airflow/example_dags/example_latest_only.py
[2023-07-24 01:28:05,433] {logging_mixin.py:115} INFO - [2023-07-24 01:28:05,433] {dag.py:2420} INFO - Sync 1 DAGs
[2023-07-24 01:28:05,445] {logging_mixin.py:115} INFO - [2023-07-24 01:28:05,445] {dag.py:2972} INFO - Setting next_dagrun for latest_only to 2023-07-23T21:28:05.445185+00:00, run_after=2023-07-24T01:28:05.445185+00:00
[2023-07-24 01:28:05,453] {processor.py:161} INFO - Processing /home/airflow/.local/lib/python3.7/site-packages/airflow/example_dags/example_latest_only.py took 0.040 seconds
[2023-07-24 01:28:35,752] {processor.py:153} INFO - Started process (PID=1074) to work on /home/airflow/.local/lib/python3.7/site-packages/airflow/example_dags/example_latest_only.py
[2023-07-24 01:28:35,752] {processor.py:641} INFO - Processing file /home/airflow/.local/lib/python3.7/site-packages/airflow/example_dags/example_latest_only.py for tasks to queue
[2023-07-24 01:28:35,753] {logging_mixin.py:115} INFO - [2023-07-24 01:28:35,753] {dagbag.py:508} INFO - Filling up the DagBag from /home/airflow/.local/lib/python3.7/site-packages/airflow/example_dags/example_latest_only.py
[2023-07-24 01:28:35,755] {processor.py:651} INFO - DAG(s) dict_keys(['latest_only']) retrieved from /home/airflow/.local/lib/python3.7/site-packages/airflow/example_dags/example_latest_only.py
[2023-07-24 01:28:35,768] {logging_mixin.py:115} INFO - [2023-07-24 01:28:35,768] {dag.py:2420} INFO - Sync 1 DAGs
[2023-07-24 01:28:35,779] {logging_mixin.py:115} INFO - [2023-07-24 01:28:35,779] {dag.py:2972} INFO - Setting next_dagrun for latest_only to 2023-07-23T21:28:35.778901+00:00, run_after=2023-07-24T01:28:35.778901+00:00
[2023-07-24 01:28:35,789] {processor.py:161} INFO - Processing /home/airflow/.local/lib/python3.7/site-packages/airflow/example_dags/example_latest_only.py took 0.039 seconds
[2023-07-24 01:29:06,298] {processor.py:153} INFO - Started process (PID=1126) to work on /home/airflow/.local/lib/python3.7/site-packages/airflow/example_dags/example_latest_only.py
[2023-07-24 01:29:06,299] {processor.py:641} INFO - Processing file /home/airflow/.local/lib/python3.7/site-packages/airflow/example_dags/example_latest_only.py for tasks to queue
[2023-07-24 01:29:06,299] {logging_mixin.py:115} INFO - [2023-07-24 01:29:06,299] {dagbag.py:508} INFO - Filling up the DagBag from /home/airflow/.local/lib/python3.7/site-packages/airflow/example_dags/example_latest_only.py
[2023-07-24 01:29:06,301] {processor.py:651} INFO - DAG(s) dict_keys(['latest_only']) retrieved from /home/airflow/.local/lib/python3.7/site-packages/airflow/example_dags/example_latest_only.py
[2023-07-24 01:29:06,315] {logging_mixin.py:115} INFO - [2023-07-24 01:29:06,315] {dag.py:2420} INFO - Sync 1 DAGs
[2023-07-24 01:29:06,326] {logging_mixin.py:115} INFO - [2023-07-24 01:29:06,326] {dag.py:2972} INFO - Setting next_dagrun for latest_only to 2023-07-23T21:29:06.326336+00:00, run_after=2023-07-24T01:29:06.326336+00:00
[2023-07-24 01:29:06,336] {processor.py:161} INFO - Processing /home/airflow/.local/lib/python3.7/site-packages/airflow/example_dags/example_latest_only.py took 0.040 seconds
[2023-07-24 01:29:36,997] {processor.py:153} INFO - Started process (PID=1187) to work on /home/airflow/.local/lib/python3.7/site-packages/airflow/example_dags/example_latest_only.py
[2023-07-24 01:29:36,997] {processor.py:641} INFO - Processing file /home/airflow/.local/lib/python3.7/site-packages/airflow/example_dags/example_latest_only.py for tasks to queue
[2023-07-24 01:29:36,997] {logging_mixin.py:115} INFO - [2023-07-24 01:29:36,997] {dagbag.py:508} INFO - Filling up the DagBag from /home/airflow/.local/lib/python3.7/site-packages/airflow/example_dags/example_latest_only.py
[2023-07-24 01:29:36,999] {processor.py:651} INFO - DAG(s) dict_keys(['latest_only']) retrieved from /home/airflow/.local/lib/python3.7/site-packages/airflow/example_dags/example_latest_only.py
[2023-07-24 01:29:37,012] {logging_mixin.py:115} INFO - [2023-07-24 01:29:37,011] {dag.py:2420} INFO - Sync 1 DAGs
[2023-07-24 01:29:37,022] {logging_mixin.py:115} INFO - [2023-07-24 01:29:37,022] {dag.py:2972} INFO - Setting next_dagrun for latest_only to 2023-07-23T21:29:37.022779+00:00, run_after=2023-07-24T01:29:37.022779+00:00
[2023-07-24 01:29:37,033] {processor.py:161} INFO - Processing /home/airflow/.local/lib/python3.7/site-packages/airflow/example_dags/example_latest_only.py took 0.038 seconds
[2023-07-24 01:30:07,361] {processor.py:153} INFO - Started process (PID=1248) to work on /home/airflow/.local/lib/python3.7/site-packages/airflow/example_dags/example_latest_only.py
[2023-07-24 01:30:07,361] {processor.py:641} INFO - Processing file /home/airflow/.local/lib/python3.7/site-packages/airflow/example_dags/example_latest_only.py for tasks to queue
[2023-07-24 01:30:07,361] {logging_mixin.py:115} INFO - [2023-07-24 01:30:07,361] {dagbag.py:508} INFO - Filling up the DagBag from /home/airflow/.local/lib/python3.7/site-packages/airflow/example_dags/example_latest_only.py
[2023-07-24 01:30:07,364] {processor.py:651} INFO - DAG(s) dict_keys(['latest_only']) retrieved from /home/airflow/.local/lib/python3.7/site-packages/airflow/example_dags/example_latest_only.py
[2023-07-24 01:30:07,376] {logging_mixin.py:115} INFO - [2023-07-24 01:30:07,376] {dag.py:2420} INFO - Sync 1 DAGs
[2023-07-24 01:30:07,387] {logging_mixin.py:115} INFO - [2023-07-24 01:30:07,387] {dag.py:2972} INFO - Setting next_dagrun for latest_only to 2023-07-23T21:30:07.387076+00:00, run_after=2023-07-24T01:30:07.387076+00:00
[2023-07-24 01:30:07,395] {processor.py:161} INFO - Processing /home/airflow/.local/lib/python3.7/site-packages/airflow/example_dags/example_latest_only.py took 0.036 seconds
[2023-07-24 01:30:37,867] {processor.py:153} INFO - Started process (PID=1309) to work on /home/airflow/.local/lib/python3.7/site-packages/airflow/example_dags/example_latest_only.py
[2023-07-24 01:30:37,867] {processor.py:641} INFO - Processing file /home/airflow/.local/lib/python3.7/site-packages/airflow/example_dags/example_latest_only.py for tasks to queue
[2023-07-24 01:30:37,868] {logging_mixin.py:115} INFO - [2023-07-24 01:30:37,867] {dagbag.py:508} INFO - Filling up the DagBag from /home/airflow/.local/lib/python3.7/site-packages/airflow/example_dags/example_latest_only.py
[2023-07-24 01:30:37,870] {processor.py:651} INFO - DAG(s) dict_keys(['latest_only']) retrieved from /home/airflow/.local/lib/python3.7/site-packages/airflow/example_dags/example_latest_only.py
[2023-07-24 01:30:37,883] {logging_mixin.py:115} INFO - [2023-07-24 01:30:37,882] {dag.py:2420} INFO - Sync 1 DAGs
[2023-07-24 01:30:37,893] {logging_mixin.py:115} INFO - [2023-07-24 01:30:37,893] {dag.py:2972} INFO - Setting next_dagrun for latest_only to 2023-07-23T21:30:37.893067+00:00, run_after=2023-07-24T01:30:37.893067+00:00
[2023-07-24 01:30:37,901] {processor.py:161} INFO - Processing /home/airflow/.local/lib/python3.7/site-packages/airflow/example_dags/example_latest_only.py took 0.036 seconds
[2023-07-24 01:31:08,309] {processor.py:153} INFO - Started process (PID=1369) to work on /home/airflow/.local/lib/python3.7/site-packages/airflow/example_dags/example_latest_only.py
[2023-07-24 01:31:08,309] {processor.py:641} INFO - Processing file /home/airflow/.local/lib/python3.7/site-packages/airflow/example_dags/example_latest_only.py for tasks to queue
[2023-07-24 01:31:08,310] {logging_mixin.py:115} INFO - [2023-07-24 01:31:08,309] {dagbag.py:508} INFO - Filling up the DagBag from /home/airflow/.local/lib/python3.7/site-packages/airflow/example_dags/example_latest_only.py
[2023-07-24 01:31:08,312] {processor.py:651} INFO - DAG(s) dict_keys(['latest_only']) retrieved from /home/airflow/.local/lib/python3.7/site-packages/airflow/example_dags/example_latest_only.py
[2023-07-24 01:31:08,326] {logging_mixin.py:115} INFO - [2023-07-24 01:31:08,326] {dag.py:2420} INFO - Sync 1 DAGs
[2023-07-24 01:31:08,337] {logging_mixin.py:115} INFO - [2023-07-24 01:31:08,337] {dag.py:2972} INFO - Setting next_dagrun for latest_only to 2023-07-23T21:31:08.336933+00:00, run_after=2023-07-24T01:31:08.336933+00:00
[2023-07-24 01:31:08,346] {processor.py:161} INFO - Processing /home/airflow/.local/lib/python3.7/site-packages/airflow/example_dags/example_latest_only.py took 0.038 seconds
[2023-07-24 01:31:38,641] {processor.py:153} INFO - Started process (PID=1420) to work on /home/airflow/.local/lib/python3.7/site-packages/airflow/example_dags/example_latest_only.py
[2023-07-24 01:31:38,641] {processor.py:641} INFO - Processing file /home/airflow/.local/lib/python3.7/site-packages/airflow/example_dags/example_latest_only.py for tasks to queue
[2023-07-24 01:31:38,641] {logging_mixin.py:115} INFO - [2023-07-24 01:31:38,641] {dagbag.py:508} INFO - Filling up the DagBag from /home/airflow/.local/lib/python3.7/site-packages/airflow/example_dags/example_latest_only.py
[2023-07-24 01:31:38,644] {processor.py:651} INFO - DAG(s) dict_keys(['latest_only']) retrieved from /home/airflow/.local/lib/python3.7/site-packages/airflow/example_dags/example_latest_only.py
[2023-07-24 01:31:38,655] {logging_mixin.py:115} INFO - [2023-07-24 01:31:38,655] {dag.py:2420} INFO - Sync 1 DAGs
[2023-07-24 01:31:38,666] {logging_mixin.py:115} INFO - [2023-07-24 01:31:38,666] {dag.py:2972} INFO - Setting next_dagrun for latest_only to 2023-07-23T21:31:38.666520+00:00, run_after=2023-07-24T01:31:38.666520+00:00
[2023-07-24 01:31:38,675] {processor.py:161} INFO - Processing /home/airflow/.local/lib/python3.7/site-packages/airflow/example_dags/example_latest_only.py took 0.036 seconds
[2023-07-24 01:32:08,928] {processor.py:153} INFO - Started process (PID=1481) to work on /home/airflow/.local/lib/python3.7/site-packages/airflow/example_dags/example_latest_only.py
[2023-07-24 01:32:08,929] {processor.py:641} INFO - Processing file /home/airflow/.local/lib/python3.7/site-packages/airflow/example_dags/example_latest_only.py for tasks to queue
[2023-07-24 01:32:08,930] {logging_mixin.py:115} INFO - [2023-07-24 01:32:08,930] {dagbag.py:508} INFO - Filling up the DagBag from /home/airflow/.local/lib/python3.7/site-packages/airflow/example_dags/example_latest_only.py
[2023-07-24 01:32:08,932] {processor.py:651} INFO - DAG(s) dict_keys(['latest_only']) retrieved from /home/airflow/.local/lib/python3.7/site-packages/airflow/example_dags/example_latest_only.py
[2023-07-24 01:32:08,945] {logging_mixin.py:115} INFO - [2023-07-24 01:32:08,945] {dag.py:2420} INFO - Sync 1 DAGs
[2023-07-24 01:32:08,955] {logging_mixin.py:115} INFO - [2023-07-24 01:32:08,955] {dag.py:2972} INFO - Setting next_dagrun for latest_only to 2023-07-23T21:32:08.955518+00:00, run_after=2023-07-24T01:32:08.955518+00:00
[2023-07-24 01:32:08,967] {processor.py:161} INFO - Processing /home/airflow/.local/lib/python3.7/site-packages/airflow/example_dags/example_latest_only.py took 0.040 seconds
[2023-07-24 01:32:39,353] {processor.py:153} INFO - Started process (PID=1541) to work on /home/airflow/.local/lib/python3.7/site-packages/airflow/example_dags/example_latest_only.py
[2023-07-24 01:32:39,354] {processor.py:641} INFO - Processing file /home/airflow/.local/lib/python3.7/site-packages/airflow/example_dags/example_latest_only.py for tasks to queue
[2023-07-24 01:32:39,354] {logging_mixin.py:115} INFO - [2023-07-24 01:32:39,354] {dagbag.py:508} INFO - Filling up the DagBag from /home/airflow/.local/lib/python3.7/site-packages/airflow/example_dags/example_latest_only.py
[2023-07-24 01:32:39,357] {processor.py:651} INFO - DAG(s) dict_keys(['latest_only']) retrieved from /home/airflow/.local/lib/python3.7/site-packages/airflow/example_dags/example_latest_only.py
[2023-07-24 01:32:39,370] {logging_mixin.py:115} INFO - [2023-07-24 01:32:39,370] {dag.py:2420} INFO - Sync 1 DAGs
[2023-07-24 01:32:39,381] {logging_mixin.py:115} INFO - [2023-07-24 01:32:39,381] {dag.py:2972} INFO - Setting next_dagrun for latest_only to 2023-07-23T21:32:39.381397+00:00, run_after=2023-07-24T01:32:39.381397+00:00
[2023-07-24 01:32:39,390] {processor.py:161} INFO - Processing /home/airflow/.local/lib/python3.7/site-packages/airflow/example_dags/example_latest_only.py took 0.038 seconds
[2023-07-24 01:33:09,731] {processor.py:153} INFO - Started process (PID=1602) to work on /home/airflow/.local/lib/python3.7/site-packages/airflow/example_dags/example_latest_only.py
[2023-07-24 01:33:09,732] {processor.py:641} INFO - Processing file /home/airflow/.local/lib/python3.7/site-packages/airflow/example_dags/example_latest_only.py for tasks to queue
[2023-07-24 01:33:09,733] {logging_mixin.py:115} INFO - [2023-07-24 01:33:09,733] {dagbag.py:508} INFO - Filling up the DagBag from /home/airflow/.local/lib/python3.7/site-packages/airflow/example_dags/example_latest_only.py
[2023-07-24 01:33:09,736] {processor.py:651} INFO - DAG(s) dict_keys(['latest_only']) retrieved from /home/airflow/.local/lib/python3.7/site-packages/airflow/example_dags/example_latest_only.py
[2023-07-24 01:33:09,752] {logging_mixin.py:115} INFO - [2023-07-24 01:33:09,751] {dag.py:2420} INFO - Sync 1 DAGs
[2023-07-24 01:33:09,763] {logging_mixin.py:115} INFO - [2023-07-24 01:33:09,763] {dag.py:2972} INFO - Setting next_dagrun for latest_only to 2023-07-23T21:33:09.763002+00:00, run_after=2023-07-24T01:33:09.763002+00:00
[2023-07-24 01:33:09,774] {processor.py:161} INFO - Processing /home/airflow/.local/lib/python3.7/site-packages/airflow/example_dags/example_latest_only.py took 0.044 seconds
[2023-07-24 01:33:40,081] {processor.py:153} INFO - Started process (PID=1653) to work on /home/airflow/.local/lib/python3.7/site-packages/airflow/example_dags/example_latest_only.py
[2023-07-24 01:33:40,081] {processor.py:641} INFO - Processing file /home/airflow/.local/lib/python3.7/site-packages/airflow/example_dags/example_latest_only.py for tasks to queue
[2023-07-24 01:33:40,081] {logging_mixin.py:115} INFO - [2023-07-24 01:33:40,081] {dagbag.py:508} INFO - Filling up the DagBag from /home/airflow/.local/lib/python3.7/site-packages/airflow/example_dags/example_latest_only.py
[2023-07-24 01:33:40,084] {processor.py:651} INFO - DAG(s) dict_keys(['latest_only']) retrieved from /home/airflow/.local/lib/python3.7/site-packages/airflow/example_dags/example_latest_only.py
[2023-07-24 01:33:40,097] {logging_mixin.py:115} INFO - [2023-07-24 01:33:40,097] {dag.py:2420} INFO - Sync 1 DAGs
[2023-07-24 01:33:40,109] {logging_mixin.py:115} INFO - [2023-07-24 01:33:40,109] {dag.py:2972} INFO - Setting next_dagrun for latest_only to 2023-07-23T21:33:40.109078+00:00, run_after=2023-07-24T01:33:40.109078+00:00
[2023-07-24 01:33:40,117] {processor.py:161} INFO - Processing /home/airflow/.local/lib/python3.7/site-packages/airflow/example_dags/example_latest_only.py took 0.038 seconds
[2023-07-24 01:34:10,480] {processor.py:153} INFO - Started process (PID=1713) to work on /home/airflow/.local/lib/python3.7/site-packages/airflow/example_dags/example_latest_only.py
[2023-07-24 01:34:10,481] {processor.py:641} INFO - Processing file /home/airflow/.local/lib/python3.7/site-packages/airflow/example_dags/example_latest_only.py for tasks to queue
[2023-07-24 01:34:10,481] {logging_mixin.py:115} INFO - [2023-07-24 01:34:10,481] {dagbag.py:508} INFO - Filling up the DagBag from /home/airflow/.local/lib/python3.7/site-packages/airflow/example_dags/example_latest_only.py
[2023-07-24 01:34:10,484] {processor.py:651} INFO - DAG(s) dict_keys(['latest_only']) retrieved from /home/airflow/.local/lib/python3.7/site-packages/airflow/example_dags/example_latest_only.py
[2023-07-24 01:34:10,496] {logging_mixin.py:115} INFO - [2023-07-24 01:34:10,496] {dag.py:2420} INFO - Sync 1 DAGs
[2023-07-24 01:34:10,507] {logging_mixin.py:115} INFO - [2023-07-24 01:34:10,507] {dag.py:2972} INFO - Setting next_dagrun for latest_only to 2023-07-23T21:34:10.506951+00:00, run_after=2023-07-24T01:34:10.506951+00:00
[2023-07-24 01:34:10,515] {processor.py:161} INFO - Processing /home/airflow/.local/lib/python3.7/site-packages/airflow/example_dags/example_latest_only.py took 0.036 seconds
[2023-07-24 01:34:40,864] {processor.py:153} INFO - Started process (PID=1773) to work on /home/airflow/.local/lib/python3.7/site-packages/airflow/example_dags/example_latest_only.py
[2023-07-24 01:34:40,864] {processor.py:641} INFO - Processing file /home/airflow/.local/lib/python3.7/site-packages/airflow/example_dags/example_latest_only.py for tasks to queue
[2023-07-24 01:34:40,864] {logging_mixin.py:115} INFO - [2023-07-24 01:34:40,864] {dagbag.py:508} INFO - Filling up the DagBag from /home/airflow/.local/lib/python3.7/site-packages/airflow/example_dags/example_latest_only.py
[2023-07-24 01:34:40,867] {processor.py:651} INFO - DAG(s) dict_keys(['latest_only']) retrieved from /home/airflow/.local/lib/python3.7/site-packages/airflow/example_dags/example_latest_only.py
[2023-07-24 01:34:40,879] {logging_mixin.py:115} INFO - [2023-07-24 01:34:40,879] {dag.py:2420} INFO - Sync 1 DAGs
[2023-07-24 01:34:40,890] {logging_mixin.py:115} INFO - [2023-07-24 01:34:40,890] {dag.py:2972} INFO - Setting next_dagrun for latest_only to 2023-07-23T21:34:40.890765+00:00, run_after=2023-07-24T01:34:40.890765+00:00
[2023-07-24 01:34:40,899] {processor.py:161} INFO - Processing /home/airflow/.local/lib/python3.7/site-packages/airflow/example_dags/example_latest_only.py took 0.037 seconds
