[2023-07-24 01:20:00,120] {processor.py:153} INFO - Started process (PID=58) to work on /home/airflow/.local/lib/python3.7/site-packages/airflow/example_dags/example_nested_branch_dag.py
[2023-07-24 01:20:00,120] {processor.py:641} INFO - Processing file /home/airflow/.local/lib/python3.7/site-packages/airflow/example_dags/example_nested_branch_dag.py for tasks to queue
[2023-07-24 01:20:00,120] {logging_mixin.py:115} INFO - [2023-07-24 01:20:00,120] {dagbag.py:508} INFO - Filling up the DagBag from /home/airflow/.local/lib/python3.7/site-packages/airflow/example_dags/example_nested_branch_dag.py
[2023-07-24 01:20:00,126] {processor.py:651} INFO - DAG(s) dict_keys(['example_nested_branch_dag']) retrieved from /home/airflow/.local/lib/python3.7/site-packages/airflow/example_dags/example_nested_branch_dag.py
[2023-07-24 01:20:00,255] {logging_mixin.py:115} INFO - [2023-07-24 01:20:00,255] {manager.py:508} INFO - Created Permission View: can edit on DAG:example_nested_branch_dag
[2023-07-24 01:20:00,265] {logging_mixin.py:115} INFO - [2023-07-24 01:20:00,265] {manager.py:508} INFO - Created Permission View: can read on DAG:example_nested_branch_dag
[2023-07-24 01:20:00,274] {logging_mixin.py:115} INFO - [2023-07-24 01:20:00,274] {manager.py:508} INFO - Created Permission View: can delete on DAG:example_nested_branch_dag
[2023-07-24 01:20:00,274] {logging_mixin.py:115} INFO - [2023-07-24 01:20:00,274] {dag.py:2420} INFO - Sync 1 DAGs
[2023-07-24 01:20:00,282] {logging_mixin.py:115} INFO - [2023-07-24 01:20:00,282] {dag.py:2439} INFO - Creating ORM DAG for example_nested_branch_dag
[2023-07-24 01:20:00,289] {logging_mixin.py:115} INFO - [2023-07-24 01:20:00,289] {dag.py:2972} INFO - Setting next_dagrun for example_nested_branch_dag to 2023-07-23T00:00:00+00:00, run_after=2023-07-24T00:00:00+00:00
[2023-07-24 01:20:00,300] {processor.py:161} INFO - Processing /home/airflow/.local/lib/python3.7/site-packages/airflow/example_dags/example_nested_branch_dag.py took 0.183 seconds
[2023-07-24 01:20:31,068] {processor.py:153} INFO - Started process (PID=118) to work on /home/airflow/.local/lib/python3.7/site-packages/airflow/example_dags/example_nested_branch_dag.py
[2023-07-24 01:20:31,068] {processor.py:641} INFO - Processing file /home/airflow/.local/lib/python3.7/site-packages/airflow/example_dags/example_nested_branch_dag.py for tasks to queue
[2023-07-24 01:20:31,068] {logging_mixin.py:115} INFO - [2023-07-24 01:20:31,068] {dagbag.py:508} INFO - Filling up the DagBag from /home/airflow/.local/lib/python3.7/site-packages/airflow/example_dags/example_nested_branch_dag.py
[2023-07-24 01:20:31,073] {processor.py:651} INFO - DAG(s) dict_keys(['example_nested_branch_dag']) retrieved from /home/airflow/.local/lib/python3.7/site-packages/airflow/example_dags/example_nested_branch_dag.py
[2023-07-24 01:20:31,086] {logging_mixin.py:115} INFO - [2023-07-24 01:20:31,086] {dag.py:2420} INFO - Sync 1 DAGs
[2023-07-24 01:20:31,098] {logging_mixin.py:115} INFO - [2023-07-24 01:20:31,097] {dag.py:2972} INFO - Setting next_dagrun for example_nested_branch_dag to 2023-07-23T00:00:00+00:00, run_after=2023-07-24T00:00:00+00:00
[2023-07-24 01:20:31,106] {processor.py:161} INFO - Processing /home/airflow/.local/lib/python3.7/site-packages/airflow/example_dags/example_nested_branch_dag.py took 0.040 seconds
[2023-07-24 01:21:01,280] {processor.py:153} INFO - Started process (PID=179) to work on /home/airflow/.local/lib/python3.7/site-packages/airflow/example_dags/example_nested_branch_dag.py
[2023-07-24 01:21:01,282] {processor.py:641} INFO - Processing file /home/airflow/.local/lib/python3.7/site-packages/airflow/example_dags/example_nested_branch_dag.py for tasks to queue
[2023-07-24 01:21:01,282] {logging_mixin.py:115} INFO - [2023-07-24 01:21:01,282] {dagbag.py:508} INFO - Filling up the DagBag from /home/airflow/.local/lib/python3.7/site-packages/airflow/example_dags/example_nested_branch_dag.py
[2023-07-24 01:21:01,287] {processor.py:651} INFO - DAG(s) dict_keys(['example_nested_branch_dag']) retrieved from /home/airflow/.local/lib/python3.7/site-packages/airflow/example_dags/example_nested_branch_dag.py
[2023-07-24 01:21:01,300] {logging_mixin.py:115} INFO - [2023-07-24 01:21:01,300] {dag.py:2420} INFO - Sync 1 DAGs
[2023-07-24 01:21:01,312] {logging_mixin.py:115} INFO - [2023-07-24 01:21:01,312] {dag.py:2972} INFO - Setting next_dagrun for example_nested_branch_dag to 2023-07-23T00:00:00+00:00, run_after=2023-07-24T00:00:00+00:00
[2023-07-24 01:21:01,320] {processor.py:161} INFO - Processing /home/airflow/.local/lib/python3.7/site-packages/airflow/example_dags/example_nested_branch_dag.py took 0.041 seconds
[2023-07-24 01:21:31,616] {processor.py:153} INFO - Started process (PID=239) to work on /home/airflow/.local/lib/python3.7/site-packages/airflow/example_dags/example_nested_branch_dag.py
[2023-07-24 01:21:31,616] {processor.py:641} INFO - Processing file /home/airflow/.local/lib/python3.7/site-packages/airflow/example_dags/example_nested_branch_dag.py for tasks to queue
[2023-07-24 01:21:31,617] {logging_mixin.py:115} INFO - [2023-07-24 01:21:31,617] {dagbag.py:508} INFO - Filling up the DagBag from /home/airflow/.local/lib/python3.7/site-packages/airflow/example_dags/example_nested_branch_dag.py
[2023-07-24 01:21:31,622] {processor.py:651} INFO - DAG(s) dict_keys(['example_nested_branch_dag']) retrieved from /home/airflow/.local/lib/python3.7/site-packages/airflow/example_dags/example_nested_branch_dag.py
[2023-07-24 01:21:31,636] {logging_mixin.py:115} INFO - [2023-07-24 01:21:31,636] {dag.py:2420} INFO - Sync 1 DAGs
[2023-07-24 01:21:31,648] {logging_mixin.py:115} INFO - [2023-07-24 01:21:31,648] {dag.py:2972} INFO - Setting next_dagrun for example_nested_branch_dag to 2023-07-23T00:00:00+00:00, run_after=2023-07-24T00:00:00+00:00
[2023-07-24 01:21:31,658] {processor.py:161} INFO - Processing /home/airflow/.local/lib/python3.7/site-packages/airflow/example_dags/example_nested_branch_dag.py took 0.043 seconds
[2023-07-24 01:22:01,813] {processor.py:153} INFO - Started process (PID=291) to work on /home/airflow/.local/lib/python3.7/site-packages/airflow/example_dags/example_nested_branch_dag.py
[2023-07-24 01:22:01,814] {processor.py:641} INFO - Processing file /home/airflow/.local/lib/python3.7/site-packages/airflow/example_dags/example_nested_branch_dag.py for tasks to queue
[2023-07-24 01:22:01,815] {logging_mixin.py:115} INFO - [2023-07-24 01:22:01,815] {dagbag.py:508} INFO - Filling up the DagBag from /home/airflow/.local/lib/python3.7/site-packages/airflow/example_dags/example_nested_branch_dag.py
[2023-07-24 01:22:01,819] {processor.py:651} INFO - DAG(s) dict_keys(['example_nested_branch_dag']) retrieved from /home/airflow/.local/lib/python3.7/site-packages/airflow/example_dags/example_nested_branch_dag.py
[2023-07-24 01:22:01,832] {logging_mixin.py:115} INFO - [2023-07-24 01:22:01,832] {dag.py:2420} INFO - Sync 1 DAGs
[2023-07-24 01:22:01,844] {logging_mixin.py:115} INFO - [2023-07-24 01:22:01,844] {dag.py:2972} INFO - Setting next_dagrun for example_nested_branch_dag to 2023-07-23T00:00:00+00:00, run_after=2023-07-24T00:00:00+00:00
[2023-07-24 01:22:01,852] {processor.py:161} INFO - Processing /home/airflow/.local/lib/python3.7/site-packages/airflow/example_dags/example_nested_branch_dag.py took 0.040 seconds
[2023-07-24 01:22:31,999] {processor.py:153} INFO - Started process (PID=352) to work on /home/airflow/.local/lib/python3.7/site-packages/airflow/example_dags/example_nested_branch_dag.py
[2023-07-24 01:22:32,002] {processor.py:641} INFO - Processing file /home/airflow/.local/lib/python3.7/site-packages/airflow/example_dags/example_nested_branch_dag.py for tasks to queue
[2023-07-24 01:22:32,002] {logging_mixin.py:115} INFO - [2023-07-24 01:22:32,002] {dagbag.py:508} INFO - Filling up the DagBag from /home/airflow/.local/lib/python3.7/site-packages/airflow/example_dags/example_nested_branch_dag.py
[2023-07-24 01:22:32,007] {processor.py:651} INFO - DAG(s) dict_keys(['example_nested_branch_dag']) retrieved from /home/airflow/.local/lib/python3.7/site-packages/airflow/example_dags/example_nested_branch_dag.py
[2023-07-24 01:22:32,020] {logging_mixin.py:115} INFO - [2023-07-24 01:22:32,020] {dag.py:2420} INFO - Sync 1 DAGs
[2023-07-24 01:22:32,032] {logging_mixin.py:115} INFO - [2023-07-24 01:22:32,032] {dag.py:2972} INFO - Setting next_dagrun for example_nested_branch_dag to 2023-07-23T00:00:00+00:00, run_after=2023-07-24T00:00:00+00:00
[2023-07-24 01:22:32,039] {processor.py:161} INFO - Processing /home/airflow/.local/lib/python3.7/site-packages/airflow/example_dags/example_nested_branch_dag.py took 0.042 seconds
[2023-07-24 01:23:02,248] {processor.py:153} INFO - Started process (PID=413) to work on /home/airflow/.local/lib/python3.7/site-packages/airflow/example_dags/example_nested_branch_dag.py
[2023-07-24 01:23:02,248] {processor.py:641} INFO - Processing file /home/airflow/.local/lib/python3.7/site-packages/airflow/example_dags/example_nested_branch_dag.py for tasks to queue
[2023-07-24 01:23:02,248] {logging_mixin.py:115} INFO - [2023-07-24 01:23:02,248] {dagbag.py:508} INFO - Filling up the DagBag from /home/airflow/.local/lib/python3.7/site-packages/airflow/example_dags/example_nested_branch_dag.py
[2023-07-24 01:23:02,253] {processor.py:651} INFO - DAG(s) dict_keys(['example_nested_branch_dag']) retrieved from /home/airflow/.local/lib/python3.7/site-packages/airflow/example_dags/example_nested_branch_dag.py
[2023-07-24 01:23:02,266] {logging_mixin.py:115} INFO - [2023-07-24 01:23:02,266] {dag.py:2420} INFO - Sync 1 DAGs
[2023-07-24 01:23:02,278] {logging_mixin.py:115} INFO - [2023-07-24 01:23:02,278] {dag.py:2972} INFO - Setting next_dagrun for example_nested_branch_dag to 2023-07-23T00:00:00+00:00, run_after=2023-07-24T00:00:00+00:00
[2023-07-24 01:23:02,286] {processor.py:161} INFO - Processing /home/airflow/.local/lib/python3.7/site-packages/airflow/example_dags/example_nested_branch_dag.py took 0.040 seconds
[2023-07-24 01:23:32,393] {processor.py:153} INFO - Started process (PID=474) to work on /home/airflow/.local/lib/python3.7/site-packages/airflow/example_dags/example_nested_branch_dag.py
[2023-07-24 01:23:32,394] {processor.py:641} INFO - Processing file /home/airflow/.local/lib/python3.7/site-packages/airflow/example_dags/example_nested_branch_dag.py for tasks to queue
[2023-07-24 01:23:32,394] {logging_mixin.py:115} INFO - [2023-07-24 01:23:32,394] {dagbag.py:508} INFO - Filling up the DagBag from /home/airflow/.local/lib/python3.7/site-packages/airflow/example_dags/example_nested_branch_dag.py
[2023-07-24 01:23:32,399] {processor.py:651} INFO - DAG(s) dict_keys(['example_nested_branch_dag']) retrieved from /home/airflow/.local/lib/python3.7/site-packages/airflow/example_dags/example_nested_branch_dag.py
[2023-07-24 01:23:32,412] {logging_mixin.py:115} INFO - [2023-07-24 01:23:32,411] {dag.py:2420} INFO - Sync 1 DAGs
[2023-07-24 01:23:32,423] {logging_mixin.py:115} INFO - [2023-07-24 01:23:32,423] {dag.py:2972} INFO - Setting next_dagrun for example_nested_branch_dag to 2023-07-23T00:00:00+00:00, run_after=2023-07-24T00:00:00+00:00
[2023-07-24 01:23:32,431] {processor.py:161} INFO - Processing /home/airflow/.local/lib/python3.7/site-packages/airflow/example_dags/example_nested_branch_dag.py took 0.040 seconds
[2023-07-24 01:24:02,581] {processor.py:153} INFO - Started process (PID=535) to work on /home/airflow/.local/lib/python3.7/site-packages/airflow/example_dags/example_nested_branch_dag.py
[2023-07-24 01:24:02,581] {processor.py:641} INFO - Processing file /home/airflow/.local/lib/python3.7/site-packages/airflow/example_dags/example_nested_branch_dag.py for tasks to queue
[2023-07-24 01:24:02,582] {logging_mixin.py:115} INFO - [2023-07-24 01:24:02,582] {dagbag.py:508} INFO - Filling up the DagBag from /home/airflow/.local/lib/python3.7/site-packages/airflow/example_dags/example_nested_branch_dag.py
[2023-07-24 01:24:02,587] {processor.py:651} INFO - DAG(s) dict_keys(['example_nested_branch_dag']) retrieved from /home/airflow/.local/lib/python3.7/site-packages/airflow/example_dags/example_nested_branch_dag.py
[2023-07-24 01:24:02,601] {logging_mixin.py:115} INFO - [2023-07-24 01:24:02,601] {dag.py:2420} INFO - Sync 1 DAGs
[2023-07-24 01:24:02,612] {logging_mixin.py:115} INFO - [2023-07-24 01:24:02,612] {dag.py:2972} INFO - Setting next_dagrun for example_nested_branch_dag to 2023-07-23T00:00:00+00:00, run_after=2023-07-24T00:00:00+00:00
[2023-07-24 01:24:02,621] {processor.py:161} INFO - Processing /home/airflow/.local/lib/python3.7/site-packages/airflow/example_dags/example_nested_branch_dag.py took 0.041 seconds
[2023-07-24 01:24:32,726] {processor.py:153} INFO - Started process (PID=596) to work on /home/airflow/.local/lib/python3.7/site-packages/airflow/example_dags/example_nested_branch_dag.py
[2023-07-24 01:24:32,727] {processor.py:641} INFO - Processing file /home/airflow/.local/lib/python3.7/site-packages/airflow/example_dags/example_nested_branch_dag.py for tasks to queue
[2023-07-24 01:24:32,727] {logging_mixin.py:115} INFO - [2023-07-24 01:24:32,727] {dagbag.py:508} INFO - Filling up the DagBag from /home/airflow/.local/lib/python3.7/site-packages/airflow/example_dags/example_nested_branch_dag.py
[2023-07-24 01:24:32,732] {processor.py:651} INFO - DAG(s) dict_keys(['example_nested_branch_dag']) retrieved from /home/airflow/.local/lib/python3.7/site-packages/airflow/example_dags/example_nested_branch_dag.py
[2023-07-24 01:24:32,747] {logging_mixin.py:115} INFO - [2023-07-24 01:24:32,747] {dag.py:2420} INFO - Sync 1 DAGs
[2023-07-24 01:24:32,760] {logging_mixin.py:115} INFO - [2023-07-24 01:24:32,760] {dag.py:2972} INFO - Setting next_dagrun for example_nested_branch_dag to 2023-07-23T00:00:00+00:00, run_after=2023-07-24T00:00:00+00:00
[2023-07-24 01:24:32,770] {processor.py:161} INFO - Processing /home/airflow/.local/lib/python3.7/site-packages/airflow/example_dags/example_nested_branch_dag.py took 0.045 seconds
[2023-07-24 01:25:02,989] {processor.py:153} INFO - Started process (PID=648) to work on /home/airflow/.local/lib/python3.7/site-packages/airflow/example_dags/example_nested_branch_dag.py
[2023-07-24 01:25:02,990] {processor.py:641} INFO - Processing file /home/airflow/.local/lib/python3.7/site-packages/airflow/example_dags/example_nested_branch_dag.py for tasks to queue
[2023-07-24 01:25:02,990] {logging_mixin.py:115} INFO - [2023-07-24 01:25:02,990] {dagbag.py:508} INFO - Filling up the DagBag from /home/airflow/.local/lib/python3.7/site-packages/airflow/example_dags/example_nested_branch_dag.py
[2023-07-24 01:25:02,995] {processor.py:651} INFO - DAG(s) dict_keys(['example_nested_branch_dag']) retrieved from /home/airflow/.local/lib/python3.7/site-packages/airflow/example_dags/example_nested_branch_dag.py
[2023-07-24 01:25:03,008] {logging_mixin.py:115} INFO - [2023-07-24 01:25:03,008] {dag.py:2420} INFO - Sync 1 DAGs
[2023-07-24 01:25:03,019] {logging_mixin.py:115} INFO - [2023-07-24 01:25:03,018] {dag.py:2972} INFO - Setting next_dagrun for example_nested_branch_dag to 2023-07-23T00:00:00+00:00, run_after=2023-07-24T00:00:00+00:00
[2023-07-24 01:25:03,029] {processor.py:161} INFO - Processing /home/airflow/.local/lib/python3.7/site-packages/airflow/example_dags/example_nested_branch_dag.py took 0.042 seconds
[2023-07-24 01:25:33,326] {processor.py:153} INFO - Started process (PID=710) to work on /home/airflow/.local/lib/python3.7/site-packages/airflow/example_dags/example_nested_branch_dag.py
[2023-07-24 01:25:33,327] {processor.py:641} INFO - Processing file /home/airflow/.local/lib/python3.7/site-packages/airflow/example_dags/example_nested_branch_dag.py for tasks to queue
[2023-07-24 01:25:33,327] {logging_mixin.py:115} INFO - [2023-07-24 01:25:33,327] {dagbag.py:508} INFO - Filling up the DagBag from /home/airflow/.local/lib/python3.7/site-packages/airflow/example_dags/example_nested_branch_dag.py
[2023-07-24 01:25:33,332] {processor.py:651} INFO - DAG(s) dict_keys(['example_nested_branch_dag']) retrieved from /home/airflow/.local/lib/python3.7/site-packages/airflow/example_dags/example_nested_branch_dag.py
[2023-07-24 01:25:33,344] {logging_mixin.py:115} INFO - [2023-07-24 01:25:33,344] {dag.py:2420} INFO - Sync 1 DAGs
[2023-07-24 01:25:33,355] {logging_mixin.py:115} INFO - [2023-07-24 01:25:33,355] {dag.py:2972} INFO - Setting next_dagrun for example_nested_branch_dag to 2023-07-23T00:00:00+00:00, run_after=2023-07-24T00:00:00+00:00
[2023-07-24 01:25:33,368] {processor.py:161} INFO - Processing /home/airflow/.local/lib/python3.7/site-packages/airflow/example_dags/example_nested_branch_dag.py took 0.044 seconds
[2023-07-24 01:26:03,702] {processor.py:153} INFO - Started process (PID=770) to work on /home/airflow/.local/lib/python3.7/site-packages/airflow/example_dags/example_nested_branch_dag.py
[2023-07-24 01:26:03,702] {processor.py:641} INFO - Processing file /home/airflow/.local/lib/python3.7/site-packages/airflow/example_dags/example_nested_branch_dag.py for tasks to queue
[2023-07-24 01:26:03,702] {logging_mixin.py:115} INFO - [2023-07-24 01:26:03,702] {dagbag.py:508} INFO - Filling up the DagBag from /home/airflow/.local/lib/python3.7/site-packages/airflow/example_dags/example_nested_branch_dag.py
[2023-07-24 01:26:03,707] {processor.py:651} INFO - DAG(s) dict_keys(['example_nested_branch_dag']) retrieved from /home/airflow/.local/lib/python3.7/site-packages/airflow/example_dags/example_nested_branch_dag.py
[2023-07-24 01:26:03,719] {logging_mixin.py:115} INFO - [2023-07-24 01:26:03,719] {dag.py:2420} INFO - Sync 1 DAGs
[2023-07-24 01:26:03,729] {logging_mixin.py:115} INFO - [2023-07-24 01:26:03,729] {dag.py:2972} INFO - Setting next_dagrun for example_nested_branch_dag to 2023-07-23T00:00:00+00:00, run_after=2023-07-24T00:00:00+00:00
[2023-07-24 01:26:03,739] {processor.py:161} INFO - Processing /home/airflow/.local/lib/python3.7/site-packages/airflow/example_dags/example_nested_branch_dag.py took 0.039 seconds
[2023-07-24 01:26:33,974] {processor.py:153} INFO - Started process (PID=831) to work on /home/airflow/.local/lib/python3.7/site-packages/airflow/example_dags/example_nested_branch_dag.py
[2023-07-24 01:26:33,975] {processor.py:641} INFO - Processing file /home/airflow/.local/lib/python3.7/site-packages/airflow/example_dags/example_nested_branch_dag.py for tasks to queue
[2023-07-24 01:26:33,975] {logging_mixin.py:115} INFO - [2023-07-24 01:26:33,975] {dagbag.py:508} INFO - Filling up the DagBag from /home/airflow/.local/lib/python3.7/site-packages/airflow/example_dags/example_nested_branch_dag.py
[2023-07-24 01:26:33,980] {processor.py:651} INFO - DAG(s) dict_keys(['example_nested_branch_dag']) retrieved from /home/airflow/.local/lib/python3.7/site-packages/airflow/example_dags/example_nested_branch_dag.py
[2023-07-24 01:26:33,993] {logging_mixin.py:115} INFO - [2023-07-24 01:26:33,993] {dag.py:2420} INFO - Sync 1 DAGs
[2023-07-24 01:26:34,004] {logging_mixin.py:115} INFO - [2023-07-24 01:26:34,004] {dag.py:2972} INFO - Setting next_dagrun for example_nested_branch_dag to 2023-07-23T00:00:00+00:00, run_after=2023-07-24T00:00:00+00:00
[2023-07-24 01:26:34,013] {processor.py:161} INFO - Processing /home/airflow/.local/lib/python3.7/site-packages/airflow/example_dags/example_nested_branch_dag.py took 0.041 seconds
[2023-07-24 01:27:04,294] {processor.py:153} INFO - Started process (PID=883) to work on /home/airflow/.local/lib/python3.7/site-packages/airflow/example_dags/example_nested_branch_dag.py
[2023-07-24 01:27:04,294] {processor.py:641} INFO - Processing file /home/airflow/.local/lib/python3.7/site-packages/airflow/example_dags/example_nested_branch_dag.py for tasks to queue
[2023-07-24 01:27:04,295] {logging_mixin.py:115} INFO - [2023-07-24 01:27:04,295] {dagbag.py:508} INFO - Filling up the DagBag from /home/airflow/.local/lib/python3.7/site-packages/airflow/example_dags/example_nested_branch_dag.py
[2023-07-24 01:27:04,300] {processor.py:651} INFO - DAG(s) dict_keys(['example_nested_branch_dag']) retrieved from /home/airflow/.local/lib/python3.7/site-packages/airflow/example_dags/example_nested_branch_dag.py
[2023-07-24 01:27:04,312] {logging_mixin.py:115} INFO - [2023-07-24 01:27:04,312] {dag.py:2420} INFO - Sync 1 DAGs
[2023-07-24 01:27:04,323] {logging_mixin.py:115} INFO - [2023-07-24 01:27:04,323] {dag.py:2972} INFO - Setting next_dagrun for example_nested_branch_dag to 2023-07-23T00:00:00+00:00, run_after=2023-07-24T00:00:00+00:00
[2023-07-24 01:27:04,334] {processor.py:161} INFO - Processing /home/airflow/.local/lib/python3.7/site-packages/airflow/example_dags/example_nested_branch_dag.py took 0.042 seconds
[2023-07-24 01:27:34,657] {processor.py:153} INFO - Started process (PID=944) to work on /home/airflow/.local/lib/python3.7/site-packages/airflow/example_dags/example_nested_branch_dag.py
[2023-07-24 01:27:34,658] {processor.py:641} INFO - Processing file /home/airflow/.local/lib/python3.7/site-packages/airflow/example_dags/example_nested_branch_dag.py for tasks to queue
[2023-07-24 01:27:34,658] {logging_mixin.py:115} INFO - [2023-07-24 01:27:34,658] {dagbag.py:508} INFO - Filling up the DagBag from /home/airflow/.local/lib/python3.7/site-packages/airflow/example_dags/example_nested_branch_dag.py
[2023-07-24 01:27:34,662] {processor.py:651} INFO - DAG(s) dict_keys(['example_nested_branch_dag']) retrieved from /home/airflow/.local/lib/python3.7/site-packages/airflow/example_dags/example_nested_branch_dag.py
[2023-07-24 01:27:34,675] {logging_mixin.py:115} INFO - [2023-07-24 01:27:34,675] {dag.py:2420} INFO - Sync 1 DAGs
[2023-07-24 01:27:34,685] {logging_mixin.py:115} INFO - [2023-07-24 01:27:34,685] {dag.py:2972} INFO - Setting next_dagrun for example_nested_branch_dag to 2023-07-23T00:00:00+00:00, run_after=2023-07-24T00:00:00+00:00
[2023-07-24 01:27:34,694] {processor.py:161} INFO - Processing /home/airflow/.local/lib/python3.7/site-packages/airflow/example_dags/example_nested_branch_dag.py took 0.039 seconds
[2023-07-24 01:28:05,131] {processor.py:153} INFO - Started process (PID=1005) to work on /home/airflow/.local/lib/python3.7/site-packages/airflow/example_dags/example_nested_branch_dag.py
[2023-07-24 01:28:05,134] {processor.py:641} INFO - Processing file /home/airflow/.local/lib/python3.7/site-packages/airflow/example_dags/example_nested_branch_dag.py for tasks to queue
[2023-07-24 01:28:05,134] {logging_mixin.py:115} INFO - [2023-07-24 01:28:05,134] {dagbag.py:508} INFO - Filling up the DagBag from /home/airflow/.local/lib/python3.7/site-packages/airflow/example_dags/example_nested_branch_dag.py
[2023-07-24 01:28:05,139] {processor.py:651} INFO - DAG(s) dict_keys(['example_nested_branch_dag']) retrieved from /home/airflow/.local/lib/python3.7/site-packages/airflow/example_dags/example_nested_branch_dag.py
[2023-07-24 01:28:05,153] {logging_mixin.py:115} INFO - [2023-07-24 01:28:05,153] {dag.py:2420} INFO - Sync 1 DAGs
[2023-07-24 01:28:05,165] {logging_mixin.py:115} INFO - [2023-07-24 01:28:05,165] {dag.py:2972} INFO - Setting next_dagrun for example_nested_branch_dag to 2023-07-23T00:00:00+00:00, run_after=2023-07-24T00:00:00+00:00
[2023-07-24 01:28:05,174] {processor.py:161} INFO - Processing /home/airflow/.local/lib/python3.7/site-packages/airflow/example_dags/example_nested_branch_dag.py took 0.045 seconds
[2023-07-24 01:28:35,468] {processor.py:153} INFO - Started process (PID=1066) to work on /home/airflow/.local/lib/python3.7/site-packages/airflow/example_dags/example_nested_branch_dag.py
[2023-07-24 01:28:35,468] {processor.py:641} INFO - Processing file /home/airflow/.local/lib/python3.7/site-packages/airflow/example_dags/example_nested_branch_dag.py for tasks to queue
[2023-07-24 01:28:35,468] {logging_mixin.py:115} INFO - [2023-07-24 01:28:35,468] {dagbag.py:508} INFO - Filling up the DagBag from /home/airflow/.local/lib/python3.7/site-packages/airflow/example_dags/example_nested_branch_dag.py
[2023-07-24 01:28:35,473] {processor.py:651} INFO - DAG(s) dict_keys(['example_nested_branch_dag']) retrieved from /home/airflow/.local/lib/python3.7/site-packages/airflow/example_dags/example_nested_branch_dag.py
[2023-07-24 01:28:35,486] {logging_mixin.py:115} INFO - [2023-07-24 01:28:35,486] {dag.py:2420} INFO - Sync 1 DAGs
[2023-07-24 01:28:35,497] {logging_mixin.py:115} INFO - [2023-07-24 01:28:35,497] {dag.py:2972} INFO - Setting next_dagrun for example_nested_branch_dag to 2023-07-23T00:00:00+00:00, run_after=2023-07-24T00:00:00+00:00
[2023-07-24 01:28:35,507] {processor.py:161} INFO - Processing /home/airflow/.local/lib/python3.7/site-packages/airflow/example_dags/example_nested_branch_dag.py took 0.041 seconds
[2023-07-24 01:29:06,012] {processor.py:153} INFO - Started process (PID=1118) to work on /home/airflow/.local/lib/python3.7/site-packages/airflow/example_dags/example_nested_branch_dag.py
[2023-07-24 01:29:06,013] {processor.py:641} INFO - Processing file /home/airflow/.local/lib/python3.7/site-packages/airflow/example_dags/example_nested_branch_dag.py for tasks to queue
[2023-07-24 01:29:06,013] {logging_mixin.py:115} INFO - [2023-07-24 01:29:06,013] {dagbag.py:508} INFO - Filling up the DagBag from /home/airflow/.local/lib/python3.7/site-packages/airflow/example_dags/example_nested_branch_dag.py
[2023-07-24 01:29:06,018] {processor.py:651} INFO - DAG(s) dict_keys(['example_nested_branch_dag']) retrieved from /home/airflow/.local/lib/python3.7/site-packages/airflow/example_dags/example_nested_branch_dag.py
[2023-07-24 01:29:06,031] {logging_mixin.py:115} INFO - [2023-07-24 01:29:06,031] {dag.py:2420} INFO - Sync 1 DAGs
[2023-07-24 01:29:06,042] {logging_mixin.py:115} INFO - [2023-07-24 01:29:06,042] {dag.py:2972} INFO - Setting next_dagrun for example_nested_branch_dag to 2023-07-23T00:00:00+00:00, run_after=2023-07-24T00:00:00+00:00
[2023-07-24 01:29:06,051] {processor.py:161} INFO - Processing /home/airflow/.local/lib/python3.7/site-packages/airflow/example_dags/example_nested_branch_dag.py took 0.040 seconds
[2023-07-24 01:29:36,716] {processor.py:153} INFO - Started process (PID=1179) to work on /home/airflow/.local/lib/python3.7/site-packages/airflow/example_dags/example_nested_branch_dag.py
[2023-07-24 01:29:36,716] {processor.py:641} INFO - Processing file /home/airflow/.local/lib/python3.7/site-packages/airflow/example_dags/example_nested_branch_dag.py for tasks to queue
[2023-07-24 01:29:36,716] {logging_mixin.py:115} INFO - [2023-07-24 01:29:36,716] {dagbag.py:508} INFO - Filling up the DagBag from /home/airflow/.local/lib/python3.7/site-packages/airflow/example_dags/example_nested_branch_dag.py
[2023-07-24 01:29:36,721] {processor.py:651} INFO - DAG(s) dict_keys(['example_nested_branch_dag']) retrieved from /home/airflow/.local/lib/python3.7/site-packages/airflow/example_dags/example_nested_branch_dag.py
[2023-07-24 01:29:36,735] {logging_mixin.py:115} INFO - [2023-07-24 01:29:36,735] {dag.py:2420} INFO - Sync 1 DAGs
[2023-07-24 01:29:36,747] {logging_mixin.py:115} INFO - [2023-07-24 01:29:36,747] {dag.py:2972} INFO - Setting next_dagrun for example_nested_branch_dag to 2023-07-23T00:00:00+00:00, run_after=2023-07-24T00:00:00+00:00
[2023-07-24 01:29:36,756] {processor.py:161} INFO - Processing /home/airflow/.local/lib/python3.7/site-packages/airflow/example_dags/example_nested_branch_dag.py took 0.042 seconds
[2023-07-24 01:30:07,031] {processor.py:153} INFO - Started process (PID=1240) to work on /home/airflow/.local/lib/python3.7/site-packages/airflow/example_dags/example_nested_branch_dag.py
[2023-07-24 01:30:07,032] {processor.py:641} INFO - Processing file /home/airflow/.local/lib/python3.7/site-packages/airflow/example_dags/example_nested_branch_dag.py for tasks to queue
[2023-07-24 01:30:07,032] {logging_mixin.py:115} INFO - [2023-07-24 01:30:07,032] {dagbag.py:508} INFO - Filling up the DagBag from /home/airflow/.local/lib/python3.7/site-packages/airflow/example_dags/example_nested_branch_dag.py
[2023-07-24 01:30:07,036] {processor.py:651} INFO - DAG(s) dict_keys(['example_nested_branch_dag']) retrieved from /home/airflow/.local/lib/python3.7/site-packages/airflow/example_dags/example_nested_branch_dag.py
[2023-07-24 01:30:07,050] {logging_mixin.py:115} INFO - [2023-07-24 01:30:07,050] {dag.py:2420} INFO - Sync 1 DAGs
[2023-07-24 01:30:07,060] {logging_mixin.py:115} INFO - [2023-07-24 01:30:07,060] {dag.py:2972} INFO - Setting next_dagrun for example_nested_branch_dag to 2023-07-23T00:00:00+00:00, run_after=2023-07-24T00:00:00+00:00
[2023-07-24 01:30:07,071] {processor.py:161} INFO - Processing /home/airflow/.local/lib/python3.7/site-packages/airflow/example_dags/example_nested_branch_dag.py took 0.041 seconds
[2023-07-24 01:30:37,608] {processor.py:153} INFO - Started process (PID=1301) to work on /home/airflow/.local/lib/python3.7/site-packages/airflow/example_dags/example_nested_branch_dag.py
[2023-07-24 01:30:37,608] {processor.py:641} INFO - Processing file /home/airflow/.local/lib/python3.7/site-packages/airflow/example_dags/example_nested_branch_dag.py for tasks to queue
[2023-07-24 01:30:37,609] {logging_mixin.py:115} INFO - [2023-07-24 01:30:37,609] {dagbag.py:508} INFO - Filling up the DagBag from /home/airflow/.local/lib/python3.7/site-packages/airflow/example_dags/example_nested_branch_dag.py
[2023-07-24 01:30:37,614] {processor.py:651} INFO - DAG(s) dict_keys(['example_nested_branch_dag']) retrieved from /home/airflow/.local/lib/python3.7/site-packages/airflow/example_dags/example_nested_branch_dag.py
[2023-07-24 01:30:37,627] {logging_mixin.py:115} INFO - [2023-07-24 01:30:37,627] {dag.py:2420} INFO - Sync 1 DAGs
[2023-07-24 01:30:37,639] {logging_mixin.py:115} INFO - [2023-07-24 01:30:37,639] {dag.py:2972} INFO - Setting next_dagrun for example_nested_branch_dag to 2023-07-23T00:00:00+00:00, run_after=2023-07-24T00:00:00+00:00
[2023-07-24 01:30:37,652] {processor.py:161} INFO - Processing /home/airflow/.local/lib/python3.7/site-packages/airflow/example_dags/example_nested_branch_dag.py took 0.045 seconds
[2023-07-24 01:31:07,916] {processor.py:153} INFO - Started process (PID=1352) to work on /home/airflow/.local/lib/python3.7/site-packages/airflow/example_dags/example_nested_branch_dag.py
[2023-07-24 01:31:07,916] {processor.py:641} INFO - Processing file /home/airflow/.local/lib/python3.7/site-packages/airflow/example_dags/example_nested_branch_dag.py for tasks to queue
[2023-07-24 01:31:07,916] {logging_mixin.py:115} INFO - [2023-07-24 01:31:07,916] {dagbag.py:508} INFO - Filling up the DagBag from /home/airflow/.local/lib/python3.7/site-packages/airflow/example_dags/example_nested_branch_dag.py
[2023-07-24 01:31:07,921] {processor.py:651} INFO - DAG(s) dict_keys(['example_nested_branch_dag']) retrieved from /home/airflow/.local/lib/python3.7/site-packages/airflow/example_dags/example_nested_branch_dag.py
[2023-07-24 01:31:07,956] {logging_mixin.py:115} INFO - [2023-07-24 01:31:07,956] {dag.py:2420} INFO - Sync 1 DAGs
[2023-07-24 01:31:07,967] {logging_mixin.py:115} INFO - [2023-07-24 01:31:07,967] {dag.py:2972} INFO - Setting next_dagrun for example_nested_branch_dag to 2023-07-23T00:00:00+00:00, run_after=2023-07-24T00:00:00+00:00
[2023-07-24 01:31:07,976] {processor.py:161} INFO - Processing /home/airflow/.local/lib/python3.7/site-packages/airflow/example_dags/example_nested_branch_dag.py took 0.062 seconds
[2023-07-24 01:31:38,361] {processor.py:153} INFO - Started process (PID=1412) to work on /home/airflow/.local/lib/python3.7/site-packages/airflow/example_dags/example_nested_branch_dag.py
[2023-07-24 01:31:38,362] {processor.py:641} INFO - Processing file /home/airflow/.local/lib/python3.7/site-packages/airflow/example_dags/example_nested_branch_dag.py for tasks to queue
[2023-07-24 01:31:38,362] {logging_mixin.py:115} INFO - [2023-07-24 01:31:38,362] {dagbag.py:508} INFO - Filling up the DagBag from /home/airflow/.local/lib/python3.7/site-packages/airflow/example_dags/example_nested_branch_dag.py
[2023-07-24 01:31:38,366] {processor.py:651} INFO - DAG(s) dict_keys(['example_nested_branch_dag']) retrieved from /home/airflow/.local/lib/python3.7/site-packages/airflow/example_dags/example_nested_branch_dag.py
[2023-07-24 01:31:38,379] {logging_mixin.py:115} INFO - [2023-07-24 01:31:38,379] {dag.py:2420} INFO - Sync 1 DAGs
[2023-07-24 01:31:38,390] {logging_mixin.py:115} INFO - [2023-07-24 01:31:38,390] {dag.py:2972} INFO - Setting next_dagrun for example_nested_branch_dag to 2023-07-23T00:00:00+00:00, run_after=2023-07-24T00:00:00+00:00
[2023-07-24 01:31:38,400] {processor.py:161} INFO - Processing /home/airflow/.local/lib/python3.7/site-packages/airflow/example_dags/example_nested_branch_dag.py took 0.040 seconds
[2023-07-24 01:32:08,645] {processor.py:153} INFO - Started process (PID=1473) to work on /home/airflow/.local/lib/python3.7/site-packages/airflow/example_dags/example_nested_branch_dag.py
[2023-07-24 01:32:08,646] {processor.py:641} INFO - Processing file /home/airflow/.local/lib/python3.7/site-packages/airflow/example_dags/example_nested_branch_dag.py for tasks to queue
[2023-07-24 01:32:08,646] {logging_mixin.py:115} INFO - [2023-07-24 01:32:08,646] {dagbag.py:508} INFO - Filling up the DagBag from /home/airflow/.local/lib/python3.7/site-packages/airflow/example_dags/example_nested_branch_dag.py
[2023-07-24 01:32:08,651] {processor.py:651} INFO - DAG(s) dict_keys(['example_nested_branch_dag']) retrieved from /home/airflow/.local/lib/python3.7/site-packages/airflow/example_dags/example_nested_branch_dag.py
[2023-07-24 01:32:08,664] {logging_mixin.py:115} INFO - [2023-07-24 01:32:08,664] {dag.py:2420} INFO - Sync 1 DAGs
[2023-07-24 01:32:08,675] {logging_mixin.py:115} INFO - [2023-07-24 01:32:08,675] {dag.py:2972} INFO - Setting next_dagrun for example_nested_branch_dag to 2023-07-23T00:00:00+00:00, run_after=2023-07-24T00:00:00+00:00
[2023-07-24 01:32:08,684] {processor.py:161} INFO - Processing /home/airflow/.local/lib/python3.7/site-packages/airflow/example_dags/example_nested_branch_dag.py took 0.040 seconds
[2023-07-24 01:32:39,018] {processor.py:153} INFO - Started process (PID=1533) to work on /home/airflow/.local/lib/python3.7/site-packages/airflow/example_dags/example_nested_branch_dag.py
[2023-07-24 01:32:39,018] {processor.py:641} INFO - Processing file /home/airflow/.local/lib/python3.7/site-packages/airflow/example_dags/example_nested_branch_dag.py for tasks to queue
[2023-07-24 01:32:39,019] {logging_mixin.py:115} INFO - [2023-07-24 01:32:39,019] {dagbag.py:508} INFO - Filling up the DagBag from /home/airflow/.local/lib/python3.7/site-packages/airflow/example_dags/example_nested_branch_dag.py
[2023-07-24 01:32:39,024] {processor.py:651} INFO - DAG(s) dict_keys(['example_nested_branch_dag']) retrieved from /home/airflow/.local/lib/python3.7/site-packages/airflow/example_dags/example_nested_branch_dag.py
[2023-07-24 01:32:39,038] {logging_mixin.py:115} INFO - [2023-07-24 01:32:39,037] {dag.py:2420} INFO - Sync 1 DAGs
[2023-07-24 01:32:39,048] {logging_mixin.py:115} INFO - [2023-07-24 01:32:39,048] {dag.py:2972} INFO - Setting next_dagrun for example_nested_branch_dag to 2023-07-23T00:00:00+00:00, run_after=2023-07-24T00:00:00+00:00
[2023-07-24 01:32:39,058] {processor.py:161} INFO - Processing /home/airflow/.local/lib/python3.7/site-packages/airflow/example_dags/example_nested_branch_dag.py took 0.042 seconds
[2023-07-24 01:33:09,436] {processor.py:153} INFO - Started process (PID=1594) to work on /home/airflow/.local/lib/python3.7/site-packages/airflow/example_dags/example_nested_branch_dag.py
[2023-07-24 01:33:09,436] {processor.py:641} INFO - Processing file /home/airflow/.local/lib/python3.7/site-packages/airflow/example_dags/example_nested_branch_dag.py for tasks to queue
[2023-07-24 01:33:09,437] {logging_mixin.py:115} INFO - [2023-07-24 01:33:09,437] {dagbag.py:508} INFO - Filling up the DagBag from /home/airflow/.local/lib/python3.7/site-packages/airflow/example_dags/example_nested_branch_dag.py
[2023-07-24 01:33:09,442] {processor.py:651} INFO - DAG(s) dict_keys(['example_nested_branch_dag']) retrieved from /home/airflow/.local/lib/python3.7/site-packages/airflow/example_dags/example_nested_branch_dag.py
[2023-07-24 01:33:09,456] {logging_mixin.py:115} INFO - [2023-07-24 01:33:09,456] {dag.py:2420} INFO - Sync 1 DAGs
[2023-07-24 01:33:09,469] {logging_mixin.py:115} INFO - [2023-07-24 01:33:09,469] {dag.py:2972} INFO - Setting next_dagrun for example_nested_branch_dag to 2023-07-23T00:00:00+00:00, run_after=2023-07-24T00:00:00+00:00
[2023-07-24 01:33:09,481] {processor.py:161} INFO - Processing /home/airflow/.local/lib/python3.7/site-packages/airflow/example_dags/example_nested_branch_dag.py took 0.047 seconds
[2023-07-24 01:33:39,856] {processor.py:153} INFO - Started process (PID=1645) to work on /home/airflow/.local/lib/python3.7/site-packages/airflow/example_dags/example_nested_branch_dag.py
[2023-07-24 01:33:39,857] {processor.py:641} INFO - Processing file /home/airflow/.local/lib/python3.7/site-packages/airflow/example_dags/example_nested_branch_dag.py for tasks to queue
[2023-07-24 01:33:39,857] {logging_mixin.py:115} INFO - [2023-07-24 01:33:39,857] {dagbag.py:508} INFO - Filling up the DagBag from /home/airflow/.local/lib/python3.7/site-packages/airflow/example_dags/example_nested_branch_dag.py
[2023-07-24 01:33:39,862] {processor.py:651} INFO - DAG(s) dict_keys(['example_nested_branch_dag']) retrieved from /home/airflow/.local/lib/python3.7/site-packages/airflow/example_dags/example_nested_branch_dag.py
[2023-07-24 01:33:39,877] {logging_mixin.py:115} INFO - [2023-07-24 01:33:39,877] {dag.py:2420} INFO - Sync 1 DAGs
[2023-07-24 01:33:39,888] {logging_mixin.py:115} INFO - [2023-07-24 01:33:39,888] {dag.py:2972} INFO - Setting next_dagrun for example_nested_branch_dag to 2023-07-23T00:00:00+00:00, run_after=2023-07-24T00:00:00+00:00
[2023-07-24 01:33:39,900] {processor.py:161} INFO - Processing /home/airflow/.local/lib/python3.7/site-packages/airflow/example_dags/example_nested_branch_dag.py took 0.046 seconds
[2023-07-24 01:34:10,188] {processor.py:153} INFO - Started process (PID=1705) to work on /home/airflow/.local/lib/python3.7/site-packages/airflow/example_dags/example_nested_branch_dag.py
[2023-07-24 01:34:10,189] {processor.py:641} INFO - Processing file /home/airflow/.local/lib/python3.7/site-packages/airflow/example_dags/example_nested_branch_dag.py for tasks to queue
[2023-07-24 01:34:10,189] {logging_mixin.py:115} INFO - [2023-07-24 01:34:10,189] {dagbag.py:508} INFO - Filling up the DagBag from /home/airflow/.local/lib/python3.7/site-packages/airflow/example_dags/example_nested_branch_dag.py
[2023-07-24 01:34:10,194] {processor.py:651} INFO - DAG(s) dict_keys(['example_nested_branch_dag']) retrieved from /home/airflow/.local/lib/python3.7/site-packages/airflow/example_dags/example_nested_branch_dag.py
[2023-07-24 01:34:10,208] {logging_mixin.py:115} INFO - [2023-07-24 01:34:10,208] {dag.py:2420} INFO - Sync 1 DAGs
[2023-07-24 01:34:10,219] {logging_mixin.py:115} INFO - [2023-07-24 01:34:10,219] {dag.py:2972} INFO - Setting next_dagrun for example_nested_branch_dag to 2023-07-23T00:00:00+00:00, run_after=2023-07-24T00:00:00+00:00
[2023-07-24 01:34:10,230] {processor.py:161} INFO - Processing /home/airflow/.local/lib/python3.7/site-packages/airflow/example_dags/example_nested_branch_dag.py took 0.043 seconds
[2023-07-24 01:34:40,648] {processor.py:153} INFO - Started process (PID=1765) to work on /home/airflow/.local/lib/python3.7/site-packages/airflow/example_dags/example_nested_branch_dag.py
[2023-07-24 01:34:40,649] {processor.py:641} INFO - Processing file /home/airflow/.local/lib/python3.7/site-packages/airflow/example_dags/example_nested_branch_dag.py for tasks to queue
[2023-07-24 01:34:40,649] {logging_mixin.py:115} INFO - [2023-07-24 01:34:40,649] {dagbag.py:508} INFO - Filling up the DagBag from /home/airflow/.local/lib/python3.7/site-packages/airflow/example_dags/example_nested_branch_dag.py
[2023-07-24 01:34:40,654] {processor.py:651} INFO - DAG(s) dict_keys(['example_nested_branch_dag']) retrieved from /home/airflow/.local/lib/python3.7/site-packages/airflow/example_dags/example_nested_branch_dag.py
[2023-07-24 01:34:40,667] {logging_mixin.py:115} INFO - [2023-07-24 01:34:40,667] {dag.py:2420} INFO - Sync 1 DAGs
[2023-07-24 01:34:40,678] {logging_mixin.py:115} INFO - [2023-07-24 01:34:40,678] {dag.py:2972} INFO - Setting next_dagrun for example_nested_branch_dag to 2023-07-23T00:00:00+00:00, run_after=2023-07-24T00:00:00+00:00
[2023-07-24 01:34:40,688] {processor.py:161} INFO - Processing /home/airflow/.local/lib/python3.7/site-packages/airflow/example_dags/example_nested_branch_dag.py took 0.042 seconds
