[2023-07-24 01:20:01,068] {processor.py:153} INFO - Started process (PID=67) to work on /home/airflow/.local/lib/python3.7/site-packages/airflow/example_dags/example_branch_python_dop_operator_3.py
[2023-07-24 01:20:01,068] {processor.py:641} INFO - Processing file /home/airflow/.local/lib/python3.7/site-packages/airflow/example_dags/example_branch_python_dop_operator_3.py for tasks to queue
[2023-07-24 01:20:01,069] {logging_mixin.py:115} INFO - [2023-07-24 01:20:01,069] {dagbag.py:508} INFO - Filling up the DagBag from /home/airflow/.local/lib/python3.7/site-packages/airflow/example_dags/example_branch_python_dop_operator_3.py
[2023-07-24 01:20:01,074] {processor.py:651} INFO - DAG(s) dict_keys(['example_branch_dop_operator_v3']) retrieved from /home/airflow/.local/lib/python3.7/site-packages/airflow/example_dags/example_branch_python_dop_operator_3.py
[2023-07-24 01:20:01,194] {logging_mixin.py:115} INFO - [2023-07-24 01:20:01,194] {manager.py:508} INFO - Created Permission View: can edit on DAG:example_branch_dop_operator_v3
[2023-07-24 01:20:01,205] {logging_mixin.py:115} INFO - [2023-07-24 01:20:01,204] {manager.py:508} INFO - Created Permission View: can read on DAG:example_branch_dop_operator_v3
[2023-07-24 01:20:01,222] {logging_mixin.py:115} INFO - [2023-07-24 01:20:01,222] {manager.py:508} INFO - Created Permission View: can delete on DAG:example_branch_dop_operator_v3
[2023-07-24 01:20:01,222] {logging_mixin.py:115} INFO - [2023-07-24 01:20:01,222] {dag.py:2420} INFO - Sync 1 DAGs
[2023-07-24 01:20:01,227] {logging_mixin.py:115} INFO - [2023-07-24 01:20:01,227] {dag.py:2439} INFO - Creating ORM DAG for example_branch_dop_operator_v3
[2023-07-24 01:20:01,236] {logging_mixin.py:115} INFO - [2023-07-24 01:20:01,236] {dag.py:2972} INFO - Setting next_dagrun for example_branch_dop_operator_v3 to 2023-07-24T01:19:00+00:00, run_after=2023-07-24T01:20:00+00:00
[2023-07-24 01:20:01,247] {processor.py:161} INFO - Processing /home/airflow/.local/lib/python3.7/site-packages/airflow/example_dags/example_branch_python_dop_operator_3.py took 0.181 seconds
[2023-07-24 01:20:31,269] {processor.py:153} INFO - Started process (PID=127) to work on /home/airflow/.local/lib/python3.7/site-packages/airflow/example_dags/example_branch_python_dop_operator_3.py
[2023-07-24 01:20:31,270] {processor.py:641} INFO - Processing file /home/airflow/.local/lib/python3.7/site-packages/airflow/example_dags/example_branch_python_dop_operator_3.py for tasks to queue
[2023-07-24 01:20:31,270] {logging_mixin.py:115} INFO - [2023-07-24 01:20:31,270] {dagbag.py:508} INFO - Filling up the DagBag from /home/airflow/.local/lib/python3.7/site-packages/airflow/example_dags/example_branch_python_dop_operator_3.py
[2023-07-24 01:20:31,274] {processor.py:651} INFO - DAG(s) dict_keys(['example_branch_dop_operator_v3']) retrieved from /home/airflow/.local/lib/python3.7/site-packages/airflow/example_dags/example_branch_python_dop_operator_3.py
[2023-07-24 01:20:31,289] {logging_mixin.py:115} INFO - [2023-07-24 01:20:31,288] {dag.py:2420} INFO - Sync 1 DAGs
[2023-07-24 01:20:31,301] {logging_mixin.py:115} INFO - [2023-07-24 01:20:31,301] {dag.py:2972} INFO - Setting next_dagrun for example_branch_dop_operator_v3 to 2023-07-24T01:19:00+00:00, run_after=2023-07-24T01:20:00+00:00
[2023-07-24 01:20:31,312] {processor.py:161} INFO - Processing /home/airflow/.local/lib/python3.7/site-packages/airflow/example_dags/example_branch_python_dop_operator_3.py took 0.045 seconds
[2023-07-24 01:21:01,500] {processor.py:153} INFO - Started process (PID=188) to work on /home/airflow/.local/lib/python3.7/site-packages/airflow/example_dags/example_branch_python_dop_operator_3.py
[2023-07-24 01:21:01,500] {processor.py:641} INFO - Processing file /home/airflow/.local/lib/python3.7/site-packages/airflow/example_dags/example_branch_python_dop_operator_3.py for tasks to queue
[2023-07-24 01:21:01,500] {logging_mixin.py:115} INFO - [2023-07-24 01:21:01,500] {dagbag.py:508} INFO - Filling up the DagBag from /home/airflow/.local/lib/python3.7/site-packages/airflow/example_dags/example_branch_python_dop_operator_3.py
[2023-07-24 01:21:01,505] {processor.py:651} INFO - DAG(s) dict_keys(['example_branch_dop_operator_v3']) retrieved from /home/airflow/.local/lib/python3.7/site-packages/airflow/example_dags/example_branch_python_dop_operator_3.py
[2023-07-24 01:21:01,518] {logging_mixin.py:115} INFO - [2023-07-24 01:21:01,518] {dag.py:2420} INFO - Sync 1 DAGs
[2023-07-24 01:21:01,531] {logging_mixin.py:115} INFO - [2023-07-24 01:21:01,531] {dag.py:2972} INFO - Setting next_dagrun for example_branch_dop_operator_v3 to 2023-07-24T01:20:00+00:00, run_after=2023-07-24T01:21:00+00:00
[2023-07-24 01:21:01,541] {processor.py:161} INFO - Processing /home/airflow/.local/lib/python3.7/site-packages/airflow/example_dags/example_branch_python_dop_operator_3.py took 0.043 seconds
[2023-07-24 01:21:31,848] {processor.py:153} INFO - Started process (PID=248) to work on /home/airflow/.local/lib/python3.7/site-packages/airflow/example_dags/example_branch_python_dop_operator_3.py
[2023-07-24 01:21:31,849] {processor.py:641} INFO - Processing file /home/airflow/.local/lib/python3.7/site-packages/airflow/example_dags/example_branch_python_dop_operator_3.py for tasks to queue
[2023-07-24 01:21:31,849] {logging_mixin.py:115} INFO - [2023-07-24 01:21:31,849] {dagbag.py:508} INFO - Filling up the DagBag from /home/airflow/.local/lib/python3.7/site-packages/airflow/example_dags/example_branch_python_dop_operator_3.py
[2023-07-24 01:21:31,854] {processor.py:651} INFO - DAG(s) dict_keys(['example_branch_dop_operator_v3']) retrieved from /home/airflow/.local/lib/python3.7/site-packages/airflow/example_dags/example_branch_python_dop_operator_3.py
[2023-07-24 01:21:31,867] {logging_mixin.py:115} INFO - [2023-07-24 01:21:31,867] {dag.py:2420} INFO - Sync 1 DAGs
[2023-07-24 01:21:31,882] {logging_mixin.py:115} INFO - [2023-07-24 01:21:31,882] {dag.py:2972} INFO - Setting next_dagrun for example_branch_dop_operator_v3 to 2023-07-24T01:20:00+00:00, run_after=2023-07-24T01:21:00+00:00
[2023-07-24 01:21:31,894] {processor.py:161} INFO - Processing /home/airflow/.local/lib/python3.7/site-packages/airflow/example_dags/example_branch_python_dop_operator_3.py took 0.047 seconds
[2023-07-24 01:22:02,034] {processor.py:153} INFO - Started process (PID=300) to work on /home/airflow/.local/lib/python3.7/site-packages/airflow/example_dags/example_branch_python_dop_operator_3.py
[2023-07-24 01:22:02,037] {processor.py:641} INFO - Processing file /home/airflow/.local/lib/python3.7/site-packages/airflow/example_dags/example_branch_python_dop_operator_3.py for tasks to queue
[2023-07-24 01:22:02,037] {logging_mixin.py:115} INFO - [2023-07-24 01:22:02,037] {dagbag.py:508} INFO - Filling up the DagBag from /home/airflow/.local/lib/python3.7/site-packages/airflow/example_dags/example_branch_python_dop_operator_3.py
[2023-07-24 01:22:02,042] {processor.py:651} INFO - DAG(s) dict_keys(['example_branch_dop_operator_v3']) retrieved from /home/airflow/.local/lib/python3.7/site-packages/airflow/example_dags/example_branch_python_dop_operator_3.py
[2023-07-24 01:22:02,056] {logging_mixin.py:115} INFO - [2023-07-24 01:22:02,056] {dag.py:2420} INFO - Sync 1 DAGs
[2023-07-24 01:22:02,068] {logging_mixin.py:115} INFO - [2023-07-24 01:22:02,068] {dag.py:2972} INFO - Setting next_dagrun for example_branch_dop_operator_v3 to 2023-07-24T01:21:00+00:00, run_after=2023-07-24T01:22:00+00:00
[2023-07-24 01:22:02,077] {processor.py:161} INFO - Processing /home/airflow/.local/lib/python3.7/site-packages/airflow/example_dags/example_branch_python_dop_operator_3.py took 0.045 seconds
[2023-07-24 01:22:32,228] {processor.py:153} INFO - Started process (PID=361) to work on /home/airflow/.local/lib/python3.7/site-packages/airflow/example_dags/example_branch_python_dop_operator_3.py
[2023-07-24 01:22:32,229] {processor.py:641} INFO - Processing file /home/airflow/.local/lib/python3.7/site-packages/airflow/example_dags/example_branch_python_dop_operator_3.py for tasks to queue
[2023-07-24 01:22:32,229] {logging_mixin.py:115} INFO - [2023-07-24 01:22:32,229] {dagbag.py:508} INFO - Filling up the DagBag from /home/airflow/.local/lib/python3.7/site-packages/airflow/example_dags/example_branch_python_dop_operator_3.py
[2023-07-24 01:22:32,234] {processor.py:651} INFO - DAG(s) dict_keys(['example_branch_dop_operator_v3']) retrieved from /home/airflow/.local/lib/python3.7/site-packages/airflow/example_dags/example_branch_python_dop_operator_3.py
[2023-07-24 01:22:32,246] {logging_mixin.py:115} INFO - [2023-07-24 01:22:32,246] {dag.py:2420} INFO - Sync 1 DAGs
[2023-07-24 01:22:32,259] {logging_mixin.py:115} INFO - [2023-07-24 01:22:32,259] {dag.py:2972} INFO - Setting next_dagrun for example_branch_dop_operator_v3 to 2023-07-24T01:21:00+00:00, run_after=2023-07-24T01:22:00+00:00
[2023-07-24 01:22:32,268] {processor.py:161} INFO - Processing /home/airflow/.local/lib/python3.7/site-packages/airflow/example_dags/example_branch_python_dop_operator_3.py took 0.041 seconds
[2023-07-24 01:23:02,464] {processor.py:153} INFO - Started process (PID=422) to work on /home/airflow/.local/lib/python3.7/site-packages/airflow/example_dags/example_branch_python_dop_operator_3.py
[2023-07-24 01:23:02,466] {processor.py:641} INFO - Processing file /home/airflow/.local/lib/python3.7/site-packages/airflow/example_dags/example_branch_python_dop_operator_3.py for tasks to queue
[2023-07-24 01:23:02,467] {logging_mixin.py:115} INFO - [2023-07-24 01:23:02,467] {dagbag.py:508} INFO - Filling up the DagBag from /home/airflow/.local/lib/python3.7/site-packages/airflow/example_dags/example_branch_python_dop_operator_3.py
[2023-07-24 01:23:02,472] {processor.py:651} INFO - DAG(s) dict_keys(['example_branch_dop_operator_v3']) retrieved from /home/airflow/.local/lib/python3.7/site-packages/airflow/example_dags/example_branch_python_dop_operator_3.py
[2023-07-24 01:23:02,484] {logging_mixin.py:115} INFO - [2023-07-24 01:23:02,484] {dag.py:2420} INFO - Sync 1 DAGs
[2023-07-24 01:23:02,496] {logging_mixin.py:115} INFO - [2023-07-24 01:23:02,496] {dag.py:2972} INFO - Setting next_dagrun for example_branch_dop_operator_v3 to 2023-07-24T01:22:00+00:00, run_after=2023-07-24T01:23:00+00:00
[2023-07-24 01:23:02,504] {processor.py:161} INFO - Processing /home/airflow/.local/lib/python3.7/site-packages/airflow/example_dags/example_branch_python_dop_operator_3.py took 0.041 seconds
[2023-07-24 01:23:32,601] {processor.py:153} INFO - Started process (PID=483) to work on /home/airflow/.local/lib/python3.7/site-packages/airflow/example_dags/example_branch_python_dop_operator_3.py
[2023-07-24 01:23:32,601] {processor.py:641} INFO - Processing file /home/airflow/.local/lib/python3.7/site-packages/airflow/example_dags/example_branch_python_dop_operator_3.py for tasks to queue
[2023-07-24 01:23:32,601] {logging_mixin.py:115} INFO - [2023-07-24 01:23:32,601] {dagbag.py:508} INFO - Filling up the DagBag from /home/airflow/.local/lib/python3.7/site-packages/airflow/example_dags/example_branch_python_dop_operator_3.py
[2023-07-24 01:23:32,605] {processor.py:651} INFO - DAG(s) dict_keys(['example_branch_dop_operator_v3']) retrieved from /home/airflow/.local/lib/python3.7/site-packages/airflow/example_dags/example_branch_python_dop_operator_3.py
[2023-07-24 01:23:32,618] {logging_mixin.py:115} INFO - [2023-07-24 01:23:32,618] {dag.py:2420} INFO - Sync 1 DAGs
[2023-07-24 01:23:32,630] {logging_mixin.py:115} INFO - [2023-07-24 01:23:32,630] {dag.py:2972} INFO - Setting next_dagrun for example_branch_dop_operator_v3 to 2023-07-24T01:22:00+00:00, run_after=2023-07-24T01:23:00+00:00
[2023-07-24 01:23:32,639] {processor.py:161} INFO - Processing /home/airflow/.local/lib/python3.7/site-packages/airflow/example_dags/example_branch_python_dop_operator_3.py took 0.040 seconds
[2023-07-24 01:24:02,828] {processor.py:153} INFO - Started process (PID=544) to work on /home/airflow/.local/lib/python3.7/site-packages/airflow/example_dags/example_branch_python_dop_operator_3.py
[2023-07-24 01:24:02,828] {processor.py:641} INFO - Processing file /home/airflow/.local/lib/python3.7/site-packages/airflow/example_dags/example_branch_python_dop_operator_3.py for tasks to queue
[2023-07-24 01:24:02,828] {logging_mixin.py:115} INFO - [2023-07-24 01:24:02,828] {dagbag.py:508} INFO - Filling up the DagBag from /home/airflow/.local/lib/python3.7/site-packages/airflow/example_dags/example_branch_python_dop_operator_3.py
[2023-07-24 01:24:02,833] {processor.py:651} INFO - DAG(s) dict_keys(['example_branch_dop_operator_v3']) retrieved from /home/airflow/.local/lib/python3.7/site-packages/airflow/example_dags/example_branch_python_dop_operator_3.py
[2023-07-24 01:24:02,846] {logging_mixin.py:115} INFO - [2023-07-24 01:24:02,845] {dag.py:2420} INFO - Sync 1 DAGs
[2023-07-24 01:24:02,858] {logging_mixin.py:115} INFO - [2023-07-24 01:24:02,858] {dag.py:2972} INFO - Setting next_dagrun for example_branch_dop_operator_v3 to 2023-07-24T01:23:00+00:00, run_after=2023-07-24T01:24:00+00:00
[2023-07-24 01:24:02,868] {processor.py:161} INFO - Processing /home/airflow/.local/lib/python3.7/site-packages/airflow/example_dags/example_branch_python_dop_operator_3.py took 0.041 seconds
[2023-07-24 01:24:32,968] {processor.py:153} INFO - Started process (PID=605) to work on /home/airflow/.local/lib/python3.7/site-packages/airflow/example_dags/example_branch_python_dop_operator_3.py
[2023-07-24 01:24:32,969] {processor.py:641} INFO - Processing file /home/airflow/.local/lib/python3.7/site-packages/airflow/example_dags/example_branch_python_dop_operator_3.py for tasks to queue
[2023-07-24 01:24:32,969] {logging_mixin.py:115} INFO - [2023-07-24 01:24:32,969] {dagbag.py:508} INFO - Filling up the DagBag from /home/airflow/.local/lib/python3.7/site-packages/airflow/example_dags/example_branch_python_dop_operator_3.py
[2023-07-24 01:24:32,975] {processor.py:651} INFO - DAG(s) dict_keys(['example_branch_dop_operator_v3']) retrieved from /home/airflow/.local/lib/python3.7/site-packages/airflow/example_dags/example_branch_python_dop_operator_3.py
[2023-07-24 01:24:32,990] {logging_mixin.py:115} INFO - [2023-07-24 01:24:32,989] {dag.py:2420} INFO - Sync 1 DAGs
[2023-07-24 01:24:33,003] {logging_mixin.py:115} INFO - [2023-07-24 01:24:33,003] {dag.py:2972} INFO - Setting next_dagrun for example_branch_dop_operator_v3 to 2023-07-24T01:23:00+00:00, run_after=2023-07-24T01:24:00+00:00
[2023-07-24 01:24:33,012] {processor.py:161} INFO - Processing /home/airflow/.local/lib/python3.7/site-packages/airflow/example_dags/example_branch_python_dop_operator_3.py took 0.046 seconds
[2023-07-24 01:25:03,303] {processor.py:153} INFO - Started process (PID=657) to work on /home/airflow/.local/lib/python3.7/site-packages/airflow/example_dags/example_branch_python_dop_operator_3.py
[2023-07-24 01:25:03,305] {processor.py:641} INFO - Processing file /home/airflow/.local/lib/python3.7/site-packages/airflow/example_dags/example_branch_python_dop_operator_3.py for tasks to queue
[2023-07-24 01:25:03,305] {logging_mixin.py:115} INFO - [2023-07-24 01:25:03,305] {dagbag.py:508} INFO - Filling up the DagBag from /home/airflow/.local/lib/python3.7/site-packages/airflow/example_dags/example_branch_python_dop_operator_3.py
[2023-07-24 01:25:03,310] {processor.py:651} INFO - DAG(s) dict_keys(['example_branch_dop_operator_v3']) retrieved from /home/airflow/.local/lib/python3.7/site-packages/airflow/example_dags/example_branch_python_dop_operator_3.py
[2023-07-24 01:25:03,323] {logging_mixin.py:115} INFO - [2023-07-24 01:25:03,322] {dag.py:2420} INFO - Sync 1 DAGs
[2023-07-24 01:25:03,335] {logging_mixin.py:115} INFO - [2023-07-24 01:25:03,335] {dag.py:2972} INFO - Setting next_dagrun for example_branch_dop_operator_v3 to 2023-07-24T01:24:00+00:00, run_after=2023-07-24T01:25:00+00:00
[2023-07-24 01:25:03,345] {processor.py:161} INFO - Processing /home/airflow/.local/lib/python3.7/site-packages/airflow/example_dags/example_branch_python_dop_operator_3.py took 0.043 seconds
[2023-07-24 01:25:33,634] {processor.py:153} INFO - Started process (PID=719) to work on /home/airflow/.local/lib/python3.7/site-packages/airflow/example_dags/example_branch_python_dop_operator_3.py
[2023-07-24 01:25:33,634] {processor.py:641} INFO - Processing file /home/airflow/.local/lib/python3.7/site-packages/airflow/example_dags/example_branch_python_dop_operator_3.py for tasks to queue
[2023-07-24 01:25:33,634] {logging_mixin.py:115} INFO - [2023-07-24 01:25:33,634] {dagbag.py:508} INFO - Filling up the DagBag from /home/airflow/.local/lib/python3.7/site-packages/airflow/example_dags/example_branch_python_dop_operator_3.py
[2023-07-24 01:25:33,639] {processor.py:651} INFO - DAG(s) dict_keys(['example_branch_dop_operator_v3']) retrieved from /home/airflow/.local/lib/python3.7/site-packages/airflow/example_dags/example_branch_python_dop_operator_3.py
[2023-07-24 01:25:33,651] {logging_mixin.py:115} INFO - [2023-07-24 01:25:33,651] {dag.py:2420} INFO - Sync 1 DAGs
[2023-07-24 01:25:33,663] {logging_mixin.py:115} INFO - [2023-07-24 01:25:33,663] {dag.py:2972} INFO - Setting next_dagrun for example_branch_dop_operator_v3 to 2023-07-24T01:24:00+00:00, run_after=2023-07-24T01:25:00+00:00
[2023-07-24 01:25:33,673] {processor.py:161} INFO - Processing /home/airflow/.local/lib/python3.7/site-packages/airflow/example_dags/example_branch_python_dop_operator_3.py took 0.040 seconds
[2023-07-24 01:26:04,002] {processor.py:153} INFO - Started process (PID=779) to work on /home/airflow/.local/lib/python3.7/site-packages/airflow/example_dags/example_branch_python_dop_operator_3.py
[2023-07-24 01:26:04,002] {processor.py:641} INFO - Processing file /home/airflow/.local/lib/python3.7/site-packages/airflow/example_dags/example_branch_python_dop_operator_3.py for tasks to queue
[2023-07-24 01:26:04,002] {logging_mixin.py:115} INFO - [2023-07-24 01:26:04,002] {dagbag.py:508} INFO - Filling up the DagBag from /home/airflow/.local/lib/python3.7/site-packages/airflow/example_dags/example_branch_python_dop_operator_3.py
[2023-07-24 01:26:04,007] {processor.py:651} INFO - DAG(s) dict_keys(['example_branch_dop_operator_v3']) retrieved from /home/airflow/.local/lib/python3.7/site-packages/airflow/example_dags/example_branch_python_dop_operator_3.py
[2023-07-24 01:26:04,019] {logging_mixin.py:115} INFO - [2023-07-24 01:26:04,019] {dag.py:2420} INFO - Sync 1 DAGs
[2023-07-24 01:26:04,032] {logging_mixin.py:115} INFO - [2023-07-24 01:26:04,032] {dag.py:2972} INFO - Setting next_dagrun for example_branch_dop_operator_v3 to 2023-07-24T01:25:00+00:00, run_after=2023-07-24T01:26:00+00:00
[2023-07-24 01:26:04,042] {processor.py:161} INFO - Processing /home/airflow/.local/lib/python3.7/site-packages/airflow/example_dags/example_branch_python_dop_operator_3.py took 0.042 seconds
[2023-07-24 01:26:34,279] {processor.py:153} INFO - Started process (PID=840) to work on /home/airflow/.local/lib/python3.7/site-packages/airflow/example_dags/example_branch_python_dop_operator_3.py
[2023-07-24 01:26:34,280] {processor.py:641} INFO - Processing file /home/airflow/.local/lib/python3.7/site-packages/airflow/example_dags/example_branch_python_dop_operator_3.py for tasks to queue
[2023-07-24 01:26:34,280] {logging_mixin.py:115} INFO - [2023-07-24 01:26:34,280] {dagbag.py:508} INFO - Filling up the DagBag from /home/airflow/.local/lib/python3.7/site-packages/airflow/example_dags/example_branch_python_dop_operator_3.py
[2023-07-24 01:26:34,285] {processor.py:651} INFO - DAG(s) dict_keys(['example_branch_dop_operator_v3']) retrieved from /home/airflow/.local/lib/python3.7/site-packages/airflow/example_dags/example_branch_python_dop_operator_3.py
[2023-07-24 01:26:34,297] {logging_mixin.py:115} INFO - [2023-07-24 01:26:34,297] {dag.py:2420} INFO - Sync 1 DAGs
[2023-07-24 01:26:34,309] {logging_mixin.py:115} INFO - [2023-07-24 01:26:34,309] {dag.py:2972} INFO - Setting next_dagrun for example_branch_dop_operator_v3 to 2023-07-24T01:25:00+00:00, run_after=2023-07-24T01:26:00+00:00
[2023-07-24 01:26:34,320] {processor.py:161} INFO - Processing /home/airflow/.local/lib/python3.7/site-packages/airflow/example_dags/example_branch_python_dop_operator_3.py took 0.042 seconds
[2023-07-24 01:27:04,613] {processor.py:153} INFO - Started process (PID=892) to work on /home/airflow/.local/lib/python3.7/site-packages/airflow/example_dags/example_branch_python_dop_operator_3.py
[2023-07-24 01:27:04,613] {processor.py:641} INFO - Processing file /home/airflow/.local/lib/python3.7/site-packages/airflow/example_dags/example_branch_python_dop_operator_3.py for tasks to queue
[2023-07-24 01:27:04,613] {logging_mixin.py:115} INFO - [2023-07-24 01:27:04,613] {dagbag.py:508} INFO - Filling up the DagBag from /home/airflow/.local/lib/python3.7/site-packages/airflow/example_dags/example_branch_python_dop_operator_3.py
[2023-07-24 01:27:04,618] {processor.py:651} INFO - DAG(s) dict_keys(['example_branch_dop_operator_v3']) retrieved from /home/airflow/.local/lib/python3.7/site-packages/airflow/example_dags/example_branch_python_dop_operator_3.py
[2023-07-24 01:27:04,631] {logging_mixin.py:115} INFO - [2023-07-24 01:27:04,631] {dag.py:2420} INFO - Sync 1 DAGs
[2023-07-24 01:27:04,643] {logging_mixin.py:115} INFO - [2023-07-24 01:27:04,642] {dag.py:2972} INFO - Setting next_dagrun for example_branch_dop_operator_v3 to 2023-07-24T01:26:00+00:00, run_after=2023-07-24T01:27:00+00:00
[2023-07-24 01:27:04,652] {processor.py:161} INFO - Processing /home/airflow/.local/lib/python3.7/site-packages/airflow/example_dags/example_branch_python_dop_operator_3.py took 0.040 seconds
[2023-07-24 01:27:34,966] {processor.py:153} INFO - Started process (PID=953) to work on /home/airflow/.local/lib/python3.7/site-packages/airflow/example_dags/example_branch_python_dop_operator_3.py
[2023-07-24 01:27:34,967] {processor.py:641} INFO - Processing file /home/airflow/.local/lib/python3.7/site-packages/airflow/example_dags/example_branch_python_dop_operator_3.py for tasks to queue
[2023-07-24 01:27:34,967] {logging_mixin.py:115} INFO - [2023-07-24 01:27:34,967] {dagbag.py:508} INFO - Filling up the DagBag from /home/airflow/.local/lib/python3.7/site-packages/airflow/example_dags/example_branch_python_dop_operator_3.py
[2023-07-24 01:27:34,971] {processor.py:651} INFO - DAG(s) dict_keys(['example_branch_dop_operator_v3']) retrieved from /home/airflow/.local/lib/python3.7/site-packages/airflow/example_dags/example_branch_python_dop_operator_3.py
[2023-07-24 01:27:34,983] {logging_mixin.py:115} INFO - [2023-07-24 01:27:34,983] {dag.py:2420} INFO - Sync 1 DAGs
[2023-07-24 01:27:34,995] {logging_mixin.py:115} INFO - [2023-07-24 01:27:34,995] {dag.py:2972} INFO - Setting next_dagrun for example_branch_dop_operator_v3 to 2023-07-24T01:26:00+00:00, run_after=2023-07-24T01:27:00+00:00
[2023-07-24 01:27:35,004] {processor.py:161} INFO - Processing /home/airflow/.local/lib/python3.7/site-packages/airflow/example_dags/example_branch_python_dop_operator_3.py took 0.039 seconds
[2023-07-24 01:28:05,459] {processor.py:153} INFO - Started process (PID=1014) to work on /home/airflow/.local/lib/python3.7/site-packages/airflow/example_dags/example_branch_python_dop_operator_3.py
[2023-07-24 01:28:05,460] {processor.py:641} INFO - Processing file /home/airflow/.local/lib/python3.7/site-packages/airflow/example_dags/example_branch_python_dop_operator_3.py for tasks to queue
[2023-07-24 01:28:05,460] {logging_mixin.py:115} INFO - [2023-07-24 01:28:05,460] {dagbag.py:508} INFO - Filling up the DagBag from /home/airflow/.local/lib/python3.7/site-packages/airflow/example_dags/example_branch_python_dop_operator_3.py
[2023-07-24 01:28:05,464] {processor.py:651} INFO - DAG(s) dict_keys(['example_branch_dop_operator_v3']) retrieved from /home/airflow/.local/lib/python3.7/site-packages/airflow/example_dags/example_branch_python_dop_operator_3.py
[2023-07-24 01:28:05,477] {logging_mixin.py:115} INFO - [2023-07-24 01:28:05,477] {dag.py:2420} INFO - Sync 1 DAGs
[2023-07-24 01:28:05,492] {logging_mixin.py:115} INFO - [2023-07-24 01:28:05,492] {dag.py:2972} INFO - Setting next_dagrun for example_branch_dop_operator_v3 to 2023-07-24T01:27:00+00:00, run_after=2023-07-24T01:28:00+00:00
[2023-07-24 01:28:05,505] {processor.py:161} INFO - Processing /home/airflow/.local/lib/python3.7/site-packages/airflow/example_dags/example_branch_python_dop_operator_3.py took 0.047 seconds
[2023-07-24 01:28:35,782] {processor.py:153} INFO - Started process (PID=1075) to work on /home/airflow/.local/lib/python3.7/site-packages/airflow/example_dags/example_branch_python_dop_operator_3.py
[2023-07-24 01:28:35,782] {processor.py:641} INFO - Processing file /home/airflow/.local/lib/python3.7/site-packages/airflow/example_dags/example_branch_python_dop_operator_3.py for tasks to queue
[2023-07-24 01:28:35,783] {logging_mixin.py:115} INFO - [2023-07-24 01:28:35,783] {dagbag.py:508} INFO - Filling up the DagBag from /home/airflow/.local/lib/python3.7/site-packages/airflow/example_dags/example_branch_python_dop_operator_3.py
[2023-07-24 01:28:35,788] {processor.py:651} INFO - DAG(s) dict_keys(['example_branch_dop_operator_v3']) retrieved from /home/airflow/.local/lib/python3.7/site-packages/airflow/example_dags/example_branch_python_dop_operator_3.py
[2023-07-24 01:28:35,847] {logging_mixin.py:115} INFO - [2023-07-24 01:28:35,847] {dag.py:2420} INFO - Sync 1 DAGs
[2023-07-24 01:28:35,861] {logging_mixin.py:115} INFO - [2023-07-24 01:28:35,861] {dag.py:2972} INFO - Setting next_dagrun for example_branch_dop_operator_v3 to 2023-07-24T01:27:00+00:00, run_after=2023-07-24T01:28:00+00:00
[2023-07-24 01:28:35,870] {processor.py:161} INFO - Processing /home/airflow/.local/lib/python3.7/site-packages/airflow/example_dags/example_branch_python_dop_operator_3.py took 0.089 seconds
[2023-07-24 01:29:06,341] {processor.py:153} INFO - Started process (PID=1127) to work on /home/airflow/.local/lib/python3.7/site-packages/airflow/example_dags/example_branch_python_dop_operator_3.py
[2023-07-24 01:29:06,342] {processor.py:641} INFO - Processing file /home/airflow/.local/lib/python3.7/site-packages/airflow/example_dags/example_branch_python_dop_operator_3.py for tasks to queue
[2023-07-24 01:29:06,342] {logging_mixin.py:115} INFO - [2023-07-24 01:29:06,342] {dagbag.py:508} INFO - Filling up the DagBag from /home/airflow/.local/lib/python3.7/site-packages/airflow/example_dags/example_branch_python_dop_operator_3.py
[2023-07-24 01:29:06,346] {processor.py:651} INFO - DAG(s) dict_keys(['example_branch_dop_operator_v3']) retrieved from /home/airflow/.local/lib/python3.7/site-packages/airflow/example_dags/example_branch_python_dop_operator_3.py
[2023-07-24 01:29:06,360] {logging_mixin.py:115} INFO - [2023-07-24 01:29:06,360] {dag.py:2420} INFO - Sync 1 DAGs
[2023-07-24 01:29:06,373] {logging_mixin.py:115} INFO - [2023-07-24 01:29:06,373] {dag.py:2972} INFO - Setting next_dagrun for example_branch_dop_operator_v3 to 2023-07-24T01:28:00+00:00, run_after=2023-07-24T01:29:00+00:00
[2023-07-24 01:29:06,383] {processor.py:161} INFO - Processing /home/airflow/.local/lib/python3.7/site-packages/airflow/example_dags/example_branch_python_dop_operator_3.py took 0.044 seconds
[2023-07-24 01:29:37,035] {processor.py:153} INFO - Started process (PID=1188) to work on /home/airflow/.local/lib/python3.7/site-packages/airflow/example_dags/example_branch_python_dop_operator_3.py
[2023-07-24 01:29:37,035] {processor.py:641} INFO - Processing file /home/airflow/.local/lib/python3.7/site-packages/airflow/example_dags/example_branch_python_dop_operator_3.py for tasks to queue
[2023-07-24 01:29:37,035] {logging_mixin.py:115} INFO - [2023-07-24 01:29:37,035] {dagbag.py:508} INFO - Filling up the DagBag from /home/airflow/.local/lib/python3.7/site-packages/airflow/example_dags/example_branch_python_dop_operator_3.py
[2023-07-24 01:29:37,040] {processor.py:651} INFO - DAG(s) dict_keys(['example_branch_dop_operator_v3']) retrieved from /home/airflow/.local/lib/python3.7/site-packages/airflow/example_dags/example_branch_python_dop_operator_3.py
[2023-07-24 01:29:37,054] {logging_mixin.py:115} INFO - [2023-07-24 01:29:37,054] {dag.py:2420} INFO - Sync 1 DAGs
[2023-07-24 01:29:37,068] {logging_mixin.py:115} INFO - [2023-07-24 01:29:37,068] {dag.py:2972} INFO - Setting next_dagrun for example_branch_dop_operator_v3 to 2023-07-24T01:28:00+00:00, run_after=2023-07-24T01:29:00+00:00
[2023-07-24 01:29:37,078] {processor.py:161} INFO - Processing /home/airflow/.local/lib/python3.7/site-packages/airflow/example_dags/example_branch_python_dop_operator_3.py took 0.045 seconds
[2023-07-24 01:30:07,404] {processor.py:153} INFO - Started process (PID=1249) to work on /home/airflow/.local/lib/python3.7/site-packages/airflow/example_dags/example_branch_python_dop_operator_3.py
[2023-07-24 01:30:07,404] {processor.py:641} INFO - Processing file /home/airflow/.local/lib/python3.7/site-packages/airflow/example_dags/example_branch_python_dop_operator_3.py for tasks to queue
[2023-07-24 01:30:07,405] {logging_mixin.py:115} INFO - [2023-07-24 01:30:07,405] {dagbag.py:508} INFO - Filling up the DagBag from /home/airflow/.local/lib/python3.7/site-packages/airflow/example_dags/example_branch_python_dop_operator_3.py
[2023-07-24 01:30:07,409] {processor.py:651} INFO - DAG(s) dict_keys(['example_branch_dop_operator_v3']) retrieved from /home/airflow/.local/lib/python3.7/site-packages/airflow/example_dags/example_branch_python_dop_operator_3.py
[2023-07-24 01:30:07,422] {logging_mixin.py:115} INFO - [2023-07-24 01:30:07,422] {dag.py:2420} INFO - Sync 1 DAGs
[2023-07-24 01:30:07,434] {logging_mixin.py:115} INFO - [2023-07-24 01:30:07,434] {dag.py:2972} INFO - Setting next_dagrun for example_branch_dop_operator_v3 to 2023-07-24T01:29:00+00:00, run_after=2023-07-24T01:30:00+00:00
[2023-07-24 01:30:07,444] {processor.py:161} INFO - Processing /home/airflow/.local/lib/python3.7/site-packages/airflow/example_dags/example_branch_python_dop_operator_3.py took 0.041 seconds
[2023-07-24 01:30:37,869] {processor.py:153} INFO - Started process (PID=1310) to work on /home/airflow/.local/lib/python3.7/site-packages/airflow/example_dags/example_branch_python_dop_operator_3.py
[2023-07-24 01:30:37,869] {processor.py:641} INFO - Processing file /home/airflow/.local/lib/python3.7/site-packages/airflow/example_dags/example_branch_python_dop_operator_3.py for tasks to queue
[2023-07-24 01:30:37,869] {logging_mixin.py:115} INFO - [2023-07-24 01:30:37,869] {dagbag.py:508} INFO - Filling up the DagBag from /home/airflow/.local/lib/python3.7/site-packages/airflow/example_dags/example_branch_python_dop_operator_3.py
[2023-07-24 01:30:37,874] {processor.py:651} INFO - DAG(s) dict_keys(['example_branch_dop_operator_v3']) retrieved from /home/airflow/.local/lib/python3.7/site-packages/airflow/example_dags/example_branch_python_dop_operator_3.py
[2023-07-24 01:30:37,886] {logging_mixin.py:115} INFO - [2023-07-24 01:30:37,886] {dag.py:2420} INFO - Sync 1 DAGs
[2023-07-24 01:30:37,898] {logging_mixin.py:115} INFO - [2023-07-24 01:30:37,898] {dag.py:2972} INFO - Setting next_dagrun for example_branch_dop_operator_v3 to 2023-07-24T01:29:00+00:00, run_after=2023-07-24T01:30:00+00:00
[2023-07-24 01:30:37,907] {processor.py:161} INFO - Processing /home/airflow/.local/lib/python3.7/site-packages/airflow/example_dags/example_branch_python_dop_operator_3.py took 0.039 seconds
[2023-07-24 01:31:08,312] {processor.py:153} INFO - Started process (PID=1370) to work on /home/airflow/.local/lib/python3.7/site-packages/airflow/example_dags/example_branch_python_dop_operator_3.py
[2023-07-24 01:31:08,312] {processor.py:641} INFO - Processing file /home/airflow/.local/lib/python3.7/site-packages/airflow/example_dags/example_branch_python_dop_operator_3.py for tasks to queue
[2023-07-24 01:31:08,312] {logging_mixin.py:115} INFO - [2023-07-24 01:31:08,312] {dagbag.py:508} INFO - Filling up the DagBag from /home/airflow/.local/lib/python3.7/site-packages/airflow/example_dags/example_branch_python_dop_operator_3.py
[2023-07-24 01:31:08,317] {processor.py:651} INFO - DAG(s) dict_keys(['example_branch_dop_operator_v3']) retrieved from /home/airflow/.local/lib/python3.7/site-packages/airflow/example_dags/example_branch_python_dop_operator_3.py
[2023-07-24 01:31:08,330] {logging_mixin.py:115} INFO - [2023-07-24 01:31:08,330] {dag.py:2420} INFO - Sync 1 DAGs
[2023-07-24 01:31:08,343] {logging_mixin.py:115} INFO - [2023-07-24 01:31:08,343] {dag.py:2972} INFO - Setting next_dagrun for example_branch_dop_operator_v3 to 2023-07-24T01:30:00+00:00, run_after=2023-07-24T01:31:00+00:00
[2023-07-24 01:31:08,352] {processor.py:161} INFO - Processing /home/airflow/.local/lib/python3.7/site-packages/airflow/example_dags/example_branch_python_dop_operator_3.py took 0.042 seconds
[2023-07-24 01:31:38,681] {processor.py:153} INFO - Started process (PID=1421) to work on /home/airflow/.local/lib/python3.7/site-packages/airflow/example_dags/example_branch_python_dop_operator_3.py
[2023-07-24 01:31:38,681] {processor.py:641} INFO - Processing file /home/airflow/.local/lib/python3.7/site-packages/airflow/example_dags/example_branch_python_dop_operator_3.py for tasks to queue
[2023-07-24 01:31:38,681] {logging_mixin.py:115} INFO - [2023-07-24 01:31:38,681] {dagbag.py:508} INFO - Filling up the DagBag from /home/airflow/.local/lib/python3.7/site-packages/airflow/example_dags/example_branch_python_dop_operator_3.py
[2023-07-24 01:31:38,686] {processor.py:651} INFO - DAG(s) dict_keys(['example_branch_dop_operator_v3']) retrieved from /home/airflow/.local/lib/python3.7/site-packages/airflow/example_dags/example_branch_python_dop_operator_3.py
[2023-07-24 01:31:38,698] {logging_mixin.py:115} INFO - [2023-07-24 01:31:38,698] {dag.py:2420} INFO - Sync 1 DAGs
[2023-07-24 01:31:38,710] {logging_mixin.py:115} INFO - [2023-07-24 01:31:38,710] {dag.py:2972} INFO - Setting next_dagrun for example_branch_dop_operator_v3 to 2023-07-24T01:30:00+00:00, run_after=2023-07-24T01:31:00+00:00
[2023-07-24 01:31:38,720] {processor.py:161} INFO - Processing /home/airflow/.local/lib/python3.7/site-packages/airflow/example_dags/example_branch_python_dop_operator_3.py took 0.040 seconds
[2023-07-24 01:32:08,966] {processor.py:153} INFO - Started process (PID=1482) to work on /home/airflow/.local/lib/python3.7/site-packages/airflow/example_dags/example_branch_python_dop_operator_3.py
[2023-07-24 01:32:08,968] {processor.py:641} INFO - Processing file /home/airflow/.local/lib/python3.7/site-packages/airflow/example_dags/example_branch_python_dop_operator_3.py for tasks to queue
[2023-07-24 01:32:08,968] {logging_mixin.py:115} INFO - [2023-07-24 01:32:08,968] {dagbag.py:508} INFO - Filling up the DagBag from /home/airflow/.local/lib/python3.7/site-packages/airflow/example_dags/example_branch_python_dop_operator_3.py
[2023-07-24 01:32:08,973] {processor.py:651} INFO - DAG(s) dict_keys(['example_branch_dop_operator_v3']) retrieved from /home/airflow/.local/lib/python3.7/site-packages/airflow/example_dags/example_branch_python_dop_operator_3.py
[2023-07-24 01:32:08,986] {logging_mixin.py:115} INFO - [2023-07-24 01:32:08,986] {dag.py:2420} INFO - Sync 1 DAGs
[2023-07-24 01:32:08,998] {logging_mixin.py:115} INFO - [2023-07-24 01:32:08,998] {dag.py:2972} INFO - Setting next_dagrun for example_branch_dop_operator_v3 to 2023-07-24T01:31:00+00:00, run_after=2023-07-24T01:32:00+00:00
[2023-07-24 01:32:09,007] {processor.py:161} INFO - Processing /home/airflow/.local/lib/python3.7/site-packages/airflow/example_dags/example_branch_python_dop_operator_3.py took 0.043 seconds
[2023-07-24 01:32:39,358] {processor.py:153} INFO - Started process (PID=1542) to work on /home/airflow/.local/lib/python3.7/site-packages/airflow/example_dags/example_branch_python_dop_operator_3.py
[2023-07-24 01:32:39,358] {processor.py:641} INFO - Processing file /home/airflow/.local/lib/python3.7/site-packages/airflow/example_dags/example_branch_python_dop_operator_3.py for tasks to queue
[2023-07-24 01:32:39,359] {logging_mixin.py:115} INFO - [2023-07-24 01:32:39,359] {dagbag.py:508} INFO - Filling up the DagBag from /home/airflow/.local/lib/python3.7/site-packages/airflow/example_dags/example_branch_python_dop_operator_3.py
[2023-07-24 01:32:39,363] {processor.py:651} INFO - DAG(s) dict_keys(['example_branch_dop_operator_v3']) retrieved from /home/airflow/.local/lib/python3.7/site-packages/airflow/example_dags/example_branch_python_dop_operator_3.py
[2023-07-24 01:32:39,376] {logging_mixin.py:115} INFO - [2023-07-24 01:32:39,376] {dag.py:2420} INFO - Sync 1 DAGs
[2023-07-24 01:32:39,389] {logging_mixin.py:115} INFO - [2023-07-24 01:32:39,389] {dag.py:2972} INFO - Setting next_dagrun for example_branch_dop_operator_v3 to 2023-07-24T01:31:00+00:00, run_after=2023-07-24T01:32:00+00:00
[2023-07-24 01:32:39,399] {processor.py:161} INFO - Processing /home/airflow/.local/lib/python3.7/site-packages/airflow/example_dags/example_branch_python_dop_operator_3.py took 0.042 seconds
[2023-07-24 01:33:09,775] {processor.py:153} INFO - Started process (PID=1603) to work on /home/airflow/.local/lib/python3.7/site-packages/airflow/example_dags/example_branch_python_dop_operator_3.py
[2023-07-24 01:33:09,776] {processor.py:641} INFO - Processing file /home/airflow/.local/lib/python3.7/site-packages/airflow/example_dags/example_branch_python_dop_operator_3.py for tasks to queue
[2023-07-24 01:33:09,777] {logging_mixin.py:115} INFO - [2023-07-24 01:33:09,776] {dagbag.py:508} INFO - Filling up the DagBag from /home/airflow/.local/lib/python3.7/site-packages/airflow/example_dags/example_branch_python_dop_operator_3.py
[2023-07-24 01:33:09,781] {processor.py:651} INFO - DAG(s) dict_keys(['example_branch_dop_operator_v3']) retrieved from /home/airflow/.local/lib/python3.7/site-packages/airflow/example_dags/example_branch_python_dop_operator_3.py
[2023-07-24 01:33:09,795] {logging_mixin.py:115} INFO - [2023-07-24 01:33:09,795] {dag.py:2420} INFO - Sync 1 DAGs
[2023-07-24 01:33:09,808] {logging_mixin.py:115} INFO - [2023-07-24 01:33:09,808] {dag.py:2972} INFO - Setting next_dagrun for example_branch_dop_operator_v3 to 2023-07-24T01:32:00+00:00, run_after=2023-07-24T01:33:00+00:00
[2023-07-24 01:33:09,820] {processor.py:161} INFO - Processing /home/airflow/.local/lib/python3.7/site-packages/airflow/example_dags/example_branch_python_dop_operator_3.py took 0.046 seconds
[2023-07-24 01:33:40,118] {processor.py:153} INFO - Started process (PID=1654) to work on /home/airflow/.local/lib/python3.7/site-packages/airflow/example_dags/example_branch_python_dop_operator_3.py
[2023-07-24 01:33:40,118] {processor.py:641} INFO - Processing file /home/airflow/.local/lib/python3.7/site-packages/airflow/example_dags/example_branch_python_dop_operator_3.py for tasks to queue
[2023-07-24 01:33:40,118] {logging_mixin.py:115} INFO - [2023-07-24 01:33:40,118] {dagbag.py:508} INFO - Filling up the DagBag from /home/airflow/.local/lib/python3.7/site-packages/airflow/example_dags/example_branch_python_dop_operator_3.py
[2023-07-24 01:33:40,123] {processor.py:651} INFO - DAG(s) dict_keys(['example_branch_dop_operator_v3']) retrieved from /home/airflow/.local/lib/python3.7/site-packages/airflow/example_dags/example_branch_python_dop_operator_3.py
[2023-07-24 01:33:40,135] {logging_mixin.py:115} INFO - [2023-07-24 01:33:40,135] {dag.py:2420} INFO - Sync 1 DAGs
[2023-07-24 01:33:40,149] {logging_mixin.py:115} INFO - [2023-07-24 01:33:40,149] {dag.py:2972} INFO - Setting next_dagrun for example_branch_dop_operator_v3 to 2023-07-24T01:32:00+00:00, run_after=2023-07-24T01:33:00+00:00
[2023-07-24 01:33:40,159] {processor.py:161} INFO - Processing /home/airflow/.local/lib/python3.7/site-packages/airflow/example_dags/example_branch_python_dop_operator_3.py took 0.043 seconds
[2023-07-24 01:34:10,520] {processor.py:153} INFO - Started process (PID=1714) to work on /home/airflow/.local/lib/python3.7/site-packages/airflow/example_dags/example_branch_python_dop_operator_3.py
[2023-07-24 01:34:10,521] {processor.py:641} INFO - Processing file /home/airflow/.local/lib/python3.7/site-packages/airflow/example_dags/example_branch_python_dop_operator_3.py for tasks to queue
[2023-07-24 01:34:10,521] {logging_mixin.py:115} INFO - [2023-07-24 01:34:10,521] {dagbag.py:508} INFO - Filling up the DagBag from /home/airflow/.local/lib/python3.7/site-packages/airflow/example_dags/example_branch_python_dop_operator_3.py
[2023-07-24 01:34:10,526] {processor.py:651} INFO - DAG(s) dict_keys(['example_branch_dop_operator_v3']) retrieved from /home/airflow/.local/lib/python3.7/site-packages/airflow/example_dags/example_branch_python_dop_operator_3.py
[2023-07-24 01:34:10,539] {logging_mixin.py:115} INFO - [2023-07-24 01:34:10,539] {dag.py:2420} INFO - Sync 1 DAGs
[2023-07-24 01:34:10,552] {logging_mixin.py:115} INFO - [2023-07-24 01:34:10,552] {dag.py:2972} INFO - Setting next_dagrun for example_branch_dop_operator_v3 to 2023-07-24T01:33:00+00:00, run_after=2023-07-24T01:34:00+00:00
[2023-07-24 01:34:10,561] {processor.py:161} INFO - Processing /home/airflow/.local/lib/python3.7/site-packages/airflow/example_dags/example_branch_python_dop_operator_3.py took 0.042 seconds
[2023-07-24 01:34:40,901] {processor.py:153} INFO - Started process (PID=1774) to work on /home/airflow/.local/lib/python3.7/site-packages/airflow/example_dags/example_branch_python_dop_operator_3.py
[2023-07-24 01:34:40,901] {processor.py:641} INFO - Processing file /home/airflow/.local/lib/python3.7/site-packages/airflow/example_dags/example_branch_python_dop_operator_3.py for tasks to queue
[2023-07-24 01:34:40,901] {logging_mixin.py:115} INFO - [2023-07-24 01:34:40,901] {dagbag.py:508} INFO - Filling up the DagBag from /home/airflow/.local/lib/python3.7/site-packages/airflow/example_dags/example_branch_python_dop_operator_3.py
[2023-07-24 01:34:40,906] {processor.py:651} INFO - DAG(s) dict_keys(['example_branch_dop_operator_v3']) retrieved from /home/airflow/.local/lib/python3.7/site-packages/airflow/example_dags/example_branch_python_dop_operator_3.py
[2023-07-24 01:34:40,917] {logging_mixin.py:115} INFO - [2023-07-24 01:34:40,917] {dag.py:2420} INFO - Sync 1 DAGs
[2023-07-24 01:34:40,929] {logging_mixin.py:115} INFO - [2023-07-24 01:34:40,929] {dag.py:2972} INFO - Setting next_dagrun for example_branch_dop_operator_v3 to 2023-07-24T01:33:00+00:00, run_after=2023-07-24T01:34:00+00:00
[2023-07-24 01:34:40,938] {processor.py:161} INFO - Processing /home/airflow/.local/lib/python3.7/site-packages/airflow/example_dags/example_branch_python_dop_operator_3.py took 0.039 seconds
