[2023-07-24 01:20:00,490] {processor.py:153} INFO - Started process (PID=61) to work on /home/airflow/.local/lib/python3.7/site-packages/airflow/example_dags/example_short_circuit_operator.py
[2023-07-24 01:20:00,490] {processor.py:641} INFO - Processing file /home/airflow/.local/lib/python3.7/site-packages/airflow/example_dags/example_short_circuit_operator.py for tasks to queue
[2023-07-24 01:20:00,491] {logging_mixin.py:115} INFO - [2023-07-24 01:20:00,491] {dagbag.py:508} INFO - Filling up the DagBag from /home/airflow/.local/lib/python3.7/site-packages/airflow/example_dags/example_short_circuit_operator.py
[2023-07-24 01:20:00,495] {processor.py:651} INFO - DAG(s) dict_keys(['example_short_circuit_operator']) retrieved from /home/airflow/.local/lib/python3.7/site-packages/airflow/example_dags/example_short_circuit_operator.py
[2023-07-24 01:20:00,625] {logging_mixin.py:115} INFO - [2023-07-24 01:20:00,625] {manager.py:508} INFO - Created Permission View: can edit on DAG:example_short_circuit_operator
[2023-07-24 01:20:00,633] {logging_mixin.py:115} INFO - [2023-07-24 01:20:00,633] {manager.py:508} INFO - Created Permission View: can read on DAG:example_short_circuit_operator
[2023-07-24 01:20:00,642] {logging_mixin.py:115} INFO - [2023-07-24 01:20:00,642] {manager.py:508} INFO - Created Permission View: can delete on DAG:example_short_circuit_operator
[2023-07-24 01:20:00,643] {logging_mixin.py:115} INFO - [2023-07-24 01:20:00,642] {dag.py:2420} INFO - Sync 1 DAGs
[2023-07-24 01:20:00,648] {logging_mixin.py:115} INFO - [2023-07-24 01:20:00,648] {dag.py:2439} INFO - Creating ORM DAG for example_short_circuit_operator
[2023-07-24 01:20:00,654] {logging_mixin.py:115} INFO - [2023-07-24 01:20:00,654] {dag.py:2972} INFO - Setting next_dagrun for example_short_circuit_operator to 2023-07-23T01:20:00.654633+00:00, run_after=2023-07-24T01:20:00.654633+00:00
[2023-07-24 01:20:00,666] {processor.py:161} INFO - Processing /home/airflow/.local/lib/python3.7/site-packages/airflow/example_dags/example_short_circuit_operator.py took 0.177 seconds
[2023-07-24 01:20:31,123] {processor.py:153} INFO - Started process (PID=121) to work on /home/airflow/.local/lib/python3.7/site-packages/airflow/example_dags/example_short_circuit_operator.py
[2023-07-24 01:20:31,124] {processor.py:641} INFO - Processing file /home/airflow/.local/lib/python3.7/site-packages/airflow/example_dags/example_short_circuit_operator.py for tasks to queue
[2023-07-24 01:20:31,125] {logging_mixin.py:115} INFO - [2023-07-24 01:20:31,124] {dagbag.py:508} INFO - Filling up the DagBag from /home/airflow/.local/lib/python3.7/site-packages/airflow/example_dags/example_short_circuit_operator.py
[2023-07-24 01:20:31,128] {processor.py:651} INFO - DAG(s) dict_keys(['example_short_circuit_operator']) retrieved from /home/airflow/.local/lib/python3.7/site-packages/airflow/example_dags/example_short_circuit_operator.py
[2023-07-24 01:20:31,142] {logging_mixin.py:115} INFO - [2023-07-24 01:20:31,142] {dag.py:2420} INFO - Sync 1 DAGs
[2023-07-24 01:20:31,151] {logging_mixin.py:115} INFO - [2023-07-24 01:20:31,151] {dag.py:2972} INFO - Setting next_dagrun for example_short_circuit_operator to 2023-07-23T01:20:31.151655+00:00, run_after=2023-07-24T01:20:31.151655+00:00
[2023-07-24 01:20:31,161] {processor.py:161} INFO - Processing /home/airflow/.local/lib/python3.7/site-packages/airflow/example_dags/example_short_circuit_operator.py took 0.039 seconds
[2023-07-24 01:21:01,344] {processor.py:153} INFO - Started process (PID=182) to work on /home/airflow/.local/lib/python3.7/site-packages/airflow/example_dags/example_short_circuit_operator.py
[2023-07-24 01:21:01,345] {processor.py:641} INFO - Processing file /home/airflow/.local/lib/python3.7/site-packages/airflow/example_dags/example_short_circuit_operator.py for tasks to queue
[2023-07-24 01:21:01,345] {logging_mixin.py:115} INFO - [2023-07-24 01:21:01,345] {dagbag.py:508} INFO - Filling up the DagBag from /home/airflow/.local/lib/python3.7/site-packages/airflow/example_dags/example_short_circuit_operator.py
[2023-07-24 01:21:01,349] {processor.py:651} INFO - DAG(s) dict_keys(['example_short_circuit_operator']) retrieved from /home/airflow/.local/lib/python3.7/site-packages/airflow/example_dags/example_short_circuit_operator.py
[2023-07-24 01:21:01,362] {logging_mixin.py:115} INFO - [2023-07-24 01:21:01,362] {dag.py:2420} INFO - Sync 1 DAGs
[2023-07-24 01:21:01,373] {logging_mixin.py:115} INFO - [2023-07-24 01:21:01,373] {dag.py:2972} INFO - Setting next_dagrun for example_short_circuit_operator to 2023-07-23T01:21:01.373157+00:00, run_after=2023-07-24T01:21:01.373157+00:00
[2023-07-24 01:21:01,382] {processor.py:161} INFO - Processing /home/airflow/.local/lib/python3.7/site-packages/airflow/example_dags/example_short_circuit_operator.py took 0.039 seconds
[2023-07-24 01:21:31,685] {processor.py:153} INFO - Started process (PID=242) to work on /home/airflow/.local/lib/python3.7/site-packages/airflow/example_dags/example_short_circuit_operator.py
[2023-07-24 01:21:31,686] {processor.py:641} INFO - Processing file /home/airflow/.local/lib/python3.7/site-packages/airflow/example_dags/example_short_circuit_operator.py for tasks to queue
[2023-07-24 01:21:31,686] {logging_mixin.py:115} INFO - [2023-07-24 01:21:31,686] {dagbag.py:508} INFO - Filling up the DagBag from /home/airflow/.local/lib/python3.7/site-packages/airflow/example_dags/example_short_circuit_operator.py
[2023-07-24 01:21:31,690] {processor.py:651} INFO - DAG(s) dict_keys(['example_short_circuit_operator']) retrieved from /home/airflow/.local/lib/python3.7/site-packages/airflow/example_dags/example_short_circuit_operator.py
[2023-07-24 01:21:31,704] {logging_mixin.py:115} INFO - [2023-07-24 01:21:31,704] {dag.py:2420} INFO - Sync 1 DAGs
[2023-07-24 01:21:31,715] {logging_mixin.py:115} INFO - [2023-07-24 01:21:31,715] {dag.py:2972} INFO - Setting next_dagrun for example_short_circuit_operator to 2023-07-23T01:21:31.715188+00:00, run_after=2023-07-24T01:21:31.715188+00:00
[2023-07-24 01:21:31,724] {processor.py:161} INFO - Processing /home/airflow/.local/lib/python3.7/site-packages/airflow/example_dags/example_short_circuit_operator.py took 0.040 seconds
[2023-07-24 01:22:01,880] {processor.py:153} INFO - Started process (PID=294) to work on /home/airflow/.local/lib/python3.7/site-packages/airflow/example_dags/example_short_circuit_operator.py
[2023-07-24 01:22:01,881] {processor.py:641} INFO - Processing file /home/airflow/.local/lib/python3.7/site-packages/airflow/example_dags/example_short_circuit_operator.py for tasks to queue
[2023-07-24 01:22:01,882] {logging_mixin.py:115} INFO - [2023-07-24 01:22:01,882] {dagbag.py:508} INFO - Filling up the DagBag from /home/airflow/.local/lib/python3.7/site-packages/airflow/example_dags/example_short_circuit_operator.py
[2023-07-24 01:22:01,885] {processor.py:651} INFO - DAG(s) dict_keys(['example_short_circuit_operator']) retrieved from /home/airflow/.local/lib/python3.7/site-packages/airflow/example_dags/example_short_circuit_operator.py
[2023-07-24 01:22:01,899] {logging_mixin.py:115} INFO - [2023-07-24 01:22:01,899] {dag.py:2420} INFO - Sync 1 DAGs
[2023-07-24 01:22:01,910] {logging_mixin.py:115} INFO - [2023-07-24 01:22:01,910] {dag.py:2972} INFO - Setting next_dagrun for example_short_circuit_operator to 2023-07-23T01:22:01.910126+00:00, run_after=2023-07-24T01:22:01.910126+00:00
[2023-07-24 01:22:01,920] {processor.py:161} INFO - Processing /home/airflow/.local/lib/python3.7/site-packages/airflow/example_dags/example_short_circuit_operator.py took 0.041 seconds
[2023-07-24 01:22:32,068] {processor.py:153} INFO - Started process (PID=355) to work on /home/airflow/.local/lib/python3.7/site-packages/airflow/example_dags/example_short_circuit_operator.py
[2023-07-24 01:22:32,069] {processor.py:641} INFO - Processing file /home/airflow/.local/lib/python3.7/site-packages/airflow/example_dags/example_short_circuit_operator.py for tasks to queue
[2023-07-24 01:22:32,070] {logging_mixin.py:115} INFO - [2023-07-24 01:22:32,070] {dagbag.py:508} INFO - Filling up the DagBag from /home/airflow/.local/lib/python3.7/site-packages/airflow/example_dags/example_short_circuit_operator.py
[2023-07-24 01:22:32,074] {processor.py:651} INFO - DAG(s) dict_keys(['example_short_circuit_operator']) retrieved from /home/airflow/.local/lib/python3.7/site-packages/airflow/example_dags/example_short_circuit_operator.py
[2023-07-24 01:22:32,087] {logging_mixin.py:115} INFO - [2023-07-24 01:22:32,087] {dag.py:2420} INFO - Sync 1 DAGs
[2023-07-24 01:22:32,098] {logging_mixin.py:115} INFO - [2023-07-24 01:22:32,098] {dag.py:2972} INFO - Setting next_dagrun for example_short_circuit_operator to 2023-07-23T01:22:32.098639+00:00, run_after=2023-07-24T01:22:32.098639+00:00
[2023-07-24 01:22:32,107] {processor.py:161} INFO - Processing /home/airflow/.local/lib/python3.7/site-packages/airflow/example_dags/example_short_circuit_operator.py took 0.040 seconds
[2023-07-24 01:23:02,313] {processor.py:153} INFO - Started process (PID=416) to work on /home/airflow/.local/lib/python3.7/site-packages/airflow/example_dags/example_short_circuit_operator.py
[2023-07-24 01:23:02,314] {processor.py:641} INFO - Processing file /home/airflow/.local/lib/python3.7/site-packages/airflow/example_dags/example_short_circuit_operator.py for tasks to queue
[2023-07-24 01:23:02,314] {logging_mixin.py:115} INFO - [2023-07-24 01:23:02,314] {dagbag.py:508} INFO - Filling up the DagBag from /home/airflow/.local/lib/python3.7/site-packages/airflow/example_dags/example_short_circuit_operator.py
[2023-07-24 01:23:02,318] {processor.py:651} INFO - DAG(s) dict_keys(['example_short_circuit_operator']) retrieved from /home/airflow/.local/lib/python3.7/site-packages/airflow/example_dags/example_short_circuit_operator.py
[2023-07-24 01:23:02,331] {logging_mixin.py:115} INFO - [2023-07-24 01:23:02,331] {dag.py:2420} INFO - Sync 1 DAGs
[2023-07-24 01:23:02,341] {logging_mixin.py:115} INFO - [2023-07-24 01:23:02,341] {dag.py:2972} INFO - Setting next_dagrun for example_short_circuit_operator to 2023-07-23T01:23:02.341637+00:00, run_after=2023-07-24T01:23:02.341637+00:00
[2023-07-24 01:23:02,350] {processor.py:161} INFO - Processing /home/airflow/.local/lib/python3.7/site-packages/airflow/example_dags/example_short_circuit_operator.py took 0.039 seconds
[2023-07-24 01:23:32,453] {processor.py:153} INFO - Started process (PID=477) to work on /home/airflow/.local/lib/python3.7/site-packages/airflow/example_dags/example_short_circuit_operator.py
[2023-07-24 01:23:32,454] {processor.py:641} INFO - Processing file /home/airflow/.local/lib/python3.7/site-packages/airflow/example_dags/example_short_circuit_operator.py for tasks to queue
[2023-07-24 01:23:32,454] {logging_mixin.py:115} INFO - [2023-07-24 01:23:32,454] {dagbag.py:508} INFO - Filling up the DagBag from /home/airflow/.local/lib/python3.7/site-packages/airflow/example_dags/example_short_circuit_operator.py
[2023-07-24 01:23:32,458] {processor.py:651} INFO - DAG(s) dict_keys(['example_short_circuit_operator']) retrieved from /home/airflow/.local/lib/python3.7/site-packages/airflow/example_dags/example_short_circuit_operator.py
[2023-07-24 01:23:32,471] {logging_mixin.py:115} INFO - [2023-07-24 01:23:32,471] {dag.py:2420} INFO - Sync 1 DAGs
[2023-07-24 01:23:32,481] {logging_mixin.py:115} INFO - [2023-07-24 01:23:32,481] {dag.py:2972} INFO - Setting next_dagrun for example_short_circuit_operator to 2023-07-23T01:23:32.481431+00:00, run_after=2023-07-24T01:23:32.481431+00:00
[2023-07-24 01:23:32,490] {processor.py:161} INFO - Processing /home/airflow/.local/lib/python3.7/site-packages/airflow/example_dags/example_short_circuit_operator.py took 0.038 seconds
[2023-07-24 01:24:02,682] {processor.py:153} INFO - Started process (PID=538) to work on /home/airflow/.local/lib/python3.7/site-packages/airflow/example_dags/example_short_circuit_operator.py
[2023-07-24 01:24:02,683] {processor.py:641} INFO - Processing file /home/airflow/.local/lib/python3.7/site-packages/airflow/example_dags/example_short_circuit_operator.py for tasks to queue
[2023-07-24 01:24:02,683] {logging_mixin.py:115} INFO - [2023-07-24 01:24:02,683] {dagbag.py:508} INFO - Filling up the DagBag from /home/airflow/.local/lib/python3.7/site-packages/airflow/example_dags/example_short_circuit_operator.py
[2023-07-24 01:24:02,687] {processor.py:651} INFO - DAG(s) dict_keys(['example_short_circuit_operator']) retrieved from /home/airflow/.local/lib/python3.7/site-packages/airflow/example_dags/example_short_circuit_operator.py
[2023-07-24 01:24:02,701] {logging_mixin.py:115} INFO - [2023-07-24 01:24:02,701] {dag.py:2420} INFO - Sync 1 DAGs
[2023-07-24 01:24:02,712] {logging_mixin.py:115} INFO - [2023-07-24 01:24:02,711] {dag.py:2972} INFO - Setting next_dagrun for example_short_circuit_operator to 2023-07-23T01:24:02.711838+00:00, run_after=2023-07-24T01:24:02.711838+00:00
[2023-07-24 01:24:02,719] {processor.py:161} INFO - Processing /home/airflow/.local/lib/python3.7/site-packages/airflow/example_dags/example_short_circuit_operator.py took 0.039 seconds
[2023-07-24 01:24:32,798] {processor.py:153} INFO - Started process (PID=599) to work on /home/airflow/.local/lib/python3.7/site-packages/airflow/example_dags/example_short_circuit_operator.py
[2023-07-24 01:24:32,798] {processor.py:641} INFO - Processing file /home/airflow/.local/lib/python3.7/site-packages/airflow/example_dags/example_short_circuit_operator.py for tasks to queue
[2023-07-24 01:24:32,799] {logging_mixin.py:115} INFO - [2023-07-24 01:24:32,799] {dagbag.py:508} INFO - Filling up the DagBag from /home/airflow/.local/lib/python3.7/site-packages/airflow/example_dags/example_short_circuit_operator.py
[2023-07-24 01:24:32,803] {processor.py:651} INFO - DAG(s) dict_keys(['example_short_circuit_operator']) retrieved from /home/airflow/.local/lib/python3.7/site-packages/airflow/example_dags/example_short_circuit_operator.py
[2023-07-24 01:24:32,817] {logging_mixin.py:115} INFO - [2023-07-24 01:24:32,817] {dag.py:2420} INFO - Sync 1 DAGs
[2023-07-24 01:24:32,829] {logging_mixin.py:115} INFO - [2023-07-24 01:24:32,828] {dag.py:2972} INFO - Setting next_dagrun for example_short_circuit_operator to 2023-07-23T01:24:32.828815+00:00, run_after=2023-07-24T01:24:32.828815+00:00
[2023-07-24 01:24:32,838] {processor.py:161} INFO - Processing /home/airflow/.local/lib/python3.7/site-packages/airflow/example_dags/example_short_circuit_operator.py took 0.042 seconds
[2023-07-24 01:25:03,098] {processor.py:153} INFO - Started process (PID=651) to work on /home/airflow/.local/lib/python3.7/site-packages/airflow/example_dags/example_short_circuit_operator.py
[2023-07-24 01:25:03,098] {processor.py:641} INFO - Processing file /home/airflow/.local/lib/python3.7/site-packages/airflow/example_dags/example_short_circuit_operator.py for tasks to queue
[2023-07-24 01:25:03,099] {logging_mixin.py:115} INFO - [2023-07-24 01:25:03,099] {dagbag.py:508} INFO - Filling up the DagBag from /home/airflow/.local/lib/python3.7/site-packages/airflow/example_dags/example_short_circuit_operator.py
[2023-07-24 01:25:03,102] {processor.py:651} INFO - DAG(s) dict_keys(['example_short_circuit_operator']) retrieved from /home/airflow/.local/lib/python3.7/site-packages/airflow/example_dags/example_short_circuit_operator.py
[2023-07-24 01:25:03,115] {logging_mixin.py:115} INFO - [2023-07-24 01:25:03,115] {dag.py:2420} INFO - Sync 1 DAGs
[2023-07-24 01:25:03,125] {logging_mixin.py:115} INFO - [2023-07-24 01:25:03,125] {dag.py:2972} INFO - Setting next_dagrun for example_short_circuit_operator to 2023-07-23T01:25:03.125596+00:00, run_after=2023-07-24T01:25:03.125596+00:00
[2023-07-24 01:25:03,135] {processor.py:161} INFO - Processing /home/airflow/.local/lib/python3.7/site-packages/airflow/example_dags/example_short_circuit_operator.py took 0.039 seconds
[2023-07-24 01:25:33,422] {processor.py:153} INFO - Started process (PID=712) to work on /home/airflow/.local/lib/python3.7/site-packages/airflow/example_dags/example_short_circuit_operator.py
[2023-07-24 01:25:33,423] {processor.py:641} INFO - Processing file /home/airflow/.local/lib/python3.7/site-packages/airflow/example_dags/example_short_circuit_operator.py for tasks to queue
[2023-07-24 01:25:33,423] {logging_mixin.py:115} INFO - [2023-07-24 01:25:33,423] {dagbag.py:508} INFO - Filling up the DagBag from /home/airflow/.local/lib/python3.7/site-packages/airflow/example_dags/example_short_circuit_operator.py
[2023-07-24 01:25:33,427] {processor.py:651} INFO - DAG(s) dict_keys(['example_short_circuit_operator']) retrieved from /home/airflow/.local/lib/python3.7/site-packages/airflow/example_dags/example_short_circuit_operator.py
[2023-07-24 01:25:33,440] {logging_mixin.py:115} INFO - [2023-07-24 01:25:33,440] {dag.py:2420} INFO - Sync 1 DAGs
[2023-07-24 01:25:33,451] {logging_mixin.py:115} INFO - [2023-07-24 01:25:33,451] {dag.py:2972} INFO - Setting next_dagrun for example_short_circuit_operator to 2023-07-23T01:25:33.451686+00:00, run_after=2023-07-24T01:25:33.451686+00:00
[2023-07-24 01:25:33,461] {processor.py:161} INFO - Processing /home/airflow/.local/lib/python3.7/site-packages/airflow/example_dags/example_short_circuit_operator.py took 0.040 seconds
[2023-07-24 01:26:03,796] {processor.py:153} INFO - Started process (PID=772) to work on /home/airflow/.local/lib/python3.7/site-packages/airflow/example_dags/example_short_circuit_operator.py
[2023-07-24 01:26:03,797] {processor.py:641} INFO - Processing file /home/airflow/.local/lib/python3.7/site-packages/airflow/example_dags/example_short_circuit_operator.py for tasks to queue
[2023-07-24 01:26:03,797] {logging_mixin.py:115} INFO - [2023-07-24 01:26:03,797] {dagbag.py:508} INFO - Filling up the DagBag from /home/airflow/.local/lib/python3.7/site-packages/airflow/example_dags/example_short_circuit_operator.py
[2023-07-24 01:26:03,802] {processor.py:651} INFO - DAG(s) dict_keys(['example_short_circuit_operator']) retrieved from /home/airflow/.local/lib/python3.7/site-packages/airflow/example_dags/example_short_circuit_operator.py
[2023-07-24 01:26:03,816] {logging_mixin.py:115} INFO - [2023-07-24 01:26:03,816] {dag.py:2420} INFO - Sync 1 DAGs
[2023-07-24 01:26:03,827] {logging_mixin.py:115} INFO - [2023-07-24 01:26:03,827] {dag.py:2972} INFO - Setting next_dagrun for example_short_circuit_operator to 2023-07-23T01:26:03.827378+00:00, run_after=2023-07-24T01:26:03.827378+00:00
[2023-07-24 01:26:03,837] {processor.py:161} INFO - Processing /home/airflow/.local/lib/python3.7/site-packages/airflow/example_dags/example_short_circuit_operator.py took 0.043 seconds
[2023-07-24 01:26:34,083] {processor.py:153} INFO - Started process (PID=834) to work on /home/airflow/.local/lib/python3.7/site-packages/airflow/example_dags/example_short_circuit_operator.py
[2023-07-24 01:26:34,084] {processor.py:641} INFO - Processing file /home/airflow/.local/lib/python3.7/site-packages/airflow/example_dags/example_short_circuit_operator.py for tasks to queue
[2023-07-24 01:26:34,085] {logging_mixin.py:115} INFO - [2023-07-24 01:26:34,084] {dagbag.py:508} INFO - Filling up the DagBag from /home/airflow/.local/lib/python3.7/site-packages/airflow/example_dags/example_short_circuit_operator.py
[2023-07-24 01:26:34,089] {processor.py:651} INFO - DAG(s) dict_keys(['example_short_circuit_operator']) retrieved from /home/airflow/.local/lib/python3.7/site-packages/airflow/example_dags/example_short_circuit_operator.py
[2023-07-24 01:26:34,102] {logging_mixin.py:115} INFO - [2023-07-24 01:26:34,102] {dag.py:2420} INFO - Sync 1 DAGs
[2023-07-24 01:26:34,113] {logging_mixin.py:115} INFO - [2023-07-24 01:26:34,112] {dag.py:2972} INFO - Setting next_dagrun for example_short_circuit_operator to 2023-07-23T01:26:34.112835+00:00, run_after=2023-07-24T01:26:34.112835+00:00
[2023-07-24 01:26:34,123] {processor.py:161} INFO - Processing /home/airflow/.local/lib/python3.7/site-packages/airflow/example_dags/example_short_circuit_operator.py took 0.041 seconds
[2023-07-24 01:27:04,407] {processor.py:153} INFO - Started process (PID=885) to work on /home/airflow/.local/lib/python3.7/site-packages/airflow/example_dags/example_short_circuit_operator.py
[2023-07-24 01:27:04,407] {processor.py:641} INFO - Processing file /home/airflow/.local/lib/python3.7/site-packages/airflow/example_dags/example_short_circuit_operator.py for tasks to queue
[2023-07-24 01:27:04,407] {logging_mixin.py:115} INFO - [2023-07-24 01:27:04,407] {dagbag.py:508} INFO - Filling up the DagBag from /home/airflow/.local/lib/python3.7/site-packages/airflow/example_dags/example_short_circuit_operator.py
[2023-07-24 01:27:04,411] {processor.py:651} INFO - DAG(s) dict_keys(['example_short_circuit_operator']) retrieved from /home/airflow/.local/lib/python3.7/site-packages/airflow/example_dags/example_short_circuit_operator.py
[2023-07-24 01:27:04,424] {logging_mixin.py:115} INFO - [2023-07-24 01:27:04,424] {dag.py:2420} INFO - Sync 1 DAGs
[2023-07-24 01:27:04,436] {logging_mixin.py:115} INFO - [2023-07-24 01:27:04,436] {dag.py:2972} INFO - Setting next_dagrun for example_short_circuit_operator to 2023-07-23T01:27:04.436028+00:00, run_after=2023-07-24T01:27:04.436028+00:00
[2023-07-24 01:27:04,444] {processor.py:161} INFO - Processing /home/airflow/.local/lib/python3.7/site-packages/airflow/example_dags/example_short_circuit_operator.py took 0.039 seconds
[2023-07-24 01:27:34,753] {processor.py:153} INFO - Started process (PID=946) to work on /home/airflow/.local/lib/python3.7/site-packages/airflow/example_dags/example_short_circuit_operator.py
[2023-07-24 01:27:34,755] {processor.py:641} INFO - Processing file /home/airflow/.local/lib/python3.7/site-packages/airflow/example_dags/example_short_circuit_operator.py for tasks to queue
[2023-07-24 01:27:34,755] {logging_mixin.py:115} INFO - [2023-07-24 01:27:34,755] {dagbag.py:508} INFO - Filling up the DagBag from /home/airflow/.local/lib/python3.7/site-packages/airflow/example_dags/example_short_circuit_operator.py
[2023-07-24 01:27:34,759] {processor.py:651} INFO - DAG(s) dict_keys(['example_short_circuit_operator']) retrieved from /home/airflow/.local/lib/python3.7/site-packages/airflow/example_dags/example_short_circuit_operator.py
[2023-07-24 01:27:34,774] {logging_mixin.py:115} INFO - [2023-07-24 01:27:34,774] {dag.py:2420} INFO - Sync 1 DAGs
[2023-07-24 01:27:34,785] {logging_mixin.py:115} INFO - [2023-07-24 01:27:34,785] {dag.py:2972} INFO - Setting next_dagrun for example_short_circuit_operator to 2023-07-23T01:27:34.785180+00:00, run_after=2023-07-24T01:27:34.785180+00:00
[2023-07-24 01:27:34,795] {processor.py:161} INFO - Processing /home/airflow/.local/lib/python3.7/site-packages/airflow/example_dags/example_short_circuit_operator.py took 0.043 seconds
[2023-07-24 01:28:05,182] {processor.py:153} INFO - Started process (PID=1007) to work on /home/airflow/.local/lib/python3.7/site-packages/airflow/example_dags/example_short_circuit_operator.py
[2023-07-24 01:28:05,182] {processor.py:641} INFO - Processing file /home/airflow/.local/lib/python3.7/site-packages/airflow/example_dags/example_short_circuit_operator.py for tasks to queue
[2023-07-24 01:28:05,182] {logging_mixin.py:115} INFO - [2023-07-24 01:28:05,182] {dagbag.py:508} INFO - Filling up the DagBag from /home/airflow/.local/lib/python3.7/site-packages/airflow/example_dags/example_short_circuit_operator.py
[2023-07-24 01:28:05,186] {processor.py:651} INFO - DAG(s) dict_keys(['example_short_circuit_operator']) retrieved from /home/airflow/.local/lib/python3.7/site-packages/airflow/example_dags/example_short_circuit_operator.py
[2023-07-24 01:28:05,201] {logging_mixin.py:115} INFO - [2023-07-24 01:28:05,201] {dag.py:2420} INFO - Sync 1 DAGs
[2023-07-24 01:28:05,212] {logging_mixin.py:115} INFO - [2023-07-24 01:28:05,212] {dag.py:2972} INFO - Setting next_dagrun for example_short_circuit_operator to 2023-07-23T01:28:05.212265+00:00, run_after=2023-07-24T01:28:05.212265+00:00
[2023-07-24 01:28:05,222] {processor.py:161} INFO - Processing /home/airflow/.local/lib/python3.7/site-packages/airflow/example_dags/example_short_circuit_operator.py took 0.042 seconds
[2023-07-24 01:28:35,564] {processor.py:153} INFO - Started process (PID=1068) to work on /home/airflow/.local/lib/python3.7/site-packages/airflow/example_dags/example_short_circuit_operator.py
[2023-07-24 01:28:35,565] {processor.py:641} INFO - Processing file /home/airflow/.local/lib/python3.7/site-packages/airflow/example_dags/example_short_circuit_operator.py for tasks to queue
[2023-07-24 01:28:35,565] {logging_mixin.py:115} INFO - [2023-07-24 01:28:35,565] {dagbag.py:508} INFO - Filling up the DagBag from /home/airflow/.local/lib/python3.7/site-packages/airflow/example_dags/example_short_circuit_operator.py
[2023-07-24 01:28:35,569] {processor.py:651} INFO - DAG(s) dict_keys(['example_short_circuit_operator']) retrieved from /home/airflow/.local/lib/python3.7/site-packages/airflow/example_dags/example_short_circuit_operator.py
[2023-07-24 01:28:35,583] {logging_mixin.py:115} INFO - [2023-07-24 01:28:35,583] {dag.py:2420} INFO - Sync 1 DAGs
[2023-07-24 01:28:35,595] {logging_mixin.py:115} INFO - [2023-07-24 01:28:35,595] {dag.py:2972} INFO - Setting next_dagrun for example_short_circuit_operator to 2023-07-23T01:28:35.594927+00:00, run_after=2023-07-24T01:28:35.594927+00:00
[2023-07-24 01:28:35,607] {processor.py:161} INFO - Processing /home/airflow/.local/lib/python3.7/site-packages/airflow/example_dags/example_short_circuit_operator.py took 0.044 seconds
[2023-07-24 01:29:06,130] {processor.py:153} INFO - Started process (PID=1121) to work on /home/airflow/.local/lib/python3.7/site-packages/airflow/example_dags/example_short_circuit_operator.py
[2023-07-24 01:29:06,132] {processor.py:641} INFO - Processing file /home/airflow/.local/lib/python3.7/site-packages/airflow/example_dags/example_short_circuit_operator.py for tasks to queue
[2023-07-24 01:29:06,132] {logging_mixin.py:115} INFO - [2023-07-24 01:29:06,132] {dagbag.py:508} INFO - Filling up the DagBag from /home/airflow/.local/lib/python3.7/site-packages/airflow/example_dags/example_short_circuit_operator.py
[2023-07-24 01:29:06,136] {processor.py:651} INFO - DAG(s) dict_keys(['example_short_circuit_operator']) retrieved from /home/airflow/.local/lib/python3.7/site-packages/airflow/example_dags/example_short_circuit_operator.py
[2023-07-24 01:29:06,151] {logging_mixin.py:115} INFO - [2023-07-24 01:29:06,151] {dag.py:2420} INFO - Sync 1 DAGs
[2023-07-24 01:29:06,163] {logging_mixin.py:115} INFO - [2023-07-24 01:29:06,162] {dag.py:2972} INFO - Setting next_dagrun for example_short_circuit_operator to 2023-07-23T01:29:06.162842+00:00, run_after=2023-07-24T01:29:06.162842+00:00
[2023-07-24 01:29:06,173] {processor.py:161} INFO - Processing /home/airflow/.local/lib/python3.7/site-packages/airflow/example_dags/example_short_circuit_operator.py took 0.045 seconds
[2023-07-24 01:29:36,836] {processor.py:153} INFO - Started process (PID=1182) to work on /home/airflow/.local/lib/python3.7/site-packages/airflow/example_dags/example_short_circuit_operator.py
[2023-07-24 01:29:36,836] {processor.py:641} INFO - Processing file /home/airflow/.local/lib/python3.7/site-packages/airflow/example_dags/example_short_circuit_operator.py for tasks to queue
[2023-07-24 01:29:36,836] {logging_mixin.py:115} INFO - [2023-07-24 01:29:36,836] {dagbag.py:508} INFO - Filling up the DagBag from /home/airflow/.local/lib/python3.7/site-packages/airflow/example_dags/example_short_circuit_operator.py
[2023-07-24 01:29:36,840] {processor.py:651} INFO - DAG(s) dict_keys(['example_short_circuit_operator']) retrieved from /home/airflow/.local/lib/python3.7/site-packages/airflow/example_dags/example_short_circuit_operator.py
[2023-07-24 01:29:36,853] {logging_mixin.py:115} INFO - [2023-07-24 01:29:36,853] {dag.py:2420} INFO - Sync 1 DAGs
[2023-07-24 01:29:36,865] {logging_mixin.py:115} INFO - [2023-07-24 01:29:36,865] {dag.py:2972} INFO - Setting next_dagrun for example_short_circuit_operator to 2023-07-23T01:29:36.865060+00:00, run_after=2023-07-24T01:29:36.865060+00:00
[2023-07-24 01:29:36,875] {processor.py:161} INFO - Processing /home/airflow/.local/lib/python3.7/site-packages/airflow/example_dags/example_short_circuit_operator.py took 0.041 seconds
[2023-07-24 01:30:07,128] {processor.py:153} INFO - Started process (PID=1242) to work on /home/airflow/.local/lib/python3.7/site-packages/airflow/example_dags/example_short_circuit_operator.py
[2023-07-24 01:30:07,128] {processor.py:641} INFO - Processing file /home/airflow/.local/lib/python3.7/site-packages/airflow/example_dags/example_short_circuit_operator.py for tasks to queue
[2023-07-24 01:30:07,129] {logging_mixin.py:115} INFO - [2023-07-24 01:30:07,128] {dagbag.py:508} INFO - Filling up the DagBag from /home/airflow/.local/lib/python3.7/site-packages/airflow/example_dags/example_short_circuit_operator.py
[2023-07-24 01:30:07,133] {processor.py:651} INFO - DAG(s) dict_keys(['example_short_circuit_operator']) retrieved from /home/airflow/.local/lib/python3.7/site-packages/airflow/example_dags/example_short_circuit_operator.py
[2023-07-24 01:30:07,149] {logging_mixin.py:115} INFO - [2023-07-24 01:30:07,149] {dag.py:2420} INFO - Sync 1 DAGs
[2023-07-24 01:30:07,160] {logging_mixin.py:115} INFO - [2023-07-24 01:30:07,160] {dag.py:2972} INFO - Setting next_dagrun for example_short_circuit_operator to 2023-07-23T01:30:07.160311+00:00, run_after=2023-07-24T01:30:07.160311+00:00
[2023-07-24 01:30:07,170] {processor.py:161} INFO - Processing /home/airflow/.local/lib/python3.7/site-packages/airflow/example_dags/example_short_circuit_operator.py took 0.044 seconds
[2023-07-24 01:30:37,660] {processor.py:153} INFO - Started process (PID=1304) to work on /home/airflow/.local/lib/python3.7/site-packages/airflow/example_dags/example_short_circuit_operator.py
[2023-07-24 01:30:37,660] {processor.py:641} INFO - Processing file /home/airflow/.local/lib/python3.7/site-packages/airflow/example_dags/example_short_circuit_operator.py for tasks to queue
[2023-07-24 01:30:37,660] {logging_mixin.py:115} INFO - [2023-07-24 01:30:37,660] {dagbag.py:508} INFO - Filling up the DagBag from /home/airflow/.local/lib/python3.7/site-packages/airflow/example_dags/example_short_circuit_operator.py
[2023-07-24 01:30:37,664] {processor.py:651} INFO - DAG(s) dict_keys(['example_short_circuit_operator']) retrieved from /home/airflow/.local/lib/python3.7/site-packages/airflow/example_dags/example_short_circuit_operator.py
[2023-07-24 01:30:37,680] {logging_mixin.py:115} INFO - [2023-07-24 01:30:37,680] {dag.py:2420} INFO - Sync 1 DAGs
[2023-07-24 01:30:37,690] {logging_mixin.py:115} INFO - [2023-07-24 01:30:37,690] {dag.py:2972} INFO - Setting next_dagrun for example_short_circuit_operator to 2023-07-23T01:30:37.690720+00:00, run_after=2023-07-24T01:30:37.690720+00:00
[2023-07-24 01:30:37,700] {processor.py:161} INFO - Processing /home/airflow/.local/lib/python3.7/site-packages/airflow/example_dags/example_short_circuit_operator.py took 0.041 seconds
[2023-07-24 01:31:08,056] {processor.py:153} INFO - Started process (PID=1362) to work on /home/airflow/.local/lib/python3.7/site-packages/airflow/example_dags/example_short_circuit_operator.py
[2023-07-24 01:31:08,057] {processor.py:641} INFO - Processing file /home/airflow/.local/lib/python3.7/site-packages/airflow/example_dags/example_short_circuit_operator.py for tasks to queue
[2023-07-24 01:31:08,057] {logging_mixin.py:115} INFO - [2023-07-24 01:31:08,057] {dagbag.py:508} INFO - Filling up the DagBag from /home/airflow/.local/lib/python3.7/site-packages/airflow/example_dags/example_short_circuit_operator.py
[2023-07-24 01:31:08,061] {processor.py:651} INFO - DAG(s) dict_keys(['example_short_circuit_operator']) retrieved from /home/airflow/.local/lib/python3.7/site-packages/airflow/example_dags/example_short_circuit_operator.py
[2023-07-24 01:31:08,074] {logging_mixin.py:115} INFO - [2023-07-24 01:31:08,074] {dag.py:2420} INFO - Sync 1 DAGs
[2023-07-24 01:31:08,085] {logging_mixin.py:115} INFO - [2023-07-24 01:31:08,085] {dag.py:2972} INFO - Setting next_dagrun for example_short_circuit_operator to 2023-07-23T01:31:08.085642+00:00, run_after=2023-07-24T01:31:08.085642+00:00
[2023-07-24 01:31:08,096] {processor.py:161} INFO - Processing /home/airflow/.local/lib/python3.7/site-packages/airflow/example_dags/example_short_circuit_operator.py took 0.041 seconds
[2023-07-24 01:31:38,480] {processor.py:153} INFO - Started process (PID=1415) to work on /home/airflow/.local/lib/python3.7/site-packages/airflow/example_dags/example_short_circuit_operator.py
[2023-07-24 01:31:38,481] {processor.py:641} INFO - Processing file /home/airflow/.local/lib/python3.7/site-packages/airflow/example_dags/example_short_circuit_operator.py for tasks to queue
[2023-07-24 01:31:38,481] {logging_mixin.py:115} INFO - [2023-07-24 01:31:38,481] {dagbag.py:508} INFO - Filling up the DagBag from /home/airflow/.local/lib/python3.7/site-packages/airflow/example_dags/example_short_circuit_operator.py
[2023-07-24 01:31:38,485] {processor.py:651} INFO - DAG(s) dict_keys(['example_short_circuit_operator']) retrieved from /home/airflow/.local/lib/python3.7/site-packages/airflow/example_dags/example_short_circuit_operator.py
[2023-07-24 01:31:38,500] {logging_mixin.py:115} INFO - [2023-07-24 01:31:38,500] {dag.py:2420} INFO - Sync 1 DAGs
[2023-07-24 01:31:38,512] {logging_mixin.py:115} INFO - [2023-07-24 01:31:38,512] {dag.py:2972} INFO - Setting next_dagrun for example_short_circuit_operator to 2023-07-23T01:31:38.512662+00:00, run_after=2023-07-24T01:31:38.512662+00:00
[2023-07-24 01:31:38,523] {processor.py:161} INFO - Processing /home/airflow/.local/lib/python3.7/site-packages/airflow/example_dags/example_short_circuit_operator.py took 0.044 seconds
[2023-07-24 01:32:08,761] {processor.py:153} INFO - Started process (PID=1476) to work on /home/airflow/.local/lib/python3.7/site-packages/airflow/example_dags/example_short_circuit_operator.py
[2023-07-24 01:32:08,761] {processor.py:641} INFO - Processing file /home/airflow/.local/lib/python3.7/site-packages/airflow/example_dags/example_short_circuit_operator.py for tasks to queue
[2023-07-24 01:32:08,761] {logging_mixin.py:115} INFO - [2023-07-24 01:32:08,761] {dagbag.py:508} INFO - Filling up the DagBag from /home/airflow/.local/lib/python3.7/site-packages/airflow/example_dags/example_short_circuit_operator.py
[2023-07-24 01:32:08,765] {processor.py:651} INFO - DAG(s) dict_keys(['example_short_circuit_operator']) retrieved from /home/airflow/.local/lib/python3.7/site-packages/airflow/example_dags/example_short_circuit_operator.py
[2023-07-24 01:32:08,779] {logging_mixin.py:115} INFO - [2023-07-24 01:32:08,779] {dag.py:2420} INFO - Sync 1 DAGs
[2023-07-24 01:32:08,791] {logging_mixin.py:115} INFO - [2023-07-24 01:32:08,791] {dag.py:2972} INFO - Setting next_dagrun for example_short_circuit_operator to 2023-07-23T01:32:08.791012+00:00, run_after=2023-07-24T01:32:08.791012+00:00
[2023-07-24 01:32:08,800] {processor.py:161} INFO - Processing /home/airflow/.local/lib/python3.7/site-packages/airflow/example_dags/example_short_circuit_operator.py took 0.041 seconds
[2023-07-24 01:32:39,139] {processor.py:153} INFO - Started process (PID=1536) to work on /home/airflow/.local/lib/python3.7/site-packages/airflow/example_dags/example_short_circuit_operator.py
[2023-07-24 01:32:39,140] {processor.py:641} INFO - Processing file /home/airflow/.local/lib/python3.7/site-packages/airflow/example_dags/example_short_circuit_operator.py for tasks to queue
[2023-07-24 01:32:39,140] {logging_mixin.py:115} INFO - [2023-07-24 01:32:39,140] {dagbag.py:508} INFO - Filling up the DagBag from /home/airflow/.local/lib/python3.7/site-packages/airflow/example_dags/example_short_circuit_operator.py
[2023-07-24 01:32:39,144] {processor.py:651} INFO - DAG(s) dict_keys(['example_short_circuit_operator']) retrieved from /home/airflow/.local/lib/python3.7/site-packages/airflow/example_dags/example_short_circuit_operator.py
[2023-07-24 01:32:39,158] {logging_mixin.py:115} INFO - [2023-07-24 01:32:39,158] {dag.py:2420} INFO - Sync 1 DAGs
[2023-07-24 01:32:39,169] {logging_mixin.py:115} INFO - [2023-07-24 01:32:39,169] {dag.py:2972} INFO - Setting next_dagrun for example_short_circuit_operator to 2023-07-23T01:32:39.169658+00:00, run_after=2023-07-24T01:32:39.169658+00:00
[2023-07-24 01:32:39,179] {processor.py:161} INFO - Processing /home/airflow/.local/lib/python3.7/site-packages/airflow/example_dags/example_short_circuit_operator.py took 0.041 seconds
[2023-07-24 01:33:09,553] {processor.py:153} INFO - Started process (PID=1597) to work on /home/airflow/.local/lib/python3.7/site-packages/airflow/example_dags/example_short_circuit_operator.py
[2023-07-24 01:33:09,554] {processor.py:641} INFO - Processing file /home/airflow/.local/lib/python3.7/site-packages/airflow/example_dags/example_short_circuit_operator.py for tasks to queue
[2023-07-24 01:33:09,554] {logging_mixin.py:115} INFO - [2023-07-24 01:33:09,554] {dagbag.py:508} INFO - Filling up the DagBag from /home/airflow/.local/lib/python3.7/site-packages/airflow/example_dags/example_short_circuit_operator.py
[2023-07-24 01:33:09,558] {processor.py:651} INFO - DAG(s) dict_keys(['example_short_circuit_operator']) retrieved from /home/airflow/.local/lib/python3.7/site-packages/airflow/example_dags/example_short_circuit_operator.py
[2023-07-24 01:33:09,573] {logging_mixin.py:115} INFO - [2023-07-24 01:33:09,573] {dag.py:2420} INFO - Sync 1 DAGs
[2023-07-24 01:33:09,585] {logging_mixin.py:115} INFO - [2023-07-24 01:33:09,585] {dag.py:2972} INFO - Setting next_dagrun for example_short_circuit_operator to 2023-07-23T01:33:09.585337+00:00, run_after=2023-07-24T01:33:09.585337+00:00
[2023-07-24 01:33:09,596] {processor.py:161} INFO - Processing /home/airflow/.local/lib/python3.7/site-packages/airflow/example_dags/example_short_circuit_operator.py took 0.044 seconds
[2023-07-24 01:33:39,906] {processor.py:153} INFO - Started process (PID=1647) to work on /home/airflow/.local/lib/python3.7/site-packages/airflow/example_dags/example_short_circuit_operator.py
[2023-07-24 01:33:39,906] {processor.py:641} INFO - Processing file /home/airflow/.local/lib/python3.7/site-packages/airflow/example_dags/example_short_circuit_operator.py for tasks to queue
[2023-07-24 01:33:39,906] {logging_mixin.py:115} INFO - [2023-07-24 01:33:39,906] {dagbag.py:508} INFO - Filling up the DagBag from /home/airflow/.local/lib/python3.7/site-packages/airflow/example_dags/example_short_circuit_operator.py
[2023-07-24 01:33:39,910] {processor.py:651} INFO - DAG(s) dict_keys(['example_short_circuit_operator']) retrieved from /home/airflow/.local/lib/python3.7/site-packages/airflow/example_dags/example_short_circuit_operator.py
[2023-07-24 01:33:39,925] {logging_mixin.py:115} INFO - [2023-07-24 01:33:39,924] {dag.py:2420} INFO - Sync 1 DAGs
[2023-07-24 01:33:39,935] {logging_mixin.py:115} INFO - [2023-07-24 01:33:39,935] {dag.py:2972} INFO - Setting next_dagrun for example_short_circuit_operator to 2023-07-23T01:33:39.935568+00:00, run_after=2023-07-24T01:33:39.935568+00:00
[2023-07-24 01:33:39,946] {processor.py:161} INFO - Processing /home/airflow/.local/lib/python3.7/site-packages/airflow/example_dags/example_short_circuit_operator.py took 0.041 seconds
[2023-07-24 01:34:10,310] {processor.py:153} INFO - Started process (PID=1708) to work on /home/airflow/.local/lib/python3.7/site-packages/airflow/example_dags/example_short_circuit_operator.py
[2023-07-24 01:34:10,311] {processor.py:641} INFO - Processing file /home/airflow/.local/lib/python3.7/site-packages/airflow/example_dags/example_short_circuit_operator.py for tasks to queue
[2023-07-24 01:34:10,311] {logging_mixin.py:115} INFO - [2023-07-24 01:34:10,311] {dagbag.py:508} INFO - Filling up the DagBag from /home/airflow/.local/lib/python3.7/site-packages/airflow/example_dags/example_short_circuit_operator.py
[2023-07-24 01:34:10,315] {processor.py:651} INFO - DAG(s) dict_keys(['example_short_circuit_operator']) retrieved from /home/airflow/.local/lib/python3.7/site-packages/airflow/example_dags/example_short_circuit_operator.py
[2023-07-24 01:34:10,330] {logging_mixin.py:115} INFO - [2023-07-24 01:34:10,330] {dag.py:2420} INFO - Sync 1 DAGs
[2023-07-24 01:34:10,342] {logging_mixin.py:115} INFO - [2023-07-24 01:34:10,342] {dag.py:2972} INFO - Setting next_dagrun for example_short_circuit_operator to 2023-07-23T01:34:10.342433+00:00, run_after=2023-07-24T01:34:10.342433+00:00
[2023-07-24 01:34:10,353] {processor.py:161} INFO - Processing /home/airflow/.local/lib/python3.7/site-packages/airflow/example_dags/example_short_circuit_operator.py took 0.044 seconds
[2023-07-24 01:34:40,697] {processor.py:153} INFO - Started process (PID=1767) to work on /home/airflow/.local/lib/python3.7/site-packages/airflow/example_dags/example_short_circuit_operator.py
[2023-07-24 01:34:40,698] {processor.py:641} INFO - Processing file /home/airflow/.local/lib/python3.7/site-packages/airflow/example_dags/example_short_circuit_operator.py for tasks to queue
[2023-07-24 01:34:40,698] {logging_mixin.py:115} INFO - [2023-07-24 01:34:40,698] {dagbag.py:508} INFO - Filling up the DagBag from /home/airflow/.local/lib/python3.7/site-packages/airflow/example_dags/example_short_circuit_operator.py
[2023-07-24 01:34:40,702] {processor.py:651} INFO - DAG(s) dict_keys(['example_short_circuit_operator']) retrieved from /home/airflow/.local/lib/python3.7/site-packages/airflow/example_dags/example_short_circuit_operator.py
[2023-07-24 01:34:40,715] {logging_mixin.py:115} INFO - [2023-07-24 01:34:40,715] {dag.py:2420} INFO - Sync 1 DAGs
[2023-07-24 01:34:40,726] {logging_mixin.py:115} INFO - [2023-07-24 01:34:40,726] {dag.py:2972} INFO - Setting next_dagrun for example_short_circuit_operator to 2023-07-23T01:34:40.726117+00:00, run_after=2023-07-24T01:34:40.726117+00:00
[2023-07-24 01:34:40,736] {processor.py:161} INFO - Processing /home/airflow/.local/lib/python3.7/site-packages/airflow/example_dags/example_short_circuit_operator.py took 0.040 seconds
