[2023-07-24 01:19:59,351] {processor.py:153} INFO - Started process (PID=50) to work on /home/airflow/.local/lib/python3.7/site-packages/airflow/example_dags/example_branch_operator.py
[2023-07-24 01:19:59,351] {processor.py:641} INFO - Processing file /home/airflow/.local/lib/python3.7/site-packages/airflow/example_dags/example_branch_operator.py for tasks to queue
[2023-07-24 01:19:59,351] {logging_mixin.py:115} INFO - [2023-07-24 01:19:59,351] {dagbag.py:508} INFO - Filling up the DagBag from /home/airflow/.local/lib/python3.7/site-packages/airflow/example_dags/example_branch_operator.py
[2023-07-24 01:19:59,359] {processor.py:651} INFO - DAG(s) dict_keys(['example_branch_operator']) retrieved from /home/airflow/.local/lib/python3.7/site-packages/airflow/example_dags/example_branch_operator.py
[2023-07-24 01:19:59,499] {logging_mixin.py:115} INFO - [2023-07-24 01:19:59,499] {manager.py:508} INFO - Created Permission View: can edit on DAG:example_branch_operator
[2023-07-24 01:19:59,506] {logging_mixin.py:115} INFO - [2023-07-24 01:19:59,506] {manager.py:508} INFO - Created Permission View: can read on DAG:example_branch_operator
[2023-07-24 01:19:59,514] {logging_mixin.py:115} INFO - [2023-07-24 01:19:59,514] {manager.py:508} INFO - Created Permission View: can delete on DAG:example_branch_operator
[2023-07-24 01:19:59,514] {logging_mixin.py:115} INFO - [2023-07-24 01:19:59,514] {dag.py:2420} INFO - Sync 1 DAGs
[2023-07-24 01:19:59,518] {logging_mixin.py:115} INFO - [2023-07-24 01:19:59,518] {dag.py:2439} INFO - Creating ORM DAG for example_branch_operator
[2023-07-24 01:19:59,524] {logging_mixin.py:115} INFO - [2023-07-24 01:19:59,524] {dag.py:2972} INFO - Setting next_dagrun for example_branch_operator to 2023-07-23T00:00:00+00:00, run_after=2023-07-24T00:00:00+00:00
[2023-07-24 01:19:59,536] {processor.py:161} INFO - Processing /home/airflow/.local/lib/python3.7/site-packages/airflow/example_dags/example_branch_operator.py took 0.188 seconds
[2023-07-24 01:20:29,863] {processor.py:153} INFO - Started process (PID=110) to work on /home/airflow/.local/lib/python3.7/site-packages/airflow/example_dags/example_branch_operator.py
[2023-07-24 01:20:29,864] {processor.py:641} INFO - Processing file /home/airflow/.local/lib/python3.7/site-packages/airflow/example_dags/example_branch_operator.py for tasks to queue
[2023-07-24 01:20:29,864] {logging_mixin.py:115} INFO - [2023-07-24 01:20:29,864] {dagbag.py:508} INFO - Filling up the DagBag from /home/airflow/.local/lib/python3.7/site-packages/airflow/example_dags/example_branch_operator.py
[2023-07-24 01:20:29,869] {processor.py:651} INFO - DAG(s) dict_keys(['example_branch_operator']) retrieved from /home/airflow/.local/lib/python3.7/site-packages/airflow/example_dags/example_branch_operator.py
[2023-07-24 01:20:29,882] {logging_mixin.py:115} INFO - [2023-07-24 01:20:29,882] {dag.py:2420} INFO - Sync 1 DAGs
[2023-07-24 01:20:29,893] {logging_mixin.py:115} INFO - [2023-07-24 01:20:29,893] {dag.py:2972} INFO - Setting next_dagrun for example_branch_operator to 2023-07-23T00:00:00+00:00, run_after=2023-07-24T00:00:00+00:00
[2023-07-24 01:20:29,903] {processor.py:161} INFO - Processing /home/airflow/.local/lib/python3.7/site-packages/airflow/example_dags/example_branch_operator.py took 0.041 seconds
[2023-07-24 01:21:00,074] {processor.py:153} INFO - Started process (PID=171) to work on /home/airflow/.local/lib/python3.7/site-packages/airflow/example_dags/example_branch_operator.py
[2023-07-24 01:21:00,075] {processor.py:641} INFO - Processing file /home/airflow/.local/lib/python3.7/site-packages/airflow/example_dags/example_branch_operator.py for tasks to queue
[2023-07-24 01:21:00,076] {logging_mixin.py:115} INFO - [2023-07-24 01:21:00,076] {dagbag.py:508} INFO - Filling up the DagBag from /home/airflow/.local/lib/python3.7/site-packages/airflow/example_dags/example_branch_operator.py
[2023-07-24 01:21:00,080] {processor.py:651} INFO - DAG(s) dict_keys(['example_branch_operator']) retrieved from /home/airflow/.local/lib/python3.7/site-packages/airflow/example_dags/example_branch_operator.py
[2023-07-24 01:21:00,094] {logging_mixin.py:115} INFO - [2023-07-24 01:21:00,094] {dag.py:2420} INFO - Sync 1 DAGs
[2023-07-24 01:21:00,105] {logging_mixin.py:115} INFO - [2023-07-24 01:21:00,105] {dag.py:2972} INFO - Setting next_dagrun for example_branch_operator to 2023-07-23T00:00:00+00:00, run_after=2023-07-24T00:00:00+00:00
[2023-07-24 01:21:00,115] {processor.py:161} INFO - Processing /home/airflow/.local/lib/python3.7/site-packages/airflow/example_dags/example_branch_operator.py took 0.043 seconds
[2023-07-24 01:21:30,333] {processor.py:153} INFO - Started process (PID=231) to work on /home/airflow/.local/lib/python3.7/site-packages/airflow/example_dags/example_branch_operator.py
[2023-07-24 01:21:30,335] {processor.py:641} INFO - Processing file /home/airflow/.local/lib/python3.7/site-packages/airflow/example_dags/example_branch_operator.py for tasks to queue
[2023-07-24 01:21:30,335] {logging_mixin.py:115} INFO - [2023-07-24 01:21:30,335] {dagbag.py:508} INFO - Filling up the DagBag from /home/airflow/.local/lib/python3.7/site-packages/airflow/example_dags/example_branch_operator.py
[2023-07-24 01:21:30,340] {processor.py:651} INFO - DAG(s) dict_keys(['example_branch_operator']) retrieved from /home/airflow/.local/lib/python3.7/site-packages/airflow/example_dags/example_branch_operator.py
[2023-07-24 01:21:30,358] {logging_mixin.py:115} INFO - [2023-07-24 01:21:30,358] {dag.py:2420} INFO - Sync 1 DAGs
[2023-07-24 01:21:30,379] {logging_mixin.py:115} INFO - [2023-07-24 01:21:30,379] {dag.py:2972} INFO - Setting next_dagrun for example_branch_operator to 2023-07-23T00:00:00+00:00, run_after=2023-07-24T00:00:00+00:00
[2023-07-24 01:21:30,392] {processor.py:161} INFO - Processing /home/airflow/.local/lib/python3.7/site-packages/airflow/example_dags/example_branch_operator.py took 0.061 seconds
[2023-07-24 01:22:00,603] {processor.py:153} INFO - Started process (PID=283) to work on /home/airflow/.local/lib/python3.7/site-packages/airflow/example_dags/example_branch_operator.py
[2023-07-24 01:22:00,605] {processor.py:641} INFO - Processing file /home/airflow/.local/lib/python3.7/site-packages/airflow/example_dags/example_branch_operator.py for tasks to queue
[2023-07-24 01:22:00,606] {logging_mixin.py:115} INFO - [2023-07-24 01:22:00,606] {dagbag.py:508} INFO - Filling up the DagBag from /home/airflow/.local/lib/python3.7/site-packages/airflow/example_dags/example_branch_operator.py
[2023-07-24 01:22:00,610] {processor.py:651} INFO - DAG(s) dict_keys(['example_branch_operator']) retrieved from /home/airflow/.local/lib/python3.7/site-packages/airflow/example_dags/example_branch_operator.py
[2023-07-24 01:22:00,624] {logging_mixin.py:115} INFO - [2023-07-24 01:22:00,624] {dag.py:2420} INFO - Sync 1 DAGs
[2023-07-24 01:22:00,635] {logging_mixin.py:115} INFO - [2023-07-24 01:22:00,635] {dag.py:2972} INFO - Setting next_dagrun for example_branch_operator to 2023-07-23T00:00:00+00:00, run_after=2023-07-24T00:00:00+00:00
[2023-07-24 01:22:00,644] {processor.py:161} INFO - Processing /home/airflow/.local/lib/python3.7/site-packages/airflow/example_dags/example_branch_operator.py took 0.043 seconds
[2023-07-24 01:22:30,788] {processor.py:153} INFO - Started process (PID=344) to work on /home/airflow/.local/lib/python3.7/site-packages/airflow/example_dags/example_branch_operator.py
[2023-07-24 01:22:30,790] {processor.py:641} INFO - Processing file /home/airflow/.local/lib/python3.7/site-packages/airflow/example_dags/example_branch_operator.py for tasks to queue
[2023-07-24 01:22:30,790] {logging_mixin.py:115} INFO - [2023-07-24 01:22:30,790] {dagbag.py:508} INFO - Filling up the DagBag from /home/airflow/.local/lib/python3.7/site-packages/airflow/example_dags/example_branch_operator.py
[2023-07-24 01:22:30,795] {processor.py:651} INFO - DAG(s) dict_keys(['example_branch_operator']) retrieved from /home/airflow/.local/lib/python3.7/site-packages/airflow/example_dags/example_branch_operator.py
[2023-07-24 01:22:30,809] {logging_mixin.py:115} INFO - [2023-07-24 01:22:30,809] {dag.py:2420} INFO - Sync 1 DAGs
[2023-07-24 01:22:30,820] {logging_mixin.py:115} INFO - [2023-07-24 01:22:30,820] {dag.py:2972} INFO - Setting next_dagrun for example_branch_operator to 2023-07-23T00:00:00+00:00, run_after=2023-07-24T00:00:00+00:00
[2023-07-24 01:22:30,830] {processor.py:161} INFO - Processing /home/airflow/.local/lib/python3.7/site-packages/airflow/example_dags/example_branch_operator.py took 0.043 seconds
[2023-07-24 01:23:00,983] {processor.py:153} INFO - Started process (PID=405) to work on /home/airflow/.local/lib/python3.7/site-packages/airflow/example_dags/example_branch_operator.py
[2023-07-24 01:23:00,987] {processor.py:641} INFO - Processing file /home/airflow/.local/lib/python3.7/site-packages/airflow/example_dags/example_branch_operator.py for tasks to queue
[2023-07-24 01:23:00,987] {logging_mixin.py:115} INFO - [2023-07-24 01:23:00,987] {dagbag.py:508} INFO - Filling up the DagBag from /home/airflow/.local/lib/python3.7/site-packages/airflow/example_dags/example_branch_operator.py
[2023-07-24 01:23:00,992] {processor.py:651} INFO - DAG(s) dict_keys(['example_branch_operator']) retrieved from /home/airflow/.local/lib/python3.7/site-packages/airflow/example_dags/example_branch_operator.py
[2023-07-24 01:23:01,006] {logging_mixin.py:115} INFO - [2023-07-24 01:23:01,006] {dag.py:2420} INFO - Sync 1 DAGs
[2023-07-24 01:23:01,017] {logging_mixin.py:115} INFO - [2023-07-24 01:23:01,016] {dag.py:2972} INFO - Setting next_dagrun for example_branch_operator to 2023-07-23T00:00:00+00:00, run_after=2023-07-24T00:00:00+00:00
[2023-07-24 01:23:01,027] {processor.py:161} INFO - Processing /home/airflow/.local/lib/python3.7/site-packages/airflow/example_dags/example_branch_operator.py took 0.045 seconds
[2023-07-24 01:23:31,180] {processor.py:153} INFO - Started process (PID=466) to work on /home/airflow/.local/lib/python3.7/site-packages/airflow/example_dags/example_branch_operator.py
[2023-07-24 01:23:31,182] {processor.py:641} INFO - Processing file /home/airflow/.local/lib/python3.7/site-packages/airflow/example_dags/example_branch_operator.py for tasks to queue
[2023-07-24 01:23:31,182] {logging_mixin.py:115} INFO - [2023-07-24 01:23:31,182] {dagbag.py:508} INFO - Filling up the DagBag from /home/airflow/.local/lib/python3.7/site-packages/airflow/example_dags/example_branch_operator.py
[2023-07-24 01:23:31,187] {processor.py:651} INFO - DAG(s) dict_keys(['example_branch_operator']) retrieved from /home/airflow/.local/lib/python3.7/site-packages/airflow/example_dags/example_branch_operator.py
[2023-07-24 01:23:31,200] {logging_mixin.py:115} INFO - [2023-07-24 01:23:31,200] {dag.py:2420} INFO - Sync 1 DAGs
[2023-07-24 01:23:31,211] {logging_mixin.py:115} INFO - [2023-07-24 01:23:31,211] {dag.py:2972} INFO - Setting next_dagrun for example_branch_operator to 2023-07-23T00:00:00+00:00, run_after=2023-07-24T00:00:00+00:00
[2023-07-24 01:23:31,224] {processor.py:161} INFO - Processing /home/airflow/.local/lib/python3.7/site-packages/airflow/example_dags/example_branch_operator.py took 0.046 seconds
[2023-07-24 01:24:01,337] {processor.py:153} INFO - Started process (PID=527) to work on /home/airflow/.local/lib/python3.7/site-packages/airflow/example_dags/example_branch_operator.py
[2023-07-24 01:24:01,339] {processor.py:641} INFO - Processing file /home/airflow/.local/lib/python3.7/site-packages/airflow/example_dags/example_branch_operator.py for tasks to queue
[2023-07-24 01:24:01,340] {logging_mixin.py:115} INFO - [2023-07-24 01:24:01,340] {dagbag.py:508} INFO - Filling up the DagBag from /home/airflow/.local/lib/python3.7/site-packages/airflow/example_dags/example_branch_operator.py
[2023-07-24 01:24:01,344] {processor.py:651} INFO - DAG(s) dict_keys(['example_branch_operator']) retrieved from /home/airflow/.local/lib/python3.7/site-packages/airflow/example_dags/example_branch_operator.py
[2023-07-24 01:24:01,358] {logging_mixin.py:115} INFO - [2023-07-24 01:24:01,358] {dag.py:2420} INFO - Sync 1 DAGs
[2023-07-24 01:24:01,369] {logging_mixin.py:115} INFO - [2023-07-24 01:24:01,369] {dag.py:2972} INFO - Setting next_dagrun for example_branch_operator to 2023-07-23T00:00:00+00:00, run_after=2023-07-24T00:00:00+00:00
[2023-07-24 01:24:01,383] {processor.py:161} INFO - Processing /home/airflow/.local/lib/python3.7/site-packages/airflow/example_dags/example_branch_operator.py took 0.048 seconds
[2023-07-24 01:24:31,506] {processor.py:153} INFO - Started process (PID=579) to work on /home/airflow/.local/lib/python3.7/site-packages/airflow/example_dags/example_branch_operator.py
[2023-07-24 01:24:31,507] {processor.py:641} INFO - Processing file /home/airflow/.local/lib/python3.7/site-packages/airflow/example_dags/example_branch_operator.py for tasks to queue
[2023-07-24 01:24:31,507] {logging_mixin.py:115} INFO - [2023-07-24 01:24:31,507] {dagbag.py:508} INFO - Filling up the DagBag from /home/airflow/.local/lib/python3.7/site-packages/airflow/example_dags/example_branch_operator.py
[2023-07-24 01:24:31,513] {processor.py:651} INFO - DAG(s) dict_keys(['example_branch_operator']) retrieved from /home/airflow/.local/lib/python3.7/site-packages/airflow/example_dags/example_branch_operator.py
[2023-07-24 01:24:31,528] {logging_mixin.py:115} INFO - [2023-07-24 01:24:31,528] {dag.py:2420} INFO - Sync 1 DAGs
[2023-07-24 01:24:31,540] {logging_mixin.py:115} INFO - [2023-07-24 01:24:31,540] {dag.py:2972} INFO - Setting next_dagrun for example_branch_operator to 2023-07-23T00:00:00+00:00, run_after=2023-07-24T00:00:00+00:00
[2023-07-24 01:24:31,551] {processor.py:161} INFO - Processing /home/airflow/.local/lib/python3.7/site-packages/airflow/example_dags/example_branch_operator.py took 0.046 seconds
[2023-07-24 01:25:01,688] {processor.py:153} INFO - Started process (PID=640) to work on /home/airflow/.local/lib/python3.7/site-packages/airflow/example_dags/example_branch_operator.py
[2023-07-24 01:25:01,688] {processor.py:641} INFO - Processing file /home/airflow/.local/lib/python3.7/site-packages/airflow/example_dags/example_branch_operator.py for tasks to queue
[2023-07-24 01:25:01,688] {logging_mixin.py:115} INFO - [2023-07-24 01:25:01,688] {dagbag.py:508} INFO - Filling up the DagBag from /home/airflow/.local/lib/python3.7/site-packages/airflow/example_dags/example_branch_operator.py
[2023-07-24 01:25:01,694] {processor.py:651} INFO - DAG(s) dict_keys(['example_branch_operator']) retrieved from /home/airflow/.local/lib/python3.7/site-packages/airflow/example_dags/example_branch_operator.py
[2023-07-24 01:25:01,706] {logging_mixin.py:115} INFO - [2023-07-24 01:25:01,706] {dag.py:2420} INFO - Sync 1 DAGs
[2023-07-24 01:25:01,718] {logging_mixin.py:115} INFO - [2023-07-24 01:25:01,718] {dag.py:2972} INFO - Setting next_dagrun for example_branch_operator to 2023-07-23T00:00:00+00:00, run_after=2023-07-24T00:00:00+00:00
[2023-07-24 01:25:01,727] {processor.py:161} INFO - Processing /home/airflow/.local/lib/python3.7/site-packages/airflow/example_dags/example_branch_operator.py took 0.041 seconds
[2023-07-24 01:25:32,028] {processor.py:153} INFO - Started process (PID=702) to work on /home/airflow/.local/lib/python3.7/site-packages/airflow/example_dags/example_branch_operator.py
[2023-07-24 01:25:32,031] {processor.py:641} INFO - Processing file /home/airflow/.local/lib/python3.7/site-packages/airflow/example_dags/example_branch_operator.py for tasks to queue
[2023-07-24 01:25:32,031] {logging_mixin.py:115} INFO - [2023-07-24 01:25:32,031] {dagbag.py:508} INFO - Filling up the DagBag from /home/airflow/.local/lib/python3.7/site-packages/airflow/example_dags/example_branch_operator.py
[2023-07-24 01:25:32,036] {processor.py:651} INFO - DAG(s) dict_keys(['example_branch_operator']) retrieved from /home/airflow/.local/lib/python3.7/site-packages/airflow/example_dags/example_branch_operator.py
[2023-07-24 01:25:32,049] {logging_mixin.py:115} INFO - [2023-07-24 01:25:32,049] {dag.py:2420} INFO - Sync 1 DAGs
[2023-07-24 01:25:32,061] {logging_mixin.py:115} INFO - [2023-07-24 01:25:32,061] {dag.py:2972} INFO - Setting next_dagrun for example_branch_operator to 2023-07-23T00:00:00+00:00, run_after=2023-07-24T00:00:00+00:00
[2023-07-24 01:25:32,074] {processor.py:161} INFO - Processing /home/airflow/.local/lib/python3.7/site-packages/airflow/example_dags/example_branch_operator.py took 0.048 seconds
[2023-07-24 01:26:02,398] {processor.py:153} INFO - Started process (PID=762) to work on /home/airflow/.local/lib/python3.7/site-packages/airflow/example_dags/example_branch_operator.py
[2023-07-24 01:26:02,399] {processor.py:641} INFO - Processing file /home/airflow/.local/lib/python3.7/site-packages/airflow/example_dags/example_branch_operator.py for tasks to queue
[2023-07-24 01:26:02,399] {logging_mixin.py:115} INFO - [2023-07-24 01:26:02,399] {dagbag.py:508} INFO - Filling up the DagBag from /home/airflow/.local/lib/python3.7/site-packages/airflow/example_dags/example_branch_operator.py
[2023-07-24 01:26:02,404] {processor.py:651} INFO - DAG(s) dict_keys(['example_branch_operator']) retrieved from /home/airflow/.local/lib/python3.7/site-packages/airflow/example_dags/example_branch_operator.py
[2023-07-24 01:26:02,418] {logging_mixin.py:115} INFO - [2023-07-24 01:26:02,418] {dag.py:2420} INFO - Sync 1 DAGs
[2023-07-24 01:26:02,429] {logging_mixin.py:115} INFO - [2023-07-24 01:26:02,429] {dag.py:2972} INFO - Setting next_dagrun for example_branch_operator to 2023-07-23T00:00:00+00:00, run_after=2023-07-24T00:00:00+00:00
[2023-07-24 01:26:02,440] {processor.py:161} INFO - Processing /home/airflow/.local/lib/python3.7/site-packages/airflow/example_dags/example_branch_operator.py took 0.044 seconds
[2023-07-24 01:26:32,661] {processor.py:153} INFO - Started process (PID=823) to work on /home/airflow/.local/lib/python3.7/site-packages/airflow/example_dags/example_branch_operator.py
[2023-07-24 01:26:32,662] {processor.py:641} INFO - Processing file /home/airflow/.local/lib/python3.7/site-packages/airflow/example_dags/example_branch_operator.py for tasks to queue
[2023-07-24 01:26:32,662] {logging_mixin.py:115} INFO - [2023-07-24 01:26:32,662] {dagbag.py:508} INFO - Filling up the DagBag from /home/airflow/.local/lib/python3.7/site-packages/airflow/example_dags/example_branch_operator.py
[2023-07-24 01:26:32,668] {processor.py:651} INFO - DAG(s) dict_keys(['example_branch_operator']) retrieved from /home/airflow/.local/lib/python3.7/site-packages/airflow/example_dags/example_branch_operator.py
[2023-07-24 01:26:32,683] {logging_mixin.py:115} INFO - [2023-07-24 01:26:32,683] {dag.py:2420} INFO - Sync 1 DAGs
[2023-07-24 01:26:32,695] {logging_mixin.py:115} INFO - [2023-07-24 01:26:32,695] {dag.py:2972} INFO - Setting next_dagrun for example_branch_operator to 2023-07-23T00:00:00+00:00, run_after=2023-07-24T00:00:00+00:00
[2023-07-24 01:26:32,709] {processor.py:161} INFO - Processing /home/airflow/.local/lib/python3.7/site-packages/airflow/example_dags/example_branch_operator.py took 0.050 seconds
[2023-07-24 01:27:02,993] {processor.py:153} INFO - Started process (PID=875) to work on /home/airflow/.local/lib/python3.7/site-packages/airflow/example_dags/example_branch_operator.py
[2023-07-24 01:27:02,995] {processor.py:641} INFO - Processing file /home/airflow/.local/lib/python3.7/site-packages/airflow/example_dags/example_branch_operator.py for tasks to queue
[2023-07-24 01:27:02,995] {logging_mixin.py:115} INFO - [2023-07-24 01:27:02,995] {dagbag.py:508} INFO - Filling up the DagBag from /home/airflow/.local/lib/python3.7/site-packages/airflow/example_dags/example_branch_operator.py
[2023-07-24 01:27:03,000] {processor.py:651} INFO - DAG(s) dict_keys(['example_branch_operator']) retrieved from /home/airflow/.local/lib/python3.7/site-packages/airflow/example_dags/example_branch_operator.py
[2023-07-24 01:27:03,015] {logging_mixin.py:115} INFO - [2023-07-24 01:27:03,015] {dag.py:2420} INFO - Sync 1 DAGs
[2023-07-24 01:27:03,026] {logging_mixin.py:115} INFO - [2023-07-24 01:27:03,026] {dag.py:2972} INFO - Setting next_dagrun for example_branch_operator to 2023-07-23T00:00:00+00:00, run_after=2023-07-24T00:00:00+00:00
[2023-07-24 01:27:03,037] {processor.py:161} INFO - Processing /home/airflow/.local/lib/python3.7/site-packages/airflow/example_dags/example_branch_operator.py took 0.045 seconds
[2023-07-24 01:27:33,367] {processor.py:153} INFO - Started process (PID=936) to work on /home/airflow/.local/lib/python3.7/site-packages/airflow/example_dags/example_branch_operator.py
[2023-07-24 01:27:33,368] {processor.py:641} INFO - Processing file /home/airflow/.local/lib/python3.7/site-packages/airflow/example_dags/example_branch_operator.py for tasks to queue
[2023-07-24 01:27:33,369] {logging_mixin.py:115} INFO - [2023-07-24 01:27:33,369] {dagbag.py:508} INFO - Filling up the DagBag from /home/airflow/.local/lib/python3.7/site-packages/airflow/example_dags/example_branch_operator.py
[2023-07-24 01:27:33,373] {processor.py:651} INFO - DAG(s) dict_keys(['example_branch_operator']) retrieved from /home/airflow/.local/lib/python3.7/site-packages/airflow/example_dags/example_branch_operator.py
[2023-07-24 01:27:33,387] {logging_mixin.py:115} INFO - [2023-07-24 01:27:33,387] {dag.py:2420} INFO - Sync 1 DAGs
[2023-07-24 01:27:33,398] {logging_mixin.py:115} INFO - [2023-07-24 01:27:33,398] {dag.py:2972} INFO - Setting next_dagrun for example_branch_operator to 2023-07-23T00:00:00+00:00, run_after=2023-07-24T00:00:00+00:00
[2023-07-24 01:27:33,407] {processor.py:161} INFO - Processing /home/airflow/.local/lib/python3.7/site-packages/airflow/example_dags/example_branch_operator.py took 0.042 seconds
[2023-07-24 01:28:03,647] {processor.py:153} INFO - Started process (PID=997) to work on /home/airflow/.local/lib/python3.7/site-packages/airflow/example_dags/example_branch_operator.py
[2023-07-24 01:28:03,649] {processor.py:641} INFO - Processing file /home/airflow/.local/lib/python3.7/site-packages/airflow/example_dags/example_branch_operator.py for tasks to queue
[2023-07-24 01:28:03,649] {logging_mixin.py:115} INFO - [2023-07-24 01:28:03,649] {dagbag.py:508} INFO - Filling up the DagBag from /home/airflow/.local/lib/python3.7/site-packages/airflow/example_dags/example_branch_operator.py
[2023-07-24 01:28:03,654] {processor.py:651} INFO - DAG(s) dict_keys(['example_branch_operator']) retrieved from /home/airflow/.local/lib/python3.7/site-packages/airflow/example_dags/example_branch_operator.py
[2023-07-24 01:28:03,668] {logging_mixin.py:115} INFO - [2023-07-24 01:28:03,668] {dag.py:2420} INFO - Sync 1 DAGs
[2023-07-24 01:28:03,680] {logging_mixin.py:115} INFO - [2023-07-24 01:28:03,680] {dag.py:2972} INFO - Setting next_dagrun for example_branch_operator to 2023-07-23T00:00:00+00:00, run_after=2023-07-24T00:00:00+00:00
[2023-07-24 01:28:03,691] {processor.py:161} INFO - Processing /home/airflow/.local/lib/python3.7/site-packages/airflow/example_dags/example_branch_operator.py took 0.045 seconds
[2023-07-24 01:28:34,153] {processor.py:153} INFO - Started process (PID=1058) to work on /home/airflow/.local/lib/python3.7/site-packages/airflow/example_dags/example_branch_operator.py
[2023-07-24 01:28:34,155] {processor.py:641} INFO - Processing file /home/airflow/.local/lib/python3.7/site-packages/airflow/example_dags/example_branch_operator.py for tasks to queue
[2023-07-24 01:28:34,155] {logging_mixin.py:115} INFO - [2023-07-24 01:28:34,155] {dagbag.py:508} INFO - Filling up the DagBag from /home/airflow/.local/lib/python3.7/site-packages/airflow/example_dags/example_branch_operator.py
[2023-07-24 01:28:34,160] {processor.py:651} INFO - DAG(s) dict_keys(['example_branch_operator']) retrieved from /home/airflow/.local/lib/python3.7/site-packages/airflow/example_dags/example_branch_operator.py
[2023-07-24 01:28:34,175] {logging_mixin.py:115} INFO - [2023-07-24 01:28:34,175] {dag.py:2420} INFO - Sync 1 DAGs
[2023-07-24 01:28:34,188] {logging_mixin.py:115} INFO - [2023-07-24 01:28:34,188] {dag.py:2972} INFO - Setting next_dagrun for example_branch_operator to 2023-07-23T00:00:00+00:00, run_after=2023-07-24T00:00:00+00:00
[2023-07-24 01:28:34,198] {processor.py:161} INFO - Processing /home/airflow/.local/lib/python3.7/site-packages/airflow/example_dags/example_branch_operator.py took 0.047 seconds
[2023-07-24 01:29:04,658] {processor.py:153} INFO - Started process (PID=1110) to work on /home/airflow/.local/lib/python3.7/site-packages/airflow/example_dags/example_branch_operator.py
[2023-07-24 01:29:04,659] {processor.py:641} INFO - Processing file /home/airflow/.local/lib/python3.7/site-packages/airflow/example_dags/example_branch_operator.py for tasks to queue
[2023-07-24 01:29:04,659] {logging_mixin.py:115} INFO - [2023-07-24 01:29:04,659] {dagbag.py:508} INFO - Filling up the DagBag from /home/airflow/.local/lib/python3.7/site-packages/airflow/example_dags/example_branch_operator.py
[2023-07-24 01:29:04,664] {processor.py:651} INFO - DAG(s) dict_keys(['example_branch_operator']) retrieved from /home/airflow/.local/lib/python3.7/site-packages/airflow/example_dags/example_branch_operator.py
[2023-07-24 01:29:04,678] {logging_mixin.py:115} INFO - [2023-07-24 01:29:04,677] {dag.py:2420} INFO - Sync 1 DAGs
[2023-07-24 01:29:04,689] {logging_mixin.py:115} INFO - [2023-07-24 01:29:04,689] {dag.py:2972} INFO - Setting next_dagrun for example_branch_operator to 2023-07-23T00:00:00+00:00, run_after=2023-07-24T00:00:00+00:00
[2023-07-24 01:29:04,700] {processor.py:161} INFO - Processing /home/airflow/.local/lib/python3.7/site-packages/airflow/example_dags/example_branch_operator.py took 0.043 seconds
[2023-07-24 01:29:35,329] {processor.py:153} INFO - Started process (PID=1171) to work on /home/airflow/.local/lib/python3.7/site-packages/airflow/example_dags/example_branch_operator.py
[2023-07-24 01:29:35,331] {processor.py:641} INFO - Processing file /home/airflow/.local/lib/python3.7/site-packages/airflow/example_dags/example_branch_operator.py for tasks to queue
[2023-07-24 01:29:35,331] {logging_mixin.py:115} INFO - [2023-07-24 01:29:35,331] {dagbag.py:508} INFO - Filling up the DagBag from /home/airflow/.local/lib/python3.7/site-packages/airflow/example_dags/example_branch_operator.py
[2023-07-24 01:29:35,336] {processor.py:651} INFO - DAG(s) dict_keys(['example_branch_operator']) retrieved from /home/airflow/.local/lib/python3.7/site-packages/airflow/example_dags/example_branch_operator.py
[2023-07-24 01:29:35,350] {logging_mixin.py:115} INFO - [2023-07-24 01:29:35,350] {dag.py:2420} INFO - Sync 1 DAGs
[2023-07-24 01:29:35,361] {logging_mixin.py:115} INFO - [2023-07-24 01:29:35,361] {dag.py:2972} INFO - Setting next_dagrun for example_branch_operator to 2023-07-23T00:00:00+00:00, run_after=2023-07-24T00:00:00+00:00
[2023-07-24 01:29:35,371] {processor.py:161} INFO - Processing /home/airflow/.local/lib/python3.7/site-packages/airflow/example_dags/example_branch_operator.py took 0.043 seconds
[2023-07-24 01:30:05,734] {processor.py:153} INFO - Started process (PID=1232) to work on /home/airflow/.local/lib/python3.7/site-packages/airflow/example_dags/example_branch_operator.py
[2023-07-24 01:30:05,734] {processor.py:641} INFO - Processing file /home/airflow/.local/lib/python3.7/site-packages/airflow/example_dags/example_branch_operator.py for tasks to queue
[2023-07-24 01:30:05,735] {logging_mixin.py:115} INFO - [2023-07-24 01:30:05,735] {dagbag.py:508} INFO - Filling up the DagBag from /home/airflow/.local/lib/python3.7/site-packages/airflow/example_dags/example_branch_operator.py
[2023-07-24 01:30:05,740] {processor.py:651} INFO - DAG(s) dict_keys(['example_branch_operator']) retrieved from /home/airflow/.local/lib/python3.7/site-packages/airflow/example_dags/example_branch_operator.py
[2023-07-24 01:30:05,754] {logging_mixin.py:115} INFO - [2023-07-24 01:30:05,754] {dag.py:2420} INFO - Sync 1 DAGs
[2023-07-24 01:30:05,765] {logging_mixin.py:115} INFO - [2023-07-24 01:30:05,765] {dag.py:2972} INFO - Setting next_dagrun for example_branch_operator to 2023-07-23T00:00:00+00:00, run_after=2023-07-24T00:00:00+00:00
[2023-07-24 01:30:05,776] {processor.py:161} INFO - Processing /home/airflow/.local/lib/python3.7/site-packages/airflow/example_dags/example_branch_operator.py took 0.044 seconds
[2023-07-24 01:30:36,114] {processor.py:153} INFO - Started process (PID=1293) to work on /home/airflow/.local/lib/python3.7/site-packages/airflow/example_dags/example_branch_operator.py
[2023-07-24 01:30:36,116] {processor.py:641} INFO - Processing file /home/airflow/.local/lib/python3.7/site-packages/airflow/example_dags/example_branch_operator.py for tasks to queue
[2023-07-24 01:30:36,116] {logging_mixin.py:115} INFO - [2023-07-24 01:30:36,116] {dagbag.py:508} INFO - Filling up the DagBag from /home/airflow/.local/lib/python3.7/site-packages/airflow/example_dags/example_branch_operator.py
[2023-07-24 01:30:36,121] {processor.py:651} INFO - DAG(s) dict_keys(['example_branch_operator']) retrieved from /home/airflow/.local/lib/python3.7/site-packages/airflow/example_dags/example_branch_operator.py
[2023-07-24 01:30:36,134] {logging_mixin.py:115} INFO - [2023-07-24 01:30:36,134] {dag.py:2420} INFO - Sync 1 DAGs
[2023-07-24 01:30:36,145] {logging_mixin.py:115} INFO - [2023-07-24 01:30:36,145] {dag.py:2972} INFO - Setting next_dagrun for example_branch_operator to 2023-07-23T00:00:00+00:00, run_after=2023-07-24T00:00:00+00:00
[2023-07-24 01:30:36,155] {processor.py:161} INFO - Processing /home/airflow/.local/lib/python3.7/site-packages/airflow/example_dags/example_branch_operator.py took 0.042 seconds
[2023-07-24 01:31:06,620] {processor.py:153} INFO - Started process (PID=1344) to work on /home/airflow/.local/lib/python3.7/site-packages/airflow/example_dags/example_branch_operator.py
[2023-07-24 01:31:06,620] {processor.py:641} INFO - Processing file /home/airflow/.local/lib/python3.7/site-packages/airflow/example_dags/example_branch_operator.py for tasks to queue
[2023-07-24 01:31:06,620] {logging_mixin.py:115} INFO - [2023-07-24 01:31:06,620] {dagbag.py:508} INFO - Filling up the DagBag from /home/airflow/.local/lib/python3.7/site-packages/airflow/example_dags/example_branch_operator.py
[2023-07-24 01:31:06,625] {processor.py:651} INFO - DAG(s) dict_keys(['example_branch_operator']) retrieved from /home/airflow/.local/lib/python3.7/site-packages/airflow/example_dags/example_branch_operator.py
[2023-07-24 01:31:06,639] {logging_mixin.py:115} INFO - [2023-07-24 01:31:06,639] {dag.py:2420} INFO - Sync 1 DAGs
[2023-07-24 01:31:06,651] {logging_mixin.py:115} INFO - [2023-07-24 01:31:06,651] {dag.py:2972} INFO - Setting next_dagrun for example_branch_operator to 2023-07-23T00:00:00+00:00, run_after=2023-07-24T00:00:00+00:00
[2023-07-24 01:31:06,662] {processor.py:161} INFO - Processing /home/airflow/.local/lib/python3.7/site-packages/airflow/example_dags/example_branch_operator.py took 0.044 seconds
[2023-07-24 01:31:37,061] {processor.py:153} INFO - Started process (PID=1404) to work on /home/airflow/.local/lib/python3.7/site-packages/airflow/example_dags/example_branch_operator.py
[2023-07-24 01:31:37,062] {processor.py:641} INFO - Processing file /home/airflow/.local/lib/python3.7/site-packages/airflow/example_dags/example_branch_operator.py for tasks to queue
[2023-07-24 01:31:37,062] {logging_mixin.py:115} INFO - [2023-07-24 01:31:37,062] {dagbag.py:508} INFO - Filling up the DagBag from /home/airflow/.local/lib/python3.7/site-packages/airflow/example_dags/example_branch_operator.py
[2023-07-24 01:31:37,068] {processor.py:651} INFO - DAG(s) dict_keys(['example_branch_operator']) retrieved from /home/airflow/.local/lib/python3.7/site-packages/airflow/example_dags/example_branch_operator.py
[2023-07-24 01:31:37,082] {logging_mixin.py:115} INFO - [2023-07-24 01:31:37,082] {dag.py:2420} INFO - Sync 1 DAGs
[2023-07-24 01:31:37,094] {logging_mixin.py:115} INFO - [2023-07-24 01:31:37,094] {dag.py:2972} INFO - Setting next_dagrun for example_branch_operator to 2023-07-23T00:00:00+00:00, run_after=2023-07-24T00:00:00+00:00
[2023-07-24 01:31:37,103] {processor.py:161} INFO - Processing /home/airflow/.local/lib/python3.7/site-packages/airflow/example_dags/example_branch_operator.py took 0.043 seconds
[2023-07-24 01:32:07,350] {processor.py:153} INFO - Started process (PID=1465) to work on /home/airflow/.local/lib/python3.7/site-packages/airflow/example_dags/example_branch_operator.py
[2023-07-24 01:32:07,350] {processor.py:641} INFO - Processing file /home/airflow/.local/lib/python3.7/site-packages/airflow/example_dags/example_branch_operator.py for tasks to queue
[2023-07-24 01:32:07,351] {logging_mixin.py:115} INFO - [2023-07-24 01:32:07,351] {dagbag.py:508} INFO - Filling up the DagBag from /home/airflow/.local/lib/python3.7/site-packages/airflow/example_dags/example_branch_operator.py
[2023-07-24 01:32:07,356] {processor.py:651} INFO - DAG(s) dict_keys(['example_branch_operator']) retrieved from /home/airflow/.local/lib/python3.7/site-packages/airflow/example_dags/example_branch_operator.py
[2023-07-24 01:32:07,372] {logging_mixin.py:115} INFO - [2023-07-24 01:32:07,372] {dag.py:2420} INFO - Sync 1 DAGs
[2023-07-24 01:32:07,383] {logging_mixin.py:115} INFO - [2023-07-24 01:32:07,383] {dag.py:2972} INFO - Setting next_dagrun for example_branch_operator to 2023-07-23T00:00:00+00:00, run_after=2023-07-24T00:00:00+00:00
[2023-07-24 01:32:07,396] {processor.py:161} INFO - Processing /home/airflow/.local/lib/python3.7/site-packages/airflow/example_dags/example_branch_operator.py took 0.048 seconds
[2023-07-24 01:32:37,709] {processor.py:153} INFO - Started process (PID=1525) to work on /home/airflow/.local/lib/python3.7/site-packages/airflow/example_dags/example_branch_operator.py
[2023-07-24 01:32:37,711] {processor.py:641} INFO - Processing file /home/airflow/.local/lib/python3.7/site-packages/airflow/example_dags/example_branch_operator.py for tasks to queue
[2023-07-24 01:32:37,711] {logging_mixin.py:115} INFO - [2023-07-24 01:32:37,711] {dagbag.py:508} INFO - Filling up the DagBag from /home/airflow/.local/lib/python3.7/site-packages/airflow/example_dags/example_branch_operator.py
[2023-07-24 01:32:37,716] {processor.py:651} INFO - DAG(s) dict_keys(['example_branch_operator']) retrieved from /home/airflow/.local/lib/python3.7/site-packages/airflow/example_dags/example_branch_operator.py
[2023-07-24 01:32:37,730] {logging_mixin.py:115} INFO - [2023-07-24 01:32:37,730] {dag.py:2420} INFO - Sync 1 DAGs
[2023-07-24 01:32:37,741] {logging_mixin.py:115} INFO - [2023-07-24 01:32:37,741] {dag.py:2972} INFO - Setting next_dagrun for example_branch_operator to 2023-07-23T00:00:00+00:00, run_after=2023-07-24T00:00:00+00:00
[2023-07-24 01:32:37,751] {processor.py:161} INFO - Processing /home/airflow/.local/lib/python3.7/site-packages/airflow/example_dags/example_branch_operator.py took 0.043 seconds
[2023-07-24 01:33:08,086] {processor.py:153} INFO - Started process (PID=1577) to work on /home/airflow/.local/lib/python3.7/site-packages/airflow/example_dags/example_branch_operator.py
[2023-07-24 01:33:08,086] {processor.py:641} INFO - Processing file /home/airflow/.local/lib/python3.7/site-packages/airflow/example_dags/example_branch_operator.py for tasks to queue
[2023-07-24 01:33:08,086] {logging_mixin.py:115} INFO - [2023-07-24 01:33:08,086] {dagbag.py:508} INFO - Filling up the DagBag from /home/airflow/.local/lib/python3.7/site-packages/airflow/example_dags/example_branch_operator.py
[2023-07-24 01:33:08,091] {processor.py:651} INFO - DAG(s) dict_keys(['example_branch_operator']) retrieved from /home/airflow/.local/lib/python3.7/site-packages/airflow/example_dags/example_branch_operator.py
[2023-07-24 01:33:08,107] {logging_mixin.py:115} INFO - [2023-07-24 01:33:08,107] {dag.py:2420} INFO - Sync 1 DAGs
[2023-07-24 01:33:08,120] {logging_mixin.py:115} INFO - [2023-07-24 01:33:08,120] {dag.py:2972} INFO - Setting next_dagrun for example_branch_operator to 2023-07-23T00:00:00+00:00, run_after=2023-07-24T00:00:00+00:00
[2023-07-24 01:33:08,133] {processor.py:161} INFO - Processing /home/airflow/.local/lib/python3.7/site-packages/airflow/example_dags/example_branch_operator.py took 0.048 seconds
[2023-07-24 01:33:38,425] {processor.py:153} INFO - Started process (PID=1637) to work on /home/airflow/.local/lib/python3.7/site-packages/airflow/example_dags/example_branch_operator.py
[2023-07-24 01:33:38,426] {processor.py:641} INFO - Processing file /home/airflow/.local/lib/python3.7/site-packages/airflow/example_dags/example_branch_operator.py for tasks to queue
[2023-07-24 01:33:38,427] {logging_mixin.py:115} INFO - [2023-07-24 01:33:38,427] {dagbag.py:508} INFO - Filling up the DagBag from /home/airflow/.local/lib/python3.7/site-packages/airflow/example_dags/example_branch_operator.py
[2023-07-24 01:33:38,432] {processor.py:651} INFO - DAG(s) dict_keys(['example_branch_operator']) retrieved from /home/airflow/.local/lib/python3.7/site-packages/airflow/example_dags/example_branch_operator.py
[2023-07-24 01:33:38,447] {logging_mixin.py:115} INFO - [2023-07-24 01:33:38,447] {dag.py:2420} INFO - Sync 1 DAGs
[2023-07-24 01:33:38,459] {logging_mixin.py:115} INFO - [2023-07-24 01:33:38,459] {dag.py:2972} INFO - Setting next_dagrun for example_branch_operator to 2023-07-23T00:00:00+00:00, run_after=2023-07-24T00:00:00+00:00
[2023-07-24 01:33:38,473] {processor.py:161} INFO - Processing /home/airflow/.local/lib/python3.7/site-packages/airflow/example_dags/example_branch_operator.py took 0.049 seconds
[2023-07-24 01:34:08,878] {processor.py:153} INFO - Started process (PID=1697) to work on /home/airflow/.local/lib/python3.7/site-packages/airflow/example_dags/example_branch_operator.py
[2023-07-24 01:34:08,879] {processor.py:641} INFO - Processing file /home/airflow/.local/lib/python3.7/site-packages/airflow/example_dags/example_branch_operator.py for tasks to queue
[2023-07-24 01:34:08,879] {logging_mixin.py:115} INFO - [2023-07-24 01:34:08,879] {dagbag.py:508} INFO - Filling up the DagBag from /home/airflow/.local/lib/python3.7/site-packages/airflow/example_dags/example_branch_operator.py
[2023-07-24 01:34:08,884] {processor.py:651} INFO - DAG(s) dict_keys(['example_branch_operator']) retrieved from /home/airflow/.local/lib/python3.7/site-packages/airflow/example_dags/example_branch_operator.py
[2023-07-24 01:34:08,898] {logging_mixin.py:115} INFO - [2023-07-24 01:34:08,898] {dag.py:2420} INFO - Sync 1 DAGs
[2023-07-24 01:34:08,910] {logging_mixin.py:115} INFO - [2023-07-24 01:34:08,910] {dag.py:2972} INFO - Setting next_dagrun for example_branch_operator to 2023-07-23T00:00:00+00:00, run_after=2023-07-24T00:00:00+00:00
[2023-07-24 01:34:08,920] {processor.py:161} INFO - Processing /home/airflow/.local/lib/python3.7/site-packages/airflow/example_dags/example_branch_operator.py took 0.043 seconds
[2023-07-24 01:34:39,190] {processor.py:153} INFO - Started process (PID=1757) to work on /home/airflow/.local/lib/python3.7/site-packages/airflow/example_dags/example_branch_operator.py
[2023-07-24 01:34:39,192] {processor.py:641} INFO - Processing file /home/airflow/.local/lib/python3.7/site-packages/airflow/example_dags/example_branch_operator.py for tasks to queue
[2023-07-24 01:34:39,192] {logging_mixin.py:115} INFO - [2023-07-24 01:34:39,192] {dagbag.py:508} INFO - Filling up the DagBag from /home/airflow/.local/lib/python3.7/site-packages/airflow/example_dags/example_branch_operator.py
[2023-07-24 01:34:39,197] {processor.py:651} INFO - DAG(s) dict_keys(['example_branch_operator']) retrieved from /home/airflow/.local/lib/python3.7/site-packages/airflow/example_dags/example_branch_operator.py
[2023-07-24 01:34:39,211] {logging_mixin.py:115} INFO - [2023-07-24 01:34:39,211] {dag.py:2420} INFO - Sync 1 DAGs
[2023-07-24 01:34:39,222] {logging_mixin.py:115} INFO - [2023-07-24 01:34:39,222] {dag.py:2972} INFO - Setting next_dagrun for example_branch_operator to 2023-07-23T00:00:00+00:00, run_after=2023-07-24T00:00:00+00:00
[2023-07-24 01:34:39,236] {processor.py:161} INFO - Processing /home/airflow/.local/lib/python3.7/site-packages/airflow/example_dags/example_branch_operator.py took 0.047 seconds
[2023-07-24 01:35:09,595] {processor.py:153} INFO - Started process (PID=1809) to work on /home/airflow/.local/lib/python3.7/site-packages/airflow/example_dags/example_branch_operator.py
[2023-07-24 01:35:09,596] {processor.py:641} INFO - Processing file /home/airflow/.local/lib/python3.7/site-packages/airflow/example_dags/example_branch_operator.py for tasks to queue
[2023-07-24 01:35:09,596] {logging_mixin.py:115} INFO - [2023-07-24 01:35:09,596] {dagbag.py:508} INFO - Filling up the DagBag from /home/airflow/.local/lib/python3.7/site-packages/airflow/example_dags/example_branch_operator.py
[2023-07-24 01:35:09,601] {processor.py:651} INFO - DAG(s) dict_keys(['example_branch_operator']) retrieved from /home/airflow/.local/lib/python3.7/site-packages/airflow/example_dags/example_branch_operator.py
[2023-07-24 01:35:09,614] {logging_mixin.py:115} INFO - [2023-07-24 01:35:09,614] {dag.py:2420} INFO - Sync 1 DAGs
[2023-07-24 01:35:09,627] {logging_mixin.py:115} INFO - [2023-07-24 01:35:09,627] {dag.py:2972} INFO - Setting next_dagrun for example_branch_operator to 2023-07-23T00:00:00+00:00, run_after=2023-07-24T00:00:00+00:00
[2023-07-24 01:35:09,636] {processor.py:161} INFO - Processing /home/airflow/.local/lib/python3.7/site-packages/airflow/example_dags/example_branch_operator.py took 0.042 seconds
[2023-07-24 01:35:40,109] {processor.py:153} INFO - Started process (PID=1870) to work on /home/airflow/.local/lib/python3.7/site-packages/airflow/example_dags/example_branch_operator.py
[2023-07-24 01:35:40,110] {processor.py:641} INFO - Processing file /home/airflow/.local/lib/python3.7/site-packages/airflow/example_dags/example_branch_operator.py for tasks to queue
[2023-07-24 01:35:40,110] {logging_mixin.py:115} INFO - [2023-07-24 01:35:40,110] {dagbag.py:508} INFO - Filling up the DagBag from /home/airflow/.local/lib/python3.7/site-packages/airflow/example_dags/example_branch_operator.py
[2023-07-24 01:35:40,115] {processor.py:651} INFO - DAG(s) dict_keys(['example_branch_operator']) retrieved from /home/airflow/.local/lib/python3.7/site-packages/airflow/example_dags/example_branch_operator.py
[2023-07-24 01:35:40,129] {logging_mixin.py:115} INFO - [2023-07-24 01:35:40,129] {dag.py:2420} INFO - Sync 1 DAGs
[2023-07-24 01:35:40,141] {logging_mixin.py:115} INFO - [2023-07-24 01:35:40,141] {dag.py:2972} INFO - Setting next_dagrun for example_branch_operator to 2023-07-23T00:00:00+00:00, run_after=2023-07-24T00:00:00+00:00
[2023-07-24 01:35:40,150] {processor.py:161} INFO - Processing /home/airflow/.local/lib/python3.7/site-packages/airflow/example_dags/example_branch_operator.py took 0.043 seconds
[2023-07-24 01:36:10,641] {processor.py:153} INFO - Started process (PID=1929) to work on /home/airflow/.local/lib/python3.7/site-packages/airflow/example_dags/example_branch_operator.py
[2023-07-24 01:36:10,641] {processor.py:641} INFO - Processing file /home/airflow/.local/lib/python3.7/site-packages/airflow/example_dags/example_branch_operator.py for tasks to queue
[2023-07-24 01:36:10,641] {logging_mixin.py:115} INFO - [2023-07-24 01:36:10,641] {dagbag.py:508} INFO - Filling up the DagBag from /home/airflow/.local/lib/python3.7/site-packages/airflow/example_dags/example_branch_operator.py
[2023-07-24 01:36:10,646] {processor.py:651} INFO - DAG(s) dict_keys(['example_branch_operator']) retrieved from /home/airflow/.local/lib/python3.7/site-packages/airflow/example_dags/example_branch_operator.py
[2023-07-24 01:36:10,659] {logging_mixin.py:115} INFO - [2023-07-24 01:36:10,659] {dag.py:2420} INFO - Sync 1 DAGs
[2023-07-24 01:36:10,671] {logging_mixin.py:115} INFO - [2023-07-24 01:36:10,671] {dag.py:2972} INFO - Setting next_dagrun for example_branch_operator to 2023-07-23T00:00:00+00:00, run_after=2023-07-24T00:00:00+00:00
[2023-07-24 01:36:10,679] {processor.py:161} INFO - Processing /home/airflow/.local/lib/python3.7/site-packages/airflow/example_dags/example_branch_operator.py took 0.040 seconds
[2023-07-24 01:36:41,213] {processor.py:153} INFO - Started process (PID=1989) to work on /home/airflow/.local/lib/python3.7/site-packages/airflow/example_dags/example_branch_operator.py
[2023-07-24 01:36:41,214] {processor.py:641} INFO - Processing file /home/airflow/.local/lib/python3.7/site-packages/airflow/example_dags/example_branch_operator.py for tasks to queue
[2023-07-24 01:36:41,214] {logging_mixin.py:115} INFO - [2023-07-24 01:36:41,214] {dagbag.py:508} INFO - Filling up the DagBag from /home/airflow/.local/lib/python3.7/site-packages/airflow/example_dags/example_branch_operator.py
[2023-07-24 01:36:41,219] {processor.py:651} INFO - DAG(s) dict_keys(['example_branch_operator']) retrieved from /home/airflow/.local/lib/python3.7/site-packages/airflow/example_dags/example_branch_operator.py
[2023-07-24 01:36:41,233] {logging_mixin.py:115} INFO - [2023-07-24 01:36:41,233] {dag.py:2420} INFO - Sync 1 DAGs
[2023-07-24 01:36:41,245] {logging_mixin.py:115} INFO - [2023-07-24 01:36:41,245] {dag.py:2972} INFO - Setting next_dagrun for example_branch_operator to 2023-07-23T00:00:00+00:00, run_after=2023-07-24T00:00:00+00:00
[2023-07-24 01:36:41,254] {processor.py:161} INFO - Processing /home/airflow/.local/lib/python3.7/site-packages/airflow/example_dags/example_branch_operator.py took 0.043 seconds
[2023-07-24 01:37:11,726] {processor.py:153} INFO - Started process (PID=2041) to work on /home/airflow/.local/lib/python3.7/site-packages/airflow/example_dags/example_branch_operator.py
[2023-07-24 01:37:11,726] {processor.py:641} INFO - Processing file /home/airflow/.local/lib/python3.7/site-packages/airflow/example_dags/example_branch_operator.py for tasks to queue
[2023-07-24 01:37:11,726] {logging_mixin.py:115} INFO - [2023-07-24 01:37:11,726] {dagbag.py:508} INFO - Filling up the DagBag from /home/airflow/.local/lib/python3.7/site-packages/airflow/example_dags/example_branch_operator.py
[2023-07-24 01:37:11,731] {processor.py:651} INFO - DAG(s) dict_keys(['example_branch_operator']) retrieved from /home/airflow/.local/lib/python3.7/site-packages/airflow/example_dags/example_branch_operator.py
[2023-07-24 01:37:11,746] {logging_mixin.py:115} INFO - [2023-07-24 01:37:11,746] {dag.py:2420} INFO - Sync 1 DAGs
[2023-07-24 01:37:11,759] {logging_mixin.py:115} INFO - [2023-07-24 01:37:11,758] {dag.py:2972} INFO - Setting next_dagrun for example_branch_operator to 2023-07-23T00:00:00+00:00, run_after=2023-07-24T00:00:00+00:00
[2023-07-24 01:37:11,769] {processor.py:161} INFO - Processing /home/airflow/.local/lib/python3.7/site-packages/airflow/example_dags/example_branch_operator.py took 0.044 seconds
[2023-07-24 01:37:42,350] {processor.py:153} INFO - Started process (PID=2101) to work on /home/airflow/.local/lib/python3.7/site-packages/airflow/example_dags/example_branch_operator.py
[2023-07-24 01:37:42,352] {processor.py:641} INFO - Processing file /home/airflow/.local/lib/python3.7/site-packages/airflow/example_dags/example_branch_operator.py for tasks to queue
[2023-07-24 01:37:42,352] {logging_mixin.py:115} INFO - [2023-07-24 01:37:42,352] {dagbag.py:508} INFO - Filling up the DagBag from /home/airflow/.local/lib/python3.7/site-packages/airflow/example_dags/example_branch_operator.py
[2023-07-24 01:37:42,358] {processor.py:651} INFO - DAG(s) dict_keys(['example_branch_operator']) retrieved from /home/airflow/.local/lib/python3.7/site-packages/airflow/example_dags/example_branch_operator.py
[2023-07-24 01:37:42,372] {logging_mixin.py:115} INFO - [2023-07-24 01:37:42,372] {dag.py:2420} INFO - Sync 1 DAGs
[2023-07-24 01:37:42,385] {logging_mixin.py:115} INFO - [2023-07-24 01:37:42,385] {dag.py:2972} INFO - Setting next_dagrun for example_branch_operator to 2023-07-23T00:00:00+00:00, run_after=2023-07-24T00:00:00+00:00
[2023-07-24 01:37:42,392] {processor.py:161} INFO - Processing /home/airflow/.local/lib/python3.7/site-packages/airflow/example_dags/example_branch_operator.py took 0.044 seconds
[2023-07-24 01:38:12,768] {processor.py:153} INFO - Started process (PID=2161) to work on /home/airflow/.local/lib/python3.7/site-packages/airflow/example_dags/example_branch_operator.py
[2023-07-24 01:38:12,770] {processor.py:641} INFO - Processing file /home/airflow/.local/lib/python3.7/site-packages/airflow/example_dags/example_branch_operator.py for tasks to queue
[2023-07-24 01:38:12,770] {logging_mixin.py:115} INFO - [2023-07-24 01:38:12,770] {dagbag.py:508} INFO - Filling up the DagBag from /home/airflow/.local/lib/python3.7/site-packages/airflow/example_dags/example_branch_operator.py
[2023-07-24 01:38:12,776] {processor.py:651} INFO - DAG(s) dict_keys(['example_branch_operator']) retrieved from /home/airflow/.local/lib/python3.7/site-packages/airflow/example_dags/example_branch_operator.py
[2023-07-24 01:38:12,790] {logging_mixin.py:115} INFO - [2023-07-24 01:38:12,790] {dag.py:2420} INFO - Sync 1 DAGs
[2023-07-24 01:38:12,803] {logging_mixin.py:115} INFO - [2023-07-24 01:38:12,803] {dag.py:2972} INFO - Setting next_dagrun for example_branch_operator to 2023-07-23T00:00:00+00:00, run_after=2023-07-24T00:00:00+00:00
[2023-07-24 01:38:12,811] {processor.py:161} INFO - Processing /home/airflow/.local/lib/python3.7/site-packages/airflow/example_dags/example_branch_operator.py took 0.045 seconds
[2023-07-24 01:38:43,285] {processor.py:153} INFO - Started process (PID=2222) to work on /home/airflow/.local/lib/python3.7/site-packages/airflow/example_dags/example_branch_operator.py
[2023-07-24 01:38:43,285] {processor.py:641} INFO - Processing file /home/airflow/.local/lib/python3.7/site-packages/airflow/example_dags/example_branch_operator.py for tasks to queue
[2023-07-24 01:38:43,285] {logging_mixin.py:115} INFO - [2023-07-24 01:38:43,285] {dagbag.py:508} INFO - Filling up the DagBag from /home/airflow/.local/lib/python3.7/site-packages/airflow/example_dags/example_branch_operator.py
[2023-07-24 01:38:43,290] {processor.py:651} INFO - DAG(s) dict_keys(['example_branch_operator']) retrieved from /home/airflow/.local/lib/python3.7/site-packages/airflow/example_dags/example_branch_operator.py
[2023-07-24 01:38:43,305] {logging_mixin.py:115} INFO - [2023-07-24 01:38:43,305] {dag.py:2420} INFO - Sync 1 DAGs
[2023-07-24 01:38:43,317] {logging_mixin.py:115} INFO - [2023-07-24 01:38:43,317] {dag.py:2972} INFO - Setting next_dagrun for example_branch_operator to 2023-07-23T00:00:00+00:00, run_after=2023-07-24T00:00:00+00:00
[2023-07-24 01:38:43,325] {processor.py:161} INFO - Processing /home/airflow/.local/lib/python3.7/site-packages/airflow/example_dags/example_branch_operator.py took 0.042 seconds
[2023-07-24 01:39:13,788] {processor.py:153} INFO - Started process (PID=2282) to work on /home/airflow/.local/lib/python3.7/site-packages/airflow/example_dags/example_branch_operator.py
[2023-07-24 01:39:13,791] {processor.py:641} INFO - Processing file /home/airflow/.local/lib/python3.7/site-packages/airflow/example_dags/example_branch_operator.py for tasks to queue
[2023-07-24 01:39:13,791] {logging_mixin.py:115} INFO - [2023-07-24 01:39:13,791] {dagbag.py:508} INFO - Filling up the DagBag from /home/airflow/.local/lib/python3.7/site-packages/airflow/example_dags/example_branch_operator.py
[2023-07-24 01:39:13,796] {processor.py:651} INFO - DAG(s) dict_keys(['example_branch_operator']) retrieved from /home/airflow/.local/lib/python3.7/site-packages/airflow/example_dags/example_branch_operator.py
[2023-07-24 01:39:13,812] {logging_mixin.py:115} INFO - [2023-07-24 01:39:13,812] {dag.py:2420} INFO - Sync 1 DAGs
[2023-07-24 01:39:13,826] {logging_mixin.py:115} INFO - [2023-07-24 01:39:13,826] {dag.py:2972} INFO - Setting next_dagrun for example_branch_operator to 2023-07-23T00:00:00+00:00, run_after=2023-07-24T00:00:00+00:00
[2023-07-24 01:39:13,837] {processor.py:161} INFO - Processing /home/airflow/.local/lib/python3.7/site-packages/airflow/example_dags/example_branch_operator.py took 0.051 seconds
[2023-07-24 01:39:44,333] {processor.py:153} INFO - Started process (PID=2333) to work on /home/airflow/.local/lib/python3.7/site-packages/airflow/example_dags/example_branch_operator.py
[2023-07-24 01:39:44,333] {processor.py:641} INFO - Processing file /home/airflow/.local/lib/python3.7/site-packages/airflow/example_dags/example_branch_operator.py for tasks to queue
[2023-07-24 01:39:44,333] {logging_mixin.py:115} INFO - [2023-07-24 01:39:44,333] {dagbag.py:508} INFO - Filling up the DagBag from /home/airflow/.local/lib/python3.7/site-packages/airflow/example_dags/example_branch_operator.py
[2023-07-24 01:39:44,338] {processor.py:651} INFO - DAG(s) dict_keys(['example_branch_operator']) retrieved from /home/airflow/.local/lib/python3.7/site-packages/airflow/example_dags/example_branch_operator.py
[2023-07-24 01:39:44,353] {logging_mixin.py:115} INFO - [2023-07-24 01:39:44,353] {dag.py:2420} INFO - Sync 1 DAGs
[2023-07-24 01:39:44,365] {logging_mixin.py:115} INFO - [2023-07-24 01:39:44,365] {dag.py:2972} INFO - Setting next_dagrun for example_branch_operator to 2023-07-23T00:00:00+00:00, run_after=2023-07-24T00:00:00+00:00
[2023-07-24 01:39:44,374] {processor.py:161} INFO - Processing /home/airflow/.local/lib/python3.7/site-packages/airflow/example_dags/example_branch_operator.py took 0.043 seconds
[2023-07-24 01:40:14,921] {processor.py:153} INFO - Started process (PID=2393) to work on /home/airflow/.local/lib/python3.7/site-packages/airflow/example_dags/example_branch_operator.py
[2023-07-24 01:40:14,922] {processor.py:641} INFO - Processing file /home/airflow/.local/lib/python3.7/site-packages/airflow/example_dags/example_branch_operator.py for tasks to queue
[2023-07-24 01:40:14,923] {logging_mixin.py:115} INFO - [2023-07-24 01:40:14,923] {dagbag.py:508} INFO - Filling up the DagBag from /home/airflow/.local/lib/python3.7/site-packages/airflow/example_dags/example_branch_operator.py
[2023-07-24 01:40:14,928] {processor.py:651} INFO - DAG(s) dict_keys(['example_branch_operator']) retrieved from /home/airflow/.local/lib/python3.7/site-packages/airflow/example_dags/example_branch_operator.py
[2023-07-24 01:40:14,942] {logging_mixin.py:115} INFO - [2023-07-24 01:40:14,942] {dag.py:2420} INFO - Sync 1 DAGs
[2023-07-24 01:40:14,954] {logging_mixin.py:115} INFO - [2023-07-24 01:40:14,954] {dag.py:2972} INFO - Setting next_dagrun for example_branch_operator to 2023-07-23T00:00:00+00:00, run_after=2023-07-24T00:00:00+00:00
[2023-07-24 01:40:15,026] {processor.py:161} INFO - Processing /home/airflow/.local/lib/python3.7/site-packages/airflow/example_dags/example_branch_operator.py took 0.106 seconds
[2023-07-24 01:40:45,493] {processor.py:153} INFO - Started process (PID=2454) to work on /home/airflow/.local/lib/python3.7/site-packages/airflow/example_dags/example_branch_operator.py
[2023-07-24 01:40:45,495] {processor.py:641} INFO - Processing file /home/airflow/.local/lib/python3.7/site-packages/airflow/example_dags/example_branch_operator.py for tasks to queue
[2023-07-24 01:40:45,495] {logging_mixin.py:115} INFO - [2023-07-24 01:40:45,495] {dagbag.py:508} INFO - Filling up the DagBag from /home/airflow/.local/lib/python3.7/site-packages/airflow/example_dags/example_branch_operator.py
[2023-07-24 01:40:45,501] {processor.py:651} INFO - DAG(s) dict_keys(['example_branch_operator']) retrieved from /home/airflow/.local/lib/python3.7/site-packages/airflow/example_dags/example_branch_operator.py
[2023-07-24 01:40:45,515] {logging_mixin.py:115} INFO - [2023-07-24 01:40:45,515] {dag.py:2420} INFO - Sync 1 DAGs
[2023-07-24 01:40:45,527] {logging_mixin.py:115} INFO - [2023-07-24 01:40:45,527] {dag.py:2972} INFO - Setting next_dagrun for example_branch_operator to 2023-07-23T00:00:00+00:00, run_after=2023-07-24T00:00:00+00:00
[2023-07-24 01:40:45,602] {processor.py:161} INFO - Processing /home/airflow/.local/lib/python3.7/site-packages/airflow/example_dags/example_branch_operator.py took 0.111 seconds
