[2023-07-24 01:20:01,855] {processor.py:153} INFO - Started process (PID=73) to work on /home/airflow/.local/lib/python3.7/site-packages/airflow/example_dags/example_task_group_decorator.py
[2023-07-24 01:20:01,855] {processor.py:641} INFO - Processing file /home/airflow/.local/lib/python3.7/site-packages/airflow/example_dags/example_task_group_decorator.py for tasks to queue
[2023-07-24 01:20:01,855] {logging_mixin.py:115} INFO - [2023-07-24 01:20:01,855] {dagbag.py:508} INFO - Filling up the DagBag from /home/airflow/.local/lib/python3.7/site-packages/airflow/example_dags/example_task_group_decorator.py
[2023-07-24 01:20:01,874] {processor.py:651} INFO - DAG(s) dict_keys(['example_task_group_decorator']) retrieved from /home/airflow/.local/lib/python3.7/site-packages/airflow/example_dags/example_task_group_decorator.py
[2023-07-24 01:20:02,006] {logging_mixin.py:115} INFO - [2023-07-24 01:20:02,006] {manager.py:508} INFO - Created Permission View: can edit on DAG:example_task_group_decorator
[2023-07-24 01:20:02,015] {logging_mixin.py:115} INFO - [2023-07-24 01:20:02,015] {manager.py:508} INFO - Created Permission View: can read on DAG:example_task_group_decorator
[2023-07-24 01:20:02,023] {logging_mixin.py:115} INFO - [2023-07-24 01:20:02,023] {manager.py:508} INFO - Created Permission View: can delete on DAG:example_task_group_decorator
[2023-07-24 01:20:02,023] {logging_mixin.py:115} INFO - [2023-07-24 01:20:02,023] {dag.py:2420} INFO - Sync 1 DAGs
[2023-07-24 01:20:02,029] {logging_mixin.py:115} INFO - [2023-07-24 01:20:02,029] {dag.py:2439} INFO - Creating ORM DAG for example_task_group_decorator
[2023-07-24 01:20:02,037] {logging_mixin.py:115} INFO - [2023-07-24 01:20:02,037] {dag.py:2972} INFO - Setting next_dagrun for example_task_group_decorator to 2023-07-23T01:20:02.037728+00:00, run_after=2023-07-24T01:20:02.037728+00:00
[2023-07-24 01:20:02,051] {processor.py:161} INFO - Processing /home/airflow/.local/lib/python3.7/site-packages/airflow/example_dags/example_task_group_decorator.py took 0.198 seconds
[2023-07-24 01:20:32,502] {processor.py:153} INFO - Started process (PID=133) to work on /home/airflow/.local/lib/python3.7/site-packages/airflow/example_dags/example_task_group_decorator.py
[2023-07-24 01:20:32,503] {processor.py:641} INFO - Processing file /home/airflow/.local/lib/python3.7/site-packages/airflow/example_dags/example_task_group_decorator.py for tasks to queue
[2023-07-24 01:20:32,504] {logging_mixin.py:115} INFO - [2023-07-24 01:20:32,504] {dagbag.py:508} INFO - Filling up the DagBag from /home/airflow/.local/lib/python3.7/site-packages/airflow/example_dags/example_task_group_decorator.py
[2023-07-24 01:20:32,515] {processor.py:651} INFO - DAG(s) dict_keys(['example_task_group_decorator']) retrieved from /home/airflow/.local/lib/python3.7/site-packages/airflow/example_dags/example_task_group_decorator.py
[2023-07-24 01:20:32,613] {logging_mixin.py:115} INFO - [2023-07-24 01:20:32,613] {dag.py:2420} INFO - Sync 1 DAGs
[2023-07-24 01:20:32,623] {logging_mixin.py:115} INFO - [2023-07-24 01:20:32,623] {dag.py:2972} INFO - Setting next_dagrun for example_task_group_decorator to 2023-07-23T01:20:32.623110+00:00, run_after=2023-07-24T01:20:32.623110+00:00
[2023-07-24 01:20:32,632] {processor.py:161} INFO - Processing /home/airflow/.local/lib/python3.7/site-packages/airflow/example_dags/example_task_group_decorator.py took 0.132 seconds
[2023-07-24 01:21:02,774] {processor.py:153} INFO - Started process (PID=194) to work on /home/airflow/.local/lib/python3.7/site-packages/airflow/example_dags/example_task_group_decorator.py
[2023-07-24 01:21:02,775] {processor.py:641} INFO - Processing file /home/airflow/.local/lib/python3.7/site-packages/airflow/example_dags/example_task_group_decorator.py for tasks to queue
[2023-07-24 01:21:02,775] {logging_mixin.py:115} INFO - [2023-07-24 01:21:02,775] {dagbag.py:508} INFO - Filling up the DagBag from /home/airflow/.local/lib/python3.7/site-packages/airflow/example_dags/example_task_group_decorator.py
[2023-07-24 01:21:02,786] {processor.py:651} INFO - DAG(s) dict_keys(['example_task_group_decorator']) retrieved from /home/airflow/.local/lib/python3.7/site-packages/airflow/example_dags/example_task_group_decorator.py
[2023-07-24 01:21:02,889] {logging_mixin.py:115} INFO - [2023-07-24 01:21:02,889] {dag.py:2420} INFO - Sync 1 DAGs
[2023-07-24 01:21:02,898] {logging_mixin.py:115} INFO - [2023-07-24 01:21:02,898] {dag.py:2972} INFO - Setting next_dagrun for example_task_group_decorator to 2023-07-23T01:21:02.898684+00:00, run_after=2023-07-24T01:21:02.898684+00:00
[2023-07-24 01:21:02,908] {processor.py:161} INFO - Processing /home/airflow/.local/lib/python3.7/site-packages/airflow/example_dags/example_task_group_decorator.py took 0.135 seconds
[2023-07-24 01:21:33,081] {processor.py:153} INFO - Started process (PID=254) to work on /home/airflow/.local/lib/python3.7/site-packages/airflow/example_dags/example_task_group_decorator.py
[2023-07-24 01:21:33,081] {processor.py:641} INFO - Processing file /home/airflow/.local/lib/python3.7/site-packages/airflow/example_dags/example_task_group_decorator.py for tasks to queue
[2023-07-24 01:21:33,081] {logging_mixin.py:115} INFO - [2023-07-24 01:21:33,081] {dagbag.py:508} INFO - Filling up the DagBag from /home/airflow/.local/lib/python3.7/site-packages/airflow/example_dags/example_task_group_decorator.py
[2023-07-24 01:21:33,093] {processor.py:651} INFO - DAG(s) dict_keys(['example_task_group_decorator']) retrieved from /home/airflow/.local/lib/python3.7/site-packages/airflow/example_dags/example_task_group_decorator.py
[2023-07-24 01:21:33,107] {logging_mixin.py:115} INFO - [2023-07-24 01:21:33,107] {dag.py:2420} INFO - Sync 1 DAGs
[2023-07-24 01:21:33,119] {logging_mixin.py:115} INFO - [2023-07-24 01:21:33,119] {dag.py:2972} INFO - Setting next_dagrun for example_task_group_decorator to 2023-07-23T01:21:33.119793+00:00, run_after=2023-07-24T01:21:33.119793+00:00
[2023-07-24 01:21:33,195] {processor.py:161} INFO - Processing /home/airflow/.local/lib/python3.7/site-packages/airflow/example_dags/example_task_group_decorator.py took 0.116 seconds
[2023-07-24 01:22:03,263] {processor.py:153} INFO - Started process (PID=315) to work on /home/airflow/.local/lib/python3.7/site-packages/airflow/example_dags/example_task_group_decorator.py
[2023-07-24 01:22:03,265] {processor.py:641} INFO - Processing file /home/airflow/.local/lib/python3.7/site-packages/airflow/example_dags/example_task_group_decorator.py for tasks to queue
[2023-07-24 01:22:03,265] {logging_mixin.py:115} INFO - [2023-07-24 01:22:03,265] {dagbag.py:508} INFO - Filling up the DagBag from /home/airflow/.local/lib/python3.7/site-packages/airflow/example_dags/example_task_group_decorator.py
[2023-07-24 01:22:03,276] {processor.py:651} INFO - DAG(s) dict_keys(['example_task_group_decorator']) retrieved from /home/airflow/.local/lib/python3.7/site-packages/airflow/example_dags/example_task_group_decorator.py
[2023-07-24 01:22:03,377] {logging_mixin.py:115} INFO - [2023-07-24 01:22:03,377] {dag.py:2420} INFO - Sync 1 DAGs
[2023-07-24 01:22:03,386] {logging_mixin.py:115} INFO - [2023-07-24 01:22:03,386] {dag.py:2972} INFO - Setting next_dagrun for example_task_group_decorator to 2023-07-23T01:22:03.386161+00:00, run_after=2023-07-24T01:22:03.386161+00:00
[2023-07-24 01:22:03,395] {processor.py:161} INFO - Processing /home/airflow/.local/lib/python3.7/site-packages/airflow/example_dags/example_task_group_decorator.py took 0.134 seconds
[2023-07-24 01:22:33,449] {processor.py:153} INFO - Started process (PID=367) to work on /home/airflow/.local/lib/python3.7/site-packages/airflow/example_dags/example_task_group_decorator.py
[2023-07-24 01:22:33,450] {processor.py:641} INFO - Processing file /home/airflow/.local/lib/python3.7/site-packages/airflow/example_dags/example_task_group_decorator.py for tasks to queue
[2023-07-24 01:22:33,450] {logging_mixin.py:115} INFO - [2023-07-24 01:22:33,450] {dagbag.py:508} INFO - Filling up the DagBag from /home/airflow/.local/lib/python3.7/site-packages/airflow/example_dags/example_task_group_decorator.py
[2023-07-24 01:22:33,461] {processor.py:651} INFO - DAG(s) dict_keys(['example_task_group_decorator']) retrieved from /home/airflow/.local/lib/python3.7/site-packages/airflow/example_dags/example_task_group_decorator.py
[2023-07-24 01:22:33,561] {logging_mixin.py:115} INFO - [2023-07-24 01:22:33,561] {dag.py:2420} INFO - Sync 1 DAGs
[2023-07-24 01:22:33,571] {logging_mixin.py:115} INFO - [2023-07-24 01:22:33,571] {dag.py:2972} INFO - Setting next_dagrun for example_task_group_decorator to 2023-07-23T01:22:33.571131+00:00, run_after=2023-07-24T01:22:33.571131+00:00
[2023-07-24 01:22:33,580] {processor.py:161} INFO - Processing /home/airflow/.local/lib/python3.7/site-packages/airflow/example_dags/example_task_group_decorator.py took 0.133 seconds
[2023-07-24 01:23:03,682] {processor.py:153} INFO - Started process (PID=428) to work on /home/airflow/.local/lib/python3.7/site-packages/airflow/example_dags/example_task_group_decorator.py
[2023-07-24 01:23:03,683] {processor.py:641} INFO - Processing file /home/airflow/.local/lib/python3.7/site-packages/airflow/example_dags/example_task_group_decorator.py for tasks to queue
[2023-07-24 01:23:03,683] {logging_mixin.py:115} INFO - [2023-07-24 01:23:03,683] {dagbag.py:508} INFO - Filling up the DagBag from /home/airflow/.local/lib/python3.7/site-packages/airflow/example_dags/example_task_group_decorator.py
[2023-07-24 01:23:03,694] {processor.py:651} INFO - DAG(s) dict_keys(['example_task_group_decorator']) retrieved from /home/airflow/.local/lib/python3.7/site-packages/airflow/example_dags/example_task_group_decorator.py
[2023-07-24 01:23:03,794] {logging_mixin.py:115} INFO - [2023-07-24 01:23:03,794] {dag.py:2420} INFO - Sync 1 DAGs
[2023-07-24 01:23:03,803] {logging_mixin.py:115} INFO - [2023-07-24 01:23:03,803] {dag.py:2972} INFO - Setting next_dagrun for example_task_group_decorator to 2023-07-23T01:23:03.803547+00:00, run_after=2023-07-24T01:23:03.803547+00:00
[2023-07-24 01:23:03,814] {processor.py:161} INFO - Processing /home/airflow/.local/lib/python3.7/site-packages/airflow/example_dags/example_task_group_decorator.py took 0.134 seconds
[2023-07-24 01:23:33,841] {processor.py:153} INFO - Started process (PID=489) to work on /home/airflow/.local/lib/python3.7/site-packages/airflow/example_dags/example_task_group_decorator.py
[2023-07-24 01:23:33,841] {processor.py:641} INFO - Processing file /home/airflow/.local/lib/python3.7/site-packages/airflow/example_dags/example_task_group_decorator.py for tasks to queue
[2023-07-24 01:23:33,841] {logging_mixin.py:115} INFO - [2023-07-24 01:23:33,841] {dagbag.py:508} INFO - Filling up the DagBag from /home/airflow/.local/lib/python3.7/site-packages/airflow/example_dags/example_task_group_decorator.py
[2023-07-24 01:23:33,854] {processor.py:651} INFO - DAG(s) dict_keys(['example_task_group_decorator']) retrieved from /home/airflow/.local/lib/python3.7/site-packages/airflow/example_dags/example_task_group_decorator.py
[2023-07-24 01:23:33,958] {logging_mixin.py:115} INFO - [2023-07-24 01:23:33,958] {dag.py:2420} INFO - Sync 1 DAGs
[2023-07-24 01:23:33,968] {logging_mixin.py:115} INFO - [2023-07-24 01:23:33,968] {dag.py:2972} INFO - Setting next_dagrun for example_task_group_decorator to 2023-07-23T01:23:33.968003+00:00, run_after=2023-07-24T01:23:33.968003+00:00
[2023-07-24 01:23:33,978] {processor.py:161} INFO - Processing /home/airflow/.local/lib/python3.7/site-packages/airflow/example_dags/example_task_group_decorator.py took 0.139 seconds
[2023-07-24 01:24:04,034] {processor.py:153} INFO - Started process (PID=550) to work on /home/airflow/.local/lib/python3.7/site-packages/airflow/example_dags/example_task_group_decorator.py
[2023-07-24 01:24:04,035] {processor.py:641} INFO - Processing file /home/airflow/.local/lib/python3.7/site-packages/airflow/example_dags/example_task_group_decorator.py for tasks to queue
[2023-07-24 01:24:04,035] {logging_mixin.py:115} INFO - [2023-07-24 01:24:04,035] {dagbag.py:508} INFO - Filling up the DagBag from /home/airflow/.local/lib/python3.7/site-packages/airflow/example_dags/example_task_group_decorator.py
[2023-07-24 01:24:04,046] {processor.py:651} INFO - DAG(s) dict_keys(['example_task_group_decorator']) retrieved from /home/airflow/.local/lib/python3.7/site-packages/airflow/example_dags/example_task_group_decorator.py
[2023-07-24 01:24:04,060] {logging_mixin.py:115} INFO - [2023-07-24 01:24:04,060] {dag.py:2420} INFO - Sync 1 DAGs
[2023-07-24 01:24:04,071] {logging_mixin.py:115} INFO - [2023-07-24 01:24:04,071] {dag.py:2972} INFO - Setting next_dagrun for example_task_group_decorator to 2023-07-23T01:24:04.071793+00:00, run_after=2023-07-24T01:24:04.071793+00:00
[2023-07-24 01:24:04,145] {processor.py:161} INFO - Processing /home/airflow/.local/lib/python3.7/site-packages/airflow/example_dags/example_task_group_decorator.py took 0.113 seconds
[2023-07-24 01:24:34,185] {processor.py:153} INFO - Started process (PID=611) to work on /home/airflow/.local/lib/python3.7/site-packages/airflow/example_dags/example_task_group_decorator.py
[2023-07-24 01:24:34,186] {processor.py:641} INFO - Processing file /home/airflow/.local/lib/python3.7/site-packages/airflow/example_dags/example_task_group_decorator.py for tasks to queue
[2023-07-24 01:24:34,186] {logging_mixin.py:115} INFO - [2023-07-24 01:24:34,186] {dagbag.py:508} INFO - Filling up the DagBag from /home/airflow/.local/lib/python3.7/site-packages/airflow/example_dags/example_task_group_decorator.py
[2023-07-24 01:24:34,197] {processor.py:651} INFO - DAG(s) dict_keys(['example_task_group_decorator']) retrieved from /home/airflow/.local/lib/python3.7/site-packages/airflow/example_dags/example_task_group_decorator.py
[2023-07-24 01:24:34,301] {logging_mixin.py:115} INFO - [2023-07-24 01:24:34,301] {dag.py:2420} INFO - Sync 1 DAGs
[2023-07-24 01:24:34,311] {logging_mixin.py:115} INFO - [2023-07-24 01:24:34,311] {dag.py:2972} INFO - Setting next_dagrun for example_task_group_decorator to 2023-07-23T01:24:34.311168+00:00, run_after=2023-07-24T01:24:34.311168+00:00
[2023-07-24 01:24:34,321] {processor.py:161} INFO - Processing /home/airflow/.local/lib/python3.7/site-packages/airflow/example_dags/example_task_group_decorator.py took 0.138 seconds
[2023-07-24 01:25:04,503] {processor.py:153} INFO - Started process (PID=671) to work on /home/airflow/.local/lib/python3.7/site-packages/airflow/example_dags/example_task_group_decorator.py
[2023-07-24 01:25:04,503] {processor.py:641} INFO - Processing file /home/airflow/.local/lib/python3.7/site-packages/airflow/example_dags/example_task_group_decorator.py for tasks to queue
[2023-07-24 01:25:04,503] {logging_mixin.py:115} INFO - [2023-07-24 01:25:04,503] {dagbag.py:508} INFO - Filling up the DagBag from /home/airflow/.local/lib/python3.7/site-packages/airflow/example_dags/example_task_group_decorator.py
[2023-07-24 01:25:04,515] {processor.py:651} INFO - DAG(s) dict_keys(['example_task_group_decorator']) retrieved from /home/airflow/.local/lib/python3.7/site-packages/airflow/example_dags/example_task_group_decorator.py
[2023-07-24 01:25:04,615] {logging_mixin.py:115} INFO - [2023-07-24 01:25:04,615] {dag.py:2420} INFO - Sync 1 DAGs
[2023-07-24 01:25:04,625] {logging_mixin.py:115} INFO - [2023-07-24 01:25:04,625] {dag.py:2972} INFO - Setting next_dagrun for example_task_group_decorator to 2023-07-23T01:25:04.625372+00:00, run_after=2023-07-24T01:25:04.625372+00:00
[2023-07-24 01:25:04,635] {processor.py:161} INFO - Processing /home/airflow/.local/lib/python3.7/site-packages/airflow/example_dags/example_task_group_decorator.py took 0.134 seconds
[2023-07-24 01:25:34,820] {processor.py:153} INFO - Started process (PID=725) to work on /home/airflow/.local/lib/python3.7/site-packages/airflow/example_dags/example_task_group_decorator.py
[2023-07-24 01:25:34,820] {processor.py:641} INFO - Processing file /home/airflow/.local/lib/python3.7/site-packages/airflow/example_dags/example_task_group_decorator.py for tasks to queue
[2023-07-24 01:25:34,820] {logging_mixin.py:115} INFO - [2023-07-24 01:25:34,820] {dagbag.py:508} INFO - Filling up the DagBag from /home/airflow/.local/lib/python3.7/site-packages/airflow/example_dags/example_task_group_decorator.py
[2023-07-24 01:25:34,832] {processor.py:651} INFO - DAG(s) dict_keys(['example_task_group_decorator']) retrieved from /home/airflow/.local/lib/python3.7/site-packages/airflow/example_dags/example_task_group_decorator.py
[2023-07-24 01:25:34,941] {logging_mixin.py:115} INFO - [2023-07-24 01:25:34,941] {dag.py:2420} INFO - Sync 1 DAGs
[2023-07-24 01:25:34,951] {logging_mixin.py:115} INFO - [2023-07-24 01:25:34,951] {dag.py:2972} INFO - Setting next_dagrun for example_task_group_decorator to 2023-07-23T01:25:34.950988+00:00, run_after=2023-07-24T01:25:34.950988+00:00
[2023-07-24 01:25:34,961] {processor.py:161} INFO - Processing /home/airflow/.local/lib/python3.7/site-packages/airflow/example_dags/example_task_group_decorator.py took 0.143 seconds
[2023-07-24 01:26:05,199] {processor.py:153} INFO - Started process (PID=785) to work on /home/airflow/.local/lib/python3.7/site-packages/airflow/example_dags/example_task_group_decorator.py
[2023-07-24 01:26:05,200] {processor.py:641} INFO - Processing file /home/airflow/.local/lib/python3.7/site-packages/airflow/example_dags/example_task_group_decorator.py for tasks to queue
[2023-07-24 01:26:05,200] {logging_mixin.py:115} INFO - [2023-07-24 01:26:05,200] {dagbag.py:508} INFO - Filling up the DagBag from /home/airflow/.local/lib/python3.7/site-packages/airflow/example_dags/example_task_group_decorator.py
[2023-07-24 01:26:05,212] {processor.py:651} INFO - DAG(s) dict_keys(['example_task_group_decorator']) retrieved from /home/airflow/.local/lib/python3.7/site-packages/airflow/example_dags/example_task_group_decorator.py
[2023-07-24 01:26:05,312] {logging_mixin.py:115} INFO - [2023-07-24 01:26:05,312] {dag.py:2420} INFO - Sync 1 DAGs
[2023-07-24 01:26:05,321] {logging_mixin.py:115} INFO - [2023-07-24 01:26:05,321] {dag.py:2972} INFO - Setting next_dagrun for example_task_group_decorator to 2023-07-23T01:26:05.321738+00:00, run_after=2023-07-24T01:26:05.321738+00:00
[2023-07-24 01:26:05,331] {processor.py:161} INFO - Processing /home/airflow/.local/lib/python3.7/site-packages/airflow/example_dags/example_task_group_decorator.py took 0.133 seconds
[2023-07-24 01:26:35,484] {processor.py:153} INFO - Started process (PID=846) to work on /home/airflow/.local/lib/python3.7/site-packages/airflow/example_dags/example_task_group_decorator.py
[2023-07-24 01:26:35,484] {processor.py:641} INFO - Processing file /home/airflow/.local/lib/python3.7/site-packages/airflow/example_dags/example_task_group_decorator.py for tasks to queue
[2023-07-24 01:26:35,484] {logging_mixin.py:115} INFO - [2023-07-24 01:26:35,484] {dagbag.py:508} INFO - Filling up the DagBag from /home/airflow/.local/lib/python3.7/site-packages/airflow/example_dags/example_task_group_decorator.py
[2023-07-24 01:26:35,495] {processor.py:651} INFO - DAG(s) dict_keys(['example_task_group_decorator']) retrieved from /home/airflow/.local/lib/python3.7/site-packages/airflow/example_dags/example_task_group_decorator.py
[2023-07-24 01:26:35,594] {logging_mixin.py:115} INFO - [2023-07-24 01:26:35,594] {dag.py:2420} INFO - Sync 1 DAGs
[2023-07-24 01:26:35,603] {logging_mixin.py:115} INFO - [2023-07-24 01:26:35,603] {dag.py:2972} INFO - Setting next_dagrun for example_task_group_decorator to 2023-07-23T01:26:35.603364+00:00, run_after=2023-07-24T01:26:35.603364+00:00
[2023-07-24 01:26:35,613] {processor.py:161} INFO - Processing /home/airflow/.local/lib/python3.7/site-packages/airflow/example_dags/example_task_group_decorator.py took 0.131 seconds
[2023-07-24 01:27:05,844] {processor.py:153} INFO - Started process (PID=907) to work on /home/airflow/.local/lib/python3.7/site-packages/airflow/example_dags/example_task_group_decorator.py
[2023-07-24 01:27:05,844] {processor.py:641} INFO - Processing file /home/airflow/.local/lib/python3.7/site-packages/airflow/example_dags/example_task_group_decorator.py for tasks to queue
[2023-07-24 01:27:05,844] {logging_mixin.py:115} INFO - [2023-07-24 01:27:05,844] {dagbag.py:508} INFO - Filling up the DagBag from /home/airflow/.local/lib/python3.7/site-packages/airflow/example_dags/example_task_group_decorator.py
[2023-07-24 01:27:05,856] {processor.py:651} INFO - DAG(s) dict_keys(['example_task_group_decorator']) retrieved from /home/airflow/.local/lib/python3.7/site-packages/airflow/example_dags/example_task_group_decorator.py
[2023-07-24 01:27:05,965] {logging_mixin.py:115} INFO - [2023-07-24 01:27:05,965] {dag.py:2420} INFO - Sync 1 DAGs
[2023-07-24 01:27:05,976] {logging_mixin.py:115} INFO - [2023-07-24 01:27:05,976] {dag.py:2972} INFO - Setting next_dagrun for example_task_group_decorator to 2023-07-23T01:27:05.976290+00:00, run_after=2023-07-24T01:27:05.976290+00:00
[2023-07-24 01:27:05,987] {processor.py:161} INFO - Processing /home/airflow/.local/lib/python3.7/site-packages/airflow/example_dags/example_task_group_decorator.py took 0.145 seconds
[2023-07-24 01:27:36,150] {processor.py:153} INFO - Started process (PID=959) to work on /home/airflow/.local/lib/python3.7/site-packages/airflow/example_dags/example_task_group_decorator.py
[2023-07-24 01:27:36,150] {processor.py:641} INFO - Processing file /home/airflow/.local/lib/python3.7/site-packages/airflow/example_dags/example_task_group_decorator.py for tasks to queue
[2023-07-24 01:27:36,151] {logging_mixin.py:115} INFO - [2023-07-24 01:27:36,151] {dagbag.py:508} INFO - Filling up the DagBag from /home/airflow/.local/lib/python3.7/site-packages/airflow/example_dags/example_task_group_decorator.py
[2023-07-24 01:27:36,162] {processor.py:651} INFO - DAG(s) dict_keys(['example_task_group_decorator']) retrieved from /home/airflow/.local/lib/python3.7/site-packages/airflow/example_dags/example_task_group_decorator.py
[2023-07-24 01:27:36,260] {logging_mixin.py:115} INFO - [2023-07-24 01:27:36,260] {dag.py:2420} INFO - Sync 1 DAGs
[2023-07-24 01:27:36,270] {logging_mixin.py:115} INFO - [2023-07-24 01:27:36,270] {dag.py:2972} INFO - Setting next_dagrun for example_task_group_decorator to 2023-07-23T01:27:36.270024+00:00, run_after=2023-07-24T01:27:36.270024+00:00
[2023-07-24 01:27:36,279] {processor.py:161} INFO - Processing /home/airflow/.local/lib/python3.7/site-packages/airflow/example_dags/example_task_group_decorator.py took 0.131 seconds
[2023-07-24 01:28:06,648] {processor.py:153} INFO - Started process (PID=1020) to work on /home/airflow/.local/lib/python3.7/site-packages/airflow/example_dags/example_task_group_decorator.py
[2023-07-24 01:28:06,649] {processor.py:641} INFO - Processing file /home/airflow/.local/lib/python3.7/site-packages/airflow/example_dags/example_task_group_decorator.py for tasks to queue
[2023-07-24 01:28:06,649] {logging_mixin.py:115} INFO - [2023-07-24 01:28:06,649] {dagbag.py:508} INFO - Filling up the DagBag from /home/airflow/.local/lib/python3.7/site-packages/airflow/example_dags/example_task_group_decorator.py
[2023-07-24 01:28:06,661] {processor.py:651} INFO - DAG(s) dict_keys(['example_task_group_decorator']) retrieved from /home/airflow/.local/lib/python3.7/site-packages/airflow/example_dags/example_task_group_decorator.py
[2023-07-24 01:28:06,765] {logging_mixin.py:115} INFO - [2023-07-24 01:28:06,765] {dag.py:2420} INFO - Sync 1 DAGs
[2023-07-24 01:28:06,775] {logging_mixin.py:115} INFO - [2023-07-24 01:28:06,775] {dag.py:2972} INFO - Setting next_dagrun for example_task_group_decorator to 2023-07-23T01:28:06.775245+00:00, run_after=2023-07-24T01:28:06.775245+00:00
[2023-07-24 01:28:06,786] {processor.py:161} INFO - Processing /home/airflow/.local/lib/python3.7/site-packages/airflow/example_dags/example_task_group_decorator.py took 0.139 seconds
[2023-07-24 01:28:37,090] {processor.py:153} INFO - Started process (PID=1081) to work on /home/airflow/.local/lib/python3.7/site-packages/airflow/example_dags/example_task_group_decorator.py
[2023-07-24 01:28:37,090] {processor.py:641} INFO - Processing file /home/airflow/.local/lib/python3.7/site-packages/airflow/example_dags/example_task_group_decorator.py for tasks to queue
[2023-07-24 01:28:37,090] {logging_mixin.py:115} INFO - [2023-07-24 01:28:37,090] {dagbag.py:508} INFO - Filling up the DagBag from /home/airflow/.local/lib/python3.7/site-packages/airflow/example_dags/example_task_group_decorator.py
[2023-07-24 01:28:37,101] {processor.py:651} INFO - DAG(s) dict_keys(['example_task_group_decorator']) retrieved from /home/airflow/.local/lib/python3.7/site-packages/airflow/example_dags/example_task_group_decorator.py
[2023-07-24 01:28:37,197] {logging_mixin.py:115} INFO - [2023-07-24 01:28:37,197] {dag.py:2420} INFO - Sync 1 DAGs
[2023-07-24 01:28:37,206] {logging_mixin.py:115} INFO - [2023-07-24 01:28:37,206] {dag.py:2972} INFO - Setting next_dagrun for example_task_group_decorator to 2023-07-23T01:28:37.206804+00:00, run_after=2023-07-24T01:28:37.206804+00:00
[2023-07-24 01:28:37,216] {processor.py:161} INFO - Processing /home/airflow/.local/lib/python3.7/site-packages/airflow/example_dags/example_task_group_decorator.py took 0.128 seconds
[2023-07-24 01:29:07,611] {processor.py:153} INFO - Started process (PID=1142) to work on /home/airflow/.local/lib/python3.7/site-packages/airflow/example_dags/example_task_group_decorator.py
[2023-07-24 01:29:07,611] {processor.py:641} INFO - Processing file /home/airflow/.local/lib/python3.7/site-packages/airflow/example_dags/example_task_group_decorator.py for tasks to queue
[2023-07-24 01:29:07,611] {logging_mixin.py:115} INFO - [2023-07-24 01:29:07,611] {dagbag.py:508} INFO - Filling up the DagBag from /home/airflow/.local/lib/python3.7/site-packages/airflow/example_dags/example_task_group_decorator.py
[2023-07-24 01:29:07,623] {processor.py:651} INFO - DAG(s) dict_keys(['example_task_group_decorator']) retrieved from /home/airflow/.local/lib/python3.7/site-packages/airflow/example_dags/example_task_group_decorator.py
[2023-07-24 01:29:07,727] {logging_mixin.py:115} INFO - [2023-07-24 01:29:07,727] {dag.py:2420} INFO - Sync 1 DAGs
[2023-07-24 01:29:07,737] {logging_mixin.py:115} INFO - [2023-07-24 01:29:07,737] {dag.py:2972} INFO - Setting next_dagrun for example_task_group_decorator to 2023-07-23T01:29:07.737068+00:00, run_after=2023-07-24T01:29:07.737068+00:00
[2023-07-24 01:29:07,748] {processor.py:161} INFO - Processing /home/airflow/.local/lib/python3.7/site-packages/airflow/example_dags/example_task_group_decorator.py took 0.139 seconds
[2023-07-24 01:29:38,243] {processor.py:153} INFO - Started process (PID=1194) to work on /home/airflow/.local/lib/python3.7/site-packages/airflow/example_dags/example_task_group_decorator.py
[2023-07-24 01:29:38,244] {processor.py:641} INFO - Processing file /home/airflow/.local/lib/python3.7/site-packages/airflow/example_dags/example_task_group_decorator.py for tasks to queue
[2023-07-24 01:29:38,244] {logging_mixin.py:115} INFO - [2023-07-24 01:29:38,244] {dagbag.py:508} INFO - Filling up the DagBag from /home/airflow/.local/lib/python3.7/site-packages/airflow/example_dags/example_task_group_decorator.py
[2023-07-24 01:29:38,256] {processor.py:651} INFO - DAG(s) dict_keys(['example_task_group_decorator']) retrieved from /home/airflow/.local/lib/python3.7/site-packages/airflow/example_dags/example_task_group_decorator.py
[2023-07-24 01:29:38,270] {logging_mixin.py:115} INFO - [2023-07-24 01:29:38,270] {dag.py:2420} INFO - Sync 1 DAGs
[2023-07-24 01:29:38,283] {logging_mixin.py:115} INFO - [2023-07-24 01:29:38,283] {dag.py:2972} INFO - Setting next_dagrun for example_task_group_decorator to 2023-07-23T01:29:38.283179+00:00, run_after=2023-07-24T01:29:38.283179+00:00
[2023-07-24 01:29:38,361] {processor.py:161} INFO - Processing /home/airflow/.local/lib/python3.7/site-packages/airflow/example_dags/example_task_group_decorator.py took 0.119 seconds
[2023-07-24 01:30:08,603] {processor.py:153} INFO - Started process (PID=1255) to work on /home/airflow/.local/lib/python3.7/site-packages/airflow/example_dags/example_task_group_decorator.py
[2023-07-24 01:30:08,604] {processor.py:641} INFO - Processing file /home/airflow/.local/lib/python3.7/site-packages/airflow/example_dags/example_task_group_decorator.py for tasks to queue
[2023-07-24 01:30:08,604] {logging_mixin.py:115} INFO - [2023-07-24 01:30:08,604] {dagbag.py:508} INFO - Filling up the DagBag from /home/airflow/.local/lib/python3.7/site-packages/airflow/example_dags/example_task_group_decorator.py
[2023-07-24 01:30:08,615] {processor.py:651} INFO - DAG(s) dict_keys(['example_task_group_decorator']) retrieved from /home/airflow/.local/lib/python3.7/site-packages/airflow/example_dags/example_task_group_decorator.py
[2023-07-24 01:30:08,716] {logging_mixin.py:115} INFO - [2023-07-24 01:30:08,716] {dag.py:2420} INFO - Sync 1 DAGs
[2023-07-24 01:30:08,726] {logging_mixin.py:115} INFO - [2023-07-24 01:30:08,725] {dag.py:2972} INFO - Setting next_dagrun for example_task_group_decorator to 2023-07-23T01:30:08.725878+00:00, run_after=2023-07-24T01:30:08.725878+00:00
[2023-07-24 01:30:08,736] {processor.py:161} INFO - Processing /home/airflow/.local/lib/python3.7/site-packages/airflow/example_dags/example_task_group_decorator.py took 0.134 seconds
[2023-07-24 01:30:39,101] {processor.py:153} INFO - Started process (PID=1316) to work on /home/airflow/.local/lib/python3.7/site-packages/airflow/example_dags/example_task_group_decorator.py
[2023-07-24 01:30:39,101] {processor.py:641} INFO - Processing file /home/airflow/.local/lib/python3.7/site-packages/airflow/example_dags/example_task_group_decorator.py for tasks to queue
[2023-07-24 01:30:39,102] {logging_mixin.py:115} INFO - [2023-07-24 01:30:39,102] {dagbag.py:508} INFO - Filling up the DagBag from /home/airflow/.local/lib/python3.7/site-packages/airflow/example_dags/example_task_group_decorator.py
[2023-07-24 01:30:39,113] {processor.py:651} INFO - DAG(s) dict_keys(['example_task_group_decorator']) retrieved from /home/airflow/.local/lib/python3.7/site-packages/airflow/example_dags/example_task_group_decorator.py
[2023-07-24 01:30:39,213] {logging_mixin.py:115} INFO - [2023-07-24 01:30:39,213] {dag.py:2420} INFO - Sync 1 DAGs
[2023-07-24 01:30:39,222] {logging_mixin.py:115} INFO - [2023-07-24 01:30:39,222] {dag.py:2972} INFO - Setting next_dagrun for example_task_group_decorator to 2023-07-23T01:30:39.222261+00:00, run_after=2023-07-24T01:30:39.222261+00:00
[2023-07-24 01:30:39,232] {processor.py:161} INFO - Processing /home/airflow/.local/lib/python3.7/site-packages/airflow/example_dags/example_task_group_decorator.py took 0.132 seconds
[2023-07-24 01:31:09,551] {processor.py:153} INFO - Started process (PID=1376) to work on /home/airflow/.local/lib/python3.7/site-packages/airflow/example_dags/example_task_group_decorator.py
[2023-07-24 01:31:09,552] {processor.py:641} INFO - Processing file /home/airflow/.local/lib/python3.7/site-packages/airflow/example_dags/example_task_group_decorator.py for tasks to queue
[2023-07-24 01:31:09,552] {logging_mixin.py:115} INFO - [2023-07-24 01:31:09,552] {dagbag.py:508} INFO - Filling up the DagBag from /home/airflow/.local/lib/python3.7/site-packages/airflow/example_dags/example_task_group_decorator.py
[2023-07-24 01:31:09,563] {processor.py:651} INFO - DAG(s) dict_keys(['example_task_group_decorator']) retrieved from /home/airflow/.local/lib/python3.7/site-packages/airflow/example_dags/example_task_group_decorator.py
[2023-07-24 01:31:09,664] {logging_mixin.py:115} INFO - [2023-07-24 01:31:09,664] {dag.py:2420} INFO - Sync 1 DAGs
[2023-07-24 01:31:09,674] {logging_mixin.py:115} INFO - [2023-07-24 01:31:09,673] {dag.py:2972} INFO - Setting next_dagrun for example_task_group_decorator to 2023-07-23T01:31:09.673861+00:00, run_after=2023-07-24T01:31:09.673861+00:00
[2023-07-24 01:31:09,683] {processor.py:161} INFO - Processing /home/airflow/.local/lib/python3.7/site-packages/airflow/example_dags/example_task_group_decorator.py took 0.134 seconds
[2023-07-24 01:31:39,860] {processor.py:153} INFO - Started process (PID=1427) to work on /home/airflow/.local/lib/python3.7/site-packages/airflow/example_dags/example_task_group_decorator.py
[2023-07-24 01:31:39,861] {processor.py:641} INFO - Processing file /home/airflow/.local/lib/python3.7/site-packages/airflow/example_dags/example_task_group_decorator.py for tasks to queue
[2023-07-24 01:31:39,861] {logging_mixin.py:115} INFO - [2023-07-24 01:31:39,861] {dagbag.py:508} INFO - Filling up the DagBag from /home/airflow/.local/lib/python3.7/site-packages/airflow/example_dags/example_task_group_decorator.py
[2023-07-24 01:31:39,873] {processor.py:651} INFO - DAG(s) dict_keys(['example_task_group_decorator']) retrieved from /home/airflow/.local/lib/python3.7/site-packages/airflow/example_dags/example_task_group_decorator.py
[2023-07-24 01:31:39,887] {logging_mixin.py:115} INFO - [2023-07-24 01:31:39,887] {dag.py:2420} INFO - Sync 1 DAGs
[2023-07-24 01:31:39,966] {logging_mixin.py:115} INFO - [2023-07-24 01:31:39,966] {dag.py:2972} INFO - Setting next_dagrun for example_task_group_decorator to 2023-07-23T01:31:39.966439+00:00, run_after=2023-07-24T01:31:39.966439+00:00
[2023-07-24 01:31:39,975] {processor.py:161} INFO - Processing /home/airflow/.local/lib/python3.7/site-packages/airflow/example_dags/example_task_group_decorator.py took 0.116 seconds
[2023-07-24 01:32:10,204] {processor.py:153} INFO - Started process (PID=1488) to work on /home/airflow/.local/lib/python3.7/site-packages/airflow/example_dags/example_task_group_decorator.py
[2023-07-24 01:32:10,205] {processor.py:641} INFO - Processing file /home/airflow/.local/lib/python3.7/site-packages/airflow/example_dags/example_task_group_decorator.py for tasks to queue
[2023-07-24 01:32:10,205] {logging_mixin.py:115} INFO - [2023-07-24 01:32:10,205] {dagbag.py:508} INFO - Filling up the DagBag from /home/airflow/.local/lib/python3.7/site-packages/airflow/example_dags/example_task_group_decorator.py
[2023-07-24 01:32:10,217] {processor.py:651} INFO - DAG(s) dict_keys(['example_task_group_decorator']) retrieved from /home/airflow/.local/lib/python3.7/site-packages/airflow/example_dags/example_task_group_decorator.py
[2023-07-24 01:32:10,232] {logging_mixin.py:115} INFO - [2023-07-24 01:32:10,232] {dag.py:2420} INFO - Sync 1 DAGs
[2023-07-24 01:32:10,314] {logging_mixin.py:115} INFO - [2023-07-24 01:32:10,314] {dag.py:2972} INFO - Setting next_dagrun for example_task_group_decorator to 2023-07-23T01:32:10.314082+00:00, run_after=2023-07-24T01:32:10.314082+00:00
[2023-07-24 01:32:10,324] {processor.py:161} INFO - Processing /home/airflow/.local/lib/python3.7/site-packages/airflow/example_dags/example_task_group_decorator.py took 0.122 seconds
[2023-07-24 01:32:40,606] {processor.py:153} INFO - Started process (PID=1548) to work on /home/airflow/.local/lib/python3.7/site-packages/airflow/example_dags/example_task_group_decorator.py
[2023-07-24 01:32:40,607] {processor.py:641} INFO - Processing file /home/airflow/.local/lib/python3.7/site-packages/airflow/example_dags/example_task_group_decorator.py for tasks to queue
[2023-07-24 01:32:40,607] {logging_mixin.py:115} INFO - [2023-07-24 01:32:40,607] {dagbag.py:508} INFO - Filling up the DagBag from /home/airflow/.local/lib/python3.7/site-packages/airflow/example_dags/example_task_group_decorator.py
[2023-07-24 01:32:40,619] {processor.py:651} INFO - DAG(s) dict_keys(['example_task_group_decorator']) retrieved from /home/airflow/.local/lib/python3.7/site-packages/airflow/example_dags/example_task_group_decorator.py
[2023-07-24 01:32:40,724] {logging_mixin.py:115} INFO - [2023-07-24 01:32:40,724] {dag.py:2420} INFO - Sync 1 DAGs
[2023-07-24 01:32:40,734] {logging_mixin.py:115} INFO - [2023-07-24 01:32:40,734] {dag.py:2972} INFO - Setting next_dagrun for example_task_group_decorator to 2023-07-23T01:32:40.733945+00:00, run_after=2023-07-24T01:32:40.733945+00:00
[2023-07-24 01:32:40,744] {processor.py:161} INFO - Processing /home/airflow/.local/lib/python3.7/site-packages/airflow/example_dags/example_task_group_decorator.py took 0.140 seconds
[2023-07-24 01:33:10,960] {processor.py:153} INFO - Started process (PID=1609) to work on /home/airflow/.local/lib/python3.7/site-packages/airflow/example_dags/example_task_group_decorator.py
[2023-07-24 01:33:10,963] {processor.py:641} INFO - Processing file /home/airflow/.local/lib/python3.7/site-packages/airflow/example_dags/example_task_group_decorator.py for tasks to queue
[2023-07-24 01:33:10,963] {logging_mixin.py:115} INFO - [2023-07-24 01:33:10,963] {dagbag.py:508} INFO - Filling up the DagBag from /home/airflow/.local/lib/python3.7/site-packages/airflow/example_dags/example_task_group_decorator.py
[2023-07-24 01:33:10,975] {processor.py:651} INFO - DAG(s) dict_keys(['example_task_group_decorator']) retrieved from /home/airflow/.local/lib/python3.7/site-packages/airflow/example_dags/example_task_group_decorator.py
[2023-07-24 01:33:11,076] {logging_mixin.py:115} INFO - [2023-07-24 01:33:11,075] {dag.py:2420} INFO - Sync 1 DAGs
[2023-07-24 01:33:11,085] {logging_mixin.py:115} INFO - [2023-07-24 01:33:11,085] {dag.py:2972} INFO - Setting next_dagrun for example_task_group_decorator to 2023-07-23T01:33:11.085717+00:00, run_after=2023-07-24T01:33:11.085717+00:00
[2023-07-24 01:33:11,095] {processor.py:161} INFO - Processing /home/airflow/.local/lib/python3.7/site-packages/airflow/example_dags/example_task_group_decorator.py took 0.136 seconds
[2023-07-24 01:33:41,371] {processor.py:153} INFO - Started process (PID=1660) to work on /home/airflow/.local/lib/python3.7/site-packages/airflow/example_dags/example_task_group_decorator.py
[2023-07-24 01:33:41,372] {processor.py:641} INFO - Processing file /home/airflow/.local/lib/python3.7/site-packages/airflow/example_dags/example_task_group_decorator.py for tasks to queue
[2023-07-24 01:33:41,372] {logging_mixin.py:115} INFO - [2023-07-24 01:33:41,372] {dagbag.py:508} INFO - Filling up the DagBag from /home/airflow/.local/lib/python3.7/site-packages/airflow/example_dags/example_task_group_decorator.py
[2023-07-24 01:33:41,383] {processor.py:651} INFO - DAG(s) dict_keys(['example_task_group_decorator']) retrieved from /home/airflow/.local/lib/python3.7/site-packages/airflow/example_dags/example_task_group_decorator.py
[2023-07-24 01:33:41,486] {logging_mixin.py:115} INFO - [2023-07-24 01:33:41,486] {dag.py:2420} INFO - Sync 1 DAGs
[2023-07-24 01:33:41,495] {logging_mixin.py:115} INFO - [2023-07-24 01:33:41,495] {dag.py:2972} INFO - Setting next_dagrun for example_task_group_decorator to 2023-07-23T01:33:41.495815+00:00, run_after=2023-07-24T01:33:41.495815+00:00
[2023-07-24 01:33:41,509] {processor.py:161} INFO - Processing /home/airflow/.local/lib/python3.7/site-packages/airflow/example_dags/example_task_group_decorator.py took 0.139 seconds
[2023-07-24 01:34:11,729] {processor.py:153} INFO - Started process (PID=1720) to work on /home/airflow/.local/lib/python3.7/site-packages/airflow/example_dags/example_task_group_decorator.py
[2023-07-24 01:34:11,730] {processor.py:641} INFO - Processing file /home/airflow/.local/lib/python3.7/site-packages/airflow/example_dags/example_task_group_decorator.py for tasks to queue
[2023-07-24 01:34:11,730] {logging_mixin.py:115} INFO - [2023-07-24 01:34:11,730] {dagbag.py:508} INFO - Filling up the DagBag from /home/airflow/.local/lib/python3.7/site-packages/airflow/example_dags/example_task_group_decorator.py
[2023-07-24 01:34:11,742] {processor.py:651} INFO - DAG(s) dict_keys(['example_task_group_decorator']) retrieved from /home/airflow/.local/lib/python3.7/site-packages/airflow/example_dags/example_task_group_decorator.py
[2023-07-24 01:34:11,756] {logging_mixin.py:115} INFO - [2023-07-24 01:34:11,755] {dag.py:2420} INFO - Sync 1 DAGs
[2023-07-24 01:34:11,835] {logging_mixin.py:115} INFO - [2023-07-24 01:34:11,835] {dag.py:2972} INFO - Setting next_dagrun for example_task_group_decorator to 2023-07-23T01:34:11.835525+00:00, run_after=2023-07-24T01:34:11.835525+00:00
[2023-07-24 01:34:11,844] {processor.py:161} INFO - Processing /home/airflow/.local/lib/python3.7/site-packages/airflow/example_dags/example_task_group_decorator.py took 0.117 seconds
[2023-07-24 01:34:42,102] {processor.py:153} INFO - Started process (PID=1780) to work on /home/airflow/.local/lib/python3.7/site-packages/airflow/example_dags/example_task_group_decorator.py
[2023-07-24 01:34:42,102] {processor.py:641} INFO - Processing file /home/airflow/.local/lib/python3.7/site-packages/airflow/example_dags/example_task_group_decorator.py for tasks to queue
[2023-07-24 01:34:42,103] {logging_mixin.py:115} INFO - [2023-07-24 01:34:42,103] {dagbag.py:508} INFO - Filling up the DagBag from /home/airflow/.local/lib/python3.7/site-packages/airflow/example_dags/example_task_group_decorator.py
[2023-07-24 01:34:42,114] {processor.py:651} INFO - DAG(s) dict_keys(['example_task_group_decorator']) retrieved from /home/airflow/.local/lib/python3.7/site-packages/airflow/example_dags/example_task_group_decorator.py
[2023-07-24 01:34:42,219] {logging_mixin.py:115} INFO - [2023-07-24 01:34:42,219] {dag.py:2420} INFO - Sync 1 DAGs
[2023-07-24 01:34:42,228] {logging_mixin.py:115} INFO - [2023-07-24 01:34:42,228] {dag.py:2972} INFO - Setting next_dagrun for example_task_group_decorator to 2023-07-23T01:34:42.228441+00:00, run_after=2023-07-24T01:34:42.228441+00:00
[2023-07-24 01:34:42,238] {processor.py:161} INFO - Processing /home/airflow/.local/lib/python3.7/site-packages/airflow/example_dags/example_task_group_decorator.py took 0.137 seconds
[2023-07-24 01:35:12,631] {processor.py:153} INFO - Started process (PID=1841) to work on /home/airflow/.local/lib/python3.7/site-packages/airflow/example_dags/example_task_group_decorator.py
[2023-07-24 01:35:12,632] {processor.py:641} INFO - Processing file /home/airflow/.local/lib/python3.7/site-packages/airflow/example_dags/example_task_group_decorator.py for tasks to queue
[2023-07-24 01:35:12,632] {logging_mixin.py:115} INFO - [2023-07-24 01:35:12,632] {dagbag.py:508} INFO - Filling up the DagBag from /home/airflow/.local/lib/python3.7/site-packages/airflow/example_dags/example_task_group_decorator.py
[2023-07-24 01:35:12,643] {processor.py:651} INFO - DAG(s) dict_keys(['example_task_group_decorator']) retrieved from /home/airflow/.local/lib/python3.7/site-packages/airflow/example_dags/example_task_group_decorator.py
[2023-07-24 01:35:12,750] {logging_mixin.py:115} INFO - [2023-07-24 01:35:12,750] {dag.py:2420} INFO - Sync 1 DAGs
[2023-07-24 01:35:12,759] {logging_mixin.py:115} INFO - [2023-07-24 01:35:12,759] {dag.py:2972} INFO - Setting next_dagrun for example_task_group_decorator to 2023-07-23T01:35:12.759310+00:00, run_after=2023-07-24T01:35:12.759310+00:00
[2023-07-24 01:35:12,769] {processor.py:161} INFO - Processing /home/airflow/.local/lib/python3.7/site-packages/airflow/example_dags/example_task_group_decorator.py took 0.139 seconds
[2023-07-24 01:35:43,012] {processor.py:153} INFO - Started process (PID=1893) to work on /home/airflow/.local/lib/python3.7/site-packages/airflow/example_dags/example_task_group_decorator.py
[2023-07-24 01:35:43,013] {processor.py:641} INFO - Processing file /home/airflow/.local/lib/python3.7/site-packages/airflow/example_dags/example_task_group_decorator.py for tasks to queue
[2023-07-24 01:35:43,013] {logging_mixin.py:115} INFO - [2023-07-24 01:35:43,013] {dagbag.py:508} INFO - Filling up the DagBag from /home/airflow/.local/lib/python3.7/site-packages/airflow/example_dags/example_task_group_decorator.py
[2023-07-24 01:35:43,024] {processor.py:651} INFO - DAG(s) dict_keys(['example_task_group_decorator']) retrieved from /home/airflow/.local/lib/python3.7/site-packages/airflow/example_dags/example_task_group_decorator.py
[2023-07-24 01:35:43,118] {logging_mixin.py:115} INFO - [2023-07-24 01:35:43,118] {dag.py:2420} INFO - Sync 1 DAGs
[2023-07-24 01:35:43,127] {logging_mixin.py:115} INFO - [2023-07-24 01:35:43,127] {dag.py:2972} INFO - Setting next_dagrun for example_task_group_decorator to 2023-07-23T01:35:43.127734+00:00, run_after=2023-07-24T01:35:43.127734+00:00
[2023-07-24 01:35:43,138] {processor.py:161} INFO - Processing /home/airflow/.local/lib/python3.7/site-packages/airflow/example_dags/example_task_group_decorator.py took 0.127 seconds
[2023-07-24 01:36:13,640] {processor.py:153} INFO - Started process (PID=1952) to work on /home/airflow/.local/lib/python3.7/site-packages/airflow/example_dags/example_task_group_decorator.py
[2023-07-24 01:36:13,641] {processor.py:641} INFO - Processing file /home/airflow/.local/lib/python3.7/site-packages/airflow/example_dags/example_task_group_decorator.py for tasks to queue
[2023-07-24 01:36:13,641] {logging_mixin.py:115} INFO - [2023-07-24 01:36:13,641] {dagbag.py:508} INFO - Filling up the DagBag from /home/airflow/.local/lib/python3.7/site-packages/airflow/example_dags/example_task_group_decorator.py
[2023-07-24 01:36:13,652] {processor.py:651} INFO - DAG(s) dict_keys(['example_task_group_decorator']) retrieved from /home/airflow/.local/lib/python3.7/site-packages/airflow/example_dags/example_task_group_decorator.py
[2023-07-24 01:36:13,750] {logging_mixin.py:115} INFO - [2023-07-24 01:36:13,750] {dag.py:2420} INFO - Sync 1 DAGs
[2023-07-24 01:36:13,761] {logging_mixin.py:115} INFO - [2023-07-24 01:36:13,760] {dag.py:2972} INFO - Setting next_dagrun for example_task_group_decorator to 2023-07-23T01:36:13.760244+00:00, run_after=2023-07-24T01:36:13.760244+00:00
[2023-07-24 01:36:13,771] {processor.py:161} INFO - Processing /home/airflow/.local/lib/python3.7/site-packages/airflow/example_dags/example_task_group_decorator.py took 0.132 seconds
[2023-07-24 01:36:44,159] {processor.py:153} INFO - Started process (PID=2012) to work on /home/airflow/.local/lib/python3.7/site-packages/airflow/example_dags/example_task_group_decorator.py
[2023-07-24 01:36:44,163] {processor.py:641} INFO - Processing file /home/airflow/.local/lib/python3.7/site-packages/airflow/example_dags/example_task_group_decorator.py for tasks to queue
[2023-07-24 01:36:44,163] {logging_mixin.py:115} INFO - [2023-07-24 01:36:44,163] {dagbag.py:508} INFO - Filling up the DagBag from /home/airflow/.local/lib/python3.7/site-packages/airflow/example_dags/example_task_group_decorator.py
[2023-07-24 01:36:44,175] {processor.py:651} INFO - DAG(s) dict_keys(['example_task_group_decorator']) retrieved from /home/airflow/.local/lib/python3.7/site-packages/airflow/example_dags/example_task_group_decorator.py
[2023-07-24 01:36:44,281] {logging_mixin.py:115} INFO - [2023-07-24 01:36:44,281] {dag.py:2420} INFO - Sync 1 DAGs
[2023-07-24 01:36:44,290] {logging_mixin.py:115} INFO - [2023-07-24 01:36:44,290] {dag.py:2972} INFO - Setting next_dagrun for example_task_group_decorator to 2023-07-23T01:36:44.290276+00:00, run_after=2023-07-24T01:36:44.290276+00:00
[2023-07-24 01:36:44,301] {processor.py:161} INFO - Processing /home/airflow/.local/lib/python3.7/site-packages/airflow/example_dags/example_task_group_decorator.py took 0.143 seconds
[2023-07-24 01:37:14,780] {processor.py:153} INFO - Started process (PID=2072) to work on /home/airflow/.local/lib/python3.7/site-packages/airflow/example_dags/example_task_group_decorator.py
[2023-07-24 01:37:14,780] {processor.py:641} INFO - Processing file /home/airflow/.local/lib/python3.7/site-packages/airflow/example_dags/example_task_group_decorator.py for tasks to queue
[2023-07-24 01:37:14,780] {logging_mixin.py:115} INFO - [2023-07-24 01:37:14,780] {dagbag.py:508} INFO - Filling up the DagBag from /home/airflow/.local/lib/python3.7/site-packages/airflow/example_dags/example_task_group_decorator.py
[2023-07-24 01:37:14,791] {processor.py:651} INFO - DAG(s) dict_keys(['example_task_group_decorator']) retrieved from /home/airflow/.local/lib/python3.7/site-packages/airflow/example_dags/example_task_group_decorator.py
[2023-07-24 01:37:14,886] {logging_mixin.py:115} INFO - [2023-07-24 01:37:14,886] {dag.py:2420} INFO - Sync 1 DAGs
[2023-07-24 01:37:14,895] {logging_mixin.py:115} INFO - [2023-07-24 01:37:14,895] {dag.py:2972} INFO - Setting next_dagrun for example_task_group_decorator to 2023-07-23T01:37:14.895431+00:00, run_after=2023-07-24T01:37:14.895431+00:00
[2023-07-24 01:37:14,906] {processor.py:161} INFO - Processing /home/airflow/.local/lib/python3.7/site-packages/airflow/example_dags/example_task_group_decorator.py took 0.127 seconds
[2023-07-24 01:37:45,263] {processor.py:153} INFO - Started process (PID=2133) to work on /home/airflow/.local/lib/python3.7/site-packages/airflow/example_dags/example_task_group_decorator.py
[2023-07-24 01:37:45,263] {processor.py:641} INFO - Processing file /home/airflow/.local/lib/python3.7/site-packages/airflow/example_dags/example_task_group_decorator.py for tasks to queue
[2023-07-24 01:37:45,263] {logging_mixin.py:115} INFO - [2023-07-24 01:37:45,263] {dagbag.py:508} INFO - Filling up the DagBag from /home/airflow/.local/lib/python3.7/site-packages/airflow/example_dags/example_task_group_decorator.py
[2023-07-24 01:37:45,275] {processor.py:651} INFO - DAG(s) dict_keys(['example_task_group_decorator']) retrieved from /home/airflow/.local/lib/python3.7/site-packages/airflow/example_dags/example_task_group_decorator.py
[2023-07-24 01:37:45,382] {logging_mixin.py:115} INFO - [2023-07-24 01:37:45,382] {dag.py:2420} INFO - Sync 1 DAGs
[2023-07-24 01:37:45,393] {logging_mixin.py:115} INFO - [2023-07-24 01:37:45,393] {dag.py:2972} INFO - Setting next_dagrun for example_task_group_decorator to 2023-07-23T01:37:45.393122+00:00, run_after=2023-07-24T01:37:45.393122+00:00
[2023-07-24 01:37:45,403] {processor.py:161} INFO - Processing /home/airflow/.local/lib/python3.7/site-packages/airflow/example_dags/example_task_group_decorator.py took 0.141 seconds
[2023-07-24 01:38:15,792] {processor.py:153} INFO - Started process (PID=2184) to work on /home/airflow/.local/lib/python3.7/site-packages/airflow/example_dags/example_task_group_decorator.py
[2023-07-24 01:38:15,793] {processor.py:641} INFO - Processing file /home/airflow/.local/lib/python3.7/site-packages/airflow/example_dags/example_task_group_decorator.py for tasks to queue
[2023-07-24 01:38:15,794] {logging_mixin.py:115} INFO - [2023-07-24 01:38:15,794] {dagbag.py:508} INFO - Filling up the DagBag from /home/airflow/.local/lib/python3.7/site-packages/airflow/example_dags/example_task_group_decorator.py
[2023-07-24 01:38:15,805] {processor.py:651} INFO - DAG(s) dict_keys(['example_task_group_decorator']) retrieved from /home/airflow/.local/lib/python3.7/site-packages/airflow/example_dags/example_task_group_decorator.py
[2023-07-24 01:38:15,908] {logging_mixin.py:115} INFO - [2023-07-24 01:38:15,908] {dag.py:2420} INFO - Sync 1 DAGs
[2023-07-24 01:38:15,917] {logging_mixin.py:115} INFO - [2023-07-24 01:38:15,917] {dag.py:2972} INFO - Setting next_dagrun for example_task_group_decorator to 2023-07-23T01:38:15.917597+00:00, run_after=2023-07-24T01:38:15.917597+00:00
[2023-07-24 01:38:15,931] {processor.py:161} INFO - Processing /home/airflow/.local/lib/python3.7/site-packages/airflow/example_dags/example_task_group_decorator.py took 0.140 seconds
[2023-07-24 01:38:46,298] {processor.py:153} INFO - Started process (PID=2245) to work on /home/airflow/.local/lib/python3.7/site-packages/airflow/example_dags/example_task_group_decorator.py
[2023-07-24 01:38:46,298] {processor.py:641} INFO - Processing file /home/airflow/.local/lib/python3.7/site-packages/airflow/example_dags/example_task_group_decorator.py for tasks to queue
[2023-07-24 01:38:46,299] {logging_mixin.py:115} INFO - [2023-07-24 01:38:46,298] {dagbag.py:508} INFO - Filling up the DagBag from /home/airflow/.local/lib/python3.7/site-packages/airflow/example_dags/example_task_group_decorator.py
[2023-07-24 01:38:46,310] {processor.py:651} INFO - DAG(s) dict_keys(['example_task_group_decorator']) retrieved from /home/airflow/.local/lib/python3.7/site-packages/airflow/example_dags/example_task_group_decorator.py
[2023-07-24 01:38:46,324] {logging_mixin.py:115} INFO - [2023-07-24 01:38:46,324] {dag.py:2420} INFO - Sync 1 DAGs
[2023-07-24 01:38:46,403] {logging_mixin.py:115} INFO - [2023-07-24 01:38:46,403] {dag.py:2972} INFO - Setting next_dagrun for example_task_group_decorator to 2023-07-23T01:38:46.403468+00:00, run_after=2023-07-24T01:38:46.403468+00:00
[2023-07-24 01:38:46,411] {processor.py:161} INFO - Processing /home/airflow/.local/lib/python3.7/site-packages/airflow/example_dags/example_task_group_decorator.py took 0.115 seconds
[2023-07-24 01:39:16,832] {processor.py:153} INFO - Started process (PID=2305) to work on /home/airflow/.local/lib/python3.7/site-packages/airflow/example_dags/example_task_group_decorator.py
[2023-07-24 01:39:16,832] {processor.py:641} INFO - Processing file /home/airflow/.local/lib/python3.7/site-packages/airflow/example_dags/example_task_group_decorator.py for tasks to queue
[2023-07-24 01:39:16,833] {logging_mixin.py:115} INFO - [2023-07-24 01:39:16,833] {dagbag.py:508} INFO - Filling up the DagBag from /home/airflow/.local/lib/python3.7/site-packages/airflow/example_dags/example_task_group_decorator.py
[2023-07-24 01:39:16,844] {processor.py:651} INFO - DAG(s) dict_keys(['example_task_group_decorator']) retrieved from /home/airflow/.local/lib/python3.7/site-packages/airflow/example_dags/example_task_group_decorator.py
[2023-07-24 01:39:16,858] {logging_mixin.py:115} INFO - [2023-07-24 01:39:16,858] {dag.py:2420} INFO - Sync 1 DAGs
[2023-07-24 01:39:16,935] {logging_mixin.py:115} INFO - [2023-07-24 01:39:16,935] {dag.py:2972} INFO - Setting next_dagrun for example_task_group_decorator to 2023-07-23T01:39:16.935328+00:00, run_after=2023-07-24T01:39:16.935328+00:00
[2023-07-24 01:39:16,945] {processor.py:161} INFO - Processing /home/airflow/.local/lib/python3.7/site-packages/airflow/example_dags/example_task_group_decorator.py took 0.114 seconds
[2023-07-24 01:39:47,455] {processor.py:153} INFO - Started process (PID=2364) to work on /home/airflow/.local/lib/python3.7/site-packages/airflow/example_dags/example_task_group_decorator.py
[2023-07-24 01:39:47,456] {processor.py:641} INFO - Processing file /home/airflow/.local/lib/python3.7/site-packages/airflow/example_dags/example_task_group_decorator.py for tasks to queue
[2023-07-24 01:39:47,456] {logging_mixin.py:115} INFO - [2023-07-24 01:39:47,456] {dagbag.py:508} INFO - Filling up the DagBag from /home/airflow/.local/lib/python3.7/site-packages/airflow/example_dags/example_task_group_decorator.py
[2023-07-24 01:39:47,467] {processor.py:651} INFO - DAG(s) dict_keys(['example_task_group_decorator']) retrieved from /home/airflow/.local/lib/python3.7/site-packages/airflow/example_dags/example_task_group_decorator.py
[2023-07-24 01:39:47,565] {logging_mixin.py:115} INFO - [2023-07-24 01:39:47,565] {dag.py:2420} INFO - Sync 1 DAGs
[2023-07-24 01:39:47,574] {logging_mixin.py:115} INFO - [2023-07-24 01:39:47,574] {dag.py:2972} INFO - Setting next_dagrun for example_task_group_decorator to 2023-07-23T01:39:47.574738+00:00, run_after=2023-07-24T01:39:47.574738+00:00
[2023-07-24 01:39:47,585] {processor.py:161} INFO - Processing /home/airflow/.local/lib/python3.7/site-packages/airflow/example_dags/example_task_group_decorator.py took 0.131 seconds
[2023-07-24 01:40:17,963] {processor.py:153} INFO - Started process (PID=2416) to work on /home/airflow/.local/lib/python3.7/site-packages/airflow/example_dags/example_task_group_decorator.py
[2023-07-24 01:40:17,964] {processor.py:641} INFO - Processing file /home/airflow/.local/lib/python3.7/site-packages/airflow/example_dags/example_task_group_decorator.py for tasks to queue
[2023-07-24 01:40:17,964] {logging_mixin.py:115} INFO - [2023-07-24 01:40:17,964] {dagbag.py:508} INFO - Filling up the DagBag from /home/airflow/.local/lib/python3.7/site-packages/airflow/example_dags/example_task_group_decorator.py
[2023-07-24 01:40:17,976] {processor.py:651} INFO - DAG(s) dict_keys(['example_task_group_decorator']) retrieved from /home/airflow/.local/lib/python3.7/site-packages/airflow/example_dags/example_task_group_decorator.py
[2023-07-24 01:40:18,080] {logging_mixin.py:115} INFO - [2023-07-24 01:40:18,080] {dag.py:2420} INFO - Sync 1 DAGs
[2023-07-24 01:40:18,090] {logging_mixin.py:115} INFO - [2023-07-24 01:40:18,090] {dag.py:2972} INFO - Setting next_dagrun for example_task_group_decorator to 2023-07-23T01:40:18.090744+00:00, run_after=2023-07-24T01:40:18.090744+00:00
[2023-07-24 01:40:18,102] {processor.py:161} INFO - Processing /home/airflow/.local/lib/python3.7/site-packages/airflow/example_dags/example_task_group_decorator.py took 0.140 seconds
[2023-07-24 01:40:48,541] {processor.py:153} INFO - Started process (PID=2477) to work on /home/airflow/.local/lib/python3.7/site-packages/airflow/example_dags/example_task_group_decorator.py
[2023-07-24 01:40:48,542] {processor.py:641} INFO - Processing file /home/airflow/.local/lib/python3.7/site-packages/airflow/example_dags/example_task_group_decorator.py for tasks to queue
[2023-07-24 01:40:48,542] {logging_mixin.py:115} INFO - [2023-07-24 01:40:48,542] {dagbag.py:508} INFO - Filling up the DagBag from /home/airflow/.local/lib/python3.7/site-packages/airflow/example_dags/example_task_group_decorator.py
[2023-07-24 01:40:48,554] {processor.py:651} INFO - DAG(s) dict_keys(['example_task_group_decorator']) retrieved from /home/airflow/.local/lib/python3.7/site-packages/airflow/example_dags/example_task_group_decorator.py
[2023-07-24 01:40:48,656] {logging_mixin.py:115} INFO - [2023-07-24 01:40:48,656] {dag.py:2420} INFO - Sync 1 DAGs
[2023-07-24 01:40:48,666] {logging_mixin.py:115} INFO - [2023-07-24 01:40:48,666] {dag.py:2972} INFO - Setting next_dagrun for example_task_group_decorator to 2023-07-23T01:40:48.666454+00:00, run_after=2023-07-24T01:40:48.666454+00:00
[2023-07-24 01:40:48,676] {processor.py:161} INFO - Processing /home/airflow/.local/lib/python3.7/site-packages/airflow/example_dags/example_task_group_decorator.py took 0.136 seconds
[2023-07-24 01:41:19,223] {processor.py:153} INFO - Started process (PID=2538) to work on /home/airflow/.local/lib/python3.7/site-packages/airflow/example_dags/example_task_group_decorator.py
[2023-07-24 01:41:19,224] {processor.py:641} INFO - Processing file /home/airflow/.local/lib/python3.7/site-packages/airflow/example_dags/example_task_group_decorator.py for tasks to queue
[2023-07-24 01:41:19,224] {logging_mixin.py:115} INFO - [2023-07-24 01:41:19,224] {dagbag.py:508} INFO - Filling up the DagBag from /home/airflow/.local/lib/python3.7/site-packages/airflow/example_dags/example_task_group_decorator.py
[2023-07-24 01:41:19,235] {processor.py:651} INFO - DAG(s) dict_keys(['example_task_group_decorator']) retrieved from /home/airflow/.local/lib/python3.7/site-packages/airflow/example_dags/example_task_group_decorator.py
[2023-07-24 01:41:19,249] {logging_mixin.py:115} INFO - [2023-07-24 01:41:19,249] {dag.py:2420} INFO - Sync 1 DAGs
[2023-07-24 01:41:19,329] {logging_mixin.py:115} INFO - [2023-07-24 01:41:19,329] {dag.py:2972} INFO - Setting next_dagrun for example_task_group_decorator to 2023-07-23T01:41:19.329280+00:00, run_after=2023-07-24T01:41:19.329280+00:00
[2023-07-24 01:41:19,337] {processor.py:161} INFO - Processing /home/airflow/.local/lib/python3.7/site-packages/airflow/example_dags/example_task_group_decorator.py took 0.115 seconds
[2023-07-24 01:41:49,889] {processor.py:153} INFO - Started process (PID=2599) to work on /home/airflow/.local/lib/python3.7/site-packages/airflow/example_dags/example_task_group_decorator.py
[2023-07-24 01:41:49,889] {processor.py:641} INFO - Processing file /home/airflow/.local/lib/python3.7/site-packages/airflow/example_dags/example_task_group_decorator.py for tasks to queue
[2023-07-24 01:41:49,889] {logging_mixin.py:115} INFO - [2023-07-24 01:41:49,889] {dagbag.py:508} INFO - Filling up the DagBag from /home/airflow/.local/lib/python3.7/site-packages/airflow/example_dags/example_task_group_decorator.py
[2023-07-24 01:41:49,901] {processor.py:651} INFO - DAG(s) dict_keys(['example_task_group_decorator']) retrieved from /home/airflow/.local/lib/python3.7/site-packages/airflow/example_dags/example_task_group_decorator.py
[2023-07-24 01:41:50,004] {logging_mixin.py:115} INFO - [2023-07-24 01:41:50,004] {dag.py:2420} INFO - Sync 1 DAGs
[2023-07-24 01:41:50,013] {logging_mixin.py:115} INFO - [2023-07-24 01:41:50,013] {dag.py:2972} INFO - Setting next_dagrun for example_task_group_decorator to 2023-07-23T01:41:50.013758+00:00, run_after=2023-07-24T01:41:50.013758+00:00
[2023-07-24 01:41:50,025] {processor.py:161} INFO - Processing /home/airflow/.local/lib/python3.7/site-packages/airflow/example_dags/example_task_group_decorator.py took 0.138 seconds
[2023-07-24 01:42:20,527] {processor.py:153} INFO - Started process (PID=2650) to work on /home/airflow/.local/lib/python3.7/site-packages/airflow/example_dags/example_task_group_decorator.py
[2023-07-24 01:42:20,527] {processor.py:641} INFO - Processing file /home/airflow/.local/lib/python3.7/site-packages/airflow/example_dags/example_task_group_decorator.py for tasks to queue
[2023-07-24 01:42:20,527] {logging_mixin.py:115} INFO - [2023-07-24 01:42:20,527] {dagbag.py:508} INFO - Filling up the DagBag from /home/airflow/.local/lib/python3.7/site-packages/airflow/example_dags/example_task_group_decorator.py
[2023-07-24 01:42:20,538] {processor.py:651} INFO - DAG(s) dict_keys(['example_task_group_decorator']) retrieved from /home/airflow/.local/lib/python3.7/site-packages/airflow/example_dags/example_task_group_decorator.py
[2023-07-24 01:42:20,642] {logging_mixin.py:115} INFO - [2023-07-24 01:42:20,641] {dag.py:2420} INFO - Sync 1 DAGs
[2023-07-24 01:42:20,653] {logging_mixin.py:115} INFO - [2023-07-24 01:42:20,652] {dag.py:2972} INFO - Setting next_dagrun for example_task_group_decorator to 2023-07-23T01:42:20.652797+00:00, run_after=2023-07-24T01:42:20.652797+00:00
[2023-07-24 01:42:20,664] {processor.py:161} INFO - Processing /home/airflow/.local/lib/python3.7/site-packages/airflow/example_dags/example_task_group_decorator.py took 0.139 seconds
[2023-07-24 01:42:51,234] {processor.py:153} INFO - Started process (PID=2711) to work on /home/airflow/.local/lib/python3.7/site-packages/airflow/example_dags/example_task_group_decorator.py
[2023-07-24 01:42:51,234] {processor.py:641} INFO - Processing file /home/airflow/.local/lib/python3.7/site-packages/airflow/example_dags/example_task_group_decorator.py for tasks to queue
[2023-07-24 01:42:51,235] {logging_mixin.py:115} INFO - [2023-07-24 01:42:51,235] {dagbag.py:508} INFO - Filling up the DagBag from /home/airflow/.local/lib/python3.7/site-packages/airflow/example_dags/example_task_group_decorator.py
[2023-07-24 01:42:51,246] {processor.py:651} INFO - DAG(s) dict_keys(['example_task_group_decorator']) retrieved from /home/airflow/.local/lib/python3.7/site-packages/airflow/example_dags/example_task_group_decorator.py
[2023-07-24 01:42:51,348] {logging_mixin.py:115} INFO - [2023-07-24 01:42:51,348] {dag.py:2420} INFO - Sync 1 DAGs
[2023-07-24 01:42:51,357] {logging_mixin.py:115} INFO - [2023-07-24 01:42:51,357] {dag.py:2972} INFO - Setting next_dagrun for example_task_group_decorator to 2023-07-23T01:42:51.357680+00:00, run_after=2023-07-24T01:42:51.357680+00:00
[2023-07-24 01:42:51,368] {processor.py:161} INFO - Processing /home/airflow/.local/lib/python3.7/site-packages/airflow/example_dags/example_task_group_decorator.py took 0.135 seconds
[2023-07-24 01:43:21,879] {processor.py:153} INFO - Started process (PID=2771) to work on /home/airflow/.local/lib/python3.7/site-packages/airflow/example_dags/example_task_group_decorator.py
[2023-07-24 01:43:21,880] {processor.py:641} INFO - Processing file /home/airflow/.local/lib/python3.7/site-packages/airflow/example_dags/example_task_group_decorator.py for tasks to queue
[2023-07-24 01:43:21,880] {logging_mixin.py:115} INFO - [2023-07-24 01:43:21,880] {dagbag.py:508} INFO - Filling up the DagBag from /home/airflow/.local/lib/python3.7/site-packages/airflow/example_dags/example_task_group_decorator.py
[2023-07-24 01:43:21,891] {processor.py:651} INFO - DAG(s) dict_keys(['example_task_group_decorator']) retrieved from /home/airflow/.local/lib/python3.7/site-packages/airflow/example_dags/example_task_group_decorator.py
[2023-07-24 01:43:21,905] {logging_mixin.py:115} INFO - [2023-07-24 01:43:21,905] {dag.py:2420} INFO - Sync 1 DAGs
[2023-07-24 01:43:21,988] {logging_mixin.py:115} INFO - [2023-07-24 01:43:21,988] {dag.py:2972} INFO - Setting next_dagrun for example_task_group_decorator to 2023-07-23T01:43:21.988105+00:00, run_after=2023-07-24T01:43:21.988105+00:00
[2023-07-24 01:43:21,998] {processor.py:161} INFO - Processing /home/airflow/.local/lib/python3.7/site-packages/airflow/example_dags/example_task_group_decorator.py took 0.120 seconds
[2023-07-24 01:43:52,466] {processor.py:153} INFO - Started process (PID=2831) to work on /home/airflow/.local/lib/python3.7/site-packages/airflow/example_dags/example_task_group_decorator.py
[2023-07-24 01:43:52,467] {processor.py:641} INFO - Processing file /home/airflow/.local/lib/python3.7/site-packages/airflow/example_dags/example_task_group_decorator.py for tasks to queue
[2023-07-24 01:43:52,467] {logging_mixin.py:115} INFO - [2023-07-24 01:43:52,467] {dagbag.py:508} INFO - Filling up the DagBag from /home/airflow/.local/lib/python3.7/site-packages/airflow/example_dags/example_task_group_decorator.py
[2023-07-24 01:43:52,479] {processor.py:651} INFO - DAG(s) dict_keys(['example_task_group_decorator']) retrieved from /home/airflow/.local/lib/python3.7/site-packages/airflow/example_dags/example_task_group_decorator.py
[2023-07-24 01:43:52,577] {logging_mixin.py:115} INFO - [2023-07-24 01:43:52,577] {dag.py:2420} INFO - Sync 1 DAGs
[2023-07-24 01:43:52,587] {logging_mixin.py:115} INFO - [2023-07-24 01:43:52,587] {dag.py:2972} INFO - Setting next_dagrun for example_task_group_decorator to 2023-07-23T01:43:52.586922+00:00, run_after=2023-07-24T01:43:52.586922+00:00
[2023-07-24 01:43:52,596] {processor.py:161} INFO - Processing /home/airflow/.local/lib/python3.7/site-packages/airflow/example_dags/example_task_group_decorator.py took 0.131 seconds
[2023-07-24 01:44:23,127] {processor.py:153} INFO - Started process (PID=2890) to work on /home/airflow/.local/lib/python3.7/site-packages/airflow/example_dags/example_task_group_decorator.py
[2023-07-24 01:44:23,127] {processor.py:641} INFO - Processing file /home/airflow/.local/lib/python3.7/site-packages/airflow/example_dags/example_task_group_decorator.py for tasks to queue
[2023-07-24 01:44:23,127] {logging_mixin.py:115} INFO - [2023-07-24 01:44:23,127] {dagbag.py:508} INFO - Filling up the DagBag from /home/airflow/.local/lib/python3.7/site-packages/airflow/example_dags/example_task_group_decorator.py
[2023-07-24 01:44:23,139] {processor.py:651} INFO - DAG(s) dict_keys(['example_task_group_decorator']) retrieved from /home/airflow/.local/lib/python3.7/site-packages/airflow/example_dags/example_task_group_decorator.py
[2023-07-24 01:44:23,254] {logging_mixin.py:115} INFO - [2023-07-24 01:44:23,254] {dag.py:2420} INFO - Sync 1 DAGs
[2023-07-24 01:44:23,266] {logging_mixin.py:115} INFO - [2023-07-24 01:44:23,266] {dag.py:2972} INFO - Setting next_dagrun for example_task_group_decorator to 2023-07-23T01:44:23.266671+00:00, run_after=2023-07-24T01:44:23.266671+00:00
[2023-07-24 01:44:23,279] {processor.py:161} INFO - Processing /home/airflow/.local/lib/python3.7/site-packages/airflow/example_dags/example_task_group_decorator.py took 0.154 seconds
[2023-07-24 01:44:53,791] {processor.py:153} INFO - Started process (PID=2944) to work on /home/airflow/.local/lib/python3.7/site-packages/airflow/example_dags/example_task_group_decorator.py
[2023-07-24 01:44:53,792] {processor.py:641} INFO - Processing file /home/airflow/.local/lib/python3.7/site-packages/airflow/example_dags/example_task_group_decorator.py for tasks to queue
[2023-07-24 01:44:53,792] {logging_mixin.py:115} INFO - [2023-07-24 01:44:53,792] {dagbag.py:508} INFO - Filling up the DagBag from /home/airflow/.local/lib/python3.7/site-packages/airflow/example_dags/example_task_group_decorator.py
[2023-07-24 01:44:53,803] {processor.py:651} INFO - DAG(s) dict_keys(['example_task_group_decorator']) retrieved from /home/airflow/.local/lib/python3.7/site-packages/airflow/example_dags/example_task_group_decorator.py
[2023-07-24 01:44:53,904] {logging_mixin.py:115} INFO - [2023-07-24 01:44:53,904] {dag.py:2420} INFO - Sync 1 DAGs
[2023-07-24 01:44:53,913] {logging_mixin.py:115} INFO - [2023-07-24 01:44:53,913] {dag.py:2972} INFO - Setting next_dagrun for example_task_group_decorator to 2023-07-23T01:44:53.913630+00:00, run_after=2023-07-24T01:44:53.913630+00:00
[2023-07-24 01:44:53,924] {processor.py:161} INFO - Processing /home/airflow/.local/lib/python3.7/site-packages/airflow/example_dags/example_task_group_decorator.py took 0.134 seconds
[2023-07-24 01:45:24,726] {processor.py:153} INFO - Started process (PID=3004) to work on /home/airflow/.local/lib/python3.7/site-packages/airflow/example_dags/example_task_group_decorator.py
[2023-07-24 01:45:24,726] {processor.py:641} INFO - Processing file /home/airflow/.local/lib/python3.7/site-packages/airflow/example_dags/example_task_group_decorator.py for tasks to queue
[2023-07-24 01:45:24,726] {logging_mixin.py:115} INFO - [2023-07-24 01:45:24,726] {dagbag.py:508} INFO - Filling up the DagBag from /home/airflow/.local/lib/python3.7/site-packages/airflow/example_dags/example_task_group_decorator.py
[2023-07-24 01:45:24,737] {processor.py:651} INFO - DAG(s) dict_keys(['example_task_group_decorator']) retrieved from /home/airflow/.local/lib/python3.7/site-packages/airflow/example_dags/example_task_group_decorator.py
[2023-07-24 01:45:24,836] {logging_mixin.py:115} INFO - [2023-07-24 01:45:24,836] {dag.py:2420} INFO - Sync 1 DAGs
[2023-07-24 01:45:24,846] {logging_mixin.py:115} INFO - [2023-07-24 01:45:24,846] {dag.py:2972} INFO - Setting next_dagrun for example_task_group_decorator to 2023-07-23T01:45:24.845951+00:00, run_after=2023-07-24T01:45:24.845951+00:00
[2023-07-24 01:45:24,856] {processor.py:161} INFO - Processing /home/airflow/.local/lib/python3.7/site-packages/airflow/example_dags/example_task_group_decorator.py took 0.132 seconds
[2023-07-24 01:45:55,524] {processor.py:153} INFO - Started process (PID=3064) to work on /home/airflow/.local/lib/python3.7/site-packages/airflow/example_dags/example_task_group_decorator.py
[2023-07-24 01:45:55,525] {processor.py:641} INFO - Processing file /home/airflow/.local/lib/python3.7/site-packages/airflow/example_dags/example_task_group_decorator.py for tasks to queue
[2023-07-24 01:45:55,525] {logging_mixin.py:115} INFO - [2023-07-24 01:45:55,525] {dagbag.py:508} INFO - Filling up the DagBag from /home/airflow/.local/lib/python3.7/site-packages/airflow/example_dags/example_task_group_decorator.py
[2023-07-24 01:45:55,536] {processor.py:651} INFO - DAG(s) dict_keys(['example_task_group_decorator']) retrieved from /home/airflow/.local/lib/python3.7/site-packages/airflow/example_dags/example_task_group_decorator.py
[2023-07-24 01:45:55,638] {logging_mixin.py:115} INFO - [2023-07-24 01:45:55,638] {dag.py:2420} INFO - Sync 1 DAGs
[2023-07-24 01:45:55,648] {logging_mixin.py:115} INFO - [2023-07-24 01:45:55,648] {dag.py:2972} INFO - Setting next_dagrun for example_task_group_decorator to 2023-07-23T01:45:55.648027+00:00, run_after=2023-07-24T01:45:55.648027+00:00
[2023-07-24 01:45:55,658] {processor.py:161} INFO - Processing /home/airflow/.local/lib/python3.7/site-packages/airflow/example_dags/example_task_group_decorator.py took 0.135 seconds
[2023-07-24 01:46:57,250] {processor.py:153} INFO - Started process (PID=73) to work on /home/airflow/.local/lib/python3.7/site-packages/airflow/example_dags/example_task_group_decorator.py
[2023-07-24 01:46:57,251] {processor.py:641} INFO - Processing file /home/airflow/.local/lib/python3.7/site-packages/airflow/example_dags/example_task_group_decorator.py for tasks to queue
[2023-07-24 01:46:57,251] {logging_mixin.py:115} INFO - [2023-07-24 01:46:57,251] {dagbag.py:508} INFO - Filling up the DagBag from /home/airflow/.local/lib/python3.7/site-packages/airflow/example_dags/example_task_group_decorator.py
[2023-07-24 01:46:57,264] {processor.py:651} INFO - DAG(s) dict_keys(['example_task_group_decorator']) retrieved from /home/airflow/.local/lib/python3.7/site-packages/airflow/example_dags/example_task_group_decorator.py
[2023-07-24 01:46:57,379] {logging_mixin.py:115} INFO - [2023-07-24 01:46:57,379] {dag.py:2420} INFO - Sync 1 DAGs
[2023-07-24 01:46:57,390] {logging_mixin.py:115} INFO - [2023-07-24 01:46:57,390] {dag.py:2972} INFO - Setting next_dagrun for example_task_group_decorator to 2023-07-23T01:46:57.390521+00:00, run_after=2023-07-24T01:46:57.390521+00:00
[2023-07-24 01:46:57,401] {processor.py:161} INFO - Processing /home/airflow/.local/lib/python3.7/site-packages/airflow/example_dags/example_task_group_decorator.py took 0.153 seconds
[2023-07-24 01:47:27,737] {processor.py:153} INFO - Started process (PID=134) to work on /home/airflow/.local/lib/python3.7/site-packages/airflow/example_dags/example_task_group_decorator.py
[2023-07-24 01:47:27,738] {processor.py:641} INFO - Processing file /home/airflow/.local/lib/python3.7/site-packages/airflow/example_dags/example_task_group_decorator.py for tasks to queue
[2023-07-24 01:47:27,738] {logging_mixin.py:115} INFO - [2023-07-24 01:47:27,738] {dagbag.py:508} INFO - Filling up the DagBag from /home/airflow/.local/lib/python3.7/site-packages/airflow/example_dags/example_task_group_decorator.py
[2023-07-24 01:47:27,750] {processor.py:651} INFO - DAG(s) dict_keys(['example_task_group_decorator']) retrieved from /home/airflow/.local/lib/python3.7/site-packages/airflow/example_dags/example_task_group_decorator.py
[2023-07-24 01:47:27,844] {logging_mixin.py:115} INFO - [2023-07-24 01:47:27,844] {dag.py:2420} INFO - Sync 1 DAGs
[2023-07-24 01:47:27,853] {logging_mixin.py:115} INFO - [2023-07-24 01:47:27,853] {dag.py:2972} INFO - Setting next_dagrun for example_task_group_decorator to 2023-07-23T01:47:27.853706+00:00, run_after=2023-07-24T01:47:27.853706+00:00
[2023-07-24 01:47:27,863] {processor.py:161} INFO - Processing /home/airflow/.local/lib/python3.7/site-packages/airflow/example_dags/example_task_group_decorator.py took 0.128 seconds
[2023-07-24 01:47:58,232] {processor.py:153} INFO - Started process (PID=195) to work on /home/airflow/.local/lib/python3.7/site-packages/airflow/example_dags/example_task_group_decorator.py
[2023-07-24 01:47:58,233] {processor.py:641} INFO - Processing file /home/airflow/.local/lib/python3.7/site-packages/airflow/example_dags/example_task_group_decorator.py for tasks to queue
[2023-07-24 01:47:58,233] {logging_mixin.py:115} INFO - [2023-07-24 01:47:58,233] {dagbag.py:508} INFO - Filling up the DagBag from /home/airflow/.local/lib/python3.7/site-packages/airflow/example_dags/example_task_group_decorator.py
[2023-07-24 01:47:58,244] {processor.py:651} INFO - DAG(s) dict_keys(['example_task_group_decorator']) retrieved from /home/airflow/.local/lib/python3.7/site-packages/airflow/example_dags/example_task_group_decorator.py
[2023-07-24 01:47:58,343] {logging_mixin.py:115} INFO - [2023-07-24 01:47:58,343] {dag.py:2420} INFO - Sync 1 DAGs
[2023-07-24 01:47:58,352] {logging_mixin.py:115} INFO - [2023-07-24 01:47:58,352] {dag.py:2972} INFO - Setting next_dagrun for example_task_group_decorator to 2023-07-23T01:47:58.352440+00:00, run_after=2023-07-24T01:47:58.352440+00:00
[2023-07-24 01:47:58,362] {processor.py:161} INFO - Processing /home/airflow/.local/lib/python3.7/site-packages/airflow/example_dags/example_task_group_decorator.py took 0.131 seconds
[2023-07-24 01:48:28,689] {processor.py:153} INFO - Started process (PID=247) to work on /home/airflow/.local/lib/python3.7/site-packages/airflow/example_dags/example_task_group_decorator.py
[2023-07-24 01:48:28,691] {processor.py:641} INFO - Processing file /home/airflow/.local/lib/python3.7/site-packages/airflow/example_dags/example_task_group_decorator.py for tasks to queue
[2023-07-24 01:48:28,691] {logging_mixin.py:115} INFO - [2023-07-24 01:48:28,691] {dagbag.py:508} INFO - Filling up the DagBag from /home/airflow/.local/lib/python3.7/site-packages/airflow/example_dags/example_task_group_decorator.py
[2023-07-24 01:48:28,703] {processor.py:651} INFO - DAG(s) dict_keys(['example_task_group_decorator']) retrieved from /home/airflow/.local/lib/python3.7/site-packages/airflow/example_dags/example_task_group_decorator.py
[2023-07-24 01:48:28,811] {logging_mixin.py:115} INFO - [2023-07-24 01:48:28,811] {dag.py:2420} INFO - Sync 1 DAGs
[2023-07-24 01:48:28,821] {logging_mixin.py:115} INFO - [2023-07-24 01:48:28,821] {dag.py:2972} INFO - Setting next_dagrun for example_task_group_decorator to 2023-07-23T01:48:28.821184+00:00, run_after=2023-07-24T01:48:28.821184+00:00
[2023-07-24 01:48:28,831] {processor.py:161} INFO - Processing /home/airflow/.local/lib/python3.7/site-packages/airflow/example_dags/example_task_group_decorator.py took 0.143 seconds
[2023-07-24 01:48:59,106] {processor.py:153} INFO - Started process (PID=307) to work on /home/airflow/.local/lib/python3.7/site-packages/airflow/example_dags/example_task_group_decorator.py
[2023-07-24 01:48:59,107] {processor.py:641} INFO - Processing file /home/airflow/.local/lib/python3.7/site-packages/airflow/example_dags/example_task_group_decorator.py for tasks to queue
[2023-07-24 01:48:59,107] {logging_mixin.py:115} INFO - [2023-07-24 01:48:59,107] {dagbag.py:508} INFO - Filling up the DagBag from /home/airflow/.local/lib/python3.7/site-packages/airflow/example_dags/example_task_group_decorator.py
[2023-07-24 01:48:59,118] {processor.py:651} INFO - DAG(s) dict_keys(['example_task_group_decorator']) retrieved from /home/airflow/.local/lib/python3.7/site-packages/airflow/example_dags/example_task_group_decorator.py
[2023-07-24 01:48:59,217] {logging_mixin.py:115} INFO - [2023-07-24 01:48:59,217] {dag.py:2420} INFO - Sync 1 DAGs
[2023-07-24 01:48:59,226] {logging_mixin.py:115} INFO - [2023-07-24 01:48:59,226] {dag.py:2972} INFO - Setting next_dagrun for example_task_group_decorator to 2023-07-23T01:48:59.226616+00:00, run_after=2023-07-24T01:48:59.226616+00:00
[2023-07-24 01:48:59,236] {processor.py:161} INFO - Processing /home/airflow/.local/lib/python3.7/site-packages/airflow/example_dags/example_task_group_decorator.py took 0.132 seconds
[2023-07-24 01:49:29,553] {processor.py:153} INFO - Started process (PID=368) to work on /home/airflow/.local/lib/python3.7/site-packages/airflow/example_dags/example_task_group_decorator.py
[2023-07-24 01:49:29,554] {processor.py:641} INFO - Processing file /home/airflow/.local/lib/python3.7/site-packages/airflow/example_dags/example_task_group_decorator.py for tasks to queue
[2023-07-24 01:49:29,554] {logging_mixin.py:115} INFO - [2023-07-24 01:49:29,554] {dagbag.py:508} INFO - Filling up the DagBag from /home/airflow/.local/lib/python3.7/site-packages/airflow/example_dags/example_task_group_decorator.py
[2023-07-24 01:49:29,566] {processor.py:651} INFO - DAG(s) dict_keys(['example_task_group_decorator']) retrieved from /home/airflow/.local/lib/python3.7/site-packages/airflow/example_dags/example_task_group_decorator.py
[2023-07-24 01:49:29,673] {logging_mixin.py:115} INFO - [2023-07-24 01:49:29,673] {dag.py:2420} INFO - Sync 1 DAGs
[2023-07-24 01:49:29,683] {logging_mixin.py:115} INFO - [2023-07-24 01:49:29,683] {dag.py:2972} INFO - Setting next_dagrun for example_task_group_decorator to 2023-07-23T01:49:29.683635+00:00, run_after=2023-07-24T01:49:29.683635+00:00
[2023-07-24 01:49:29,693] {processor.py:161} INFO - Processing /home/airflow/.local/lib/python3.7/site-packages/airflow/example_dags/example_task_group_decorator.py took 0.142 seconds
[2023-07-24 01:50:00,070] {processor.py:153} INFO - Started process (PID=429) to work on /home/airflow/.local/lib/python3.7/site-packages/airflow/example_dags/example_task_group_decorator.py
[2023-07-24 01:50:00,072] {processor.py:641} INFO - Processing file /home/airflow/.local/lib/python3.7/site-packages/airflow/example_dags/example_task_group_decorator.py for tasks to queue
[2023-07-24 01:50:00,072] {logging_mixin.py:115} INFO - [2023-07-24 01:50:00,072] {dagbag.py:508} INFO - Filling up the DagBag from /home/airflow/.local/lib/python3.7/site-packages/airflow/example_dags/example_task_group_decorator.py
[2023-07-24 01:50:00,087] {processor.py:651} INFO - DAG(s) dict_keys(['example_task_group_decorator']) retrieved from /home/airflow/.local/lib/python3.7/site-packages/airflow/example_dags/example_task_group_decorator.py
[2023-07-24 01:50:00,193] {logging_mixin.py:115} INFO - [2023-07-24 01:50:00,193] {dag.py:2420} INFO - Sync 1 DAGs
[2023-07-24 01:50:00,202] {logging_mixin.py:115} INFO - [2023-07-24 01:50:00,202] {dag.py:2972} INFO - Setting next_dagrun for example_task_group_decorator to 2023-07-23T01:50:00.202358+00:00, run_after=2023-07-24T01:50:00.202358+00:00
[2023-07-24 01:50:00,212] {processor.py:161} INFO - Processing /home/airflow/.local/lib/python3.7/site-packages/airflow/example_dags/example_task_group_decorator.py took 0.143 seconds
[2023-07-24 01:50:30,623] {processor.py:153} INFO - Started process (PID=481) to work on /home/airflow/.local/lib/python3.7/site-packages/airflow/example_dags/example_task_group_decorator.py
[2023-07-24 01:50:30,624] {processor.py:641} INFO - Processing file /home/airflow/.local/lib/python3.7/site-packages/airflow/example_dags/example_task_group_decorator.py for tasks to queue
[2023-07-24 01:50:30,624] {logging_mixin.py:115} INFO - [2023-07-24 01:50:30,624] {dagbag.py:508} INFO - Filling up the DagBag from /home/airflow/.local/lib/python3.7/site-packages/airflow/example_dags/example_task_group_decorator.py
[2023-07-24 01:50:30,635] {processor.py:651} INFO - DAG(s) dict_keys(['example_task_group_decorator']) retrieved from /home/airflow/.local/lib/python3.7/site-packages/airflow/example_dags/example_task_group_decorator.py
[2023-07-24 01:50:30,741] {logging_mixin.py:115} INFO - [2023-07-24 01:50:30,741] {dag.py:2420} INFO - Sync 1 DAGs
[2023-07-24 01:50:30,751] {logging_mixin.py:115} INFO - [2023-07-24 01:50:30,751] {dag.py:2972} INFO - Setting next_dagrun for example_task_group_decorator to 2023-07-23T01:50:30.751268+00:00, run_after=2023-07-24T01:50:30.751268+00:00
[2023-07-24 01:50:30,760] {processor.py:161} INFO - Processing /home/airflow/.local/lib/python3.7/site-packages/airflow/example_dags/example_task_group_decorator.py took 0.138 seconds
[2023-07-24 01:51:01,151] {processor.py:153} INFO - Started process (PID=543) to work on /home/airflow/.local/lib/python3.7/site-packages/airflow/example_dags/example_task_group_decorator.py
[2023-07-24 01:51:01,151] {processor.py:641} INFO - Processing file /home/airflow/.local/lib/python3.7/site-packages/airflow/example_dags/example_task_group_decorator.py for tasks to queue
[2023-07-24 01:51:01,151] {logging_mixin.py:115} INFO - [2023-07-24 01:51:01,151] {dagbag.py:508} INFO - Filling up the DagBag from /home/airflow/.local/lib/python3.7/site-packages/airflow/example_dags/example_task_group_decorator.py
[2023-07-24 01:51:01,163] {processor.py:651} INFO - DAG(s) dict_keys(['example_task_group_decorator']) retrieved from /home/airflow/.local/lib/python3.7/site-packages/airflow/example_dags/example_task_group_decorator.py
[2023-07-24 01:51:01,271] {logging_mixin.py:115} INFO - [2023-07-24 01:51:01,271] {dag.py:2420} INFO - Sync 1 DAGs
[2023-07-24 01:51:01,281] {logging_mixin.py:115} INFO - [2023-07-24 01:51:01,281] {dag.py:2972} INFO - Setting next_dagrun for example_task_group_decorator to 2023-07-23T01:51:01.281680+00:00, run_after=2023-07-24T01:51:01.281680+00:00
[2023-07-24 01:51:01,291] {processor.py:161} INFO - Processing /home/airflow/.local/lib/python3.7/site-packages/airflow/example_dags/example_task_group_decorator.py took 0.142 seconds
[2023-07-24 01:51:31,645] {processor.py:153} INFO - Started process (PID=602) to work on /home/airflow/.local/lib/python3.7/site-packages/airflow/example_dags/example_task_group_decorator.py
[2023-07-24 01:51:31,645] {processor.py:641} INFO - Processing file /home/airflow/.local/lib/python3.7/site-packages/airflow/example_dags/example_task_group_decorator.py for tasks to queue
[2023-07-24 01:51:31,645] {logging_mixin.py:115} INFO - [2023-07-24 01:51:31,645] {dagbag.py:508} INFO - Filling up the DagBag from /home/airflow/.local/lib/python3.7/site-packages/airflow/example_dags/example_task_group_decorator.py
[2023-07-24 01:51:31,657] {processor.py:651} INFO - DAG(s) dict_keys(['example_task_group_decorator']) retrieved from /home/airflow/.local/lib/python3.7/site-packages/airflow/example_dags/example_task_group_decorator.py
[2023-07-24 01:51:31,765] {logging_mixin.py:115} INFO - [2023-07-24 01:51:31,765] {dag.py:2420} INFO - Sync 1 DAGs
[2023-07-24 01:51:31,775] {logging_mixin.py:115} INFO - [2023-07-24 01:51:31,775] {dag.py:2972} INFO - Setting next_dagrun for example_task_group_decorator to 2023-07-23T01:51:31.775483+00:00, run_after=2023-07-24T01:51:31.775483+00:00
[2023-07-24 01:51:31,786] {processor.py:161} INFO - Processing /home/airflow/.local/lib/python3.7/site-packages/airflow/example_dags/example_task_group_decorator.py took 0.143 seconds
[2023-07-24 01:52:02,334] {processor.py:153} INFO - Started process (PID=664) to work on /home/airflow/.local/lib/python3.7/site-packages/airflow/example_dags/example_task_group_decorator.py
[2023-07-24 01:52:02,348] {processor.py:641} INFO - Processing file /home/airflow/.local/lib/python3.7/site-packages/airflow/example_dags/example_task_group_decorator.py for tasks to queue
[2023-07-24 01:52:02,349] {logging_mixin.py:115} INFO - [2023-07-24 01:52:02,349] {dagbag.py:508} INFO - Filling up the DagBag from /home/airflow/.local/lib/python3.7/site-packages/airflow/example_dags/example_task_group_decorator.py
[2023-07-24 01:52:02,360] {processor.py:651} INFO - DAG(s) dict_keys(['example_task_group_decorator']) retrieved from /home/airflow/.local/lib/python3.7/site-packages/airflow/example_dags/example_task_group_decorator.py
[2023-07-24 01:52:02,470] {logging_mixin.py:115} INFO - [2023-07-24 01:52:02,470] {dag.py:2420} INFO - Sync 1 DAGs
[2023-07-24 01:52:02,480] {logging_mixin.py:115} INFO - [2023-07-24 01:52:02,479] {dag.py:2972} INFO - Setting next_dagrun for example_task_group_decorator to 2023-07-23T01:52:02.479864+00:00, run_after=2023-07-24T01:52:02.479864+00:00
[2023-07-24 01:52:02,534] {processor.py:161} INFO - Processing /home/airflow/.local/lib/python3.7/site-packages/airflow/example_dags/example_task_group_decorator.py took 0.202 seconds
[2023-07-24 01:52:33,086] {processor.py:153} INFO - Started process (PID=724) to work on /home/airflow/.local/lib/python3.7/site-packages/airflow/example_dags/example_task_group_decorator.py
[2023-07-24 01:52:33,087] {processor.py:641} INFO - Processing file /home/airflow/.local/lib/python3.7/site-packages/airflow/example_dags/example_task_group_decorator.py for tasks to queue
[2023-07-24 01:52:33,088] {logging_mixin.py:115} INFO - [2023-07-24 01:52:33,088] {dagbag.py:508} INFO - Filling up the DagBag from /home/airflow/.local/lib/python3.7/site-packages/airflow/example_dags/example_task_group_decorator.py
[2023-07-24 01:52:33,099] {processor.py:651} INFO - DAG(s) dict_keys(['example_task_group_decorator']) retrieved from /home/airflow/.local/lib/python3.7/site-packages/airflow/example_dags/example_task_group_decorator.py
[2023-07-24 01:52:33,206] {logging_mixin.py:115} INFO - [2023-07-24 01:52:33,206] {dag.py:2420} INFO - Sync 1 DAGs
[2023-07-24 01:52:33,216] {logging_mixin.py:115} INFO - [2023-07-24 01:52:33,216] {dag.py:2972} INFO - Setting next_dagrun for example_task_group_decorator to 2023-07-23T01:52:33.215989+00:00, run_after=2023-07-24T01:52:33.215989+00:00
[2023-07-24 01:52:33,224] {processor.py:161} INFO - Processing /home/airflow/.local/lib/python3.7/site-packages/airflow/example_dags/example_task_group_decorator.py took 0.140 seconds
[2023-07-24 01:53:03,715] {processor.py:153} INFO - Started process (PID=776) to work on /home/airflow/.local/lib/python3.7/site-packages/airflow/example_dags/example_task_group_decorator.py
[2023-07-24 01:53:03,716] {processor.py:641} INFO - Processing file /home/airflow/.local/lib/python3.7/site-packages/airflow/example_dags/example_task_group_decorator.py for tasks to queue
[2023-07-24 01:53:03,716] {logging_mixin.py:115} INFO - [2023-07-24 01:53:03,716] {dagbag.py:508} INFO - Filling up the DagBag from /home/airflow/.local/lib/python3.7/site-packages/airflow/example_dags/example_task_group_decorator.py
[2023-07-24 01:53:03,728] {processor.py:651} INFO - DAG(s) dict_keys(['example_task_group_decorator']) retrieved from /home/airflow/.local/lib/python3.7/site-packages/airflow/example_dags/example_task_group_decorator.py
[2023-07-24 01:53:03,835] {logging_mixin.py:115} INFO - [2023-07-24 01:53:03,835] {dag.py:2420} INFO - Sync 1 DAGs
[2023-07-24 01:53:03,845] {logging_mixin.py:115} INFO - [2023-07-24 01:53:03,845] {dag.py:2972} INFO - Setting next_dagrun for example_task_group_decorator to 2023-07-23T01:53:03.845687+00:00, run_after=2023-07-24T01:53:03.845687+00:00
[2023-07-24 01:53:03,856] {processor.py:161} INFO - Processing /home/airflow/.local/lib/python3.7/site-packages/airflow/example_dags/example_task_group_decorator.py took 0.142 seconds
[2023-07-24 01:53:34,275] {processor.py:153} INFO - Started process (PID=836) to work on /home/airflow/.local/lib/python3.7/site-packages/airflow/example_dags/example_task_group_decorator.py
[2023-07-24 01:53:34,276] {processor.py:641} INFO - Processing file /home/airflow/.local/lib/python3.7/site-packages/airflow/example_dags/example_task_group_decorator.py for tasks to queue
[2023-07-24 01:53:34,276] {logging_mixin.py:115} INFO - [2023-07-24 01:53:34,276] {dagbag.py:508} INFO - Filling up the DagBag from /home/airflow/.local/lib/python3.7/site-packages/airflow/example_dags/example_task_group_decorator.py
[2023-07-24 01:53:34,288] {processor.py:651} INFO - DAG(s) dict_keys(['example_task_group_decorator']) retrieved from /home/airflow/.local/lib/python3.7/site-packages/airflow/example_dags/example_task_group_decorator.py
[2023-07-24 01:53:34,394] {logging_mixin.py:115} INFO - [2023-07-24 01:53:34,394] {dag.py:2420} INFO - Sync 1 DAGs
[2023-07-24 01:53:34,411] {logging_mixin.py:115} INFO - [2023-07-24 01:53:34,410] {dag.py:2972} INFO - Setting next_dagrun for example_task_group_decorator to 2023-07-23T01:53:34.410782+00:00, run_after=2023-07-24T01:53:34.410782+00:00
[2023-07-24 01:53:34,421] {processor.py:161} INFO - Processing /home/airflow/.local/lib/python3.7/site-packages/airflow/example_dags/example_task_group_decorator.py took 0.147 seconds
[2023-07-24 01:54:05,190] {processor.py:153} INFO - Started process (PID=897) to work on /home/airflow/.local/lib/python3.7/site-packages/airflow/example_dags/example_task_group_decorator.py
[2023-07-24 01:54:05,190] {processor.py:641} INFO - Processing file /home/airflow/.local/lib/python3.7/site-packages/airflow/example_dags/example_task_group_decorator.py for tasks to queue
[2023-07-24 01:54:05,190] {logging_mixin.py:115} INFO - [2023-07-24 01:54:05,190] {dagbag.py:508} INFO - Filling up the DagBag from /home/airflow/.local/lib/python3.7/site-packages/airflow/example_dags/example_task_group_decorator.py
[2023-07-24 01:54:05,202] {processor.py:651} INFO - DAG(s) dict_keys(['example_task_group_decorator']) retrieved from /home/airflow/.local/lib/python3.7/site-packages/airflow/example_dags/example_task_group_decorator.py
[2023-07-24 01:54:05,311] {logging_mixin.py:115} INFO - [2023-07-24 01:54:05,311] {dag.py:2420} INFO - Sync 1 DAGs
[2023-07-24 01:54:05,321] {logging_mixin.py:115} INFO - [2023-07-24 01:54:05,321] {dag.py:2972} INFO - Setting next_dagrun for example_task_group_decorator to 2023-07-23T01:54:05.321536+00:00, run_after=2023-07-24T01:54:05.321536+00:00
[2023-07-24 01:54:05,331] {processor.py:161} INFO - Processing /home/airflow/.local/lib/python3.7/site-packages/airflow/example_dags/example_task_group_decorator.py took 0.143 seconds
[2023-07-24 01:54:36,190] {processor.py:153} INFO - Started process (PID=958) to work on /home/airflow/.local/lib/python3.7/site-packages/airflow/example_dags/example_task_group_decorator.py
[2023-07-24 01:54:36,191] {processor.py:641} INFO - Processing file /home/airflow/.local/lib/python3.7/site-packages/airflow/example_dags/example_task_group_decorator.py for tasks to queue
[2023-07-24 01:54:36,191] {logging_mixin.py:115} INFO - [2023-07-24 01:54:36,191] {dagbag.py:508} INFO - Filling up the DagBag from /home/airflow/.local/lib/python3.7/site-packages/airflow/example_dags/example_task_group_decorator.py
[2023-07-24 01:54:36,202] {processor.py:651} INFO - DAG(s) dict_keys(['example_task_group_decorator']) retrieved from /home/airflow/.local/lib/python3.7/site-packages/airflow/example_dags/example_task_group_decorator.py
[2023-07-24 01:54:36,307] {logging_mixin.py:115} INFO - [2023-07-24 01:54:36,307] {dag.py:2420} INFO - Sync 1 DAGs
[2023-07-24 01:54:36,316] {logging_mixin.py:115} INFO - [2023-07-24 01:54:36,316] {dag.py:2972} INFO - Setting next_dagrun for example_task_group_decorator to 2023-07-23T01:54:36.316523+00:00, run_after=2023-07-24T01:54:36.316523+00:00
[2023-07-24 01:54:36,325] {processor.py:161} INFO - Processing /home/airflow/.local/lib/python3.7/site-packages/airflow/example_dags/example_task_group_decorator.py took 0.137 seconds
