[2023-07-24 01:20:01,487] {processor.py:153} INFO - Started process (PID=70) to work on /home/airflow/.local/lib/python3.7/site-packages/airflow/example_dags/example_latest_only_with_trigger.py
[2023-07-24 01:20:01,488] {processor.py:641} INFO - Processing file /home/airflow/.local/lib/python3.7/site-packages/airflow/example_dags/example_latest_only_with_trigger.py for tasks to queue
[2023-07-24 01:20:01,488] {logging_mixin.py:115} INFO - [2023-07-24 01:20:01,488] {dagbag.py:508} INFO - Filling up the DagBag from /home/airflow/.local/lib/python3.7/site-packages/airflow/example_dags/example_latest_only_with_trigger.py
[2023-07-24 01:20:01,491] {processor.py:651} INFO - DAG(s) dict_keys(['latest_only_with_trigger']) retrieved from /home/airflow/.local/lib/python3.7/site-packages/airflow/example_dags/example_latest_only_with_trigger.py
[2023-07-24 01:20:01,608] {logging_mixin.py:115} INFO - [2023-07-24 01:20:01,608] {manager.py:508} INFO - Created Permission View: can edit on DAG:latest_only_with_trigger
[2023-07-24 01:20:01,617] {logging_mixin.py:115} INFO - [2023-07-24 01:20:01,617] {manager.py:508} INFO - Created Permission View: can read on DAG:latest_only_with_trigger
[2023-07-24 01:20:01,625] {logging_mixin.py:115} INFO - [2023-07-24 01:20:01,625] {manager.py:508} INFO - Created Permission View: can delete on DAG:latest_only_with_trigger
[2023-07-24 01:20:01,625] {logging_mixin.py:115} INFO - [2023-07-24 01:20:01,625] {dag.py:2420} INFO - Sync 1 DAGs
[2023-07-24 01:20:01,629] {logging_mixin.py:115} INFO - [2023-07-24 01:20:01,629] {dag.py:2439} INFO - Creating ORM DAG for latest_only_with_trigger
[2023-07-24 01:20:01,635] {logging_mixin.py:115} INFO - [2023-07-24 01:20:01,635] {dag.py:2972} INFO - Setting next_dagrun for latest_only_with_trigger to 2023-07-23T21:20:01.635514+00:00, run_after=2023-07-24T01:20:01.635514+00:00
[2023-07-24 01:20:01,645] {processor.py:161} INFO - Processing /home/airflow/.local/lib/python3.7/site-packages/airflow/example_dags/example_latest_only_with_trigger.py took 0.159 seconds
[2023-07-24 01:20:32,360] {processor.py:153} INFO - Started process (PID=130) to work on /home/airflow/.local/lib/python3.7/site-packages/airflow/example_dags/example_latest_only_with_trigger.py
[2023-07-24 01:20:32,361] {processor.py:641} INFO - Processing file /home/airflow/.local/lib/python3.7/site-packages/airflow/example_dags/example_latest_only_with_trigger.py for tasks to queue
[2023-07-24 01:20:32,361] {logging_mixin.py:115} INFO - [2023-07-24 01:20:32,361] {dagbag.py:508} INFO - Filling up the DagBag from /home/airflow/.local/lib/python3.7/site-packages/airflow/example_dags/example_latest_only_with_trigger.py
[2023-07-24 01:20:32,363] {processor.py:651} INFO - DAG(s) dict_keys(['latest_only_with_trigger']) retrieved from /home/airflow/.local/lib/python3.7/site-packages/airflow/example_dags/example_latest_only_with_trigger.py
[2023-07-24 01:20:32,376] {logging_mixin.py:115} INFO - [2023-07-24 01:20:32,376] {dag.py:2420} INFO - Sync 1 DAGs
[2023-07-24 01:20:32,386] {logging_mixin.py:115} INFO - [2023-07-24 01:20:32,386] {dag.py:2972} INFO - Setting next_dagrun for latest_only_with_trigger to 2023-07-23T21:20:32.386761+00:00, run_after=2023-07-24T01:20:32.386761+00:00
[2023-07-24 01:20:32,395] {processor.py:161} INFO - Processing /home/airflow/.local/lib/python3.7/site-packages/airflow/example_dags/example_latest_only_with_trigger.py took 0.037 seconds
[2023-07-24 01:21:02,580] {processor.py:153} INFO - Started process (PID=191) to work on /home/airflow/.local/lib/python3.7/site-packages/airflow/example_dags/example_latest_only_with_trigger.py
[2023-07-24 01:21:02,580] {processor.py:641} INFO - Processing file /home/airflow/.local/lib/python3.7/site-packages/airflow/example_dags/example_latest_only_with_trigger.py for tasks to queue
[2023-07-24 01:21:02,580] {logging_mixin.py:115} INFO - [2023-07-24 01:21:02,580] {dagbag.py:508} INFO - Filling up the DagBag from /home/airflow/.local/lib/python3.7/site-packages/airflow/example_dags/example_latest_only_with_trigger.py
[2023-07-24 01:21:02,583] {processor.py:651} INFO - DAG(s) dict_keys(['latest_only_with_trigger']) retrieved from /home/airflow/.local/lib/python3.7/site-packages/airflow/example_dags/example_latest_only_with_trigger.py
[2023-07-24 01:21:02,596] {logging_mixin.py:115} INFO - [2023-07-24 01:21:02,596] {dag.py:2420} INFO - Sync 1 DAGs
[2023-07-24 01:21:02,608] {logging_mixin.py:115} INFO - [2023-07-24 01:21:02,608] {dag.py:2972} INFO - Setting next_dagrun for latest_only_with_trigger to 2023-07-23T21:21:02.607983+00:00, run_after=2023-07-24T01:21:02.607983+00:00
[2023-07-24 01:21:02,616] {processor.py:161} INFO - Processing /home/airflow/.local/lib/python3.7/site-packages/airflow/example_dags/example_latest_only_with_trigger.py took 0.038 seconds
[2023-07-24 01:21:32,934] {processor.py:153} INFO - Started process (PID=251) to work on /home/airflow/.local/lib/python3.7/site-packages/airflow/example_dags/example_latest_only_with_trigger.py
[2023-07-24 01:21:32,934] {processor.py:641} INFO - Processing file /home/airflow/.local/lib/python3.7/site-packages/airflow/example_dags/example_latest_only_with_trigger.py for tasks to queue
[2023-07-24 01:21:32,934] {logging_mixin.py:115} INFO - [2023-07-24 01:21:32,934] {dagbag.py:508} INFO - Filling up the DagBag from /home/airflow/.local/lib/python3.7/site-packages/airflow/example_dags/example_latest_only_with_trigger.py
[2023-07-24 01:21:32,937] {processor.py:651} INFO - DAG(s) dict_keys(['latest_only_with_trigger']) retrieved from /home/airflow/.local/lib/python3.7/site-packages/airflow/example_dags/example_latest_only_with_trigger.py
[2023-07-24 01:21:32,950] {logging_mixin.py:115} INFO - [2023-07-24 01:21:32,950] {dag.py:2420} INFO - Sync 1 DAGs
[2023-07-24 01:21:32,960] {logging_mixin.py:115} INFO - [2023-07-24 01:21:32,960] {dag.py:2972} INFO - Setting next_dagrun for latest_only_with_trigger to 2023-07-23T21:21:32.960669+00:00, run_after=2023-07-24T01:21:32.960669+00:00
[2023-07-24 01:21:32,969] {processor.py:161} INFO - Processing /home/airflow/.local/lib/python3.7/site-packages/airflow/example_dags/example_latest_only_with_trigger.py took 0.036 seconds
[2023-07-24 01:22:03,108] {processor.py:153} INFO - Started process (PID=312) to work on /home/airflow/.local/lib/python3.7/site-packages/airflow/example_dags/example_latest_only_with_trigger.py
[2023-07-24 01:22:03,108] {processor.py:641} INFO - Processing file /home/airflow/.local/lib/python3.7/site-packages/airflow/example_dags/example_latest_only_with_trigger.py for tasks to queue
[2023-07-24 01:22:03,109] {logging_mixin.py:115} INFO - [2023-07-24 01:22:03,108] {dagbag.py:508} INFO - Filling up the DagBag from /home/airflow/.local/lib/python3.7/site-packages/airflow/example_dags/example_latest_only_with_trigger.py
[2023-07-24 01:22:03,111] {processor.py:651} INFO - DAG(s) dict_keys(['latest_only_with_trigger']) retrieved from /home/airflow/.local/lib/python3.7/site-packages/airflow/example_dags/example_latest_only_with_trigger.py
[2023-07-24 01:22:03,126] {logging_mixin.py:115} INFO - [2023-07-24 01:22:03,126] {dag.py:2420} INFO - Sync 1 DAGs
[2023-07-24 01:22:03,137] {logging_mixin.py:115} INFO - [2023-07-24 01:22:03,137] {dag.py:2972} INFO - Setting next_dagrun for latest_only_with_trigger to 2023-07-23T21:22:03.137311+00:00, run_after=2023-07-24T01:22:03.137311+00:00
[2023-07-24 01:22:03,146] {processor.py:161} INFO - Processing /home/airflow/.local/lib/python3.7/site-packages/airflow/example_dags/example_latest_only_with_trigger.py took 0.040 seconds
[2023-07-24 01:22:33,304] {processor.py:153} INFO - Started process (PID=364) to work on /home/airflow/.local/lib/python3.7/site-packages/airflow/example_dags/example_latest_only_with_trigger.py
[2023-07-24 01:22:33,305] {processor.py:641} INFO - Processing file /home/airflow/.local/lib/python3.7/site-packages/airflow/example_dags/example_latest_only_with_trigger.py for tasks to queue
[2023-07-24 01:22:33,305] {logging_mixin.py:115} INFO - [2023-07-24 01:22:33,305] {dagbag.py:508} INFO - Filling up the DagBag from /home/airflow/.local/lib/python3.7/site-packages/airflow/example_dags/example_latest_only_with_trigger.py
[2023-07-24 01:22:33,308] {processor.py:651} INFO - DAG(s) dict_keys(['latest_only_with_trigger']) retrieved from /home/airflow/.local/lib/python3.7/site-packages/airflow/example_dags/example_latest_only_with_trigger.py
[2023-07-24 01:22:33,322] {logging_mixin.py:115} INFO - [2023-07-24 01:22:33,322] {dag.py:2420} INFO - Sync 1 DAGs
[2023-07-24 01:22:33,332] {logging_mixin.py:115} INFO - [2023-07-24 01:22:33,332] {dag.py:2972} INFO - Setting next_dagrun for latest_only_with_trigger to 2023-07-23T21:22:33.332770+00:00, run_after=2023-07-24T01:22:33.332770+00:00
[2023-07-24 01:22:33,342] {processor.py:161} INFO - Processing /home/airflow/.local/lib/python3.7/site-packages/airflow/example_dags/example_latest_only_with_trigger.py took 0.039 seconds
[2023-07-24 01:23:03,541] {processor.py:153} INFO - Started process (PID=425) to work on /home/airflow/.local/lib/python3.7/site-packages/airflow/example_dags/example_latest_only_with_trigger.py
[2023-07-24 01:23:03,541] {processor.py:641} INFO - Processing file /home/airflow/.local/lib/python3.7/site-packages/airflow/example_dags/example_latest_only_with_trigger.py for tasks to queue
[2023-07-24 01:23:03,541] {logging_mixin.py:115} INFO - [2023-07-24 01:23:03,541] {dagbag.py:508} INFO - Filling up the DagBag from /home/airflow/.local/lib/python3.7/site-packages/airflow/example_dags/example_latest_only_with_trigger.py
[2023-07-24 01:23:03,544] {processor.py:651} INFO - DAG(s) dict_keys(['latest_only_with_trigger']) retrieved from /home/airflow/.local/lib/python3.7/site-packages/airflow/example_dags/example_latest_only_with_trigger.py
[2023-07-24 01:23:03,558] {logging_mixin.py:115} INFO - [2023-07-24 01:23:03,558] {dag.py:2420} INFO - Sync 1 DAGs
[2023-07-24 01:23:03,569] {logging_mixin.py:115} INFO - [2023-07-24 01:23:03,569] {dag.py:2972} INFO - Setting next_dagrun for latest_only_with_trigger to 2023-07-23T21:23:03.569552+00:00, run_after=2023-07-24T01:23:03.569552+00:00
[2023-07-24 01:23:03,578] {processor.py:161} INFO - Processing /home/airflow/.local/lib/python3.7/site-packages/airflow/example_dags/example_latest_only_with_trigger.py took 0.038 seconds
[2023-07-24 01:23:33,693] {processor.py:153} INFO - Started process (PID=486) to work on /home/airflow/.local/lib/python3.7/site-packages/airflow/example_dags/example_latest_only_with_trigger.py
[2023-07-24 01:23:33,694] {processor.py:641} INFO - Processing file /home/airflow/.local/lib/python3.7/site-packages/airflow/example_dags/example_latest_only_with_trigger.py for tasks to queue
[2023-07-24 01:23:33,694] {logging_mixin.py:115} INFO - [2023-07-24 01:23:33,694] {dagbag.py:508} INFO - Filling up the DagBag from /home/airflow/.local/lib/python3.7/site-packages/airflow/example_dags/example_latest_only_with_trigger.py
[2023-07-24 01:23:33,696] {processor.py:651} INFO - DAG(s) dict_keys(['latest_only_with_trigger']) retrieved from /home/airflow/.local/lib/python3.7/site-packages/airflow/example_dags/example_latest_only_with_trigger.py
[2023-07-24 01:23:33,710] {logging_mixin.py:115} INFO - [2023-07-24 01:23:33,709] {dag.py:2420} INFO - Sync 1 DAGs
[2023-07-24 01:23:33,721] {logging_mixin.py:115} INFO - [2023-07-24 01:23:33,720] {dag.py:2972} INFO - Setting next_dagrun for latest_only_with_trigger to 2023-07-23T21:23:33.720830+00:00, run_after=2023-07-24T01:23:33.720830+00:00
[2023-07-24 01:23:33,730] {processor.py:161} INFO - Processing /home/airflow/.local/lib/python3.7/site-packages/airflow/example_dags/example_latest_only_with_trigger.py took 0.038 seconds
[2023-07-24 01:24:03,888] {processor.py:153} INFO - Started process (PID=547) to work on /home/airflow/.local/lib/python3.7/site-packages/airflow/example_dags/example_latest_only_with_trigger.py
[2023-07-24 01:24:03,888] {processor.py:641} INFO - Processing file /home/airflow/.local/lib/python3.7/site-packages/airflow/example_dags/example_latest_only_with_trigger.py for tasks to queue
[2023-07-24 01:24:03,889] {logging_mixin.py:115} INFO - [2023-07-24 01:24:03,889] {dagbag.py:508} INFO - Filling up the DagBag from /home/airflow/.local/lib/python3.7/site-packages/airflow/example_dags/example_latest_only_with_trigger.py
[2023-07-24 01:24:03,891] {processor.py:651} INFO - DAG(s) dict_keys(['latest_only_with_trigger']) retrieved from /home/airflow/.local/lib/python3.7/site-packages/airflow/example_dags/example_latest_only_with_trigger.py
[2023-07-24 01:24:03,904] {logging_mixin.py:115} INFO - [2023-07-24 01:24:03,904] {dag.py:2420} INFO - Sync 1 DAGs
[2023-07-24 01:24:03,914] {logging_mixin.py:115} INFO - [2023-07-24 01:24:03,914] {dag.py:2972} INFO - Setting next_dagrun for latest_only_with_trigger to 2023-07-23T21:24:03.914426+00:00, run_after=2023-07-24T01:24:03.914426+00:00
[2023-07-24 01:24:03,923] {processor.py:161} INFO - Processing /home/airflow/.local/lib/python3.7/site-packages/airflow/example_dags/example_latest_only_with_trigger.py took 0.036 seconds
[2023-07-24 01:24:34,042] {processor.py:153} INFO - Started process (PID=608) to work on /home/airflow/.local/lib/python3.7/site-packages/airflow/example_dags/example_latest_only_with_trigger.py
[2023-07-24 01:24:34,043] {processor.py:641} INFO - Processing file /home/airflow/.local/lib/python3.7/site-packages/airflow/example_dags/example_latest_only_with_trigger.py for tasks to queue
[2023-07-24 01:24:34,043] {logging_mixin.py:115} INFO - [2023-07-24 01:24:34,043] {dagbag.py:508} INFO - Filling up the DagBag from /home/airflow/.local/lib/python3.7/site-packages/airflow/example_dags/example_latest_only_with_trigger.py
[2023-07-24 01:24:34,046] {processor.py:651} INFO - DAG(s) dict_keys(['latest_only_with_trigger']) retrieved from /home/airflow/.local/lib/python3.7/site-packages/airflow/example_dags/example_latest_only_with_trigger.py
[2023-07-24 01:24:34,059] {logging_mixin.py:115} INFO - [2023-07-24 01:24:34,059] {dag.py:2420} INFO - Sync 1 DAGs
[2023-07-24 01:24:34,070] {logging_mixin.py:115} INFO - [2023-07-24 01:24:34,070] {dag.py:2972} INFO - Setting next_dagrun for latest_only_with_trigger to 2023-07-23T21:24:34.069979+00:00, run_after=2023-07-24T01:24:34.069979+00:00
[2023-07-24 01:24:34,077] {processor.py:161} INFO - Processing /home/airflow/.local/lib/python3.7/site-packages/airflow/example_dags/example_latest_only_with_trigger.py took 0.036 seconds
[2023-07-24 01:25:04,359] {processor.py:153} INFO - Started process (PID=660) to work on /home/airflow/.local/lib/python3.7/site-packages/airflow/example_dags/example_latest_only_with_trigger.py
[2023-07-24 01:25:04,360] {processor.py:641} INFO - Processing file /home/airflow/.local/lib/python3.7/site-packages/airflow/example_dags/example_latest_only_with_trigger.py for tasks to queue
[2023-07-24 01:25:04,360] {logging_mixin.py:115} INFO - [2023-07-24 01:25:04,360] {dagbag.py:508} INFO - Filling up the DagBag from /home/airflow/.local/lib/python3.7/site-packages/airflow/example_dags/example_latest_only_with_trigger.py
[2023-07-24 01:25:04,363] {processor.py:651} INFO - DAG(s) dict_keys(['latest_only_with_trigger']) retrieved from /home/airflow/.local/lib/python3.7/site-packages/airflow/example_dags/example_latest_only_with_trigger.py
[2023-07-24 01:25:04,376] {logging_mixin.py:115} INFO - [2023-07-24 01:25:04,376] {dag.py:2420} INFO - Sync 1 DAGs
[2023-07-24 01:25:04,387] {logging_mixin.py:115} INFO - [2023-07-24 01:25:04,387] {dag.py:2972} INFO - Setting next_dagrun for latest_only_with_trigger to 2023-07-23T21:25:04.387345+00:00, run_after=2023-07-24T01:25:04.387345+00:00
[2023-07-24 01:25:04,395] {processor.py:161} INFO - Processing /home/airflow/.local/lib/python3.7/site-packages/airflow/example_dags/example_latest_only_with_trigger.py took 0.037 seconds
[2023-07-24 01:25:34,695] {processor.py:153} INFO - Started process (PID=722) to work on /home/airflow/.local/lib/python3.7/site-packages/airflow/example_dags/example_latest_only_with_trigger.py
[2023-07-24 01:25:34,696] {processor.py:641} INFO - Processing file /home/airflow/.local/lib/python3.7/site-packages/airflow/example_dags/example_latest_only_with_trigger.py for tasks to queue
[2023-07-24 01:25:34,696] {logging_mixin.py:115} INFO - [2023-07-24 01:25:34,696] {dagbag.py:508} INFO - Filling up the DagBag from /home/airflow/.local/lib/python3.7/site-packages/airflow/example_dags/example_latest_only_with_trigger.py
[2023-07-24 01:25:34,698] {processor.py:651} INFO - DAG(s) dict_keys(['latest_only_with_trigger']) retrieved from /home/airflow/.local/lib/python3.7/site-packages/airflow/example_dags/example_latest_only_with_trigger.py
[2023-07-24 01:25:34,711] {logging_mixin.py:115} INFO - [2023-07-24 01:25:34,711] {dag.py:2420} INFO - Sync 1 DAGs
[2023-07-24 01:25:34,722] {logging_mixin.py:115} INFO - [2023-07-24 01:25:34,722] {dag.py:2972} INFO - Setting next_dagrun for latest_only_with_trigger to 2023-07-23T21:25:34.722182+00:00, run_after=2023-07-24T01:25:34.722182+00:00
[2023-07-24 01:25:34,730] {processor.py:161} INFO - Processing /home/airflow/.local/lib/python3.7/site-packages/airflow/example_dags/example_latest_only_with_trigger.py took 0.036 seconds
[2023-07-24 01:26:05,074] {processor.py:153} INFO - Started process (PID=782) to work on /home/airflow/.local/lib/python3.7/site-packages/airflow/example_dags/example_latest_only_with_trigger.py
[2023-07-24 01:26:05,075] {processor.py:641} INFO - Processing file /home/airflow/.local/lib/python3.7/site-packages/airflow/example_dags/example_latest_only_with_trigger.py for tasks to queue
[2023-07-24 01:26:05,075] {logging_mixin.py:115} INFO - [2023-07-24 01:26:05,075] {dagbag.py:508} INFO - Filling up the DagBag from /home/airflow/.local/lib/python3.7/site-packages/airflow/example_dags/example_latest_only_with_trigger.py
[2023-07-24 01:26:05,077] {processor.py:651} INFO - DAG(s) dict_keys(['latest_only_with_trigger']) retrieved from /home/airflow/.local/lib/python3.7/site-packages/airflow/example_dags/example_latest_only_with_trigger.py
[2023-07-24 01:26:05,091] {logging_mixin.py:115} INFO - [2023-07-24 01:26:05,091] {dag.py:2420} INFO - Sync 1 DAGs
[2023-07-24 01:26:05,101] {logging_mixin.py:115} INFO - [2023-07-24 01:26:05,101] {dag.py:2972} INFO - Setting next_dagrun for latest_only_with_trigger to 2023-07-23T21:26:05.101690+00:00, run_after=2023-07-24T01:26:05.101690+00:00
[2023-07-24 01:26:05,110] {processor.py:161} INFO - Processing /home/airflow/.local/lib/python3.7/site-packages/airflow/example_dags/example_latest_only_with_trigger.py took 0.038 seconds
[2023-07-24 01:26:35,340] {processor.py:153} INFO - Started process (PID=843) to work on /home/airflow/.local/lib/python3.7/site-packages/airflow/example_dags/example_latest_only_with_trigger.py
[2023-07-24 01:26:35,341] {processor.py:641} INFO - Processing file /home/airflow/.local/lib/python3.7/site-packages/airflow/example_dags/example_latest_only_with_trigger.py for tasks to queue
[2023-07-24 01:26:35,341] {logging_mixin.py:115} INFO - [2023-07-24 01:26:35,341] {dagbag.py:508} INFO - Filling up the DagBag from /home/airflow/.local/lib/python3.7/site-packages/airflow/example_dags/example_latest_only_with_trigger.py
[2023-07-24 01:26:35,343] {processor.py:651} INFO - DAG(s) dict_keys(['latest_only_with_trigger']) retrieved from /home/airflow/.local/lib/python3.7/site-packages/airflow/example_dags/example_latest_only_with_trigger.py
[2023-07-24 01:26:35,356] {logging_mixin.py:115} INFO - [2023-07-24 01:26:35,356] {dag.py:2420} INFO - Sync 1 DAGs
[2023-07-24 01:26:35,366] {logging_mixin.py:115} INFO - [2023-07-24 01:26:35,366] {dag.py:2972} INFO - Setting next_dagrun for latest_only_with_trigger to 2023-07-23T21:26:35.366476+00:00, run_after=2023-07-24T01:26:35.366476+00:00
[2023-07-24 01:26:35,374] {processor.py:161} INFO - Processing /home/airflow/.local/lib/python3.7/site-packages/airflow/example_dags/example_latest_only_with_trigger.py took 0.036 seconds
[2023-07-24 01:27:05,691] {processor.py:153} INFO - Started process (PID=904) to work on /home/airflow/.local/lib/python3.7/site-packages/airflow/example_dags/example_latest_only_with_trigger.py
[2023-07-24 01:27:05,691] {processor.py:641} INFO - Processing file /home/airflow/.local/lib/python3.7/site-packages/airflow/example_dags/example_latest_only_with_trigger.py for tasks to queue
[2023-07-24 01:27:05,691] {logging_mixin.py:115} INFO - [2023-07-24 01:27:05,691] {dagbag.py:508} INFO - Filling up the DagBag from /home/airflow/.local/lib/python3.7/site-packages/airflow/example_dags/example_latest_only_with_trigger.py
[2023-07-24 01:27:05,694] {processor.py:651} INFO - DAG(s) dict_keys(['latest_only_with_trigger']) retrieved from /home/airflow/.local/lib/python3.7/site-packages/airflow/example_dags/example_latest_only_with_trigger.py
[2023-07-24 01:27:05,707] {logging_mixin.py:115} INFO - [2023-07-24 01:27:05,707] {dag.py:2420} INFO - Sync 1 DAGs
[2023-07-24 01:27:05,718] {logging_mixin.py:115} INFO - [2023-07-24 01:27:05,718] {dag.py:2972} INFO - Setting next_dagrun for latest_only_with_trigger to 2023-07-23T21:27:05.718563+00:00, run_after=2023-07-24T01:27:05.718563+00:00
[2023-07-24 01:27:05,728] {processor.py:161} INFO - Processing /home/airflow/.local/lib/python3.7/site-packages/airflow/example_dags/example_latest_only_with_trigger.py took 0.039 seconds
[2023-07-24 01:27:36,028] {processor.py:153} INFO - Started process (PID=956) to work on /home/airflow/.local/lib/python3.7/site-packages/airflow/example_dags/example_latest_only_with_trigger.py
[2023-07-24 01:27:36,029] {processor.py:641} INFO - Processing file /home/airflow/.local/lib/python3.7/site-packages/airflow/example_dags/example_latest_only_with_trigger.py for tasks to queue
[2023-07-24 01:27:36,029] {logging_mixin.py:115} INFO - [2023-07-24 01:27:36,029] {dagbag.py:508} INFO - Filling up the DagBag from /home/airflow/.local/lib/python3.7/site-packages/airflow/example_dags/example_latest_only_with_trigger.py
[2023-07-24 01:27:36,032] {processor.py:651} INFO - DAG(s) dict_keys(['latest_only_with_trigger']) retrieved from /home/airflow/.local/lib/python3.7/site-packages/airflow/example_dags/example_latest_only_with_trigger.py
[2023-07-24 01:27:36,046] {logging_mixin.py:115} INFO - [2023-07-24 01:27:36,046] {dag.py:2420} INFO - Sync 1 DAGs
[2023-07-24 01:27:36,057] {logging_mixin.py:115} INFO - [2023-07-24 01:27:36,057] {dag.py:2972} INFO - Setting next_dagrun for latest_only_with_trigger to 2023-07-23T21:27:36.057057+00:00, run_after=2023-07-24T01:27:36.057057+00:00
[2023-07-24 01:27:36,066] {processor.py:161} INFO - Processing /home/airflow/.local/lib/python3.7/site-packages/airflow/example_dags/example_latest_only_with_trigger.py took 0.039 seconds
[2023-07-24 01:28:06,515] {processor.py:153} INFO - Started process (PID=1017) to work on /home/airflow/.local/lib/python3.7/site-packages/airflow/example_dags/example_latest_only_with_trigger.py
[2023-07-24 01:28:06,516] {processor.py:641} INFO - Processing file /home/airflow/.local/lib/python3.7/site-packages/airflow/example_dags/example_latest_only_with_trigger.py for tasks to queue
[2023-07-24 01:28:06,516] {logging_mixin.py:115} INFO - [2023-07-24 01:28:06,516] {dagbag.py:508} INFO - Filling up the DagBag from /home/airflow/.local/lib/python3.7/site-packages/airflow/example_dags/example_latest_only_with_trigger.py
[2023-07-24 01:28:06,518] {processor.py:651} INFO - DAG(s) dict_keys(['latest_only_with_trigger']) retrieved from /home/airflow/.local/lib/python3.7/site-packages/airflow/example_dags/example_latest_only_with_trigger.py
[2023-07-24 01:28:06,533] {logging_mixin.py:115} INFO - [2023-07-24 01:28:06,533] {dag.py:2420} INFO - Sync 1 DAGs
[2023-07-24 01:28:06,545] {logging_mixin.py:115} INFO - [2023-07-24 01:28:06,545] {dag.py:2972} INFO - Setting next_dagrun for latest_only_with_trigger to 2023-07-23T21:28:06.545506+00:00, run_after=2023-07-24T01:28:06.545506+00:00
[2023-07-24 01:28:06,554] {processor.py:161} INFO - Processing /home/airflow/.local/lib/python3.7/site-packages/airflow/example_dags/example_latest_only_with_trigger.py took 0.040 seconds
[2023-07-24 01:28:36,900] {processor.py:153} INFO - Started process (PID=1078) to work on /home/airflow/.local/lib/python3.7/site-packages/airflow/example_dags/example_latest_only_with_trigger.py
[2023-07-24 01:28:36,900] {processor.py:641} INFO - Processing file /home/airflow/.local/lib/python3.7/site-packages/airflow/example_dags/example_latest_only_with_trigger.py for tasks to queue
[2023-07-24 01:28:36,900] {logging_mixin.py:115} INFO - [2023-07-24 01:28:36,900] {dagbag.py:508} INFO - Filling up the DagBag from /home/airflow/.local/lib/python3.7/site-packages/airflow/example_dags/example_latest_only_with_trigger.py
[2023-07-24 01:28:36,903] {processor.py:651} INFO - DAG(s) dict_keys(['latest_only_with_trigger']) retrieved from /home/airflow/.local/lib/python3.7/site-packages/airflow/example_dags/example_latest_only_with_trigger.py
[2023-07-24 01:28:36,916] {logging_mixin.py:115} INFO - [2023-07-24 01:28:36,916] {dag.py:2420} INFO - Sync 1 DAGs
[2023-07-24 01:28:36,927] {logging_mixin.py:115} INFO - [2023-07-24 01:28:36,926] {dag.py:2972} INFO - Setting next_dagrun for latest_only_with_trigger to 2023-07-23T21:28:36.926845+00:00, run_after=2023-07-24T01:28:36.926845+00:00
[2023-07-24 01:28:36,936] {processor.py:161} INFO - Processing /home/airflow/.local/lib/python3.7/site-packages/airflow/example_dags/example_latest_only_with_trigger.py took 0.038 seconds
[2023-07-24 01:29:07,411] {processor.py:153} INFO - Started process (PID=1139) to work on /home/airflow/.local/lib/python3.7/site-packages/airflow/example_dags/example_latest_only_with_trigger.py
[2023-07-24 01:29:07,412] {processor.py:641} INFO - Processing file /home/airflow/.local/lib/python3.7/site-packages/airflow/example_dags/example_latest_only_with_trigger.py for tasks to queue
[2023-07-24 01:29:07,412] {logging_mixin.py:115} INFO - [2023-07-24 01:29:07,412] {dagbag.py:508} INFO - Filling up the DagBag from /home/airflow/.local/lib/python3.7/site-packages/airflow/example_dags/example_latest_only_with_trigger.py
[2023-07-24 01:29:07,414] {processor.py:651} INFO - DAG(s) dict_keys(['latest_only_with_trigger']) retrieved from /home/airflow/.local/lib/python3.7/site-packages/airflow/example_dags/example_latest_only_with_trigger.py
[2023-07-24 01:29:07,428] {logging_mixin.py:115} INFO - [2023-07-24 01:29:07,428] {dag.py:2420} INFO - Sync 1 DAGs
[2023-07-24 01:29:07,439] {logging_mixin.py:115} INFO - [2023-07-24 01:29:07,439] {dag.py:2972} INFO - Setting next_dagrun for latest_only_with_trigger to 2023-07-23T21:29:07.439089+00:00, run_after=2023-07-24T01:29:07.439089+00:00
[2023-07-24 01:29:07,448] {processor.py:161} INFO - Processing /home/airflow/.local/lib/python3.7/site-packages/airflow/example_dags/example_latest_only_with_trigger.py took 0.039 seconds
[2023-07-24 01:29:38,097] {processor.py:153} INFO - Started process (PID=1191) to work on /home/airflow/.local/lib/python3.7/site-packages/airflow/example_dags/example_latest_only_with_trigger.py
[2023-07-24 01:29:38,097] {processor.py:641} INFO - Processing file /home/airflow/.local/lib/python3.7/site-packages/airflow/example_dags/example_latest_only_with_trigger.py for tasks to queue
[2023-07-24 01:29:38,097] {logging_mixin.py:115} INFO - [2023-07-24 01:29:38,097] {dagbag.py:508} INFO - Filling up the DagBag from /home/airflow/.local/lib/python3.7/site-packages/airflow/example_dags/example_latest_only_with_trigger.py
[2023-07-24 01:29:38,100] {processor.py:651} INFO - DAG(s) dict_keys(['latest_only_with_trigger']) retrieved from /home/airflow/.local/lib/python3.7/site-packages/airflow/example_dags/example_latest_only_with_trigger.py
[2023-07-24 01:29:38,113] {logging_mixin.py:115} INFO - [2023-07-24 01:29:38,113] {dag.py:2420} INFO - Sync 1 DAGs
[2023-07-24 01:29:38,124] {logging_mixin.py:115} INFO - [2023-07-24 01:29:38,124] {dag.py:2972} INFO - Setting next_dagrun for latest_only_with_trigger to 2023-07-23T21:29:38.124155+00:00, run_after=2023-07-24T01:29:38.124155+00:00
[2023-07-24 01:29:38,132] {processor.py:161} INFO - Processing /home/airflow/.local/lib/python3.7/site-packages/airflow/example_dags/example_latest_only_with_trigger.py took 0.037 seconds
[2023-07-24 01:30:08,461] {processor.py:153} INFO - Started process (PID=1252) to work on /home/airflow/.local/lib/python3.7/site-packages/airflow/example_dags/example_latest_only_with_trigger.py
[2023-07-24 01:30:08,462] {processor.py:641} INFO - Processing file /home/airflow/.local/lib/python3.7/site-packages/airflow/example_dags/example_latest_only_with_trigger.py for tasks to queue
[2023-07-24 01:30:08,462] {logging_mixin.py:115} INFO - [2023-07-24 01:30:08,462] {dagbag.py:508} INFO - Filling up the DagBag from /home/airflow/.local/lib/python3.7/site-packages/airflow/example_dags/example_latest_only_with_trigger.py
[2023-07-24 01:30:08,465] {processor.py:651} INFO - DAG(s) dict_keys(['latest_only_with_trigger']) retrieved from /home/airflow/.local/lib/python3.7/site-packages/airflow/example_dags/example_latest_only_with_trigger.py
[2023-07-24 01:30:08,478] {logging_mixin.py:115} INFO - [2023-07-24 01:30:08,478] {dag.py:2420} INFO - Sync 1 DAGs
[2023-07-24 01:30:08,489] {logging_mixin.py:115} INFO - [2023-07-24 01:30:08,489] {dag.py:2972} INFO - Setting next_dagrun for latest_only_with_trigger to 2023-07-23T21:30:08.489624+00:00, run_after=2023-07-24T01:30:08.489624+00:00
[2023-07-24 01:30:08,497] {processor.py:161} INFO - Processing /home/airflow/.local/lib/python3.7/site-packages/airflow/example_dags/example_latest_only_with_trigger.py took 0.038 seconds
[2023-07-24 01:30:38,962] {processor.py:153} INFO - Started process (PID=1313) to work on /home/airflow/.local/lib/python3.7/site-packages/airflow/example_dags/example_latest_only_with_trigger.py
[2023-07-24 01:30:38,963] {processor.py:641} INFO - Processing file /home/airflow/.local/lib/python3.7/site-packages/airflow/example_dags/example_latest_only_with_trigger.py for tasks to queue
[2023-07-24 01:30:38,963] {logging_mixin.py:115} INFO - [2023-07-24 01:30:38,963] {dagbag.py:508} INFO - Filling up the DagBag from /home/airflow/.local/lib/python3.7/site-packages/airflow/example_dags/example_latest_only_with_trigger.py
[2023-07-24 01:30:38,965] {processor.py:651} INFO - DAG(s) dict_keys(['latest_only_with_trigger']) retrieved from /home/airflow/.local/lib/python3.7/site-packages/airflow/example_dags/example_latest_only_with_trigger.py
[2023-07-24 01:30:38,978] {logging_mixin.py:115} INFO - [2023-07-24 01:30:38,978] {dag.py:2420} INFO - Sync 1 DAGs
[2023-07-24 01:30:38,989] {logging_mixin.py:115} INFO - [2023-07-24 01:30:38,989] {dag.py:2972} INFO - Setting next_dagrun for latest_only_with_trigger to 2023-07-23T21:30:38.988860+00:00, run_after=2023-07-24T01:30:38.988860+00:00
[2023-07-24 01:30:38,997] {processor.py:161} INFO - Processing /home/airflow/.local/lib/python3.7/site-packages/airflow/example_dags/example_latest_only_with_trigger.py took 0.036 seconds
[2023-07-24 01:31:09,410] {processor.py:153} INFO - Started process (PID=1373) to work on /home/airflow/.local/lib/python3.7/site-packages/airflow/example_dags/example_latest_only_with_trigger.py
[2023-07-24 01:31:09,410] {processor.py:641} INFO - Processing file /home/airflow/.local/lib/python3.7/site-packages/airflow/example_dags/example_latest_only_with_trigger.py for tasks to queue
[2023-07-24 01:31:09,410] {logging_mixin.py:115} INFO - [2023-07-24 01:31:09,410] {dagbag.py:508} INFO - Filling up the DagBag from /home/airflow/.local/lib/python3.7/site-packages/airflow/example_dags/example_latest_only_with_trigger.py
[2023-07-24 01:31:09,413] {processor.py:651} INFO - DAG(s) dict_keys(['latest_only_with_trigger']) retrieved from /home/airflow/.local/lib/python3.7/site-packages/airflow/example_dags/example_latest_only_with_trigger.py
[2023-07-24 01:31:09,426] {logging_mixin.py:115} INFO - [2023-07-24 01:31:09,426] {dag.py:2420} INFO - Sync 1 DAGs
[2023-07-24 01:31:09,437] {logging_mixin.py:115} INFO - [2023-07-24 01:31:09,437] {dag.py:2972} INFO - Setting next_dagrun for latest_only_with_trigger to 2023-07-23T21:31:09.437279+00:00, run_after=2023-07-24T01:31:09.437279+00:00
[2023-07-24 01:31:09,445] {processor.py:161} INFO - Processing /home/airflow/.local/lib/python3.7/site-packages/airflow/example_dags/example_latest_only_with_trigger.py took 0.036 seconds
[2023-07-24 01:31:39,737] {processor.py:153} INFO - Started process (PID=1424) to work on /home/airflow/.local/lib/python3.7/site-packages/airflow/example_dags/example_latest_only_with_trigger.py
[2023-07-24 01:31:39,737] {processor.py:641} INFO - Processing file /home/airflow/.local/lib/python3.7/site-packages/airflow/example_dags/example_latest_only_with_trigger.py for tasks to queue
[2023-07-24 01:31:39,737] {logging_mixin.py:115} INFO - [2023-07-24 01:31:39,737] {dagbag.py:508} INFO - Filling up the DagBag from /home/airflow/.local/lib/python3.7/site-packages/airflow/example_dags/example_latest_only_with_trigger.py
[2023-07-24 01:31:39,740] {processor.py:651} INFO - DAG(s) dict_keys(['latest_only_with_trigger']) retrieved from /home/airflow/.local/lib/python3.7/site-packages/airflow/example_dags/example_latest_only_with_trigger.py
[2023-07-24 01:31:39,757] {logging_mixin.py:115} INFO - [2023-07-24 01:31:39,757] {dag.py:2420} INFO - Sync 1 DAGs
[2023-07-24 01:31:39,768] {logging_mixin.py:115} INFO - [2023-07-24 01:31:39,768] {dag.py:2972} INFO - Setting next_dagrun for latest_only_with_trigger to 2023-07-23T21:31:39.768800+00:00, run_after=2023-07-24T01:31:39.768800+00:00
[2023-07-24 01:31:39,776] {processor.py:161} INFO - Processing /home/airflow/.local/lib/python3.7/site-packages/airflow/example_dags/example_latest_only_with_trigger.py took 0.041 seconds
[2023-07-24 01:32:10,033] {processor.py:153} INFO - Started process (PID=1485) to work on /home/airflow/.local/lib/python3.7/site-packages/airflow/example_dags/example_latest_only_with_trigger.py
[2023-07-24 01:32:10,033] {processor.py:641} INFO - Processing file /home/airflow/.local/lib/python3.7/site-packages/airflow/example_dags/example_latest_only_with_trigger.py for tasks to queue
[2023-07-24 01:32:10,033] {logging_mixin.py:115} INFO - [2023-07-24 01:32:10,033] {dagbag.py:508} INFO - Filling up the DagBag from /home/airflow/.local/lib/python3.7/site-packages/airflow/example_dags/example_latest_only_with_trigger.py
[2023-07-24 01:32:10,036] {processor.py:651} INFO - DAG(s) dict_keys(['latest_only_with_trigger']) retrieved from /home/airflow/.local/lib/python3.7/site-packages/airflow/example_dags/example_latest_only_with_trigger.py
[2023-07-24 01:32:10,049] {logging_mixin.py:115} INFO - [2023-07-24 01:32:10,049] {dag.py:2420} INFO - Sync 1 DAGs
[2023-07-24 01:32:10,060] {logging_mixin.py:115} INFO - [2023-07-24 01:32:10,060] {dag.py:2972} INFO - Setting next_dagrun for latest_only_with_trigger to 2023-07-23T21:32:10.060747+00:00, run_after=2023-07-24T01:32:10.060747+00:00
[2023-07-24 01:32:10,069] {processor.py:161} INFO - Processing /home/airflow/.local/lib/python3.7/site-packages/airflow/example_dags/example_latest_only_with_trigger.py took 0.038 seconds
[2023-07-24 01:32:40,459] {processor.py:153} INFO - Started process (PID=1545) to work on /home/airflow/.local/lib/python3.7/site-packages/airflow/example_dags/example_latest_only_with_trigger.py
[2023-07-24 01:32:40,459] {processor.py:641} INFO - Processing file /home/airflow/.local/lib/python3.7/site-packages/airflow/example_dags/example_latest_only_with_trigger.py for tasks to queue
[2023-07-24 01:32:40,459] {logging_mixin.py:115} INFO - [2023-07-24 01:32:40,459] {dagbag.py:508} INFO - Filling up the DagBag from /home/airflow/.local/lib/python3.7/site-packages/airflow/example_dags/example_latest_only_with_trigger.py
[2023-07-24 01:32:40,462] {processor.py:651} INFO - DAG(s) dict_keys(['latest_only_with_trigger']) retrieved from /home/airflow/.local/lib/python3.7/site-packages/airflow/example_dags/example_latest_only_with_trigger.py
[2023-07-24 01:32:40,475] {logging_mixin.py:115} INFO - [2023-07-24 01:32:40,475] {dag.py:2420} INFO - Sync 1 DAGs
[2023-07-24 01:32:40,486] {logging_mixin.py:115} INFO - [2023-07-24 01:32:40,486] {dag.py:2972} INFO - Setting next_dagrun for latest_only_with_trigger to 2023-07-23T21:32:40.486742+00:00, run_after=2023-07-24T01:32:40.486742+00:00
[2023-07-24 01:32:40,495] {processor.py:161} INFO - Processing /home/airflow/.local/lib/python3.7/site-packages/airflow/example_dags/example_latest_only_with_trigger.py took 0.038 seconds
[2023-07-24 01:33:10,839] {processor.py:153} INFO - Started process (PID=1606) to work on /home/airflow/.local/lib/python3.7/site-packages/airflow/example_dags/example_latest_only_with_trigger.py
[2023-07-24 01:33:10,839] {processor.py:641} INFO - Processing file /home/airflow/.local/lib/python3.7/site-packages/airflow/example_dags/example_latest_only_with_trigger.py for tasks to queue
[2023-07-24 01:33:10,839] {logging_mixin.py:115} INFO - [2023-07-24 01:33:10,839] {dagbag.py:508} INFO - Filling up the DagBag from /home/airflow/.local/lib/python3.7/site-packages/airflow/example_dags/example_latest_only_with_trigger.py
[2023-07-24 01:33:10,842] {processor.py:651} INFO - DAG(s) dict_keys(['latest_only_with_trigger']) retrieved from /home/airflow/.local/lib/python3.7/site-packages/airflow/example_dags/example_latest_only_with_trigger.py
[2023-07-24 01:33:10,855] {logging_mixin.py:115} INFO - [2023-07-24 01:33:10,855] {dag.py:2420} INFO - Sync 1 DAGs
[2023-07-24 01:33:10,867] {logging_mixin.py:115} INFO - [2023-07-24 01:33:10,867] {dag.py:2972} INFO - Setting next_dagrun for latest_only_with_trigger to 2023-07-23T21:33:10.867067+00:00, run_after=2023-07-24T01:33:10.867067+00:00
[2023-07-24 01:33:10,876] {processor.py:161} INFO - Processing /home/airflow/.local/lib/python3.7/site-packages/airflow/example_dags/example_latest_only_with_trigger.py took 0.038 seconds
[2023-07-24 01:33:41,182] {processor.py:153} INFO - Started process (PID=1657) to work on /home/airflow/.local/lib/python3.7/site-packages/airflow/example_dags/example_latest_only_with_trigger.py
[2023-07-24 01:33:41,182] {processor.py:641} INFO - Processing file /home/airflow/.local/lib/python3.7/site-packages/airflow/example_dags/example_latest_only_with_trigger.py for tasks to queue
[2023-07-24 01:33:41,182] {logging_mixin.py:115} INFO - [2023-07-24 01:33:41,182] {dagbag.py:508} INFO - Filling up the DagBag from /home/airflow/.local/lib/python3.7/site-packages/airflow/example_dags/example_latest_only_with_trigger.py
[2023-07-24 01:33:41,185] {processor.py:651} INFO - DAG(s) dict_keys(['latest_only_with_trigger']) retrieved from /home/airflow/.local/lib/python3.7/site-packages/airflow/example_dags/example_latest_only_with_trigger.py
[2023-07-24 01:33:41,198] {logging_mixin.py:115} INFO - [2023-07-24 01:33:41,198] {dag.py:2420} INFO - Sync 1 DAGs
[2023-07-24 01:33:41,209] {logging_mixin.py:115} INFO - [2023-07-24 01:33:41,209] {dag.py:2972} INFO - Setting next_dagrun for latest_only_with_trigger to 2023-07-23T21:33:41.208914+00:00, run_after=2023-07-24T01:33:41.208914+00:00
[2023-07-24 01:33:41,217] {processor.py:161} INFO - Processing /home/airflow/.local/lib/python3.7/site-packages/airflow/example_dags/example_latest_only_with_trigger.py took 0.037 seconds
[2023-07-24 01:34:11,580] {processor.py:153} INFO - Started process (PID=1717) to work on /home/airflow/.local/lib/python3.7/site-packages/airflow/example_dags/example_latest_only_with_trigger.py
[2023-07-24 01:34:11,581] {processor.py:641} INFO - Processing file /home/airflow/.local/lib/python3.7/site-packages/airflow/example_dags/example_latest_only_with_trigger.py for tasks to queue
[2023-07-24 01:34:11,581] {logging_mixin.py:115} INFO - [2023-07-24 01:34:11,581] {dagbag.py:508} INFO - Filling up the DagBag from /home/airflow/.local/lib/python3.7/site-packages/airflow/example_dags/example_latest_only_with_trigger.py
[2023-07-24 01:34:11,584] {processor.py:651} INFO - DAG(s) dict_keys(['latest_only_with_trigger']) retrieved from /home/airflow/.local/lib/python3.7/site-packages/airflow/example_dags/example_latest_only_with_trigger.py
[2023-07-24 01:34:11,597] {logging_mixin.py:115} INFO - [2023-07-24 01:34:11,597] {dag.py:2420} INFO - Sync 1 DAGs
[2023-07-24 01:34:11,608] {logging_mixin.py:115} INFO - [2023-07-24 01:34:11,608] {dag.py:2972} INFO - Setting next_dagrun for latest_only_with_trigger to 2023-07-23T21:34:11.608734+00:00, run_after=2023-07-24T01:34:11.608734+00:00
[2023-07-24 01:34:11,618] {processor.py:161} INFO - Processing /home/airflow/.local/lib/python3.7/site-packages/airflow/example_dags/example_latest_only_with_trigger.py took 0.039 seconds
[2023-07-24 01:34:41,961] {processor.py:153} INFO - Started process (PID=1777) to work on /home/airflow/.local/lib/python3.7/site-packages/airflow/example_dags/example_latest_only_with_trigger.py
[2023-07-24 01:34:41,961] {processor.py:641} INFO - Processing file /home/airflow/.local/lib/python3.7/site-packages/airflow/example_dags/example_latest_only_with_trigger.py for tasks to queue
[2023-07-24 01:34:41,962] {logging_mixin.py:115} INFO - [2023-07-24 01:34:41,962] {dagbag.py:508} INFO - Filling up the DagBag from /home/airflow/.local/lib/python3.7/site-packages/airflow/example_dags/example_latest_only_with_trigger.py
[2023-07-24 01:34:41,964] {processor.py:651} INFO - DAG(s) dict_keys(['latest_only_with_trigger']) retrieved from /home/airflow/.local/lib/python3.7/site-packages/airflow/example_dags/example_latest_only_with_trigger.py
[2023-07-24 01:34:41,977] {logging_mixin.py:115} INFO - [2023-07-24 01:34:41,977] {dag.py:2420} INFO - Sync 1 DAGs
[2023-07-24 01:34:41,988] {logging_mixin.py:115} INFO - [2023-07-24 01:34:41,988] {dag.py:2972} INFO - Setting next_dagrun for latest_only_with_trigger to 2023-07-23T21:34:41.988140+00:00, run_after=2023-07-24T01:34:41.988140+00:00
[2023-07-24 01:34:41,996] {processor.py:161} INFO - Processing /home/airflow/.local/lib/python3.7/site-packages/airflow/example_dags/example_latest_only_with_trigger.py took 0.036 seconds
[2023-07-24 01:35:12,449] {processor.py:153} INFO - Started process (PID=1838) to work on /home/airflow/.local/lib/python3.7/site-packages/airflow/example_dags/example_latest_only_with_trigger.py
[2023-07-24 01:35:12,449] {processor.py:641} INFO - Processing file /home/airflow/.local/lib/python3.7/site-packages/airflow/example_dags/example_latest_only_with_trigger.py for tasks to queue
[2023-07-24 01:35:12,449] {logging_mixin.py:115} INFO - [2023-07-24 01:35:12,449] {dagbag.py:508} INFO - Filling up the DagBag from /home/airflow/.local/lib/python3.7/site-packages/airflow/example_dags/example_latest_only_with_trigger.py
[2023-07-24 01:35:12,452] {processor.py:651} INFO - DAG(s) dict_keys(['latest_only_with_trigger']) retrieved from /home/airflow/.local/lib/python3.7/site-packages/airflow/example_dags/example_latest_only_with_trigger.py
[2023-07-24 01:35:12,465] {logging_mixin.py:115} INFO - [2023-07-24 01:35:12,465] {dag.py:2420} INFO - Sync 1 DAGs
[2023-07-24 01:35:12,475] {logging_mixin.py:115} INFO - [2023-07-24 01:35:12,475] {dag.py:2972} INFO - Setting next_dagrun for latest_only_with_trigger to 2023-07-23T21:35:12.474913+00:00, run_after=2023-07-24T01:35:12.474913+00:00
[2023-07-24 01:35:12,484] {processor.py:161} INFO - Processing /home/airflow/.local/lib/python3.7/site-packages/airflow/example_dags/example_latest_only_with_trigger.py took 0.037 seconds
[2023-07-24 01:35:42,849] {processor.py:153} INFO - Started process (PID=1890) to work on /home/airflow/.local/lib/python3.7/site-packages/airflow/example_dags/example_latest_only_with_trigger.py
[2023-07-24 01:35:42,850] {processor.py:641} INFO - Processing file /home/airflow/.local/lib/python3.7/site-packages/airflow/example_dags/example_latest_only_with_trigger.py for tasks to queue
[2023-07-24 01:35:42,850] {logging_mixin.py:115} INFO - [2023-07-24 01:35:42,850] {dagbag.py:508} INFO - Filling up the DagBag from /home/airflow/.local/lib/python3.7/site-packages/airflow/example_dags/example_latest_only_with_trigger.py
[2023-07-24 01:35:42,852] {processor.py:651} INFO - DAG(s) dict_keys(['latest_only_with_trigger']) retrieved from /home/airflow/.local/lib/python3.7/site-packages/airflow/example_dags/example_latest_only_with_trigger.py
[2023-07-24 01:35:42,865] {logging_mixin.py:115} INFO - [2023-07-24 01:35:42,865] {dag.py:2420} INFO - Sync 1 DAGs
[2023-07-24 01:35:42,875] {logging_mixin.py:115} INFO - [2023-07-24 01:35:42,875] {dag.py:2972} INFO - Setting next_dagrun for latest_only_with_trigger to 2023-07-23T21:35:42.875573+00:00, run_after=2023-07-24T01:35:42.875573+00:00
[2023-07-24 01:35:42,884] {processor.py:161} INFO - Processing /home/airflow/.local/lib/python3.7/site-packages/airflow/example_dags/example_latest_only_with_trigger.py took 0.037 seconds
[2023-07-24 01:36:13,450] {processor.py:153} INFO - Started process (PID=1949) to work on /home/airflow/.local/lib/python3.7/site-packages/airflow/example_dags/example_latest_only_with_trigger.py
[2023-07-24 01:36:13,450] {processor.py:641} INFO - Processing file /home/airflow/.local/lib/python3.7/site-packages/airflow/example_dags/example_latest_only_with_trigger.py for tasks to queue
[2023-07-24 01:36:13,450] {logging_mixin.py:115} INFO - [2023-07-24 01:36:13,450] {dagbag.py:508} INFO - Filling up the DagBag from /home/airflow/.local/lib/python3.7/site-packages/airflow/example_dags/example_latest_only_with_trigger.py
[2023-07-24 01:36:13,452] {processor.py:651} INFO - DAG(s) dict_keys(['latest_only_with_trigger']) retrieved from /home/airflow/.local/lib/python3.7/site-packages/airflow/example_dags/example_latest_only_with_trigger.py
[2023-07-24 01:36:13,466] {logging_mixin.py:115} INFO - [2023-07-24 01:36:13,466] {dag.py:2420} INFO - Sync 1 DAGs
[2023-07-24 01:36:13,476] {logging_mixin.py:115} INFO - [2023-07-24 01:36:13,476] {dag.py:2972} INFO - Setting next_dagrun for latest_only_with_trigger to 2023-07-23T21:36:13.476565+00:00, run_after=2023-07-24T01:36:13.476565+00:00
[2023-07-24 01:36:13,487] {processor.py:161} INFO - Processing /home/airflow/.local/lib/python3.7/site-packages/airflow/example_dags/example_latest_only_with_trigger.py took 0.039 seconds
[2023-07-24 01:36:44,012] {processor.py:153} INFO - Started process (PID=2009) to work on /home/airflow/.local/lib/python3.7/site-packages/airflow/example_dags/example_latest_only_with_trigger.py
[2023-07-24 01:36:44,012] {processor.py:641} INFO - Processing file /home/airflow/.local/lib/python3.7/site-packages/airflow/example_dags/example_latest_only_with_trigger.py for tasks to queue
[2023-07-24 01:36:44,013] {logging_mixin.py:115} INFO - [2023-07-24 01:36:44,013] {dagbag.py:508} INFO - Filling up the DagBag from /home/airflow/.local/lib/python3.7/site-packages/airflow/example_dags/example_latest_only_with_trigger.py
[2023-07-24 01:36:44,015] {processor.py:651} INFO - DAG(s) dict_keys(['latest_only_with_trigger']) retrieved from /home/airflow/.local/lib/python3.7/site-packages/airflow/example_dags/example_latest_only_with_trigger.py
[2023-07-24 01:36:44,028] {logging_mixin.py:115} INFO - [2023-07-24 01:36:44,028] {dag.py:2420} INFO - Sync 1 DAGs
[2023-07-24 01:36:44,039] {logging_mixin.py:115} INFO - [2023-07-24 01:36:44,038] {dag.py:2972} INFO - Setting next_dagrun for latest_only_with_trigger to 2023-07-23T21:36:44.038844+00:00, run_after=2023-07-24T01:36:44.038844+00:00
[2023-07-24 01:36:44,048] {processor.py:161} INFO - Processing /home/airflow/.local/lib/python3.7/site-packages/airflow/example_dags/example_latest_only_with_trigger.py took 0.037 seconds
[2023-07-24 01:37:14,591] {processor.py:153} INFO - Started process (PID=2069) to work on /home/airflow/.local/lib/python3.7/site-packages/airflow/example_dags/example_latest_only_with_trigger.py
[2023-07-24 01:37:14,591] {processor.py:641} INFO - Processing file /home/airflow/.local/lib/python3.7/site-packages/airflow/example_dags/example_latest_only_with_trigger.py for tasks to queue
[2023-07-24 01:37:14,592] {logging_mixin.py:115} INFO - [2023-07-24 01:37:14,592] {dagbag.py:508} INFO - Filling up the DagBag from /home/airflow/.local/lib/python3.7/site-packages/airflow/example_dags/example_latest_only_with_trigger.py
[2023-07-24 01:37:14,594] {processor.py:651} INFO - DAG(s) dict_keys(['latest_only_with_trigger']) retrieved from /home/airflow/.local/lib/python3.7/site-packages/airflow/example_dags/example_latest_only_with_trigger.py
[2023-07-24 01:37:14,607] {logging_mixin.py:115} INFO - [2023-07-24 01:37:14,607] {dag.py:2420} INFO - Sync 1 DAGs
[2023-07-24 01:37:14,617] {logging_mixin.py:115} INFO - [2023-07-24 01:37:14,617] {dag.py:2972} INFO - Setting next_dagrun for latest_only_with_trigger to 2023-07-23T21:37:14.617435+00:00, run_after=2023-07-24T01:37:14.617435+00:00
[2023-07-24 01:37:14,627] {processor.py:161} INFO - Processing /home/airflow/.local/lib/python3.7/site-packages/airflow/example_dags/example_latest_only_with_trigger.py took 0.037 seconds
[2023-07-24 01:37:45,096] {processor.py:153} INFO - Started process (PID=2128) to work on /home/airflow/.local/lib/python3.7/site-packages/airflow/example_dags/example_latest_only_with_trigger.py
[2023-07-24 01:37:45,096] {processor.py:641} INFO - Processing file /home/airflow/.local/lib/python3.7/site-packages/airflow/example_dags/example_latest_only_with_trigger.py for tasks to queue
[2023-07-24 01:37:45,096] {logging_mixin.py:115} INFO - [2023-07-24 01:37:45,096] {dagbag.py:508} INFO - Filling up the DagBag from /home/airflow/.local/lib/python3.7/site-packages/airflow/example_dags/example_latest_only_with_trigger.py
[2023-07-24 01:37:45,099] {processor.py:651} INFO - DAG(s) dict_keys(['latest_only_with_trigger']) retrieved from /home/airflow/.local/lib/python3.7/site-packages/airflow/example_dags/example_latest_only_with_trigger.py
[2023-07-24 01:37:45,115] {logging_mixin.py:115} INFO - [2023-07-24 01:37:45,115] {dag.py:2420} INFO - Sync 1 DAGs
[2023-07-24 01:37:45,127] {logging_mixin.py:115} INFO - [2023-07-24 01:37:45,127] {dag.py:2972} INFO - Setting next_dagrun for latest_only_with_trigger to 2023-07-23T21:37:45.127274+00:00, run_after=2023-07-24T01:37:45.127274+00:00
[2023-07-24 01:37:45,138] {processor.py:161} INFO - Processing /home/airflow/.local/lib/python3.7/site-packages/airflow/example_dags/example_latest_only_with_trigger.py took 0.044 seconds
[2023-07-24 01:38:15,663] {processor.py:153} INFO - Started process (PID=2181) to work on /home/airflow/.local/lib/python3.7/site-packages/airflow/example_dags/example_latest_only_with_trigger.py
[2023-07-24 01:38:15,664] {processor.py:641} INFO - Processing file /home/airflow/.local/lib/python3.7/site-packages/airflow/example_dags/example_latest_only_with_trigger.py for tasks to queue
[2023-07-24 01:38:15,664] {logging_mixin.py:115} INFO - [2023-07-24 01:38:15,664] {dagbag.py:508} INFO - Filling up the DagBag from /home/airflow/.local/lib/python3.7/site-packages/airflow/example_dags/example_latest_only_with_trigger.py
[2023-07-24 01:38:15,667] {processor.py:651} INFO - DAG(s) dict_keys(['latest_only_with_trigger']) retrieved from /home/airflow/.local/lib/python3.7/site-packages/airflow/example_dags/example_latest_only_with_trigger.py
[2023-07-24 01:38:15,680] {logging_mixin.py:115} INFO - [2023-07-24 01:38:15,680] {dag.py:2420} INFO - Sync 1 DAGs
[2023-07-24 01:38:15,692] {logging_mixin.py:115} INFO - [2023-07-24 01:38:15,692] {dag.py:2972} INFO - Setting next_dagrun for latest_only_with_trigger to 2023-07-23T21:38:15.692363+00:00, run_after=2023-07-24T01:38:15.692363+00:00
[2023-07-24 01:38:15,703] {processor.py:161} INFO - Processing /home/airflow/.local/lib/python3.7/site-packages/airflow/example_dags/example_latest_only_with_trigger.py took 0.041 seconds
[2023-07-24 01:38:46,175] {processor.py:153} INFO - Started process (PID=2242) to work on /home/airflow/.local/lib/python3.7/site-packages/airflow/example_dags/example_latest_only_with_trigger.py
[2023-07-24 01:38:46,175] {processor.py:641} INFO - Processing file /home/airflow/.local/lib/python3.7/site-packages/airflow/example_dags/example_latest_only_with_trigger.py for tasks to queue
[2023-07-24 01:38:46,175] {logging_mixin.py:115} INFO - [2023-07-24 01:38:46,175] {dagbag.py:508} INFO - Filling up the DagBag from /home/airflow/.local/lib/python3.7/site-packages/airflow/example_dags/example_latest_only_with_trigger.py
[2023-07-24 01:38:46,177] {processor.py:651} INFO - DAG(s) dict_keys(['latest_only_with_trigger']) retrieved from /home/airflow/.local/lib/python3.7/site-packages/airflow/example_dags/example_latest_only_with_trigger.py
[2023-07-24 01:38:46,191] {logging_mixin.py:115} INFO - [2023-07-24 01:38:46,191] {dag.py:2420} INFO - Sync 1 DAGs
[2023-07-24 01:38:46,202] {logging_mixin.py:115} INFO - [2023-07-24 01:38:46,202] {dag.py:2972} INFO - Setting next_dagrun for latest_only_with_trigger to 2023-07-23T21:38:46.202405+00:00, run_after=2023-07-24T01:38:46.202405+00:00
[2023-07-24 01:38:46,212] {processor.py:161} INFO - Processing /home/airflow/.local/lib/python3.7/site-packages/airflow/example_dags/example_latest_only_with_trigger.py took 0.039 seconds
[2023-07-24 01:39:16,710] {processor.py:153} INFO - Started process (PID=2302) to work on /home/airflow/.local/lib/python3.7/site-packages/airflow/example_dags/example_latest_only_with_trigger.py
[2023-07-24 01:39:16,710] {processor.py:641} INFO - Processing file /home/airflow/.local/lib/python3.7/site-packages/airflow/example_dags/example_latest_only_with_trigger.py for tasks to queue
[2023-07-24 01:39:16,710] {logging_mixin.py:115} INFO - [2023-07-24 01:39:16,710] {dagbag.py:508} INFO - Filling up the DagBag from /home/airflow/.local/lib/python3.7/site-packages/airflow/example_dags/example_latest_only_with_trigger.py
[2023-07-24 01:39:16,713] {processor.py:651} INFO - DAG(s) dict_keys(['latest_only_with_trigger']) retrieved from /home/airflow/.local/lib/python3.7/site-packages/airflow/example_dags/example_latest_only_with_trigger.py
[2023-07-24 01:39:16,726] {logging_mixin.py:115} INFO - [2023-07-24 01:39:16,726] {dag.py:2420} INFO - Sync 1 DAGs
[2023-07-24 01:39:16,737] {logging_mixin.py:115} INFO - [2023-07-24 01:39:16,737] {dag.py:2972} INFO - Setting next_dagrun for latest_only_with_trigger to 2023-07-23T21:39:16.737046+00:00, run_after=2023-07-24T01:39:16.737046+00:00
[2023-07-24 01:39:16,746] {processor.py:161} INFO - Processing /home/airflow/.local/lib/python3.7/site-packages/airflow/example_dags/example_latest_only_with_trigger.py took 0.038 seconds
[2023-07-24 01:39:47,255] {processor.py:153} INFO - Started process (PID=2361) to work on /home/airflow/.local/lib/python3.7/site-packages/airflow/example_dags/example_latest_only_with_trigger.py
[2023-07-24 01:39:47,256] {processor.py:641} INFO - Processing file /home/airflow/.local/lib/python3.7/site-packages/airflow/example_dags/example_latest_only_with_trigger.py for tasks to queue
[2023-07-24 01:39:47,256] {logging_mixin.py:115} INFO - [2023-07-24 01:39:47,256] {dagbag.py:508} INFO - Filling up the DagBag from /home/airflow/.local/lib/python3.7/site-packages/airflow/example_dags/example_latest_only_with_trigger.py
[2023-07-24 01:39:47,258] {processor.py:651} INFO - DAG(s) dict_keys(['latest_only_with_trigger']) retrieved from /home/airflow/.local/lib/python3.7/site-packages/airflow/example_dags/example_latest_only_with_trigger.py
[2023-07-24 01:39:47,276] {logging_mixin.py:115} INFO - [2023-07-24 01:39:47,275] {dag.py:2420} INFO - Sync 1 DAGs
[2023-07-24 01:39:47,288] {logging_mixin.py:115} INFO - [2023-07-24 01:39:47,288] {dag.py:2972} INFO - Setting next_dagrun for latest_only_with_trigger to 2023-07-23T21:39:47.288508+00:00, run_after=2023-07-24T01:39:47.288508+00:00
[2023-07-24 01:39:47,300] {processor.py:161} INFO - Processing /home/airflow/.local/lib/python3.7/site-packages/airflow/example_dags/example_latest_only_with_trigger.py took 0.046 seconds
[2023-07-24 01:40:17,814] {processor.py:153} INFO - Started process (PID=2413) to work on /home/airflow/.local/lib/python3.7/site-packages/airflow/example_dags/example_latest_only_with_trigger.py
[2023-07-24 01:40:17,814] {processor.py:641} INFO - Processing file /home/airflow/.local/lib/python3.7/site-packages/airflow/example_dags/example_latest_only_with_trigger.py for tasks to queue
[2023-07-24 01:40:17,814] {logging_mixin.py:115} INFO - [2023-07-24 01:40:17,814] {dagbag.py:508} INFO - Filling up the DagBag from /home/airflow/.local/lib/python3.7/site-packages/airflow/example_dags/example_latest_only_with_trigger.py
[2023-07-24 01:40:17,817] {processor.py:651} INFO - DAG(s) dict_keys(['latest_only_with_trigger']) retrieved from /home/airflow/.local/lib/python3.7/site-packages/airflow/example_dags/example_latest_only_with_trigger.py
[2023-07-24 01:40:17,834] {logging_mixin.py:115} INFO - [2023-07-24 01:40:17,834] {dag.py:2420} INFO - Sync 1 DAGs
[2023-07-24 01:40:17,845] {logging_mixin.py:115} INFO - [2023-07-24 01:40:17,845] {dag.py:2972} INFO - Setting next_dagrun for latest_only_with_trigger to 2023-07-23T21:40:17.845301+00:00, run_after=2023-07-24T01:40:17.845301+00:00
[2023-07-24 01:40:17,855] {processor.py:161} INFO - Processing /home/airflow/.local/lib/python3.7/site-packages/airflow/example_dags/example_latest_only_with_trigger.py took 0.043 seconds
[2023-07-24 01:40:48,389] {processor.py:153} INFO - Started process (PID=2474) to work on /home/airflow/.local/lib/python3.7/site-packages/airflow/example_dags/example_latest_only_with_trigger.py
[2023-07-24 01:40:48,389] {processor.py:641} INFO - Processing file /home/airflow/.local/lib/python3.7/site-packages/airflow/example_dags/example_latest_only_with_trigger.py for tasks to queue
[2023-07-24 01:40:48,389] {logging_mixin.py:115} INFO - [2023-07-24 01:40:48,389] {dagbag.py:508} INFO - Filling up the DagBag from /home/airflow/.local/lib/python3.7/site-packages/airflow/example_dags/example_latest_only_with_trigger.py
[2023-07-24 01:40:48,392] {processor.py:651} INFO - DAG(s) dict_keys(['latest_only_with_trigger']) retrieved from /home/airflow/.local/lib/python3.7/site-packages/airflow/example_dags/example_latest_only_with_trigger.py
[2023-07-24 01:40:48,406] {logging_mixin.py:115} INFO - [2023-07-24 01:40:48,406] {dag.py:2420} INFO - Sync 1 DAGs
[2023-07-24 01:40:48,417] {logging_mixin.py:115} INFO - [2023-07-24 01:40:48,417] {dag.py:2972} INFO - Setting next_dagrun for latest_only_with_trigger to 2023-07-23T21:40:48.417783+00:00, run_after=2023-07-24T01:40:48.417783+00:00
[2023-07-24 01:40:48,427] {processor.py:161} INFO - Processing /home/airflow/.local/lib/python3.7/site-packages/airflow/example_dags/example_latest_only_with_trigger.py took 0.040 seconds
[2023-07-24 01:41:19,035] {processor.py:153} INFO - Started process (PID=2535) to work on /home/airflow/.local/lib/python3.7/site-packages/airflow/example_dags/example_latest_only_with_trigger.py
[2023-07-24 01:41:19,035] {processor.py:641} INFO - Processing file /home/airflow/.local/lib/python3.7/site-packages/airflow/example_dags/example_latest_only_with_trigger.py for tasks to queue
[2023-07-24 01:41:19,035] {logging_mixin.py:115} INFO - [2023-07-24 01:41:19,035] {dagbag.py:508} INFO - Filling up the DagBag from /home/airflow/.local/lib/python3.7/site-packages/airflow/example_dags/example_latest_only_with_trigger.py
[2023-07-24 01:41:19,038] {processor.py:651} INFO - DAG(s) dict_keys(['latest_only_with_trigger']) retrieved from /home/airflow/.local/lib/python3.7/site-packages/airflow/example_dags/example_latest_only_with_trigger.py
[2023-07-24 01:41:19,051] {logging_mixin.py:115} INFO - [2023-07-24 01:41:19,051] {dag.py:2420} INFO - Sync 1 DAGs
[2023-07-24 01:41:19,061] {logging_mixin.py:115} INFO - [2023-07-24 01:41:19,061] {dag.py:2972} INFO - Setting next_dagrun for latest_only_with_trigger to 2023-07-23T21:41:19.061365+00:00, run_after=2023-07-24T01:41:19.061365+00:00
[2023-07-24 01:41:19,070] {processor.py:161} INFO - Processing /home/airflow/.local/lib/python3.7/site-packages/airflow/example_dags/example_latest_only_with_trigger.py took 0.036 seconds
[2023-07-24 01:41:49,742] {processor.py:153} INFO - Started process (PID=2596) to work on /home/airflow/.local/lib/python3.7/site-packages/airflow/example_dags/example_latest_only_with_trigger.py
[2023-07-24 01:41:49,743] {processor.py:641} INFO - Processing file /home/airflow/.local/lib/python3.7/site-packages/airflow/example_dags/example_latest_only_with_trigger.py for tasks to queue
[2023-07-24 01:41:49,743] {logging_mixin.py:115} INFO - [2023-07-24 01:41:49,743] {dagbag.py:508} INFO - Filling up the DagBag from /home/airflow/.local/lib/python3.7/site-packages/airflow/example_dags/example_latest_only_with_trigger.py
[2023-07-24 01:41:49,746] {processor.py:651} INFO - DAG(s) dict_keys(['latest_only_with_trigger']) retrieved from /home/airflow/.local/lib/python3.7/site-packages/airflow/example_dags/example_latest_only_with_trigger.py
[2023-07-24 01:41:49,760] {logging_mixin.py:115} INFO - [2023-07-24 01:41:49,760] {dag.py:2420} INFO - Sync 1 DAGs
[2023-07-24 01:41:49,776] {logging_mixin.py:115} INFO - [2023-07-24 01:41:49,776] {dag.py:2972} INFO - Setting next_dagrun for latest_only_with_trigger to 2023-07-23T21:41:49.775870+00:00, run_after=2023-07-24T01:41:49.775870+00:00
[2023-07-24 01:41:49,786] {processor.py:161} INFO - Processing /home/airflow/.local/lib/python3.7/site-packages/airflow/example_dags/example_latest_only_with_trigger.py took 0.045 seconds
[2023-07-24 01:42:20,379] {processor.py:153} INFO - Started process (PID=2647) to work on /home/airflow/.local/lib/python3.7/site-packages/airflow/example_dags/example_latest_only_with_trigger.py
[2023-07-24 01:42:20,379] {processor.py:641} INFO - Processing file /home/airflow/.local/lib/python3.7/site-packages/airflow/example_dags/example_latest_only_with_trigger.py for tasks to queue
[2023-07-24 01:42:20,379] {logging_mixin.py:115} INFO - [2023-07-24 01:42:20,379] {dagbag.py:508} INFO - Filling up the DagBag from /home/airflow/.local/lib/python3.7/site-packages/airflow/example_dags/example_latest_only_with_trigger.py
[2023-07-24 01:42:20,382] {processor.py:651} INFO - DAG(s) dict_keys(['latest_only_with_trigger']) retrieved from /home/airflow/.local/lib/python3.7/site-packages/airflow/example_dags/example_latest_only_with_trigger.py
[2023-07-24 01:42:20,395] {logging_mixin.py:115} INFO - [2023-07-24 01:42:20,395] {dag.py:2420} INFO - Sync 1 DAGs
[2023-07-24 01:42:20,406] {logging_mixin.py:115} INFO - [2023-07-24 01:42:20,405] {dag.py:2972} INFO - Setting next_dagrun for latest_only_with_trigger to 2023-07-23T21:42:20.405850+00:00, run_after=2023-07-24T01:42:20.405850+00:00
[2023-07-24 01:42:20,414] {processor.py:161} INFO - Processing /home/airflow/.local/lib/python3.7/site-packages/airflow/example_dags/example_latest_only_with_trigger.py took 0.037 seconds
[2023-07-24 01:42:51,049] {processor.py:153} INFO - Started process (PID=2708) to work on /home/airflow/.local/lib/python3.7/site-packages/airflow/example_dags/example_latest_only_with_trigger.py
[2023-07-24 01:42:51,050] {processor.py:641} INFO - Processing file /home/airflow/.local/lib/python3.7/site-packages/airflow/example_dags/example_latest_only_with_trigger.py for tasks to queue
[2023-07-24 01:42:51,050] {logging_mixin.py:115} INFO - [2023-07-24 01:42:51,050] {dagbag.py:508} INFO - Filling up the DagBag from /home/airflow/.local/lib/python3.7/site-packages/airflow/example_dags/example_latest_only_with_trigger.py
[2023-07-24 01:42:51,052] {processor.py:651} INFO - DAG(s) dict_keys(['latest_only_with_trigger']) retrieved from /home/airflow/.local/lib/python3.7/site-packages/airflow/example_dags/example_latest_only_with_trigger.py
[2023-07-24 01:42:51,066] {logging_mixin.py:115} INFO - [2023-07-24 01:42:51,065] {dag.py:2420} INFO - Sync 1 DAGs
[2023-07-24 01:42:51,076] {logging_mixin.py:115} INFO - [2023-07-24 01:42:51,075] {dag.py:2972} INFO - Setting next_dagrun for latest_only_with_trigger to 2023-07-23T21:42:51.075875+00:00, run_after=2023-07-24T01:42:51.075875+00:00
[2023-07-24 01:42:51,085] {processor.py:161} INFO - Processing /home/airflow/.local/lib/python3.7/site-packages/airflow/example_dags/example_latest_only_with_trigger.py took 0.038 seconds
[2023-07-24 01:43:21,728] {processor.py:153} INFO - Started process (PID=2768) to work on /home/airflow/.local/lib/python3.7/site-packages/airflow/example_dags/example_latest_only_with_trigger.py
[2023-07-24 01:43:21,729] {processor.py:641} INFO - Processing file /home/airflow/.local/lib/python3.7/site-packages/airflow/example_dags/example_latest_only_with_trigger.py for tasks to queue
[2023-07-24 01:43:21,729] {logging_mixin.py:115} INFO - [2023-07-24 01:43:21,729] {dagbag.py:508} INFO - Filling up the DagBag from /home/airflow/.local/lib/python3.7/site-packages/airflow/example_dags/example_latest_only_with_trigger.py
[2023-07-24 01:43:21,732] {processor.py:651} INFO - DAG(s) dict_keys(['latest_only_with_trigger']) retrieved from /home/airflow/.local/lib/python3.7/site-packages/airflow/example_dags/example_latest_only_with_trigger.py
[2023-07-24 01:43:21,745] {logging_mixin.py:115} INFO - [2023-07-24 01:43:21,745] {dag.py:2420} INFO - Sync 1 DAGs
[2023-07-24 01:43:21,756] {logging_mixin.py:115} INFO - [2023-07-24 01:43:21,756] {dag.py:2972} INFO - Setting next_dagrun for latest_only_with_trigger to 2023-07-23T21:43:21.756131+00:00, run_after=2023-07-24T01:43:21.756131+00:00
[2023-07-24 01:43:21,764] {processor.py:161} INFO - Processing /home/airflow/.local/lib/python3.7/site-packages/airflow/example_dags/example_latest_only_with_trigger.py took 0.038 seconds
[2023-07-24 01:43:52,345] {processor.py:153} INFO - Started process (PID=2828) to work on /home/airflow/.local/lib/python3.7/site-packages/airflow/example_dags/example_latest_only_with_trigger.py
[2023-07-24 01:43:52,345] {processor.py:641} INFO - Processing file /home/airflow/.local/lib/python3.7/site-packages/airflow/example_dags/example_latest_only_with_trigger.py for tasks to queue
[2023-07-24 01:43:52,345] {logging_mixin.py:115} INFO - [2023-07-24 01:43:52,345] {dagbag.py:508} INFO - Filling up the DagBag from /home/airflow/.local/lib/python3.7/site-packages/airflow/example_dags/example_latest_only_with_trigger.py
[2023-07-24 01:43:52,348] {processor.py:651} INFO - DAG(s) dict_keys(['latest_only_with_trigger']) retrieved from /home/airflow/.local/lib/python3.7/site-packages/airflow/example_dags/example_latest_only_with_trigger.py
[2023-07-24 01:43:52,361] {logging_mixin.py:115} INFO - [2023-07-24 01:43:52,361] {dag.py:2420} INFO - Sync 1 DAGs
[2023-07-24 01:43:52,371] {logging_mixin.py:115} INFO - [2023-07-24 01:43:52,371] {dag.py:2972} INFO - Setting next_dagrun for latest_only_with_trigger to 2023-07-23T21:43:52.371407+00:00, run_after=2023-07-24T01:43:52.371407+00:00
[2023-07-24 01:43:52,383] {processor.py:161} INFO - Processing /home/airflow/.local/lib/python3.7/site-packages/airflow/example_dags/example_latest_only_with_trigger.py took 0.040 seconds
[2023-07-24 01:44:22,939] {processor.py:153} INFO - Started process (PID=2880) to work on /home/airflow/.local/lib/python3.7/site-packages/airflow/example_dags/example_latest_only_with_trigger.py
[2023-07-24 01:44:22,939] {processor.py:641} INFO - Processing file /home/airflow/.local/lib/python3.7/site-packages/airflow/example_dags/example_latest_only_with_trigger.py for tasks to queue
[2023-07-24 01:44:22,939] {logging_mixin.py:115} INFO - [2023-07-24 01:44:22,939] {dagbag.py:508} INFO - Filling up the DagBag from /home/airflow/.local/lib/python3.7/site-packages/airflow/example_dags/example_latest_only_with_trigger.py
[2023-07-24 01:44:22,942] {processor.py:651} INFO - DAG(s) dict_keys(['latest_only_with_trigger']) retrieved from /home/airflow/.local/lib/python3.7/site-packages/airflow/example_dags/example_latest_only_with_trigger.py
[2023-07-24 01:44:22,955] {logging_mixin.py:115} INFO - [2023-07-24 01:44:22,954] {dag.py:2420} INFO - Sync 1 DAGs
[2023-07-24 01:44:22,964] {logging_mixin.py:115} INFO - [2023-07-24 01:44:22,964] {dag.py:2972} INFO - Setting next_dagrun for latest_only_with_trigger to 2023-07-23T21:44:22.964755+00:00, run_after=2023-07-24T01:44:22.964755+00:00
[2023-07-24 01:44:22,974] {processor.py:161} INFO - Processing /home/airflow/.local/lib/python3.7/site-packages/airflow/example_dags/example_latest_only_with_trigger.py took 0.037 seconds
[2023-07-24 01:44:53,650] {processor.py:153} INFO - Started process (PID=2941) to work on /home/airflow/.local/lib/python3.7/site-packages/airflow/example_dags/example_latest_only_with_trigger.py
[2023-07-24 01:44:53,651] {processor.py:641} INFO - Processing file /home/airflow/.local/lib/python3.7/site-packages/airflow/example_dags/example_latest_only_with_trigger.py for tasks to queue
[2023-07-24 01:44:53,651] {logging_mixin.py:115} INFO - [2023-07-24 01:44:53,651] {dagbag.py:508} INFO - Filling up the DagBag from /home/airflow/.local/lib/python3.7/site-packages/airflow/example_dags/example_latest_only_with_trigger.py
[2023-07-24 01:44:53,654] {processor.py:651} INFO - DAG(s) dict_keys(['latest_only_with_trigger']) retrieved from /home/airflow/.local/lib/python3.7/site-packages/airflow/example_dags/example_latest_only_with_trigger.py
[2023-07-24 01:44:53,667] {logging_mixin.py:115} INFO - [2023-07-24 01:44:53,667] {dag.py:2420} INFO - Sync 1 DAGs
[2023-07-24 01:44:53,677] {logging_mixin.py:115} INFO - [2023-07-24 01:44:53,677] {dag.py:2972} INFO - Setting next_dagrun for latest_only_with_trigger to 2023-07-23T21:44:53.677412+00:00, run_after=2023-07-24T01:44:53.677412+00:00
[2023-07-24 01:44:53,687] {processor.py:161} INFO - Processing /home/airflow/.local/lib/python3.7/site-packages/airflow/example_dags/example_latest_only_with_trigger.py took 0.038 seconds
[2023-07-24 01:45:24,515] {processor.py:153} INFO - Started process (PID=3001) to work on /home/airflow/.local/lib/python3.7/site-packages/airflow/example_dags/example_latest_only_with_trigger.py
[2023-07-24 01:45:24,515] {processor.py:641} INFO - Processing file /home/airflow/.local/lib/python3.7/site-packages/airflow/example_dags/example_latest_only_with_trigger.py for tasks to queue
[2023-07-24 01:45:24,515] {logging_mixin.py:115} INFO - [2023-07-24 01:45:24,515] {dagbag.py:508} INFO - Filling up the DagBag from /home/airflow/.local/lib/python3.7/site-packages/airflow/example_dags/example_latest_only_with_trigger.py
[2023-07-24 01:45:24,518] {processor.py:651} INFO - DAG(s) dict_keys(['latest_only_with_trigger']) retrieved from /home/airflow/.local/lib/python3.7/site-packages/airflow/example_dags/example_latest_only_with_trigger.py
[2023-07-24 01:45:24,532] {logging_mixin.py:115} INFO - [2023-07-24 01:45:24,532] {dag.py:2420} INFO - Sync 1 DAGs
[2023-07-24 01:45:24,543] {logging_mixin.py:115} INFO - [2023-07-24 01:45:24,543] {dag.py:2972} INFO - Setting next_dagrun for latest_only_with_trigger to 2023-07-23T21:45:24.543742+00:00, run_after=2023-07-24T01:45:24.543742+00:00
[2023-07-24 01:45:24,618] {processor.py:161} INFO - Processing /home/airflow/.local/lib/python3.7/site-packages/airflow/example_dags/example_latest_only_with_trigger.py took 0.104 seconds
[2023-07-24 01:45:55,316] {processor.py:153} INFO - Started process (PID=3061) to work on /home/airflow/.local/lib/python3.7/site-packages/airflow/example_dags/example_latest_only_with_trigger.py
[2023-07-24 01:45:55,316] {processor.py:641} INFO - Processing file /home/airflow/.local/lib/python3.7/site-packages/airflow/example_dags/example_latest_only_with_trigger.py for tasks to queue
[2023-07-24 01:45:55,316] {logging_mixin.py:115} INFO - [2023-07-24 01:45:55,316] {dagbag.py:508} INFO - Filling up the DagBag from /home/airflow/.local/lib/python3.7/site-packages/airflow/example_dags/example_latest_only_with_trigger.py
[2023-07-24 01:45:55,319] {processor.py:651} INFO - DAG(s) dict_keys(['latest_only_with_trigger']) retrieved from /home/airflow/.local/lib/python3.7/site-packages/airflow/example_dags/example_latest_only_with_trigger.py
[2023-07-24 01:45:55,332] {logging_mixin.py:115} INFO - [2023-07-24 01:45:55,332] {dag.py:2420} INFO - Sync 1 DAGs
[2023-07-24 01:45:55,344] {logging_mixin.py:115} INFO - [2023-07-24 01:45:55,344] {dag.py:2972} INFO - Setting next_dagrun for latest_only_with_trigger to 2023-07-23T21:45:55.344154+00:00, run_after=2023-07-24T01:45:55.344154+00:00
[2023-07-24 01:45:55,418] {processor.py:161} INFO - Processing /home/airflow/.local/lib/python3.7/site-packages/airflow/example_dags/example_latest_only_with_trigger.py took 0.104 seconds
[2023-07-24 01:46:57,055] {processor.py:153} INFO - Started process (PID=70) to work on /home/airflow/.local/lib/python3.7/site-packages/airflow/example_dags/example_latest_only_with_trigger.py
[2023-07-24 01:46:57,055] {processor.py:641} INFO - Processing file /home/airflow/.local/lib/python3.7/site-packages/airflow/example_dags/example_latest_only_with_trigger.py for tasks to queue
[2023-07-24 01:46:57,055] {logging_mixin.py:115} INFO - [2023-07-24 01:46:57,055] {dagbag.py:508} INFO - Filling up the DagBag from /home/airflow/.local/lib/python3.7/site-packages/airflow/example_dags/example_latest_only_with_trigger.py
[2023-07-24 01:46:57,059] {processor.py:651} INFO - DAG(s) dict_keys(['latest_only_with_trigger']) retrieved from /home/airflow/.local/lib/python3.7/site-packages/airflow/example_dags/example_latest_only_with_trigger.py
[2023-07-24 01:46:57,073] {logging_mixin.py:115} INFO - [2023-07-24 01:46:57,073] {dag.py:2420} INFO - Sync 1 DAGs
[2023-07-24 01:46:57,085] {logging_mixin.py:115} INFO - [2023-07-24 01:46:57,085] {dag.py:2972} INFO - Setting next_dagrun for latest_only_with_trigger to 2023-07-23T21:46:57.085438+00:00, run_after=2023-07-24T01:46:57.085438+00:00
[2023-07-24 01:46:57,095] {processor.py:161} INFO - Processing /home/airflow/.local/lib/python3.7/site-packages/airflow/example_dags/example_latest_only_with_trigger.py took 0.042 seconds
[2023-07-24 01:47:27,560] {processor.py:153} INFO - Started process (PID=131) to work on /home/airflow/.local/lib/python3.7/site-packages/airflow/example_dags/example_latest_only_with_trigger.py
[2023-07-24 01:47:27,560] {processor.py:641} INFO - Processing file /home/airflow/.local/lib/python3.7/site-packages/airflow/example_dags/example_latest_only_with_trigger.py for tasks to queue
[2023-07-24 01:47:27,560] {logging_mixin.py:115} INFO - [2023-07-24 01:47:27,560] {dagbag.py:508} INFO - Filling up the DagBag from /home/airflow/.local/lib/python3.7/site-packages/airflow/example_dags/example_latest_only_with_trigger.py
[2023-07-24 01:47:27,563] {processor.py:651} INFO - DAG(s) dict_keys(['latest_only_with_trigger']) retrieved from /home/airflow/.local/lib/python3.7/site-packages/airflow/example_dags/example_latest_only_with_trigger.py
[2023-07-24 01:47:27,575] {logging_mixin.py:115} INFO - [2023-07-24 01:47:27,575] {dag.py:2420} INFO - Sync 1 DAGs
[2023-07-24 01:47:27,586] {logging_mixin.py:115} INFO - [2023-07-24 01:47:27,586] {dag.py:2972} INFO - Setting next_dagrun for latest_only_with_trigger to 2023-07-23T21:47:27.586227+00:00, run_after=2023-07-24T01:47:27.586227+00:00
[2023-07-24 01:47:27,596] {processor.py:161} INFO - Processing /home/airflow/.local/lib/python3.7/site-packages/airflow/example_dags/example_latest_only_with_trigger.py took 0.038 seconds
[2023-07-24 01:47:58,035] {processor.py:153} INFO - Started process (PID=192) to work on /home/airflow/.local/lib/python3.7/site-packages/airflow/example_dags/example_latest_only_with_trigger.py
[2023-07-24 01:47:58,035] {processor.py:641} INFO - Processing file /home/airflow/.local/lib/python3.7/site-packages/airflow/example_dags/example_latest_only_with_trigger.py for tasks to queue
[2023-07-24 01:47:58,036] {logging_mixin.py:115} INFO - [2023-07-24 01:47:58,036] {dagbag.py:508} INFO - Filling up the DagBag from /home/airflow/.local/lib/python3.7/site-packages/airflow/example_dags/example_latest_only_with_trigger.py
[2023-07-24 01:47:58,038] {processor.py:651} INFO - DAG(s) dict_keys(['latest_only_with_trigger']) retrieved from /home/airflow/.local/lib/python3.7/site-packages/airflow/example_dags/example_latest_only_with_trigger.py
[2023-07-24 01:47:58,051] {logging_mixin.py:115} INFO - [2023-07-24 01:47:58,051] {dag.py:2420} INFO - Sync 1 DAGs
[2023-07-24 01:47:58,063] {logging_mixin.py:115} INFO - [2023-07-24 01:47:58,063] {dag.py:2972} INFO - Setting next_dagrun for latest_only_with_trigger to 2023-07-23T21:47:58.063529+00:00, run_after=2023-07-24T01:47:58.063529+00:00
[2023-07-24 01:47:58,071] {processor.py:161} INFO - Processing /home/airflow/.local/lib/python3.7/site-packages/airflow/example_dags/example_latest_only_with_trigger.py took 0.038 seconds
[2023-07-24 01:48:28,510] {processor.py:153} INFO - Started process (PID=244) to work on /home/airflow/.local/lib/python3.7/site-packages/airflow/example_dags/example_latest_only_with_trigger.py
[2023-07-24 01:48:28,511] {processor.py:641} INFO - Processing file /home/airflow/.local/lib/python3.7/site-packages/airflow/example_dags/example_latest_only_with_trigger.py for tasks to queue
[2023-07-24 01:48:28,511] {logging_mixin.py:115} INFO - [2023-07-24 01:48:28,511] {dagbag.py:508} INFO - Filling up the DagBag from /home/airflow/.local/lib/python3.7/site-packages/airflow/example_dags/example_latest_only_with_trigger.py
[2023-07-24 01:48:28,514] {processor.py:651} INFO - DAG(s) dict_keys(['latest_only_with_trigger']) retrieved from /home/airflow/.local/lib/python3.7/site-packages/airflow/example_dags/example_latest_only_with_trigger.py
[2023-07-24 01:48:28,528] {logging_mixin.py:115} INFO - [2023-07-24 01:48:28,528] {dag.py:2420} INFO - Sync 1 DAGs
[2023-07-24 01:48:28,539] {logging_mixin.py:115} INFO - [2023-07-24 01:48:28,539] {dag.py:2972} INFO - Setting next_dagrun for latest_only_with_trigger to 2023-07-23T21:48:28.539107+00:00, run_after=2023-07-24T01:48:28.539107+00:00
[2023-07-24 01:48:28,548] {processor.py:161} INFO - Processing /home/airflow/.local/lib/python3.7/site-packages/airflow/example_dags/example_latest_only_with_trigger.py took 0.040 seconds
[2023-07-24 01:48:58,921] {processor.py:153} INFO - Started process (PID=304) to work on /home/airflow/.local/lib/python3.7/site-packages/airflow/example_dags/example_latest_only_with_trigger.py
[2023-07-24 01:48:58,922] {processor.py:641} INFO - Processing file /home/airflow/.local/lib/python3.7/site-packages/airflow/example_dags/example_latest_only_with_trigger.py for tasks to queue
[2023-07-24 01:48:58,922] {logging_mixin.py:115} INFO - [2023-07-24 01:48:58,922] {dagbag.py:508} INFO - Filling up the DagBag from /home/airflow/.local/lib/python3.7/site-packages/airflow/example_dags/example_latest_only_with_trigger.py
[2023-07-24 01:48:58,925] {processor.py:651} INFO - DAG(s) dict_keys(['latest_only_with_trigger']) retrieved from /home/airflow/.local/lib/python3.7/site-packages/airflow/example_dags/example_latest_only_with_trigger.py
[2023-07-24 01:48:58,938] {logging_mixin.py:115} INFO - [2023-07-24 01:48:58,938] {dag.py:2420} INFO - Sync 1 DAGs
[2023-07-24 01:48:58,949] {logging_mixin.py:115} INFO - [2023-07-24 01:48:58,949] {dag.py:2972} INFO - Setting next_dagrun for latest_only_with_trigger to 2023-07-23T21:48:58.949614+00:00, run_after=2023-07-24T01:48:58.949614+00:00
[2023-07-24 01:48:58,960] {processor.py:161} INFO - Processing /home/airflow/.local/lib/python3.7/site-packages/airflow/example_dags/example_latest_only_with_trigger.py took 0.041 seconds
[2023-07-24 01:49:29,393] {processor.py:153} INFO - Started process (PID=365) to work on /home/airflow/.local/lib/python3.7/site-packages/airflow/example_dags/example_latest_only_with_trigger.py
[2023-07-24 01:49:29,395] {processor.py:641} INFO - Processing file /home/airflow/.local/lib/python3.7/site-packages/airflow/example_dags/example_latest_only_with_trigger.py for tasks to queue
[2023-07-24 01:49:29,395] {logging_mixin.py:115} INFO - [2023-07-24 01:49:29,395] {dagbag.py:508} INFO - Filling up the DagBag from /home/airflow/.local/lib/python3.7/site-packages/airflow/example_dags/example_latest_only_with_trigger.py
[2023-07-24 01:49:29,398] {processor.py:651} INFO - DAG(s) dict_keys(['latest_only_with_trigger']) retrieved from /home/airflow/.local/lib/python3.7/site-packages/airflow/example_dags/example_latest_only_with_trigger.py
[2023-07-24 01:49:29,411] {logging_mixin.py:115} INFO - [2023-07-24 01:49:29,411] {dag.py:2420} INFO - Sync 1 DAGs
[2023-07-24 01:49:29,422] {logging_mixin.py:115} INFO - [2023-07-24 01:49:29,422] {dag.py:2972} INFO - Setting next_dagrun for latest_only_with_trigger to 2023-07-23T21:49:29.422206+00:00, run_after=2023-07-24T01:49:29.422206+00:00
[2023-07-24 01:49:29,432] {processor.py:161} INFO - Processing /home/airflow/.local/lib/python3.7/site-packages/airflow/example_dags/example_latest_only_with_trigger.py took 0.040 seconds
[2023-07-24 01:49:59,882] {processor.py:153} INFO - Started process (PID=426) to work on /home/airflow/.local/lib/python3.7/site-packages/airflow/example_dags/example_latest_only_with_trigger.py
[2023-07-24 01:49:59,884] {processor.py:641} INFO - Processing file /home/airflow/.local/lib/python3.7/site-packages/airflow/example_dags/example_latest_only_with_trigger.py for tasks to queue
[2023-07-24 01:49:59,884] {logging_mixin.py:115} INFO - [2023-07-24 01:49:59,884] {dagbag.py:508} INFO - Filling up the DagBag from /home/airflow/.local/lib/python3.7/site-packages/airflow/example_dags/example_latest_only_with_trigger.py
[2023-07-24 01:49:59,887] {processor.py:651} INFO - DAG(s) dict_keys(['latest_only_with_trigger']) retrieved from /home/airflow/.local/lib/python3.7/site-packages/airflow/example_dags/example_latest_only_with_trigger.py
[2023-07-24 01:49:59,900] {logging_mixin.py:115} INFO - [2023-07-24 01:49:59,900] {dag.py:2420} INFO - Sync 1 DAGs
[2023-07-24 01:49:59,912] {logging_mixin.py:115} INFO - [2023-07-24 01:49:59,911] {dag.py:2972} INFO - Setting next_dagrun for latest_only_with_trigger to 2023-07-23T21:49:59.911833+00:00, run_after=2023-07-24T01:49:59.911833+00:00
[2023-07-24 01:49:59,920] {processor.py:161} INFO - Processing /home/airflow/.local/lib/python3.7/site-packages/airflow/example_dags/example_latest_only_with_trigger.py took 0.040 seconds
[2023-07-24 01:50:30,475] {processor.py:153} INFO - Started process (PID=478) to work on /home/airflow/.local/lib/python3.7/site-packages/airflow/example_dags/example_latest_only_with_trigger.py
[2023-07-24 01:50:30,476] {processor.py:641} INFO - Processing file /home/airflow/.local/lib/python3.7/site-packages/airflow/example_dags/example_latest_only_with_trigger.py for tasks to queue
[2023-07-24 01:50:30,476] {logging_mixin.py:115} INFO - [2023-07-24 01:50:30,476] {dagbag.py:508} INFO - Filling up the DagBag from /home/airflow/.local/lib/python3.7/site-packages/airflow/example_dags/example_latest_only_with_trigger.py
[2023-07-24 01:50:30,478] {processor.py:651} INFO - DAG(s) dict_keys(['latest_only_with_trigger']) retrieved from /home/airflow/.local/lib/python3.7/site-packages/airflow/example_dags/example_latest_only_with_trigger.py
[2023-07-24 01:50:30,492] {logging_mixin.py:115} INFO - [2023-07-24 01:50:30,492] {dag.py:2420} INFO - Sync 1 DAGs
[2023-07-24 01:50:30,503] {logging_mixin.py:115} INFO - [2023-07-24 01:50:30,503] {dag.py:2972} INFO - Setting next_dagrun for latest_only_with_trigger to 2023-07-23T21:50:30.503758+00:00, run_after=2023-07-24T01:50:30.503758+00:00
[2023-07-24 01:50:30,514] {processor.py:161} INFO - Processing /home/airflow/.local/lib/python3.7/site-packages/airflow/example_dags/example_latest_only_with_trigger.py took 0.040 seconds
[2023-07-24 01:51:00,977] {processor.py:153} INFO - Started process (PID=540) to work on /home/airflow/.local/lib/python3.7/site-packages/airflow/example_dags/example_latest_only_with_trigger.py
[2023-07-24 01:51:00,978] {processor.py:641} INFO - Processing file /home/airflow/.local/lib/python3.7/site-packages/airflow/example_dags/example_latest_only_with_trigger.py for tasks to queue
[2023-07-24 01:51:00,979] {logging_mixin.py:115} INFO - [2023-07-24 01:51:00,978] {dagbag.py:508} INFO - Filling up the DagBag from /home/airflow/.local/lib/python3.7/site-packages/airflow/example_dags/example_latest_only_with_trigger.py
[2023-07-24 01:51:00,981] {processor.py:651} INFO - DAG(s) dict_keys(['latest_only_with_trigger']) retrieved from /home/airflow/.local/lib/python3.7/site-packages/airflow/example_dags/example_latest_only_with_trigger.py
[2023-07-24 01:51:00,995] {logging_mixin.py:115} INFO - [2023-07-24 01:51:00,994] {dag.py:2420} INFO - Sync 1 DAGs
[2023-07-24 01:51:01,006] {logging_mixin.py:115} INFO - [2023-07-24 01:51:01,006] {dag.py:2972} INFO - Setting next_dagrun for latest_only_with_trigger to 2023-07-23T21:51:01.006136+00:00, run_after=2023-07-24T01:51:01.006136+00:00
[2023-07-24 01:51:01,016] {processor.py:161} INFO - Processing /home/airflow/.local/lib/python3.7/site-packages/airflow/example_dags/example_latest_only_with_trigger.py took 0.041 seconds
[2023-07-24 01:51:31,501] {processor.py:153} INFO - Started process (PID=599) to work on /home/airflow/.local/lib/python3.7/site-packages/airflow/example_dags/example_latest_only_with_trigger.py
[2023-07-24 01:51:31,503] {processor.py:641} INFO - Processing file /home/airflow/.local/lib/python3.7/site-packages/airflow/example_dags/example_latest_only_with_trigger.py for tasks to queue
[2023-07-24 01:51:31,503] {logging_mixin.py:115} INFO - [2023-07-24 01:51:31,503] {dagbag.py:508} INFO - Filling up the DagBag from /home/airflow/.local/lib/python3.7/site-packages/airflow/example_dags/example_latest_only_with_trigger.py
[2023-07-24 01:51:31,506] {processor.py:651} INFO - DAG(s) dict_keys(['latest_only_with_trigger']) retrieved from /home/airflow/.local/lib/python3.7/site-packages/airflow/example_dags/example_latest_only_with_trigger.py
[2023-07-24 01:51:31,521] {logging_mixin.py:115} INFO - [2023-07-24 01:51:31,521] {dag.py:2420} INFO - Sync 1 DAGs
[2023-07-24 01:51:31,532] {logging_mixin.py:115} INFO - [2023-07-24 01:51:31,532] {dag.py:2972} INFO - Setting next_dagrun for latest_only_with_trigger to 2023-07-23T21:51:31.531990+00:00, run_after=2023-07-24T01:51:31.531990+00:00
[2023-07-24 01:51:31,543] {processor.py:161} INFO - Processing /home/airflow/.local/lib/python3.7/site-packages/airflow/example_dags/example_latest_only_with_trigger.py took 0.043 seconds
[2023-07-24 01:52:02,123] {processor.py:153} INFO - Started process (PID=661) to work on /home/airflow/.local/lib/python3.7/site-packages/airflow/example_dags/example_latest_only_with_trigger.py
[2023-07-24 01:52:02,123] {processor.py:641} INFO - Processing file /home/airflow/.local/lib/python3.7/site-packages/airflow/example_dags/example_latest_only_with_trigger.py for tasks to queue
[2023-07-24 01:52:02,124] {logging_mixin.py:115} INFO - [2023-07-24 01:52:02,123] {dagbag.py:508} INFO - Filling up the DagBag from /home/airflow/.local/lib/python3.7/site-packages/airflow/example_dags/example_latest_only_with_trigger.py
[2023-07-24 01:52:02,126] {processor.py:651} INFO - DAG(s) dict_keys(['latest_only_with_trigger']) retrieved from /home/airflow/.local/lib/python3.7/site-packages/airflow/example_dags/example_latest_only_with_trigger.py
[2023-07-24 01:52:02,140] {logging_mixin.py:115} INFO - [2023-07-24 01:52:02,140] {dag.py:2420} INFO - Sync 1 DAGs
[2023-07-24 01:52:02,152] {logging_mixin.py:115} INFO - [2023-07-24 01:52:02,152] {dag.py:2972} INFO - Setting next_dagrun for latest_only_with_trigger to 2023-07-23T21:52:02.152441+00:00, run_after=2023-07-24T01:52:02.152441+00:00
[2023-07-24 01:52:02,160] {processor.py:161} INFO - Processing /home/airflow/.local/lib/python3.7/site-packages/airflow/example_dags/example_latest_only_with_trigger.py took 0.039 seconds
[2023-07-24 01:52:32,903] {processor.py:153} INFO - Started process (PID=721) to work on /home/airflow/.local/lib/python3.7/site-packages/airflow/example_dags/example_latest_only_with_trigger.py
[2023-07-24 01:52:32,903] {processor.py:641} INFO - Processing file /home/airflow/.local/lib/python3.7/site-packages/airflow/example_dags/example_latest_only_with_trigger.py for tasks to queue
[2023-07-24 01:52:32,903] {logging_mixin.py:115} INFO - [2023-07-24 01:52:32,903] {dagbag.py:508} INFO - Filling up the DagBag from /home/airflow/.local/lib/python3.7/site-packages/airflow/example_dags/example_latest_only_with_trigger.py
[2023-07-24 01:52:32,906] {processor.py:651} INFO - DAG(s) dict_keys(['latest_only_with_trigger']) retrieved from /home/airflow/.local/lib/python3.7/site-packages/airflow/example_dags/example_latest_only_with_trigger.py
[2023-07-24 01:52:32,919] {logging_mixin.py:115} INFO - [2023-07-24 01:52:32,919] {dag.py:2420} INFO - Sync 1 DAGs
[2023-07-24 01:52:32,932] {logging_mixin.py:115} INFO - [2023-07-24 01:52:32,932] {dag.py:2972} INFO - Setting next_dagrun for latest_only_with_trigger to 2023-07-23T21:52:32.932005+00:00, run_after=2023-07-24T01:52:32.932005+00:00
[2023-07-24 01:52:32,942] {processor.py:161} INFO - Processing /home/airflow/.local/lib/python3.7/site-packages/airflow/example_dags/example_latest_only_with_trigger.py took 0.041 seconds
[2023-07-24 01:53:03,565] {processor.py:153} INFO - Started process (PID=773) to work on /home/airflow/.local/lib/python3.7/site-packages/airflow/example_dags/example_latest_only_with_trigger.py
[2023-07-24 01:53:03,566] {processor.py:641} INFO - Processing file /home/airflow/.local/lib/python3.7/site-packages/airflow/example_dags/example_latest_only_with_trigger.py for tasks to queue
[2023-07-24 01:53:03,566] {logging_mixin.py:115} INFO - [2023-07-24 01:53:03,566] {dagbag.py:508} INFO - Filling up the DagBag from /home/airflow/.local/lib/python3.7/site-packages/airflow/example_dags/example_latest_only_with_trigger.py
[2023-07-24 01:53:03,569] {processor.py:651} INFO - DAG(s) dict_keys(['latest_only_with_trigger']) retrieved from /home/airflow/.local/lib/python3.7/site-packages/airflow/example_dags/example_latest_only_with_trigger.py
[2023-07-24 01:53:03,581] {logging_mixin.py:115} INFO - [2023-07-24 01:53:03,581] {dag.py:2420} INFO - Sync 1 DAGs
[2023-07-24 01:53:03,593] {logging_mixin.py:115} INFO - [2023-07-24 01:53:03,593] {dag.py:2972} INFO - Setting next_dagrun for latest_only_with_trigger to 2023-07-23T21:53:03.593791+00:00, run_after=2023-07-24T01:53:03.593791+00:00
[2023-07-24 01:53:03,602] {processor.py:161} INFO - Processing /home/airflow/.local/lib/python3.7/site-packages/airflow/example_dags/example_latest_only_with_trigger.py took 0.038 seconds
[2023-07-24 01:53:34,107] {processor.py:153} INFO - Started process (PID=833) to work on /home/airflow/.local/lib/python3.7/site-packages/airflow/example_dags/example_latest_only_with_trigger.py
[2023-07-24 01:53:34,108] {processor.py:641} INFO - Processing file /home/airflow/.local/lib/python3.7/site-packages/airflow/example_dags/example_latest_only_with_trigger.py for tasks to queue
[2023-07-24 01:53:34,109] {logging_mixin.py:115} INFO - [2023-07-24 01:53:34,108] {dagbag.py:508} INFO - Filling up the DagBag from /home/airflow/.local/lib/python3.7/site-packages/airflow/example_dags/example_latest_only_with_trigger.py
[2023-07-24 01:53:34,111] {processor.py:651} INFO - DAG(s) dict_keys(['latest_only_with_trigger']) retrieved from /home/airflow/.local/lib/python3.7/site-packages/airflow/example_dags/example_latest_only_with_trigger.py
[2023-07-24 01:53:34,124] {logging_mixin.py:115} INFO - [2023-07-24 01:53:34,124] {dag.py:2420} INFO - Sync 1 DAGs
[2023-07-24 01:53:34,136] {logging_mixin.py:115} INFO - [2023-07-24 01:53:34,136] {dag.py:2972} INFO - Setting next_dagrun for latest_only_with_trigger to 2023-07-23T21:53:34.136340+00:00, run_after=2023-07-24T01:53:34.136340+00:00
[2023-07-24 01:53:34,146] {processor.py:161} INFO - Processing /home/airflow/.local/lib/python3.7/site-packages/airflow/example_dags/example_latest_only_with_trigger.py took 0.040 seconds
[2023-07-24 01:54:04,937] {processor.py:153} INFO - Started process (PID=894) to work on /home/airflow/.local/lib/python3.7/site-packages/airflow/example_dags/example_latest_only_with_trigger.py
[2023-07-24 01:54:04,938] {processor.py:641} INFO - Processing file /home/airflow/.local/lib/python3.7/site-packages/airflow/example_dags/example_latest_only_with_trigger.py for tasks to queue
[2023-07-24 01:54:04,938] {logging_mixin.py:115} INFO - [2023-07-24 01:54:04,938] {dagbag.py:508} INFO - Filling up the DagBag from /home/airflow/.local/lib/python3.7/site-packages/airflow/example_dags/example_latest_only_with_trigger.py
[2023-07-24 01:54:04,941] {processor.py:651} INFO - DAG(s) dict_keys(['latest_only_with_trigger']) retrieved from /home/airflow/.local/lib/python3.7/site-packages/airflow/example_dags/example_latest_only_with_trigger.py
[2023-07-24 01:54:04,954] {logging_mixin.py:115} INFO - [2023-07-24 01:54:04,954] {dag.py:2420} INFO - Sync 1 DAGs
[2023-07-24 01:54:04,966] {logging_mixin.py:115} INFO - [2023-07-24 01:54:04,966] {dag.py:2972} INFO - Setting next_dagrun for latest_only_with_trigger to 2023-07-23T21:54:04.966006+00:00, run_after=2023-07-24T01:54:04.966006+00:00
[2023-07-24 01:54:05,043] {processor.py:161} INFO - Processing /home/airflow/.local/lib/python3.7/site-packages/airflow/example_dags/example_latest_only_with_trigger.py took 0.108 seconds
[2023-07-24 01:54:35,951] {processor.py:153} INFO - Started process (PID=955) to work on /home/airflow/.local/lib/python3.7/site-packages/airflow/example_dags/example_latest_only_with_trigger.py
[2023-07-24 01:54:35,952] {processor.py:641} INFO - Processing file /home/airflow/.local/lib/python3.7/site-packages/airflow/example_dags/example_latest_only_with_trigger.py for tasks to queue
[2023-07-24 01:54:35,952] {logging_mixin.py:115} INFO - [2023-07-24 01:54:35,952] {dagbag.py:508} INFO - Filling up the DagBag from /home/airflow/.local/lib/python3.7/site-packages/airflow/example_dags/example_latest_only_with_trigger.py
[2023-07-24 01:54:35,955] {processor.py:651} INFO - DAG(s) dict_keys(['latest_only_with_trigger']) retrieved from /home/airflow/.local/lib/python3.7/site-packages/airflow/example_dags/example_latest_only_with_trigger.py
[2023-07-24 01:54:35,968] {logging_mixin.py:115} INFO - [2023-07-24 01:54:35,968] {dag.py:2420} INFO - Sync 1 DAGs
[2023-07-24 01:54:35,980] {logging_mixin.py:115} INFO - [2023-07-24 01:54:35,980] {dag.py:2972} INFO - Setting next_dagrun for latest_only_with_trigger to 2023-07-23T21:54:35.980069+00:00, run_after=2023-07-24T01:54:35.980069+00:00
[2023-07-24 01:54:36,058] {processor.py:161} INFO - Processing /home/airflow/.local/lib/python3.7/site-packages/airflow/example_dags/example_latest_only_with_trigger.py took 0.108 seconds
[2023-07-24 01:55:07,038] {processor.py:153} INFO - Started process (PID=1007) to work on /home/airflow/.local/lib/python3.7/site-packages/airflow/example_dags/example_latest_only_with_trigger.py
[2023-07-24 01:55:07,039] {processor.py:641} INFO - Processing file /home/airflow/.local/lib/python3.7/site-packages/airflow/example_dags/example_latest_only_with_trigger.py for tasks to queue
[2023-07-24 01:55:07,039] {logging_mixin.py:115} INFO - [2023-07-24 01:55:07,039] {dagbag.py:508} INFO - Filling up the DagBag from /home/airflow/.local/lib/python3.7/site-packages/airflow/example_dags/example_latest_only_with_trigger.py
[2023-07-24 01:55:07,041] {processor.py:651} INFO - DAG(s) dict_keys(['latest_only_with_trigger']) retrieved from /home/airflow/.local/lib/python3.7/site-packages/airflow/example_dags/example_latest_only_with_trigger.py
[2023-07-24 01:55:07,054] {logging_mixin.py:115} INFO - [2023-07-24 01:55:07,054] {dag.py:2420} INFO - Sync 1 DAGs
[2023-07-24 01:55:07,066] {logging_mixin.py:115} INFO - [2023-07-24 01:55:07,066] {dag.py:2972} INFO - Setting next_dagrun for latest_only_with_trigger to 2023-07-23T21:55:07.065939+00:00, run_after=2023-07-24T01:55:07.065939+00:00
[2023-07-24 01:55:07,143] {processor.py:161} INFO - Processing /home/airflow/.local/lib/python3.7/site-packages/airflow/example_dags/example_latest_only_with_trigger.py took 0.106 seconds
[2023-07-24 01:55:38,270] {processor.py:153} INFO - Started process (PID=1068) to work on /home/airflow/.local/lib/python3.7/site-packages/airflow/example_dags/example_latest_only_with_trigger.py
[2023-07-24 01:55:38,270] {processor.py:641} INFO - Processing file /home/airflow/.local/lib/python3.7/site-packages/airflow/example_dags/example_latest_only_with_trigger.py for tasks to queue
[2023-07-24 01:55:38,271] {logging_mixin.py:115} INFO - [2023-07-24 01:55:38,271] {dagbag.py:508} INFO - Filling up the DagBag from /home/airflow/.local/lib/python3.7/site-packages/airflow/example_dags/example_latest_only_with_trigger.py
[2023-07-24 01:55:38,273] {processor.py:651} INFO - DAG(s) dict_keys(['latest_only_with_trigger']) retrieved from /home/airflow/.local/lib/python3.7/site-packages/airflow/example_dags/example_latest_only_with_trigger.py
[2023-07-24 01:55:38,286] {logging_mixin.py:115} INFO - [2023-07-24 01:55:38,286] {dag.py:2420} INFO - Sync 1 DAGs
[2023-07-24 01:55:38,299] {logging_mixin.py:115} INFO - [2023-07-24 01:55:38,299] {dag.py:2972} INFO - Setting next_dagrun for latest_only_with_trigger to 2023-07-23T21:55:38.298953+00:00, run_after=2023-07-24T01:55:38.298953+00:00
[2023-07-24 01:55:38,381] {processor.py:161} INFO - Processing /home/airflow/.local/lib/python3.7/site-packages/airflow/example_dags/example_latest_only_with_trigger.py took 0.112 seconds
