[2023-07-24 01:20:00,877] {processor.py:153} INFO - Started process (PID=65) to work on /home/airflow/.local/lib/python3.7/site-packages/airflow/example_dags/tutorial.py
[2023-07-24 01:20:00,877] {processor.py:641} INFO - Processing file /home/airflow/.local/lib/python3.7/site-packages/airflow/example_dags/tutorial.py for tasks to queue
[2023-07-24 01:20:00,877] {logging_mixin.py:115} INFO - [2023-07-24 01:20:00,877] {dagbag.py:508} INFO - Filling up the DagBag from /home/airflow/.local/lib/python3.7/site-packages/airflow/example_dags/tutorial.py
[2023-07-24 01:20:00,881] {processor.py:651} INFO - DAG(s) dict_keys(['tutorial']) retrieved from /home/airflow/.local/lib/python3.7/site-packages/airflow/example_dags/tutorial.py
[2023-07-24 01:20:01,017] {logging_mixin.py:115} INFO - [2023-07-24 01:20:01,016] {manager.py:508} INFO - Created Permission View: can edit on DAG:tutorial
[2023-07-24 01:20:01,023] {logging_mixin.py:115} INFO - [2023-07-24 01:20:01,023] {manager.py:508} INFO - Created Permission View: can read on DAG:tutorial
[2023-07-24 01:20:01,033] {logging_mixin.py:115} INFO - [2023-07-24 01:20:01,033] {manager.py:508} INFO - Created Permission View: can delete on DAG:tutorial
[2023-07-24 01:20:01,033] {logging_mixin.py:115} INFO - [2023-07-24 01:20:01,033] {dag.py:2420} INFO - Sync 1 DAGs
[2023-07-24 01:20:01,038] {logging_mixin.py:115} INFO - [2023-07-24 01:20:01,038] {dag.py:2439} INFO - Creating ORM DAG for tutorial
[2023-07-24 01:20:01,045] {logging_mixin.py:115} INFO - [2023-07-24 01:20:01,045] {dag.py:2972} INFO - Setting next_dagrun for tutorial to 2023-07-23T01:20:01.044882+00:00, run_after=2023-07-24T01:20:01.044882+00:00
[2023-07-24 01:20:01,057] {processor.py:161} INFO - Processing /home/airflow/.local/lib/python3.7/site-packages/airflow/example_dags/tutorial.py took 0.181 seconds
[2023-07-24 01:20:31,226] {processor.py:153} INFO - Started process (PID=125) to work on /home/airflow/.local/lib/python3.7/site-packages/airflow/example_dags/tutorial.py
[2023-07-24 01:20:31,226] {processor.py:641} INFO - Processing file /home/airflow/.local/lib/python3.7/site-packages/airflow/example_dags/tutorial.py for tasks to queue
[2023-07-24 01:20:31,226] {logging_mixin.py:115} INFO - [2023-07-24 01:20:31,226] {dagbag.py:508} INFO - Filling up the DagBag from /home/airflow/.local/lib/python3.7/site-packages/airflow/example_dags/tutorial.py
[2023-07-24 01:20:31,229] {processor.py:651} INFO - DAG(s) dict_keys(['tutorial']) retrieved from /home/airflow/.local/lib/python3.7/site-packages/airflow/example_dags/tutorial.py
[2023-07-24 01:20:31,242] {logging_mixin.py:115} INFO - [2023-07-24 01:20:31,242] {dag.py:2420} INFO - Sync 1 DAGs
[2023-07-24 01:20:31,252] {logging_mixin.py:115} INFO - [2023-07-24 01:20:31,252] {dag.py:2972} INFO - Setting next_dagrun for tutorial to 2023-07-23T01:20:31.252507+00:00, run_after=2023-07-24T01:20:31.252507+00:00
[2023-07-24 01:20:31,260] {processor.py:161} INFO - Processing /home/airflow/.local/lib/python3.7/site-packages/airflow/example_dags/tutorial.py took 0.036 seconds
[2023-07-24 01:21:01,454] {processor.py:153} INFO - Started process (PID=186) to work on /home/airflow/.local/lib/python3.7/site-packages/airflow/example_dags/tutorial.py
[2023-07-24 01:21:01,454] {processor.py:641} INFO - Processing file /home/airflow/.local/lib/python3.7/site-packages/airflow/example_dags/tutorial.py for tasks to queue
[2023-07-24 01:21:01,455] {logging_mixin.py:115} INFO - [2023-07-24 01:21:01,455] {dagbag.py:508} INFO - Filling up the DagBag from /home/airflow/.local/lib/python3.7/site-packages/airflow/example_dags/tutorial.py
[2023-07-24 01:21:01,457] {processor.py:651} INFO - DAG(s) dict_keys(['tutorial']) retrieved from /home/airflow/.local/lib/python3.7/site-packages/airflow/example_dags/tutorial.py
[2023-07-24 01:21:01,471] {logging_mixin.py:115} INFO - [2023-07-24 01:21:01,471] {dag.py:2420} INFO - Sync 1 DAGs
[2023-07-24 01:21:01,482] {logging_mixin.py:115} INFO - [2023-07-24 01:21:01,482] {dag.py:2972} INFO - Setting next_dagrun for tutorial to 2023-07-23T01:21:01.482194+00:00, run_after=2023-07-24T01:21:01.482194+00:00
[2023-07-24 01:21:01,491] {processor.py:161} INFO - Processing /home/airflow/.local/lib/python3.7/site-packages/airflow/example_dags/tutorial.py took 0.038 seconds
[2023-07-24 01:21:31,797] {processor.py:153} INFO - Started process (PID=246) to work on /home/airflow/.local/lib/python3.7/site-packages/airflow/example_dags/tutorial.py
[2023-07-24 01:21:31,797] {processor.py:641} INFO - Processing file /home/airflow/.local/lib/python3.7/site-packages/airflow/example_dags/tutorial.py for tasks to queue
[2023-07-24 01:21:31,798] {logging_mixin.py:115} INFO - [2023-07-24 01:21:31,798] {dagbag.py:508} INFO - Filling up the DagBag from /home/airflow/.local/lib/python3.7/site-packages/airflow/example_dags/tutorial.py
[2023-07-24 01:21:31,801] {processor.py:651} INFO - DAG(s) dict_keys(['tutorial']) retrieved from /home/airflow/.local/lib/python3.7/site-packages/airflow/example_dags/tutorial.py
[2023-07-24 01:21:31,814] {logging_mixin.py:115} INFO - [2023-07-24 01:21:31,814] {dag.py:2420} INFO - Sync 1 DAGs
[2023-07-24 01:21:31,826] {logging_mixin.py:115} INFO - [2023-07-24 01:21:31,826] {dag.py:2972} INFO - Setting next_dagrun for tutorial to 2023-07-23T01:21:31.826423+00:00, run_after=2023-07-24T01:21:31.826423+00:00
[2023-07-24 01:21:31,838] {processor.py:161} INFO - Processing /home/airflow/.local/lib/python3.7/site-packages/airflow/example_dags/tutorial.py took 0.043 seconds
[2023-07-24 01:22:01,989] {processor.py:153} INFO - Started process (PID=298) to work on /home/airflow/.local/lib/python3.7/site-packages/airflow/example_dags/tutorial.py
[2023-07-24 01:22:01,990] {processor.py:641} INFO - Processing file /home/airflow/.local/lib/python3.7/site-packages/airflow/example_dags/tutorial.py for tasks to queue
[2023-07-24 01:22:01,990] {logging_mixin.py:115} INFO - [2023-07-24 01:22:01,990] {dagbag.py:508} INFO - Filling up the DagBag from /home/airflow/.local/lib/python3.7/site-packages/airflow/example_dags/tutorial.py
[2023-07-24 01:22:01,992] {processor.py:651} INFO - DAG(s) dict_keys(['tutorial']) retrieved from /home/airflow/.local/lib/python3.7/site-packages/airflow/example_dags/tutorial.py
[2023-07-24 01:22:02,005] {logging_mixin.py:115} INFO - [2023-07-24 01:22:02,005] {dag.py:2420} INFO - Sync 1 DAGs
[2023-07-24 01:22:02,016] {logging_mixin.py:115} INFO - [2023-07-24 01:22:02,016] {dag.py:2972} INFO - Setting next_dagrun for tutorial to 2023-07-23T01:22:02.016203+00:00, run_after=2023-07-24T01:22:02.016203+00:00
[2023-07-24 01:22:02,025] {processor.py:161} INFO - Processing /home/airflow/.local/lib/python3.7/site-packages/airflow/example_dags/tutorial.py took 0.037 seconds
[2023-07-24 01:22:32,179] {processor.py:153} INFO - Started process (PID=359) to work on /home/airflow/.local/lib/python3.7/site-packages/airflow/example_dags/tutorial.py
[2023-07-24 01:22:32,179] {processor.py:641} INFO - Processing file /home/airflow/.local/lib/python3.7/site-packages/airflow/example_dags/tutorial.py for tasks to queue
[2023-07-24 01:22:32,179] {logging_mixin.py:115} INFO - [2023-07-24 01:22:32,179] {dagbag.py:508} INFO - Filling up the DagBag from /home/airflow/.local/lib/python3.7/site-packages/airflow/example_dags/tutorial.py
[2023-07-24 01:22:32,182] {processor.py:651} INFO - DAG(s) dict_keys(['tutorial']) retrieved from /home/airflow/.local/lib/python3.7/site-packages/airflow/example_dags/tutorial.py
[2023-07-24 01:22:32,195] {logging_mixin.py:115} INFO - [2023-07-24 01:22:32,195] {dag.py:2420} INFO - Sync 1 DAGs
[2023-07-24 01:22:32,206] {logging_mixin.py:115} INFO - [2023-07-24 01:22:32,206] {dag.py:2972} INFO - Setting next_dagrun for tutorial to 2023-07-23T01:22:32.206353+00:00, run_after=2023-07-24T01:22:32.206353+00:00
[2023-07-24 01:22:32,219] {processor.py:161} INFO - Processing /home/airflow/.local/lib/python3.7/site-packages/airflow/example_dags/tutorial.py took 0.041 seconds
[2023-07-24 01:23:02,419] {processor.py:153} INFO - Started process (PID=420) to work on /home/airflow/.local/lib/python3.7/site-packages/airflow/example_dags/tutorial.py
[2023-07-24 01:23:02,420] {processor.py:641} INFO - Processing file /home/airflow/.local/lib/python3.7/site-packages/airflow/example_dags/tutorial.py for tasks to queue
[2023-07-24 01:23:02,420] {logging_mixin.py:115} INFO - [2023-07-24 01:23:02,420] {dagbag.py:508} INFO - Filling up the DagBag from /home/airflow/.local/lib/python3.7/site-packages/airflow/example_dags/tutorial.py
[2023-07-24 01:23:02,423] {processor.py:651} INFO - DAG(s) dict_keys(['tutorial']) retrieved from /home/airflow/.local/lib/python3.7/site-packages/airflow/example_dags/tutorial.py
[2023-07-24 01:23:02,435] {logging_mixin.py:115} INFO - [2023-07-24 01:23:02,435] {dag.py:2420} INFO - Sync 1 DAGs
[2023-07-24 01:23:02,446] {logging_mixin.py:115} INFO - [2023-07-24 01:23:02,446] {dag.py:2972} INFO - Setting next_dagrun for tutorial to 2023-07-23T01:23:02.446255+00:00, run_after=2023-07-24T01:23:02.446255+00:00
[2023-07-24 01:23:02,455] {processor.py:161} INFO - Processing /home/airflow/.local/lib/python3.7/site-packages/airflow/example_dags/tutorial.py took 0.037 seconds
[2023-07-24 01:23:32,558] {processor.py:153} INFO - Started process (PID=481) to work on /home/airflow/.local/lib/python3.7/site-packages/airflow/example_dags/tutorial.py
[2023-07-24 01:23:32,558] {processor.py:641} INFO - Processing file /home/airflow/.local/lib/python3.7/site-packages/airflow/example_dags/tutorial.py for tasks to queue
[2023-07-24 01:23:32,558] {logging_mixin.py:115} INFO - [2023-07-24 01:23:32,558] {dagbag.py:508} INFO - Filling up the DagBag from /home/airflow/.local/lib/python3.7/site-packages/airflow/example_dags/tutorial.py
[2023-07-24 01:23:32,561] {processor.py:651} INFO - DAG(s) dict_keys(['tutorial']) retrieved from /home/airflow/.local/lib/python3.7/site-packages/airflow/example_dags/tutorial.py
[2023-07-24 01:23:32,573] {logging_mixin.py:115} INFO - [2023-07-24 01:23:32,573] {dag.py:2420} INFO - Sync 1 DAGs
[2023-07-24 01:23:32,583] {logging_mixin.py:115} INFO - [2023-07-24 01:23:32,583] {dag.py:2972} INFO - Setting next_dagrun for tutorial to 2023-07-23T01:23:32.583484+00:00, run_after=2023-07-24T01:23:32.583484+00:00
[2023-07-24 01:23:32,592] {processor.py:161} INFO - Processing /home/airflow/.local/lib/python3.7/site-packages/airflow/example_dags/tutorial.py took 0.035 seconds
[2023-07-24 01:24:02,780] {processor.py:153} INFO - Started process (PID=542) to work on /home/airflow/.local/lib/python3.7/site-packages/airflow/example_dags/tutorial.py
[2023-07-24 01:24:02,781] {processor.py:641} INFO - Processing file /home/airflow/.local/lib/python3.7/site-packages/airflow/example_dags/tutorial.py for tasks to queue
[2023-07-24 01:24:02,781] {logging_mixin.py:115} INFO - [2023-07-24 01:24:02,781] {dagbag.py:508} INFO - Filling up the DagBag from /home/airflow/.local/lib/python3.7/site-packages/airflow/example_dags/tutorial.py
[2023-07-24 01:24:02,783] {processor.py:651} INFO - DAG(s) dict_keys(['tutorial']) retrieved from /home/airflow/.local/lib/python3.7/site-packages/airflow/example_dags/tutorial.py
[2023-07-24 01:24:02,797] {logging_mixin.py:115} INFO - [2023-07-24 01:24:02,797] {dag.py:2420} INFO - Sync 1 DAGs
[2023-07-24 01:24:02,809] {logging_mixin.py:115} INFO - [2023-07-24 01:24:02,809] {dag.py:2972} INFO - Setting next_dagrun for tutorial to 2023-07-23T01:24:02.809220+00:00, run_after=2023-07-24T01:24:02.809220+00:00
[2023-07-24 01:24:02,818] {processor.py:161} INFO - Processing /home/airflow/.local/lib/python3.7/site-packages/airflow/example_dags/tutorial.py took 0.040 seconds
[2023-07-24 01:24:32,917] {processor.py:153} INFO - Started process (PID=603) to work on /home/airflow/.local/lib/python3.7/site-packages/airflow/example_dags/tutorial.py
[2023-07-24 01:24:32,917] {processor.py:641} INFO - Processing file /home/airflow/.local/lib/python3.7/site-packages/airflow/example_dags/tutorial.py for tasks to queue
[2023-07-24 01:24:32,918] {logging_mixin.py:115} INFO - [2023-07-24 01:24:32,918] {dagbag.py:508} INFO - Filling up the DagBag from /home/airflow/.local/lib/python3.7/site-packages/airflow/example_dags/tutorial.py
[2023-07-24 01:24:32,920] {processor.py:651} INFO - DAG(s) dict_keys(['tutorial']) retrieved from /home/airflow/.local/lib/python3.7/site-packages/airflow/example_dags/tutorial.py
[2023-07-24 01:24:32,934] {logging_mixin.py:115} INFO - [2023-07-24 01:24:32,934] {dag.py:2420} INFO - Sync 1 DAGs
[2023-07-24 01:24:32,948] {logging_mixin.py:115} INFO - [2023-07-24 01:24:32,948] {dag.py:2972} INFO - Setting next_dagrun for tutorial to 2023-07-23T01:24:32.948086+00:00, run_after=2023-07-24T01:24:32.948086+00:00
[2023-07-24 01:24:32,958] {processor.py:161} INFO - Processing /home/airflow/.local/lib/python3.7/site-packages/airflow/example_dags/tutorial.py took 0.043 seconds
[2023-07-24 01:25:03,257] {processor.py:153} INFO - Started process (PID=655) to work on /home/airflow/.local/lib/python3.7/site-packages/airflow/example_dags/tutorial.py
[2023-07-24 01:25:03,257] {processor.py:641} INFO - Processing file /home/airflow/.local/lib/python3.7/site-packages/airflow/example_dags/tutorial.py for tasks to queue
[2023-07-24 01:25:03,258] {logging_mixin.py:115} INFO - [2023-07-24 01:25:03,258] {dagbag.py:508} INFO - Filling up the DagBag from /home/airflow/.local/lib/python3.7/site-packages/airflow/example_dags/tutorial.py
[2023-07-24 01:25:03,260] {processor.py:651} INFO - DAG(s) dict_keys(['tutorial']) retrieved from /home/airflow/.local/lib/python3.7/site-packages/airflow/example_dags/tutorial.py
[2023-07-24 01:25:03,275] {logging_mixin.py:115} INFO - [2023-07-24 01:25:03,275] {dag.py:2420} INFO - Sync 1 DAGs
[2023-07-24 01:25:03,285] {logging_mixin.py:115} INFO - [2023-07-24 01:25:03,285] {dag.py:2972} INFO - Setting next_dagrun for tutorial to 2023-07-23T01:25:03.285714+00:00, run_after=2023-07-24T01:25:03.285714+00:00
[2023-07-24 01:25:03,298] {processor.py:161} INFO - Processing /home/airflow/.local/lib/python3.7/site-packages/airflow/example_dags/tutorial.py took 0.043 seconds
[2023-07-24 01:25:33,590] {processor.py:153} INFO - Started process (PID=717) to work on /home/airflow/.local/lib/python3.7/site-packages/airflow/example_dags/tutorial.py
[2023-07-24 01:25:33,590] {processor.py:641} INFO - Processing file /home/airflow/.local/lib/python3.7/site-packages/airflow/example_dags/tutorial.py for tasks to queue
[2023-07-24 01:25:33,590] {logging_mixin.py:115} INFO - [2023-07-24 01:25:33,590] {dagbag.py:508} INFO - Filling up the DagBag from /home/airflow/.local/lib/python3.7/site-packages/airflow/example_dags/tutorial.py
[2023-07-24 01:25:33,593] {processor.py:651} INFO - DAG(s) dict_keys(['tutorial']) retrieved from /home/airflow/.local/lib/python3.7/site-packages/airflow/example_dags/tutorial.py
[2023-07-24 01:25:33,606] {logging_mixin.py:115} INFO - [2023-07-24 01:25:33,606] {dag.py:2420} INFO - Sync 1 DAGs
[2023-07-24 01:25:33,616] {logging_mixin.py:115} INFO - [2023-07-24 01:25:33,616] {dag.py:2972} INFO - Setting next_dagrun for tutorial to 2023-07-23T01:25:33.616679+00:00, run_after=2023-07-24T01:25:33.616679+00:00
[2023-07-24 01:25:33,624] {processor.py:161} INFO - Processing /home/airflow/.local/lib/python3.7/site-packages/airflow/example_dags/tutorial.py took 0.036 seconds
[2023-07-24 01:26:03,957] {processor.py:153} INFO - Started process (PID=777) to work on /home/airflow/.local/lib/python3.7/site-packages/airflow/example_dags/tutorial.py
[2023-07-24 01:26:03,957] {processor.py:641} INFO - Processing file /home/airflow/.local/lib/python3.7/site-packages/airflow/example_dags/tutorial.py for tasks to queue
[2023-07-24 01:26:03,958] {logging_mixin.py:115} INFO - [2023-07-24 01:26:03,958] {dagbag.py:508} INFO - Filling up the DagBag from /home/airflow/.local/lib/python3.7/site-packages/airflow/example_dags/tutorial.py
[2023-07-24 01:26:03,960] {processor.py:651} INFO - DAG(s) dict_keys(['tutorial']) retrieved from /home/airflow/.local/lib/python3.7/site-packages/airflow/example_dags/tutorial.py
[2023-07-24 01:26:03,973] {logging_mixin.py:115} INFO - [2023-07-24 01:26:03,973] {dag.py:2420} INFO - Sync 1 DAGs
[2023-07-24 01:26:03,984] {logging_mixin.py:115} INFO - [2023-07-24 01:26:03,984] {dag.py:2972} INFO - Setting next_dagrun for tutorial to 2023-07-23T01:26:03.984256+00:00, run_after=2023-07-24T01:26:03.984256+00:00
[2023-07-24 01:26:03,993] {processor.py:161} INFO - Processing /home/airflow/.local/lib/python3.7/site-packages/airflow/example_dags/tutorial.py took 0.038 seconds
[2023-07-24 01:26:34,236] {processor.py:153} INFO - Started process (PID=838) to work on /home/airflow/.local/lib/python3.7/site-packages/airflow/example_dags/tutorial.py
[2023-07-24 01:26:34,236] {processor.py:641} INFO - Processing file /home/airflow/.local/lib/python3.7/site-packages/airflow/example_dags/tutorial.py for tasks to queue
[2023-07-24 01:26:34,237] {logging_mixin.py:115} INFO - [2023-07-24 01:26:34,237] {dagbag.py:508} INFO - Filling up the DagBag from /home/airflow/.local/lib/python3.7/site-packages/airflow/example_dags/tutorial.py
[2023-07-24 01:26:34,239] {processor.py:651} INFO - DAG(s) dict_keys(['tutorial']) retrieved from /home/airflow/.local/lib/python3.7/site-packages/airflow/example_dags/tutorial.py
[2023-07-24 01:26:34,252] {logging_mixin.py:115} INFO - [2023-07-24 01:26:34,252] {dag.py:2420} INFO - Sync 1 DAGs
[2023-07-24 01:26:34,262] {logging_mixin.py:115} INFO - [2023-07-24 01:26:34,262] {dag.py:2972} INFO - Setting next_dagrun for tutorial to 2023-07-23T01:26:34.262453+00:00, run_after=2023-07-24T01:26:34.262453+00:00
[2023-07-24 01:26:34,270] {processor.py:161} INFO - Processing /home/airflow/.local/lib/python3.7/site-packages/airflow/example_dags/tutorial.py took 0.036 seconds
[2023-07-24 01:27:04,567] {processor.py:153} INFO - Started process (PID=890) to work on /home/airflow/.local/lib/python3.7/site-packages/airflow/example_dags/tutorial.py
[2023-07-24 01:27:04,568] {processor.py:641} INFO - Processing file /home/airflow/.local/lib/python3.7/site-packages/airflow/example_dags/tutorial.py for tasks to queue
[2023-07-24 01:27:04,568] {logging_mixin.py:115} INFO - [2023-07-24 01:27:04,568] {dagbag.py:508} INFO - Filling up the DagBag from /home/airflow/.local/lib/python3.7/site-packages/airflow/example_dags/tutorial.py
[2023-07-24 01:27:04,570] {processor.py:651} INFO - DAG(s) dict_keys(['tutorial']) retrieved from /home/airflow/.local/lib/python3.7/site-packages/airflow/example_dags/tutorial.py
[2023-07-24 01:27:04,583] {logging_mixin.py:115} INFO - [2023-07-24 01:27:04,582] {dag.py:2420} INFO - Sync 1 DAGs
[2023-07-24 01:27:04,594] {logging_mixin.py:115} INFO - [2023-07-24 01:27:04,594] {dag.py:2972} INFO - Setting next_dagrun for tutorial to 2023-07-23T01:27:04.594120+00:00, run_after=2023-07-24T01:27:04.594120+00:00
[2023-07-24 01:27:04,604] {processor.py:161} INFO - Processing /home/airflow/.local/lib/python3.7/site-packages/airflow/example_dags/tutorial.py took 0.038 seconds
[2023-07-24 01:27:34,921] {processor.py:153} INFO - Started process (PID=951) to work on /home/airflow/.local/lib/python3.7/site-packages/airflow/example_dags/tutorial.py
[2023-07-24 01:27:34,921] {processor.py:641} INFO - Processing file /home/airflow/.local/lib/python3.7/site-packages/airflow/example_dags/tutorial.py for tasks to queue
[2023-07-24 01:27:34,922] {logging_mixin.py:115} INFO - [2023-07-24 01:27:34,922] {dagbag.py:508} INFO - Filling up the DagBag from /home/airflow/.local/lib/python3.7/site-packages/airflow/example_dags/tutorial.py
[2023-07-24 01:27:34,924] {processor.py:651} INFO - DAG(s) dict_keys(['tutorial']) retrieved from /home/airflow/.local/lib/python3.7/site-packages/airflow/example_dags/tutorial.py
[2023-07-24 01:27:34,938] {logging_mixin.py:115} INFO - [2023-07-24 01:27:34,937] {dag.py:2420} INFO - Sync 1 DAGs
[2023-07-24 01:27:34,948] {logging_mixin.py:115} INFO - [2023-07-24 01:27:34,948] {dag.py:2972} INFO - Setting next_dagrun for tutorial to 2023-07-23T01:27:34.948158+00:00, run_after=2023-07-24T01:27:34.948158+00:00
[2023-07-24 01:27:34,957] {processor.py:161} INFO - Processing /home/airflow/.local/lib/python3.7/site-packages/airflow/example_dags/tutorial.py took 0.037 seconds
[2023-07-24 01:28:05,411] {processor.py:153} INFO - Started process (PID=1012) to work on /home/airflow/.local/lib/python3.7/site-packages/airflow/example_dags/tutorial.py
[2023-07-24 01:28:05,411] {processor.py:641} INFO - Processing file /home/airflow/.local/lib/python3.7/site-packages/airflow/example_dags/tutorial.py for tasks to queue
[2023-07-24 01:28:05,411] {logging_mixin.py:115} INFO - [2023-07-24 01:28:05,411] {dagbag.py:508} INFO - Filling up the DagBag from /home/airflow/.local/lib/python3.7/site-packages/airflow/example_dags/tutorial.py
[2023-07-24 01:28:05,414] {processor.py:651} INFO - DAG(s) dict_keys(['tutorial']) retrieved from /home/airflow/.local/lib/python3.7/site-packages/airflow/example_dags/tutorial.py
[2023-07-24 01:28:05,428] {logging_mixin.py:115} INFO - [2023-07-24 01:28:05,428] {dag.py:2420} INFO - Sync 1 DAGs
[2023-07-24 01:28:05,441] {logging_mixin.py:115} INFO - [2023-07-24 01:28:05,440] {dag.py:2972} INFO - Setting next_dagrun for tutorial to 2023-07-23T01:28:05.440832+00:00, run_after=2023-07-24T01:28:05.440832+00:00
[2023-07-24 01:28:05,450] {processor.py:161} INFO - Processing /home/airflow/.local/lib/python3.7/site-packages/airflow/example_dags/tutorial.py took 0.041 seconds
[2023-07-24 01:28:35,736] {processor.py:153} INFO - Started process (PID=1073) to work on /home/airflow/.local/lib/python3.7/site-packages/airflow/example_dags/tutorial.py
[2023-07-24 01:28:35,736] {processor.py:641} INFO - Processing file /home/airflow/.local/lib/python3.7/site-packages/airflow/example_dags/tutorial.py for tasks to queue
[2023-07-24 01:28:35,736] {logging_mixin.py:115} INFO - [2023-07-24 01:28:35,736] {dagbag.py:508} INFO - Filling up the DagBag from /home/airflow/.local/lib/python3.7/site-packages/airflow/example_dags/tutorial.py
[2023-07-24 01:28:35,739] {processor.py:651} INFO - DAG(s) dict_keys(['tutorial']) retrieved from /home/airflow/.local/lib/python3.7/site-packages/airflow/example_dags/tutorial.py
[2023-07-24 01:28:35,752] {logging_mixin.py:115} INFO - [2023-07-24 01:28:35,752] {dag.py:2420} INFO - Sync 1 DAGs
[2023-07-24 01:28:35,763] {logging_mixin.py:115} INFO - [2023-07-24 01:28:35,763] {dag.py:2972} INFO - Setting next_dagrun for tutorial to 2023-07-23T01:28:35.763475+00:00, run_after=2023-07-24T01:28:35.763475+00:00
[2023-07-24 01:28:35,772] {processor.py:161} INFO - Processing /home/airflow/.local/lib/python3.7/site-packages/airflow/example_dags/tutorial.py took 0.038 seconds
[2023-07-24 01:29:06,290] {processor.py:153} INFO - Started process (PID=1125) to work on /home/airflow/.local/lib/python3.7/site-packages/airflow/example_dags/tutorial.py
[2023-07-24 01:29:06,291] {processor.py:641} INFO - Processing file /home/airflow/.local/lib/python3.7/site-packages/airflow/example_dags/tutorial.py for tasks to queue
[2023-07-24 01:29:06,291] {logging_mixin.py:115} INFO - [2023-07-24 01:29:06,291] {dagbag.py:508} INFO - Filling up the DagBag from /home/airflow/.local/lib/python3.7/site-packages/airflow/example_dags/tutorial.py
[2023-07-24 01:29:06,293] {processor.py:651} INFO - DAG(s) dict_keys(['tutorial']) retrieved from /home/airflow/.local/lib/python3.7/site-packages/airflow/example_dags/tutorial.py
[2023-07-24 01:29:06,309] {logging_mixin.py:115} INFO - [2023-07-24 01:29:06,309] {dag.py:2420} INFO - Sync 1 DAGs
[2023-07-24 01:29:06,322] {logging_mixin.py:115} INFO - [2023-07-24 01:29:06,322] {dag.py:2972} INFO - Setting next_dagrun for tutorial to 2023-07-23T01:29:06.322493+00:00, run_after=2023-07-24T01:29:06.322493+00:00
[2023-07-24 01:29:06,331] {processor.py:161} INFO - Processing /home/airflow/.local/lib/python3.7/site-packages/airflow/example_dags/tutorial.py took 0.043 seconds
[2023-07-24 01:29:36,989] {processor.py:153} INFO - Started process (PID=1186) to work on /home/airflow/.local/lib/python3.7/site-packages/airflow/example_dags/tutorial.py
[2023-07-24 01:29:36,989] {processor.py:641} INFO - Processing file /home/airflow/.local/lib/python3.7/site-packages/airflow/example_dags/tutorial.py for tasks to queue
[2023-07-24 01:29:36,989] {logging_mixin.py:115} INFO - [2023-07-24 01:29:36,989] {dagbag.py:508} INFO - Filling up the DagBag from /home/airflow/.local/lib/python3.7/site-packages/airflow/example_dags/tutorial.py
[2023-07-24 01:29:36,992] {processor.py:651} INFO - DAG(s) dict_keys(['tutorial']) retrieved from /home/airflow/.local/lib/python3.7/site-packages/airflow/example_dags/tutorial.py
[2023-07-24 01:29:37,005] {logging_mixin.py:115} INFO - [2023-07-24 01:29:37,005] {dag.py:2420} INFO - Sync 1 DAGs
[2023-07-24 01:29:37,016] {logging_mixin.py:115} INFO - [2023-07-24 01:29:37,015] {dag.py:2972} INFO - Setting next_dagrun for tutorial to 2023-07-23T01:29:37.015833+00:00, run_after=2023-07-24T01:29:37.015833+00:00
[2023-07-24 01:29:37,024] {processor.py:161} INFO - Processing /home/airflow/.local/lib/python3.7/site-packages/airflow/example_dags/tutorial.py took 0.037 seconds
[2023-07-24 01:30:07,359] {processor.py:153} INFO - Started process (PID=1247) to work on /home/airflow/.local/lib/python3.7/site-packages/airflow/example_dags/tutorial.py
[2023-07-24 01:30:07,360] {processor.py:641} INFO - Processing file /home/airflow/.local/lib/python3.7/site-packages/airflow/example_dags/tutorial.py for tasks to queue
[2023-07-24 01:30:07,360] {logging_mixin.py:115} INFO - [2023-07-24 01:30:07,360] {dagbag.py:508} INFO - Filling up the DagBag from /home/airflow/.local/lib/python3.7/site-packages/airflow/example_dags/tutorial.py
[2023-07-24 01:30:07,363] {processor.py:651} INFO - DAG(s) dict_keys(['tutorial']) retrieved from /home/airflow/.local/lib/python3.7/site-packages/airflow/example_dags/tutorial.py
[2023-07-24 01:30:07,376] {logging_mixin.py:115} INFO - [2023-07-24 01:30:07,376] {dag.py:2420} INFO - Sync 1 DAGs
[2023-07-24 01:30:07,387] {logging_mixin.py:115} INFO - [2023-07-24 01:30:07,387] {dag.py:2972} INFO - Setting next_dagrun for tutorial to 2023-07-23T01:30:07.387241+00:00, run_after=2023-07-24T01:30:07.387241+00:00
[2023-07-24 01:30:07,399] {processor.py:161} INFO - Processing /home/airflow/.local/lib/python3.7/site-packages/airflow/example_dags/tutorial.py took 0.041 seconds
[2023-07-24 01:30:37,823] {processor.py:153} INFO - Started process (PID=1308) to work on /home/airflow/.local/lib/python3.7/site-packages/airflow/example_dags/tutorial.py
[2023-07-24 01:30:37,824] {processor.py:641} INFO - Processing file /home/airflow/.local/lib/python3.7/site-packages/airflow/example_dags/tutorial.py for tasks to queue
[2023-07-24 01:30:37,824] {logging_mixin.py:115} INFO - [2023-07-24 01:30:37,824] {dagbag.py:508} INFO - Filling up the DagBag from /home/airflow/.local/lib/python3.7/site-packages/airflow/example_dags/tutorial.py
[2023-07-24 01:30:37,827] {processor.py:651} INFO - DAG(s) dict_keys(['tutorial']) retrieved from /home/airflow/.local/lib/python3.7/site-packages/airflow/example_dags/tutorial.py
[2023-07-24 01:30:37,840] {logging_mixin.py:115} INFO - [2023-07-24 01:30:37,839] {dag.py:2420} INFO - Sync 1 DAGs
[2023-07-24 01:30:37,850] {logging_mixin.py:115} INFO - [2023-07-24 01:30:37,850] {dag.py:2972} INFO - Setting next_dagrun for tutorial to 2023-07-23T01:30:37.850232+00:00, run_after=2023-07-24T01:30:37.850232+00:00
[2023-07-24 01:30:37,858] {processor.py:161} INFO - Processing /home/airflow/.local/lib/python3.7/site-packages/airflow/example_dags/tutorial.py took 0.036 seconds
[2023-07-24 01:31:08,215] {processor.py:153} INFO - Started process (PID=1368) to work on /home/airflow/.local/lib/python3.7/site-packages/airflow/example_dags/tutorial.py
[2023-07-24 01:31:08,216] {processor.py:641} INFO - Processing file /home/airflow/.local/lib/python3.7/site-packages/airflow/example_dags/tutorial.py for tasks to queue
[2023-07-24 01:31:08,216] {logging_mixin.py:115} INFO - [2023-07-24 01:31:08,216] {dagbag.py:508} INFO - Filling up the DagBag from /home/airflow/.local/lib/python3.7/site-packages/airflow/example_dags/tutorial.py
[2023-07-24 01:31:08,219] {processor.py:651} INFO - DAG(s) dict_keys(['tutorial']) retrieved from /home/airflow/.local/lib/python3.7/site-packages/airflow/example_dags/tutorial.py
[2023-07-24 01:31:08,280] {logging_mixin.py:115} INFO - [2023-07-24 01:31:08,280] {dag.py:2420} INFO - Sync 1 DAGs
[2023-07-24 01:31:08,291] {logging_mixin.py:115} INFO - [2023-07-24 01:31:08,291] {dag.py:2972} INFO - Setting next_dagrun for tutorial to 2023-07-23T01:31:08.291691+00:00, run_after=2023-07-24T01:31:08.291691+00:00
[2023-07-24 01:31:08,300] {processor.py:161} INFO - Processing /home/airflow/.local/lib/python3.7/site-packages/airflow/example_dags/tutorial.py took 0.086 seconds
[2023-07-24 01:31:38,636] {processor.py:153} INFO - Started process (PID=1419) to work on /home/airflow/.local/lib/python3.7/site-packages/airflow/example_dags/tutorial.py
[2023-07-24 01:31:38,636] {processor.py:641} INFO - Processing file /home/airflow/.local/lib/python3.7/site-packages/airflow/example_dags/tutorial.py for tasks to queue
[2023-07-24 01:31:38,636] {logging_mixin.py:115} INFO - [2023-07-24 01:31:38,636] {dagbag.py:508} INFO - Filling up the DagBag from /home/airflow/.local/lib/python3.7/site-packages/airflow/example_dags/tutorial.py
[2023-07-24 01:31:38,639] {processor.py:651} INFO - DAG(s) dict_keys(['tutorial']) retrieved from /home/airflow/.local/lib/python3.7/site-packages/airflow/example_dags/tutorial.py
[2023-07-24 01:31:38,652] {logging_mixin.py:115} INFO - [2023-07-24 01:31:38,652] {dag.py:2420} INFO - Sync 1 DAGs
[2023-07-24 01:31:38,663] {logging_mixin.py:115} INFO - [2023-07-24 01:31:38,663] {dag.py:2972} INFO - Setting next_dagrun for tutorial to 2023-07-23T01:31:38.663600+00:00, run_after=2023-07-24T01:31:38.663600+00:00
[2023-07-24 01:31:38,671] {processor.py:161} INFO - Processing /home/airflow/.local/lib/python3.7/site-packages/airflow/example_dags/tutorial.py took 0.037 seconds
[2023-07-24 01:32:08,919] {processor.py:153} INFO - Started process (PID=1480) to work on /home/airflow/.local/lib/python3.7/site-packages/airflow/example_dags/tutorial.py
[2023-07-24 01:32:08,919] {processor.py:641} INFO - Processing file /home/airflow/.local/lib/python3.7/site-packages/airflow/example_dags/tutorial.py for tasks to queue
[2023-07-24 01:32:08,919] {logging_mixin.py:115} INFO - [2023-07-24 01:32:08,919] {dagbag.py:508} INFO - Filling up the DagBag from /home/airflow/.local/lib/python3.7/site-packages/airflow/example_dags/tutorial.py
[2023-07-24 01:32:08,922] {processor.py:651} INFO - DAG(s) dict_keys(['tutorial']) retrieved from /home/airflow/.local/lib/python3.7/site-packages/airflow/example_dags/tutorial.py
[2023-07-24 01:32:08,935] {logging_mixin.py:115} INFO - [2023-07-24 01:32:08,935] {dag.py:2420} INFO - Sync 1 DAGs
[2023-07-24 01:32:08,947] {logging_mixin.py:115} INFO - [2023-07-24 01:32:08,946] {dag.py:2972} INFO - Setting next_dagrun for tutorial to 2023-07-23T01:32:08.946833+00:00, run_after=2023-07-24T01:32:08.946833+00:00
[2023-07-24 01:32:08,957] {processor.py:161} INFO - Processing /home/airflow/.local/lib/python3.7/site-packages/airflow/example_dags/tutorial.py took 0.040 seconds
[2023-07-24 01:32:39,308] {processor.py:153} INFO - Started process (PID=1540) to work on /home/airflow/.local/lib/python3.7/site-packages/airflow/example_dags/tutorial.py
[2023-07-24 01:32:39,309] {processor.py:641} INFO - Processing file /home/airflow/.local/lib/python3.7/site-packages/airflow/example_dags/tutorial.py for tasks to queue
[2023-07-24 01:32:39,309] {logging_mixin.py:115} INFO - [2023-07-24 01:32:39,309] {dagbag.py:508} INFO - Filling up the DagBag from /home/airflow/.local/lib/python3.7/site-packages/airflow/example_dags/tutorial.py
[2023-07-24 01:32:39,311] {processor.py:651} INFO - DAG(s) dict_keys(['tutorial']) retrieved from /home/airflow/.local/lib/python3.7/site-packages/airflow/example_dags/tutorial.py
[2023-07-24 01:32:39,327] {logging_mixin.py:115} INFO - [2023-07-24 01:32:39,327] {dag.py:2420} INFO - Sync 1 DAGs
[2023-07-24 01:32:39,337] {logging_mixin.py:115} INFO - [2023-07-24 01:32:39,337] {dag.py:2972} INFO - Setting next_dagrun for tutorial to 2023-07-23T01:32:39.337772+00:00, run_after=2023-07-24T01:32:39.337772+00:00
[2023-07-24 01:32:39,348] {processor.py:161} INFO - Processing /home/airflow/.local/lib/python3.7/site-packages/airflow/example_dags/tutorial.py took 0.041 seconds
[2023-07-24 01:33:09,728] {processor.py:153} INFO - Started process (PID=1601) to work on /home/airflow/.local/lib/python3.7/site-packages/airflow/example_dags/tutorial.py
[2023-07-24 01:33:09,728] {processor.py:641} INFO - Processing file /home/airflow/.local/lib/python3.7/site-packages/airflow/example_dags/tutorial.py for tasks to queue
[2023-07-24 01:33:09,728] {logging_mixin.py:115} INFO - [2023-07-24 01:33:09,728] {dagbag.py:508} INFO - Filling up the DagBag from /home/airflow/.local/lib/python3.7/site-packages/airflow/example_dags/tutorial.py
[2023-07-24 01:33:09,731] {processor.py:651} INFO - DAG(s) dict_keys(['tutorial']) retrieved from /home/airflow/.local/lib/python3.7/site-packages/airflow/example_dags/tutorial.py
[2023-07-24 01:33:09,745] {logging_mixin.py:115} INFO - [2023-07-24 01:33:09,745] {dag.py:2420} INFO - Sync 1 DAGs
[2023-07-24 01:33:09,757] {logging_mixin.py:115} INFO - [2023-07-24 01:33:09,757] {dag.py:2972} INFO - Setting next_dagrun for tutorial to 2023-07-23T01:33:09.757157+00:00, run_after=2023-07-24T01:33:09.757157+00:00
[2023-07-24 01:33:09,766] {processor.py:161} INFO - Processing /home/airflow/.local/lib/python3.7/site-packages/airflow/example_dags/tutorial.py took 0.039 seconds
[2023-07-24 01:33:40,072] {processor.py:153} INFO - Started process (PID=1652) to work on /home/airflow/.local/lib/python3.7/site-packages/airflow/example_dags/tutorial.py
[2023-07-24 01:33:40,072] {processor.py:641} INFO - Processing file /home/airflow/.local/lib/python3.7/site-packages/airflow/example_dags/tutorial.py for tasks to queue
[2023-07-24 01:33:40,073] {logging_mixin.py:115} INFO - [2023-07-24 01:33:40,073] {dagbag.py:508} INFO - Filling up the DagBag from /home/airflow/.local/lib/python3.7/site-packages/airflow/example_dags/tutorial.py
[2023-07-24 01:33:40,075] {processor.py:651} INFO - DAG(s) dict_keys(['tutorial']) retrieved from /home/airflow/.local/lib/python3.7/site-packages/airflow/example_dags/tutorial.py
[2023-07-24 01:33:40,088] {logging_mixin.py:115} INFO - [2023-07-24 01:33:40,088] {dag.py:2420} INFO - Sync 1 DAGs
[2023-07-24 01:33:40,099] {logging_mixin.py:115} INFO - [2023-07-24 01:33:40,099] {dag.py:2972} INFO - Setting next_dagrun for tutorial to 2023-07-23T01:33:40.099736+00:00, run_after=2023-07-24T01:33:40.099736+00:00
[2023-07-24 01:33:40,108] {processor.py:161} INFO - Processing /home/airflow/.local/lib/python3.7/site-packages/airflow/example_dags/tutorial.py took 0.037 seconds
[2023-07-24 01:34:10,474] {processor.py:153} INFO - Started process (PID=1712) to work on /home/airflow/.local/lib/python3.7/site-packages/airflow/example_dags/tutorial.py
[2023-07-24 01:34:10,475] {processor.py:641} INFO - Processing file /home/airflow/.local/lib/python3.7/site-packages/airflow/example_dags/tutorial.py for tasks to queue
[2023-07-24 01:34:10,475] {logging_mixin.py:115} INFO - [2023-07-24 01:34:10,475] {dagbag.py:508} INFO - Filling up the DagBag from /home/airflow/.local/lib/python3.7/site-packages/airflow/example_dags/tutorial.py
[2023-07-24 01:34:10,478] {processor.py:651} INFO - DAG(s) dict_keys(['tutorial']) retrieved from /home/airflow/.local/lib/python3.7/site-packages/airflow/example_dags/tutorial.py
[2023-07-24 01:34:10,491] {logging_mixin.py:115} INFO - [2023-07-24 01:34:10,491] {dag.py:2420} INFO - Sync 1 DAGs
[2023-07-24 01:34:10,502] {logging_mixin.py:115} INFO - [2023-07-24 01:34:10,502] {dag.py:2972} INFO - Setting next_dagrun for tutorial to 2023-07-23T01:34:10.502550+00:00, run_after=2023-07-24T01:34:10.502550+00:00
[2023-07-24 01:34:10,511] {processor.py:161} INFO - Processing /home/airflow/.local/lib/python3.7/site-packages/airflow/example_dags/tutorial.py took 0.038 seconds
[2023-07-24 01:34:40,855] {processor.py:153} INFO - Started process (PID=1772) to work on /home/airflow/.local/lib/python3.7/site-packages/airflow/example_dags/tutorial.py
[2023-07-24 01:34:40,855] {processor.py:641} INFO - Processing file /home/airflow/.local/lib/python3.7/site-packages/airflow/example_dags/tutorial.py for tasks to queue
[2023-07-24 01:34:40,855] {logging_mixin.py:115} INFO - [2023-07-24 01:34:40,855] {dagbag.py:508} INFO - Filling up the DagBag from /home/airflow/.local/lib/python3.7/site-packages/airflow/example_dags/tutorial.py
[2023-07-24 01:34:40,858] {processor.py:651} INFO - DAG(s) dict_keys(['tutorial']) retrieved from /home/airflow/.local/lib/python3.7/site-packages/airflow/example_dags/tutorial.py
[2023-07-24 01:34:40,871] {logging_mixin.py:115} INFO - [2023-07-24 01:34:40,871] {dag.py:2420} INFO - Sync 1 DAGs
[2023-07-24 01:34:40,881] {logging_mixin.py:115} INFO - [2023-07-24 01:34:40,881] {dag.py:2972} INFO - Setting next_dagrun for tutorial to 2023-07-23T01:34:40.881749+00:00, run_after=2023-07-24T01:34:40.881749+00:00
[2023-07-24 01:34:40,891] {processor.py:161} INFO - Processing /home/airflow/.local/lib/python3.7/site-packages/airflow/example_dags/tutorial.py took 0.038 seconds
