[2023-07-24 01:20:02,053] {processor.py:153} INFO - Started process (PID=75) to work on /home/airflow/.local/lib/python3.7/site-packages/airflow/example_dags/tutorial_etl_dag.py
[2023-07-24 01:20:02,053] {processor.py:641} INFO - Processing file /home/airflow/.local/lib/python3.7/site-packages/airflow/example_dags/tutorial_etl_dag.py for tasks to queue
[2023-07-24 01:20:02,053] {logging_mixin.py:115} INFO - [2023-07-24 01:20:02,053] {dagbag.py:508} INFO - Filling up the DagBag from /home/airflow/.local/lib/python3.7/site-packages/airflow/example_dags/tutorial_etl_dag.py
[2023-07-24 01:20:02,057] {processor.py:651} INFO - DAG(s) dict_keys(['tutorial_etl_dag']) retrieved from /home/airflow/.local/lib/python3.7/site-packages/airflow/example_dags/tutorial_etl_dag.py
[2023-07-24 01:20:02,183] {logging_mixin.py:115} INFO - [2023-07-24 01:20:02,183] {manager.py:508} INFO - Created Permission View: can edit on DAG:tutorial_etl_dag
[2023-07-24 01:20:02,192] {logging_mixin.py:115} INFO - [2023-07-24 01:20:02,192] {manager.py:508} INFO - Created Permission View: can read on DAG:tutorial_etl_dag
[2023-07-24 01:20:02,199] {logging_mixin.py:115} INFO - [2023-07-24 01:20:02,199] {manager.py:508} INFO - Created Permission View: can delete on DAG:tutorial_etl_dag
[2023-07-24 01:20:02,199] {logging_mixin.py:115} INFO - [2023-07-24 01:20:02,199] {dag.py:2420} INFO - Sync 1 DAGs
[2023-07-24 01:20:02,203] {logging_mixin.py:115} INFO - [2023-07-24 01:20:02,203] {dag.py:2439} INFO - Creating ORM DAG for tutorial_etl_dag
[2023-07-24 01:20:02,209] {logging_mixin.py:115} INFO - [2023-07-24 01:20:02,209] {dag.py:2972} INFO - Setting next_dagrun for tutorial_etl_dag to None, run_after=None
[2023-07-24 01:20:02,221] {processor.py:161} INFO - Processing /home/airflow/.local/lib/python3.7/site-packages/airflow/example_dags/tutorial_etl_dag.py took 0.170 seconds
[2023-07-24 01:20:32,644] {processor.py:153} INFO - Started process (PID=135) to work on /home/airflow/.local/lib/python3.7/site-packages/airflow/example_dags/tutorial_etl_dag.py
[2023-07-24 01:20:32,645] {processor.py:641} INFO - Processing file /home/airflow/.local/lib/python3.7/site-packages/airflow/example_dags/tutorial_etl_dag.py for tasks to queue
[2023-07-24 01:20:32,645] {logging_mixin.py:115} INFO - [2023-07-24 01:20:32,645] {dagbag.py:508} INFO - Filling up the DagBag from /home/airflow/.local/lib/python3.7/site-packages/airflow/example_dags/tutorial_etl_dag.py
[2023-07-24 01:20:32,649] {processor.py:651} INFO - DAG(s) dict_keys(['tutorial_etl_dag']) retrieved from /home/airflow/.local/lib/python3.7/site-packages/airflow/example_dags/tutorial_etl_dag.py
[2023-07-24 01:20:32,662] {logging_mixin.py:115} INFO - [2023-07-24 01:20:32,662] {dag.py:2420} INFO - Sync 1 DAGs
[2023-07-24 01:20:32,673] {logging_mixin.py:115} INFO - [2023-07-24 01:20:32,672] {dag.py:2972} INFO - Setting next_dagrun for tutorial_etl_dag to None, run_after=None
[2023-07-24 01:20:32,681] {processor.py:161} INFO - Processing /home/airflow/.local/lib/python3.7/site-packages/airflow/example_dags/tutorial_etl_dag.py took 0.039 seconds
[2023-07-24 01:21:02,917] {processor.py:153} INFO - Started process (PID=196) to work on /home/airflow/.local/lib/python3.7/site-packages/airflow/example_dags/tutorial_etl_dag.py
[2023-07-24 01:21:02,918] {processor.py:641} INFO - Processing file /home/airflow/.local/lib/python3.7/site-packages/airflow/example_dags/tutorial_etl_dag.py for tasks to queue
[2023-07-24 01:21:02,918] {logging_mixin.py:115} INFO - [2023-07-24 01:21:02,918] {dagbag.py:508} INFO - Filling up the DagBag from /home/airflow/.local/lib/python3.7/site-packages/airflow/example_dags/tutorial_etl_dag.py
[2023-07-24 01:21:02,921] {processor.py:651} INFO - DAG(s) dict_keys(['tutorial_etl_dag']) retrieved from /home/airflow/.local/lib/python3.7/site-packages/airflow/example_dags/tutorial_etl_dag.py
[2023-07-24 01:21:02,934] {logging_mixin.py:115} INFO - [2023-07-24 01:21:02,934] {dag.py:2420} INFO - Sync 1 DAGs
[2023-07-24 01:21:02,944] {logging_mixin.py:115} INFO - [2023-07-24 01:21:02,944] {dag.py:2972} INFO - Setting next_dagrun for tutorial_etl_dag to None, run_after=None
[2023-07-24 01:21:02,952] {processor.py:161} INFO - Processing /home/airflow/.local/lib/python3.7/site-packages/airflow/example_dags/tutorial_etl_dag.py took 0.036 seconds
[2023-07-24 01:21:33,118] {processor.py:153} INFO - Started process (PID=255) to work on /home/airflow/.local/lib/python3.7/site-packages/airflow/example_dags/tutorial_etl_dag.py
[2023-07-24 01:21:33,119] {processor.py:641} INFO - Processing file /home/airflow/.local/lib/python3.7/site-packages/airflow/example_dags/tutorial_etl_dag.py for tasks to queue
[2023-07-24 01:21:33,119] {logging_mixin.py:115} INFO - [2023-07-24 01:21:33,119] {dagbag.py:508} INFO - Filling up the DagBag from /home/airflow/.local/lib/python3.7/site-packages/airflow/example_dags/tutorial_etl_dag.py
[2023-07-24 01:21:33,122] {processor.py:651} INFO - DAG(s) dict_keys(['tutorial_etl_dag']) retrieved from /home/airflow/.local/lib/python3.7/site-packages/airflow/example_dags/tutorial_etl_dag.py
[2023-07-24 01:21:33,134] {logging_mixin.py:115} INFO - [2023-07-24 01:21:33,134] {dag.py:2420} INFO - Sync 1 DAGs
[2023-07-24 01:21:33,145] {logging_mixin.py:115} INFO - [2023-07-24 01:21:33,145] {dag.py:2972} INFO - Setting next_dagrun for tutorial_etl_dag to None, run_after=None
[2023-07-24 01:21:33,153] {processor.py:161} INFO - Processing /home/airflow/.local/lib/python3.7/site-packages/airflow/example_dags/tutorial_etl_dag.py took 0.037 seconds
[2023-07-24 01:22:03,304] {processor.py:153} INFO - Started process (PID=316) to work on /home/airflow/.local/lib/python3.7/site-packages/airflow/example_dags/tutorial_etl_dag.py
[2023-07-24 01:22:03,305] {processor.py:641} INFO - Processing file /home/airflow/.local/lib/python3.7/site-packages/airflow/example_dags/tutorial_etl_dag.py for tasks to queue
[2023-07-24 01:22:03,305] {logging_mixin.py:115} INFO - [2023-07-24 01:22:03,305] {dagbag.py:508} INFO - Filling up the DagBag from /home/airflow/.local/lib/python3.7/site-packages/airflow/example_dags/tutorial_etl_dag.py
[2023-07-24 01:22:03,308] {processor.py:651} INFO - DAG(s) dict_keys(['tutorial_etl_dag']) retrieved from /home/airflow/.local/lib/python3.7/site-packages/airflow/example_dags/tutorial_etl_dag.py
[2023-07-24 01:22:03,321] {logging_mixin.py:115} INFO - [2023-07-24 01:22:03,321] {dag.py:2420} INFO - Sync 1 DAGs
[2023-07-24 01:22:03,331] {logging_mixin.py:115} INFO - [2023-07-24 01:22:03,331] {dag.py:2972} INFO - Setting next_dagrun for tutorial_etl_dag to None, run_after=None
[2023-07-24 01:22:03,341] {processor.py:161} INFO - Processing /home/airflow/.local/lib/python3.7/site-packages/airflow/example_dags/tutorial_etl_dag.py took 0.039 seconds
[2023-07-24 01:22:33,489] {processor.py:153} INFO - Started process (PID=368) to work on /home/airflow/.local/lib/python3.7/site-packages/airflow/example_dags/tutorial_etl_dag.py
[2023-07-24 01:22:33,489] {processor.py:641} INFO - Processing file /home/airflow/.local/lib/python3.7/site-packages/airflow/example_dags/tutorial_etl_dag.py for tasks to queue
[2023-07-24 01:22:33,489] {logging_mixin.py:115} INFO - [2023-07-24 01:22:33,489] {dagbag.py:508} INFO - Filling up the DagBag from /home/airflow/.local/lib/python3.7/site-packages/airflow/example_dags/tutorial_etl_dag.py
[2023-07-24 01:22:33,492] {processor.py:651} INFO - DAG(s) dict_keys(['tutorial_etl_dag']) retrieved from /home/airflow/.local/lib/python3.7/site-packages/airflow/example_dags/tutorial_etl_dag.py
[2023-07-24 01:22:33,506] {logging_mixin.py:115} INFO - [2023-07-24 01:22:33,506] {dag.py:2420} INFO - Sync 1 DAGs
[2023-07-24 01:22:33,516] {logging_mixin.py:115} INFO - [2023-07-24 01:22:33,516] {dag.py:2972} INFO - Setting next_dagrun for tutorial_etl_dag to None, run_after=None
[2023-07-24 01:22:33,525] {processor.py:161} INFO - Processing /home/airflow/.local/lib/python3.7/site-packages/airflow/example_dags/tutorial_etl_dag.py took 0.038 seconds
[2023-07-24 01:23:03,825] {processor.py:153} INFO - Started process (PID=430) to work on /home/airflow/.local/lib/python3.7/site-packages/airflow/example_dags/tutorial_etl_dag.py
[2023-07-24 01:23:03,825] {processor.py:641} INFO - Processing file /home/airflow/.local/lib/python3.7/site-packages/airflow/example_dags/tutorial_etl_dag.py for tasks to queue
[2023-07-24 01:23:03,825] {logging_mixin.py:115} INFO - [2023-07-24 01:23:03,825] {dagbag.py:508} INFO - Filling up the DagBag from /home/airflow/.local/lib/python3.7/site-packages/airflow/example_dags/tutorial_etl_dag.py
[2023-07-24 01:23:03,828] {processor.py:651} INFO - DAG(s) dict_keys(['tutorial_etl_dag']) retrieved from /home/airflow/.local/lib/python3.7/site-packages/airflow/example_dags/tutorial_etl_dag.py
[2023-07-24 01:23:03,842] {logging_mixin.py:115} INFO - [2023-07-24 01:23:03,842] {dag.py:2420} INFO - Sync 1 DAGs
[2023-07-24 01:23:03,852] {logging_mixin.py:115} INFO - [2023-07-24 01:23:03,852] {dag.py:2972} INFO - Setting next_dagrun for tutorial_etl_dag to None, run_after=None
[2023-07-24 01:23:03,859] {processor.py:161} INFO - Processing /home/airflow/.local/lib/python3.7/site-packages/airflow/example_dags/tutorial_etl_dag.py took 0.036 seconds
[2023-07-24 01:23:33,989] {processor.py:153} INFO - Started process (PID=491) to work on /home/airflow/.local/lib/python3.7/site-packages/airflow/example_dags/tutorial_etl_dag.py
[2023-07-24 01:23:33,990] {processor.py:641} INFO - Processing file /home/airflow/.local/lib/python3.7/site-packages/airflow/example_dags/tutorial_etl_dag.py for tasks to queue
[2023-07-24 01:23:33,990] {logging_mixin.py:115} INFO - [2023-07-24 01:23:33,990] {dagbag.py:508} INFO - Filling up the DagBag from /home/airflow/.local/lib/python3.7/site-packages/airflow/example_dags/tutorial_etl_dag.py
[2023-07-24 01:23:33,993] {processor.py:651} INFO - DAG(s) dict_keys(['tutorial_etl_dag']) retrieved from /home/airflow/.local/lib/python3.7/site-packages/airflow/example_dags/tutorial_etl_dag.py
[2023-07-24 01:23:34,005] {logging_mixin.py:115} INFO - [2023-07-24 01:23:34,005] {dag.py:2420} INFO - Sync 1 DAGs
[2023-07-24 01:23:34,015] {logging_mixin.py:115} INFO - [2023-07-24 01:23:34,015] {dag.py:2972} INFO - Setting next_dagrun for tutorial_etl_dag to None, run_after=None
[2023-07-24 01:23:34,024] {processor.py:161} INFO - Processing /home/airflow/.local/lib/python3.7/site-packages/airflow/example_dags/tutorial_etl_dag.py took 0.036 seconds
[2023-07-24 01:24:04,157] {processor.py:153} INFO - Started process (PID=552) to work on /home/airflow/.local/lib/python3.7/site-packages/airflow/example_dags/tutorial_etl_dag.py
[2023-07-24 01:24:04,157] {processor.py:641} INFO - Processing file /home/airflow/.local/lib/python3.7/site-packages/airflow/example_dags/tutorial_etl_dag.py for tasks to queue
[2023-07-24 01:24:04,157] {logging_mixin.py:115} INFO - [2023-07-24 01:24:04,157] {dagbag.py:508} INFO - Filling up the DagBag from /home/airflow/.local/lib/python3.7/site-packages/airflow/example_dags/tutorial_etl_dag.py
[2023-07-24 01:24:04,160] {processor.py:651} INFO - DAG(s) dict_keys(['tutorial_etl_dag']) retrieved from /home/airflow/.local/lib/python3.7/site-packages/airflow/example_dags/tutorial_etl_dag.py
[2023-07-24 01:24:04,173] {logging_mixin.py:115} INFO - [2023-07-24 01:24:04,173] {dag.py:2420} INFO - Sync 1 DAGs
[2023-07-24 01:24:04,184] {logging_mixin.py:115} INFO - [2023-07-24 01:24:04,183] {dag.py:2972} INFO - Setting next_dagrun for tutorial_etl_dag to None, run_after=None
[2023-07-24 01:24:04,192] {processor.py:161} INFO - Processing /home/airflow/.local/lib/python3.7/site-packages/airflow/example_dags/tutorial_etl_dag.py took 0.037 seconds
[2023-07-24 01:24:34,332] {processor.py:153} INFO - Started process (PID=613) to work on /home/airflow/.local/lib/python3.7/site-packages/airflow/example_dags/tutorial_etl_dag.py
[2023-07-24 01:24:34,333] {processor.py:641} INFO - Processing file /home/airflow/.local/lib/python3.7/site-packages/airflow/example_dags/tutorial_etl_dag.py for tasks to queue
[2023-07-24 01:24:34,333] {logging_mixin.py:115} INFO - [2023-07-24 01:24:34,333] {dagbag.py:508} INFO - Filling up the DagBag from /home/airflow/.local/lib/python3.7/site-packages/airflow/example_dags/tutorial_etl_dag.py
[2023-07-24 01:24:34,336] {processor.py:651} INFO - DAG(s) dict_keys(['tutorial_etl_dag']) retrieved from /home/airflow/.local/lib/python3.7/site-packages/airflow/example_dags/tutorial_etl_dag.py
[2023-07-24 01:24:34,349] {logging_mixin.py:115} INFO - [2023-07-24 01:24:34,349] {dag.py:2420} INFO - Sync 1 DAGs
[2023-07-24 01:24:34,359] {logging_mixin.py:115} INFO - [2023-07-24 01:24:34,359] {dag.py:2972} INFO - Setting next_dagrun for tutorial_etl_dag to None, run_after=None
[2023-07-24 01:24:34,368] {processor.py:161} INFO - Processing /home/airflow/.local/lib/python3.7/site-packages/airflow/example_dags/tutorial_etl_dag.py took 0.037 seconds
[2023-07-24 01:25:04,646] {processor.py:153} INFO - Started process (PID=675) to work on /home/airflow/.local/lib/python3.7/site-packages/airflow/example_dags/tutorial_etl_dag.py
[2023-07-24 01:25:04,647] {processor.py:641} INFO - Processing file /home/airflow/.local/lib/python3.7/site-packages/airflow/example_dags/tutorial_etl_dag.py for tasks to queue
[2023-07-24 01:25:04,647] {logging_mixin.py:115} INFO - [2023-07-24 01:25:04,647] {dagbag.py:508} INFO - Filling up the DagBag from /home/airflow/.local/lib/python3.7/site-packages/airflow/example_dags/tutorial_etl_dag.py
[2023-07-24 01:25:04,650] {processor.py:651} INFO - DAG(s) dict_keys(['tutorial_etl_dag']) retrieved from /home/airflow/.local/lib/python3.7/site-packages/airflow/example_dags/tutorial_etl_dag.py
[2023-07-24 01:25:04,663] {logging_mixin.py:115} INFO - [2023-07-24 01:25:04,663] {dag.py:2420} INFO - Sync 1 DAGs
[2023-07-24 01:25:04,674] {logging_mixin.py:115} INFO - [2023-07-24 01:25:04,674] {dag.py:2972} INFO - Setting next_dagrun for tutorial_etl_dag to None, run_after=None
[2023-07-24 01:25:04,684] {processor.py:161} INFO - Processing /home/airflow/.local/lib/python3.7/site-packages/airflow/example_dags/tutorial_etl_dag.py took 0.039 seconds
[2023-07-24 01:25:34,973] {processor.py:153} INFO - Started process (PID=727) to work on /home/airflow/.local/lib/python3.7/site-packages/airflow/example_dags/tutorial_etl_dag.py
[2023-07-24 01:25:34,974] {processor.py:641} INFO - Processing file /home/airflow/.local/lib/python3.7/site-packages/airflow/example_dags/tutorial_etl_dag.py for tasks to queue
[2023-07-24 01:25:34,974] {logging_mixin.py:115} INFO - [2023-07-24 01:25:34,974] {dagbag.py:508} INFO - Filling up the DagBag from /home/airflow/.local/lib/python3.7/site-packages/airflow/example_dags/tutorial_etl_dag.py
[2023-07-24 01:25:34,978] {processor.py:651} INFO - DAG(s) dict_keys(['tutorial_etl_dag']) retrieved from /home/airflow/.local/lib/python3.7/site-packages/airflow/example_dags/tutorial_etl_dag.py
[2023-07-24 01:25:34,991] {logging_mixin.py:115} INFO - [2023-07-24 01:25:34,991] {dag.py:2420} INFO - Sync 1 DAGs
[2023-07-24 01:25:35,003] {logging_mixin.py:115} INFO - [2023-07-24 01:25:35,003] {dag.py:2972} INFO - Setting next_dagrun for tutorial_etl_dag to None, run_after=None
[2023-07-24 01:25:35,013] {processor.py:161} INFO - Processing /home/airflow/.local/lib/python3.7/site-packages/airflow/example_dags/tutorial_etl_dag.py took 0.041 seconds
[2023-07-24 01:26:05,342] {processor.py:153} INFO - Started process (PID=787) to work on /home/airflow/.local/lib/python3.7/site-packages/airflow/example_dags/tutorial_etl_dag.py
[2023-07-24 01:26:05,342] {processor.py:641} INFO - Processing file /home/airflow/.local/lib/python3.7/site-packages/airflow/example_dags/tutorial_etl_dag.py for tasks to queue
[2023-07-24 01:26:05,342] {logging_mixin.py:115} INFO - [2023-07-24 01:26:05,342] {dagbag.py:508} INFO - Filling up the DagBag from /home/airflow/.local/lib/python3.7/site-packages/airflow/example_dags/tutorial_etl_dag.py
[2023-07-24 01:26:05,345] {processor.py:651} INFO - DAG(s) dict_keys(['tutorial_etl_dag']) retrieved from /home/airflow/.local/lib/python3.7/site-packages/airflow/example_dags/tutorial_etl_dag.py
[2023-07-24 01:26:05,358] {logging_mixin.py:115} INFO - [2023-07-24 01:26:05,358] {dag.py:2420} INFO - Sync 1 DAGs
[2023-07-24 01:26:05,369] {logging_mixin.py:115} INFO - [2023-07-24 01:26:05,369] {dag.py:2972} INFO - Setting next_dagrun for tutorial_etl_dag to None, run_after=None
[2023-07-24 01:26:05,378] {processor.py:161} INFO - Processing /home/airflow/.local/lib/python3.7/site-packages/airflow/example_dags/tutorial_etl_dag.py took 0.038 seconds
[2023-07-24 01:26:35,624] {processor.py:153} INFO - Started process (PID=848) to work on /home/airflow/.local/lib/python3.7/site-packages/airflow/example_dags/tutorial_etl_dag.py
[2023-07-24 01:26:35,627] {processor.py:641} INFO - Processing file /home/airflow/.local/lib/python3.7/site-packages/airflow/example_dags/tutorial_etl_dag.py for tasks to queue
[2023-07-24 01:26:35,628] {logging_mixin.py:115} INFO - [2023-07-24 01:26:35,627] {dagbag.py:508} INFO - Filling up the DagBag from /home/airflow/.local/lib/python3.7/site-packages/airflow/example_dags/tutorial_etl_dag.py
[2023-07-24 01:26:35,631] {processor.py:651} INFO - DAG(s) dict_keys(['tutorial_etl_dag']) retrieved from /home/airflow/.local/lib/python3.7/site-packages/airflow/example_dags/tutorial_etl_dag.py
[2023-07-24 01:26:35,644] {logging_mixin.py:115} INFO - [2023-07-24 01:26:35,644] {dag.py:2420} INFO - Sync 1 DAGs
[2023-07-24 01:26:35,654] {logging_mixin.py:115} INFO - [2023-07-24 01:26:35,654] {dag.py:2972} INFO - Setting next_dagrun for tutorial_etl_dag to None, run_after=None
[2023-07-24 01:26:35,664] {processor.py:161} INFO - Processing /home/airflow/.local/lib/python3.7/site-packages/airflow/example_dags/tutorial_etl_dag.py took 0.041 seconds
[2023-07-24 01:27:05,998] {processor.py:153} INFO - Started process (PID=909) to work on /home/airflow/.local/lib/python3.7/site-packages/airflow/example_dags/tutorial_etl_dag.py
[2023-07-24 01:27:05,999] {processor.py:641} INFO - Processing file /home/airflow/.local/lib/python3.7/site-packages/airflow/example_dags/tutorial_etl_dag.py for tasks to queue
[2023-07-24 01:27:05,999] {logging_mixin.py:115} INFO - [2023-07-24 01:27:05,999] {dagbag.py:508} INFO - Filling up the DagBag from /home/airflow/.local/lib/python3.7/site-packages/airflow/example_dags/tutorial_etl_dag.py
[2023-07-24 01:27:06,002] {processor.py:651} INFO - DAG(s) dict_keys(['tutorial_etl_dag']) retrieved from /home/airflow/.local/lib/python3.7/site-packages/airflow/example_dags/tutorial_etl_dag.py
[2023-07-24 01:27:06,017] {logging_mixin.py:115} INFO - [2023-07-24 01:27:06,016] {dag.py:2420} INFO - Sync 1 DAGs
[2023-07-24 01:27:06,028] {logging_mixin.py:115} INFO - [2023-07-24 01:27:06,028] {dag.py:2972} INFO - Setting next_dagrun for tutorial_etl_dag to None, run_after=None
[2023-07-24 01:27:06,037] {processor.py:161} INFO - Processing /home/airflow/.local/lib/python3.7/site-packages/airflow/example_dags/tutorial_etl_dag.py took 0.040 seconds
[2023-07-24 01:27:36,290] {processor.py:153} INFO - Started process (PID=961) to work on /home/airflow/.local/lib/python3.7/site-packages/airflow/example_dags/tutorial_etl_dag.py
[2023-07-24 01:27:36,291] {processor.py:641} INFO - Processing file /home/airflow/.local/lib/python3.7/site-packages/airflow/example_dags/tutorial_etl_dag.py for tasks to queue
[2023-07-24 01:27:36,291] {logging_mixin.py:115} INFO - [2023-07-24 01:27:36,291] {dagbag.py:508} INFO - Filling up the DagBag from /home/airflow/.local/lib/python3.7/site-packages/airflow/example_dags/tutorial_etl_dag.py
[2023-07-24 01:27:36,294] {processor.py:651} INFO - DAG(s) dict_keys(['tutorial_etl_dag']) retrieved from /home/airflow/.local/lib/python3.7/site-packages/airflow/example_dags/tutorial_etl_dag.py
[2023-07-24 01:27:36,307] {logging_mixin.py:115} INFO - [2023-07-24 01:27:36,307] {dag.py:2420} INFO - Sync 1 DAGs
[2023-07-24 01:27:36,318] {logging_mixin.py:115} INFO - [2023-07-24 01:27:36,318] {dag.py:2972} INFO - Setting next_dagrun for tutorial_etl_dag to None, run_after=None
[2023-07-24 01:27:36,327] {processor.py:161} INFO - Processing /home/airflow/.local/lib/python3.7/site-packages/airflow/example_dags/tutorial_etl_dag.py took 0.038 seconds
[2023-07-24 01:28:06,797] {processor.py:153} INFO - Started process (PID=1022) to work on /home/airflow/.local/lib/python3.7/site-packages/airflow/example_dags/tutorial_etl_dag.py
[2023-07-24 01:28:06,797] {processor.py:641} INFO - Processing file /home/airflow/.local/lib/python3.7/site-packages/airflow/example_dags/tutorial_etl_dag.py for tasks to queue
[2023-07-24 01:28:06,797] {logging_mixin.py:115} INFO - [2023-07-24 01:28:06,797] {dagbag.py:508} INFO - Filling up the DagBag from /home/airflow/.local/lib/python3.7/site-packages/airflow/example_dags/tutorial_etl_dag.py
[2023-07-24 01:28:06,802] {processor.py:651} INFO - DAG(s) dict_keys(['tutorial_etl_dag']) retrieved from /home/airflow/.local/lib/python3.7/site-packages/airflow/example_dags/tutorial_etl_dag.py
[2023-07-24 01:28:06,814] {logging_mixin.py:115} INFO - [2023-07-24 01:28:06,814] {dag.py:2420} INFO - Sync 1 DAGs
[2023-07-24 01:28:06,825] {logging_mixin.py:115} INFO - [2023-07-24 01:28:06,825] {dag.py:2972} INFO - Setting next_dagrun for tutorial_etl_dag to None, run_after=None
[2023-07-24 01:28:06,835] {processor.py:161} INFO - Processing /home/airflow/.local/lib/python3.7/site-packages/airflow/example_dags/tutorial_etl_dag.py took 0.040 seconds
[2023-07-24 01:28:37,229] {processor.py:153} INFO - Started process (PID=1083) to work on /home/airflow/.local/lib/python3.7/site-packages/airflow/example_dags/tutorial_etl_dag.py
[2023-07-24 01:28:37,229] {processor.py:641} INFO - Processing file /home/airflow/.local/lib/python3.7/site-packages/airflow/example_dags/tutorial_etl_dag.py for tasks to queue
[2023-07-24 01:28:37,229] {logging_mixin.py:115} INFO - [2023-07-24 01:28:37,229] {dagbag.py:508} INFO - Filling up the DagBag from /home/airflow/.local/lib/python3.7/site-packages/airflow/example_dags/tutorial_etl_dag.py
[2023-07-24 01:28:37,232] {processor.py:651} INFO - DAG(s) dict_keys(['tutorial_etl_dag']) retrieved from /home/airflow/.local/lib/python3.7/site-packages/airflow/example_dags/tutorial_etl_dag.py
[2023-07-24 01:28:37,245] {logging_mixin.py:115} INFO - [2023-07-24 01:28:37,245] {dag.py:2420} INFO - Sync 1 DAGs
[2023-07-24 01:28:37,256] {logging_mixin.py:115} INFO - [2023-07-24 01:28:37,256] {dag.py:2972} INFO - Setting next_dagrun for tutorial_etl_dag to None, run_after=None
[2023-07-24 01:28:37,265] {processor.py:161} INFO - Processing /home/airflow/.local/lib/python3.7/site-packages/airflow/example_dags/tutorial_etl_dag.py took 0.037 seconds
[2023-07-24 01:29:07,759] {processor.py:153} INFO - Started process (PID=1143) to work on /home/airflow/.local/lib/python3.7/site-packages/airflow/example_dags/tutorial_etl_dag.py
[2023-07-24 01:29:07,759] {processor.py:641} INFO - Processing file /home/airflow/.local/lib/python3.7/site-packages/airflow/example_dags/tutorial_etl_dag.py for tasks to queue
[2023-07-24 01:29:07,759] {logging_mixin.py:115} INFO - [2023-07-24 01:29:07,759] {dagbag.py:508} INFO - Filling up the DagBag from /home/airflow/.local/lib/python3.7/site-packages/airflow/example_dags/tutorial_etl_dag.py
[2023-07-24 01:29:07,763] {processor.py:651} INFO - DAG(s) dict_keys(['tutorial_etl_dag']) retrieved from /home/airflow/.local/lib/python3.7/site-packages/airflow/example_dags/tutorial_etl_dag.py
[2023-07-24 01:29:07,776] {logging_mixin.py:115} INFO - [2023-07-24 01:29:07,776] {dag.py:2420} INFO - Sync 1 DAGs
[2023-07-24 01:29:07,786] {logging_mixin.py:115} INFO - [2023-07-24 01:29:07,786] {dag.py:2972} INFO - Setting next_dagrun for tutorial_etl_dag to None, run_after=None
[2023-07-24 01:29:07,796] {processor.py:161} INFO - Processing /home/airflow/.local/lib/python3.7/site-packages/airflow/example_dags/tutorial_etl_dag.py took 0.038 seconds
[2023-07-24 01:29:38,372] {processor.py:153} INFO - Started process (PID=1196) to work on /home/airflow/.local/lib/python3.7/site-packages/airflow/example_dags/tutorial_etl_dag.py
[2023-07-24 01:29:38,372] {processor.py:641} INFO - Processing file /home/airflow/.local/lib/python3.7/site-packages/airflow/example_dags/tutorial_etl_dag.py for tasks to queue
[2023-07-24 01:29:38,373] {logging_mixin.py:115} INFO - [2023-07-24 01:29:38,373] {dagbag.py:508} INFO - Filling up the DagBag from /home/airflow/.local/lib/python3.7/site-packages/airflow/example_dags/tutorial_etl_dag.py
[2023-07-24 01:29:38,376] {processor.py:651} INFO - DAG(s) dict_keys(['tutorial_etl_dag']) retrieved from /home/airflow/.local/lib/python3.7/site-packages/airflow/example_dags/tutorial_etl_dag.py
[2023-07-24 01:29:38,390] {logging_mixin.py:115} INFO - [2023-07-24 01:29:38,390] {dag.py:2420} INFO - Sync 1 DAGs
[2023-07-24 01:29:38,401] {logging_mixin.py:115} INFO - [2023-07-24 01:29:38,401] {dag.py:2972} INFO - Setting next_dagrun for tutorial_etl_dag to None, run_after=None
[2023-07-24 01:29:38,410] {processor.py:161} INFO - Processing /home/airflow/.local/lib/python3.7/site-packages/airflow/example_dags/tutorial_etl_dag.py took 0.039 seconds
[2023-07-24 01:30:08,748] {processor.py:153} INFO - Started process (PID=1257) to work on /home/airflow/.local/lib/python3.7/site-packages/airflow/example_dags/tutorial_etl_dag.py
[2023-07-24 01:30:08,749] {processor.py:641} INFO - Processing file /home/airflow/.local/lib/python3.7/site-packages/airflow/example_dags/tutorial_etl_dag.py for tasks to queue
[2023-07-24 01:30:08,749] {logging_mixin.py:115} INFO - [2023-07-24 01:30:08,749] {dagbag.py:508} INFO - Filling up the DagBag from /home/airflow/.local/lib/python3.7/site-packages/airflow/example_dags/tutorial_etl_dag.py
[2023-07-24 01:30:08,752] {processor.py:651} INFO - DAG(s) dict_keys(['tutorial_etl_dag']) retrieved from /home/airflow/.local/lib/python3.7/site-packages/airflow/example_dags/tutorial_etl_dag.py
[2023-07-24 01:30:08,765] {logging_mixin.py:115} INFO - [2023-07-24 01:30:08,765] {dag.py:2420} INFO - Sync 1 DAGs
[2023-07-24 01:30:08,775] {logging_mixin.py:115} INFO - [2023-07-24 01:30:08,775] {dag.py:2972} INFO - Setting next_dagrun for tutorial_etl_dag to None, run_after=None
[2023-07-24 01:30:08,785] {processor.py:161} INFO - Processing /home/airflow/.local/lib/python3.7/site-packages/airflow/example_dags/tutorial_etl_dag.py took 0.039 seconds
[2023-07-24 01:30:39,243] {processor.py:153} INFO - Started process (PID=1318) to work on /home/airflow/.local/lib/python3.7/site-packages/airflow/example_dags/tutorial_etl_dag.py
[2023-07-24 01:30:39,243] {processor.py:641} INFO - Processing file /home/airflow/.local/lib/python3.7/site-packages/airflow/example_dags/tutorial_etl_dag.py for tasks to queue
[2023-07-24 01:30:39,243] {logging_mixin.py:115} INFO - [2023-07-24 01:30:39,243] {dagbag.py:508} INFO - Filling up the DagBag from /home/airflow/.local/lib/python3.7/site-packages/airflow/example_dags/tutorial_etl_dag.py
[2023-07-24 01:30:39,246] {processor.py:651} INFO - DAG(s) dict_keys(['tutorial_etl_dag']) retrieved from /home/airflow/.local/lib/python3.7/site-packages/airflow/example_dags/tutorial_etl_dag.py
[2023-07-24 01:30:39,259] {logging_mixin.py:115} INFO - [2023-07-24 01:30:39,259] {dag.py:2420} INFO - Sync 1 DAGs
[2023-07-24 01:30:39,269] {logging_mixin.py:115} INFO - [2023-07-24 01:30:39,269] {dag.py:2972} INFO - Setting next_dagrun for tutorial_etl_dag to None, run_after=None
[2023-07-24 01:30:39,278] {processor.py:161} INFO - Processing /home/airflow/.local/lib/python3.7/site-packages/airflow/example_dags/tutorial_etl_dag.py took 0.037 seconds
[2023-07-24 01:31:09,694] {processor.py:153} INFO - Started process (PID=1378) to work on /home/airflow/.local/lib/python3.7/site-packages/airflow/example_dags/tutorial_etl_dag.py
[2023-07-24 01:31:09,694] {processor.py:641} INFO - Processing file /home/airflow/.local/lib/python3.7/site-packages/airflow/example_dags/tutorial_etl_dag.py for tasks to queue
[2023-07-24 01:31:09,694] {logging_mixin.py:115} INFO - [2023-07-24 01:31:09,694] {dagbag.py:508} INFO - Filling up the DagBag from /home/airflow/.local/lib/python3.7/site-packages/airflow/example_dags/tutorial_etl_dag.py
[2023-07-24 01:31:09,697] {processor.py:651} INFO - DAG(s) dict_keys(['tutorial_etl_dag']) retrieved from /home/airflow/.local/lib/python3.7/site-packages/airflow/example_dags/tutorial_etl_dag.py
[2023-07-24 01:31:09,709] {logging_mixin.py:115} INFO - [2023-07-24 01:31:09,709] {dag.py:2420} INFO - Sync 1 DAGs
[2023-07-24 01:31:09,719] {logging_mixin.py:115} INFO - [2023-07-24 01:31:09,719] {dag.py:2972} INFO - Setting next_dagrun for tutorial_etl_dag to None, run_after=None
[2023-07-24 01:31:09,729] {processor.py:161} INFO - Processing /home/airflow/.local/lib/python3.7/site-packages/airflow/example_dags/tutorial_etl_dag.py took 0.037 seconds
[2023-07-24 01:31:39,987] {processor.py:153} INFO - Started process (PID=1429) to work on /home/airflow/.local/lib/python3.7/site-packages/airflow/example_dags/tutorial_etl_dag.py
[2023-07-24 01:31:39,987] {processor.py:641} INFO - Processing file /home/airflow/.local/lib/python3.7/site-packages/airflow/example_dags/tutorial_etl_dag.py for tasks to queue
[2023-07-24 01:31:39,987] {logging_mixin.py:115} INFO - [2023-07-24 01:31:39,987] {dagbag.py:508} INFO - Filling up the DagBag from /home/airflow/.local/lib/python3.7/site-packages/airflow/example_dags/tutorial_etl_dag.py
[2023-07-24 01:31:39,990] {processor.py:651} INFO - DAG(s) dict_keys(['tutorial_etl_dag']) retrieved from /home/airflow/.local/lib/python3.7/site-packages/airflow/example_dags/tutorial_etl_dag.py
[2023-07-24 01:31:40,003] {logging_mixin.py:115} INFO - [2023-07-24 01:31:40,003] {dag.py:2420} INFO - Sync 1 DAGs
[2023-07-24 01:31:40,013] {logging_mixin.py:115} INFO - [2023-07-24 01:31:40,013] {dag.py:2972} INFO - Setting next_dagrun for tutorial_etl_dag to None, run_after=None
[2023-07-24 01:31:40,023] {processor.py:161} INFO - Processing /home/airflow/.local/lib/python3.7/site-packages/airflow/example_dags/tutorial_etl_dag.py took 0.038 seconds
[2023-07-24 01:32:10,335] {processor.py:153} INFO - Started process (PID=1490) to work on /home/airflow/.local/lib/python3.7/site-packages/airflow/example_dags/tutorial_etl_dag.py
[2023-07-24 01:32:10,335] {processor.py:641} INFO - Processing file /home/airflow/.local/lib/python3.7/site-packages/airflow/example_dags/tutorial_etl_dag.py for tasks to queue
[2023-07-24 01:32:10,336] {logging_mixin.py:115} INFO - [2023-07-24 01:32:10,336] {dagbag.py:508} INFO - Filling up the DagBag from /home/airflow/.local/lib/python3.7/site-packages/airflow/example_dags/tutorial_etl_dag.py
[2023-07-24 01:32:10,339] {processor.py:651} INFO - DAG(s) dict_keys(['tutorial_etl_dag']) retrieved from /home/airflow/.local/lib/python3.7/site-packages/airflow/example_dags/tutorial_etl_dag.py
[2023-07-24 01:32:10,351] {logging_mixin.py:115} INFO - [2023-07-24 01:32:10,351] {dag.py:2420} INFO - Sync 1 DAGs
[2023-07-24 01:32:10,364] {logging_mixin.py:115} INFO - [2023-07-24 01:32:10,364] {dag.py:2972} INFO - Setting next_dagrun for tutorial_etl_dag to None, run_after=None
[2023-07-24 01:32:10,375] {processor.py:161} INFO - Processing /home/airflow/.local/lib/python3.7/site-packages/airflow/example_dags/tutorial_etl_dag.py took 0.041 seconds
[2023-07-24 01:32:40,755] {processor.py:153} INFO - Started process (PID=1550) to work on /home/airflow/.local/lib/python3.7/site-packages/airflow/example_dags/tutorial_etl_dag.py
[2023-07-24 01:32:40,756] {processor.py:641} INFO - Processing file /home/airflow/.local/lib/python3.7/site-packages/airflow/example_dags/tutorial_etl_dag.py for tasks to queue
[2023-07-24 01:32:40,756] {logging_mixin.py:115} INFO - [2023-07-24 01:32:40,756] {dagbag.py:508} INFO - Filling up the DagBag from /home/airflow/.local/lib/python3.7/site-packages/airflow/example_dags/tutorial_etl_dag.py
[2023-07-24 01:32:40,759] {processor.py:651} INFO - DAG(s) dict_keys(['tutorial_etl_dag']) retrieved from /home/airflow/.local/lib/python3.7/site-packages/airflow/example_dags/tutorial_etl_dag.py
[2023-07-24 01:32:40,772] {logging_mixin.py:115} INFO - [2023-07-24 01:32:40,772] {dag.py:2420} INFO - Sync 1 DAGs
[2023-07-24 01:32:40,783] {logging_mixin.py:115} INFO - [2023-07-24 01:32:40,783] {dag.py:2972} INFO - Setting next_dagrun for tutorial_etl_dag to None, run_after=None
[2023-07-24 01:32:40,793] {processor.py:161} INFO - Processing /home/airflow/.local/lib/python3.7/site-packages/airflow/example_dags/tutorial_etl_dag.py took 0.039 seconds
[2023-07-24 01:33:11,107] {processor.py:153} INFO - Started process (PID=1611) to work on /home/airflow/.local/lib/python3.7/site-packages/airflow/example_dags/tutorial_etl_dag.py
[2023-07-24 01:33:11,107] {processor.py:641} INFO - Processing file /home/airflow/.local/lib/python3.7/site-packages/airflow/example_dags/tutorial_etl_dag.py for tasks to queue
[2023-07-24 01:33:11,107] {logging_mixin.py:115} INFO - [2023-07-24 01:33:11,107] {dagbag.py:508} INFO - Filling up the DagBag from /home/airflow/.local/lib/python3.7/site-packages/airflow/example_dags/tutorial_etl_dag.py
[2023-07-24 01:33:11,110] {processor.py:651} INFO - DAG(s) dict_keys(['tutorial_etl_dag']) retrieved from /home/airflow/.local/lib/python3.7/site-packages/airflow/example_dags/tutorial_etl_dag.py
[2023-07-24 01:33:11,123] {logging_mixin.py:115} INFO - [2023-07-24 01:33:11,123] {dag.py:2420} INFO - Sync 1 DAGs
[2023-07-24 01:33:11,134] {logging_mixin.py:115} INFO - [2023-07-24 01:33:11,134] {dag.py:2972} INFO - Setting next_dagrun for tutorial_etl_dag to None, run_after=None
[2023-07-24 01:33:11,147] {processor.py:161} INFO - Processing /home/airflow/.local/lib/python3.7/site-packages/airflow/example_dags/tutorial_etl_dag.py took 0.042 seconds
[2023-07-24 01:33:41,518] {processor.py:153} INFO - Started process (PID=1662) to work on /home/airflow/.local/lib/python3.7/site-packages/airflow/example_dags/tutorial_etl_dag.py
[2023-07-24 01:33:41,518] {processor.py:641} INFO - Processing file /home/airflow/.local/lib/python3.7/site-packages/airflow/example_dags/tutorial_etl_dag.py for tasks to queue
[2023-07-24 01:33:41,518] {logging_mixin.py:115} INFO - [2023-07-24 01:33:41,518] {dagbag.py:508} INFO - Filling up the DagBag from /home/airflow/.local/lib/python3.7/site-packages/airflow/example_dags/tutorial_etl_dag.py
[2023-07-24 01:33:41,521] {processor.py:651} INFO - DAG(s) dict_keys(['tutorial_etl_dag']) retrieved from /home/airflow/.local/lib/python3.7/site-packages/airflow/example_dags/tutorial_etl_dag.py
[2023-07-24 01:33:41,534] {logging_mixin.py:115} INFO - [2023-07-24 01:33:41,534] {dag.py:2420} INFO - Sync 1 DAGs
[2023-07-24 01:33:41,545] {logging_mixin.py:115} INFO - [2023-07-24 01:33:41,545] {dag.py:2972} INFO - Setting next_dagrun for tutorial_etl_dag to None, run_after=None
[2023-07-24 01:33:41,555] {processor.py:161} INFO - Processing /home/airflow/.local/lib/python3.7/site-packages/airflow/example_dags/tutorial_etl_dag.py took 0.039 seconds
[2023-07-24 01:34:11,856] {processor.py:153} INFO - Started process (PID=1722) to work on /home/airflow/.local/lib/python3.7/site-packages/airflow/example_dags/tutorial_etl_dag.py
[2023-07-24 01:34:11,856] {processor.py:641} INFO - Processing file /home/airflow/.local/lib/python3.7/site-packages/airflow/example_dags/tutorial_etl_dag.py for tasks to queue
[2023-07-24 01:34:11,857] {logging_mixin.py:115} INFO - [2023-07-24 01:34:11,857] {dagbag.py:508} INFO - Filling up the DagBag from /home/airflow/.local/lib/python3.7/site-packages/airflow/example_dags/tutorial_etl_dag.py
[2023-07-24 01:34:11,860] {processor.py:651} INFO - DAG(s) dict_keys(['tutorial_etl_dag']) retrieved from /home/airflow/.local/lib/python3.7/site-packages/airflow/example_dags/tutorial_etl_dag.py
[2023-07-24 01:34:11,874] {logging_mixin.py:115} INFO - [2023-07-24 01:34:11,874] {dag.py:2420} INFO - Sync 1 DAGs
[2023-07-24 01:34:11,885] {logging_mixin.py:115} INFO - [2023-07-24 01:34:11,885] {dag.py:2972} INFO - Setting next_dagrun for tutorial_etl_dag to None, run_after=None
[2023-07-24 01:34:11,895] {processor.py:161} INFO - Processing /home/airflow/.local/lib/python3.7/site-packages/airflow/example_dags/tutorial_etl_dag.py took 0.040 seconds
[2023-07-24 01:34:42,249] {processor.py:153} INFO - Started process (PID=1782) to work on /home/airflow/.local/lib/python3.7/site-packages/airflow/example_dags/tutorial_etl_dag.py
[2023-07-24 01:34:42,249] {processor.py:641} INFO - Processing file /home/airflow/.local/lib/python3.7/site-packages/airflow/example_dags/tutorial_etl_dag.py for tasks to queue
[2023-07-24 01:34:42,249] {logging_mixin.py:115} INFO - [2023-07-24 01:34:42,249] {dagbag.py:508} INFO - Filling up the DagBag from /home/airflow/.local/lib/python3.7/site-packages/airflow/example_dags/tutorial_etl_dag.py
[2023-07-24 01:34:42,253] {processor.py:651} INFO - DAG(s) dict_keys(['tutorial_etl_dag']) retrieved from /home/airflow/.local/lib/python3.7/site-packages/airflow/example_dags/tutorial_etl_dag.py
[2023-07-24 01:34:42,266] {logging_mixin.py:115} INFO - [2023-07-24 01:34:42,266] {dag.py:2420} INFO - Sync 1 DAGs
[2023-07-24 01:34:42,277] {logging_mixin.py:115} INFO - [2023-07-24 01:34:42,277] {dag.py:2972} INFO - Setting next_dagrun for tutorial_etl_dag to None, run_after=None
[2023-07-24 01:34:42,287] {processor.py:161} INFO - Processing /home/airflow/.local/lib/python3.7/site-packages/airflow/example_dags/tutorial_etl_dag.py took 0.039 seconds
[2023-07-24 01:35:12,768] {processor.py:153} INFO - Started process (PID=1843) to work on /home/airflow/.local/lib/python3.7/site-packages/airflow/example_dags/tutorial_etl_dag.py
[2023-07-24 01:35:12,768] {processor.py:641} INFO - Processing file /home/airflow/.local/lib/python3.7/site-packages/airflow/example_dags/tutorial_etl_dag.py for tasks to queue
[2023-07-24 01:35:12,769] {logging_mixin.py:115} INFO - [2023-07-24 01:35:12,769] {dagbag.py:508} INFO - Filling up the DagBag from /home/airflow/.local/lib/python3.7/site-packages/airflow/example_dags/tutorial_etl_dag.py
[2023-07-24 01:35:12,771] {processor.py:651} INFO - DAG(s) dict_keys(['tutorial_etl_dag']) retrieved from /home/airflow/.local/lib/python3.7/site-packages/airflow/example_dags/tutorial_etl_dag.py
[2023-07-24 01:35:12,784] {logging_mixin.py:115} INFO - [2023-07-24 01:35:12,784] {dag.py:2420} INFO - Sync 1 DAGs
[2023-07-24 01:35:12,794] {logging_mixin.py:115} INFO - [2023-07-24 01:35:12,794] {dag.py:2972} INFO - Setting next_dagrun for tutorial_etl_dag to None, run_after=None
[2023-07-24 01:35:12,803] {processor.py:161} INFO - Processing /home/airflow/.local/lib/python3.7/site-packages/airflow/example_dags/tutorial_etl_dag.py took 0.037 seconds
[2023-07-24 01:35:43,282] {processor.py:153} INFO - Started process (PID=1895) to work on /home/airflow/.local/lib/python3.7/site-packages/airflow/example_dags/tutorial_etl_dag.py
[2023-07-24 01:35:43,282] {processor.py:641} INFO - Processing file /home/airflow/.local/lib/python3.7/site-packages/airflow/example_dags/tutorial_etl_dag.py for tasks to queue
[2023-07-24 01:35:43,282] {logging_mixin.py:115} INFO - [2023-07-24 01:35:43,282] {dagbag.py:508} INFO - Filling up the DagBag from /home/airflow/.local/lib/python3.7/site-packages/airflow/example_dags/tutorial_etl_dag.py
[2023-07-24 01:35:43,285] {processor.py:651} INFO - DAG(s) dict_keys(['tutorial_etl_dag']) retrieved from /home/airflow/.local/lib/python3.7/site-packages/airflow/example_dags/tutorial_etl_dag.py
[2023-07-24 01:35:43,299] {logging_mixin.py:115} INFO - [2023-07-24 01:35:43,299] {dag.py:2420} INFO - Sync 1 DAGs
[2023-07-24 01:35:43,309] {logging_mixin.py:115} INFO - [2023-07-24 01:35:43,309] {dag.py:2972} INFO - Setting next_dagrun for tutorial_etl_dag to None, run_after=None
[2023-07-24 01:35:43,319] {processor.py:161} INFO - Processing /home/airflow/.local/lib/python3.7/site-packages/airflow/example_dags/tutorial_etl_dag.py took 0.039 seconds
[2023-07-24 01:36:13,784] {processor.py:153} INFO - Started process (PID=1954) to work on /home/airflow/.local/lib/python3.7/site-packages/airflow/example_dags/tutorial_etl_dag.py
[2023-07-24 01:36:13,785] {processor.py:641} INFO - Processing file /home/airflow/.local/lib/python3.7/site-packages/airflow/example_dags/tutorial_etl_dag.py for tasks to queue
[2023-07-24 01:36:13,785] {logging_mixin.py:115} INFO - [2023-07-24 01:36:13,785] {dagbag.py:508} INFO - Filling up the DagBag from /home/airflow/.local/lib/python3.7/site-packages/airflow/example_dags/tutorial_etl_dag.py
[2023-07-24 01:36:13,788] {processor.py:651} INFO - DAG(s) dict_keys(['tutorial_etl_dag']) retrieved from /home/airflow/.local/lib/python3.7/site-packages/airflow/example_dags/tutorial_etl_dag.py
[2023-07-24 01:36:13,803] {logging_mixin.py:115} INFO - [2023-07-24 01:36:13,803] {dag.py:2420} INFO - Sync 1 DAGs
[2023-07-24 01:36:13,813] {logging_mixin.py:115} INFO - [2023-07-24 01:36:13,813] {dag.py:2972} INFO - Setting next_dagrun for tutorial_etl_dag to None, run_after=None
[2023-07-24 01:36:13,823] {processor.py:161} INFO - Processing /home/airflow/.local/lib/python3.7/site-packages/airflow/example_dags/tutorial_etl_dag.py took 0.040 seconds
[2023-07-24 01:36:44,312] {processor.py:153} INFO - Started process (PID=2014) to work on /home/airflow/.local/lib/python3.7/site-packages/airflow/example_dags/tutorial_etl_dag.py
[2023-07-24 01:36:44,312] {processor.py:641} INFO - Processing file /home/airflow/.local/lib/python3.7/site-packages/airflow/example_dags/tutorial_etl_dag.py for tasks to queue
[2023-07-24 01:36:44,312] {logging_mixin.py:115} INFO - [2023-07-24 01:36:44,312] {dagbag.py:508} INFO - Filling up the DagBag from /home/airflow/.local/lib/python3.7/site-packages/airflow/example_dags/tutorial_etl_dag.py
[2023-07-24 01:36:44,315] {processor.py:651} INFO - DAG(s) dict_keys(['tutorial_etl_dag']) retrieved from /home/airflow/.local/lib/python3.7/site-packages/airflow/example_dags/tutorial_etl_dag.py
[2023-07-24 01:36:44,329] {logging_mixin.py:115} INFO - [2023-07-24 01:36:44,329] {dag.py:2420} INFO - Sync 1 DAGs
[2023-07-24 01:36:44,340] {logging_mixin.py:115} INFO - [2023-07-24 01:36:44,339] {dag.py:2972} INFO - Setting next_dagrun for tutorial_etl_dag to None, run_after=None
[2023-07-24 01:36:44,350] {processor.py:161} INFO - Processing /home/airflow/.local/lib/python3.7/site-packages/airflow/example_dags/tutorial_etl_dag.py took 0.039 seconds
[2023-07-24 01:37:14,919] {processor.py:153} INFO - Started process (PID=2074) to work on /home/airflow/.local/lib/python3.7/site-packages/airflow/example_dags/tutorial_etl_dag.py
[2023-07-24 01:37:14,919] {processor.py:641} INFO - Processing file /home/airflow/.local/lib/python3.7/site-packages/airflow/example_dags/tutorial_etl_dag.py for tasks to queue
[2023-07-24 01:37:14,920] {logging_mixin.py:115} INFO - [2023-07-24 01:37:14,920] {dagbag.py:508} INFO - Filling up the DagBag from /home/airflow/.local/lib/python3.7/site-packages/airflow/example_dags/tutorial_etl_dag.py
[2023-07-24 01:37:14,922] {processor.py:651} INFO - DAG(s) dict_keys(['tutorial_etl_dag']) retrieved from /home/airflow/.local/lib/python3.7/site-packages/airflow/example_dags/tutorial_etl_dag.py
[2023-07-24 01:37:14,935] {logging_mixin.py:115} INFO - [2023-07-24 01:37:14,935] {dag.py:2420} INFO - Sync 1 DAGs
[2023-07-24 01:37:14,945] {logging_mixin.py:115} INFO - [2023-07-24 01:37:14,945] {dag.py:2972} INFO - Setting next_dagrun for tutorial_etl_dag to None, run_after=None
[2023-07-24 01:37:14,955] {processor.py:161} INFO - Processing /home/airflow/.local/lib/python3.7/site-packages/airflow/example_dags/tutorial_etl_dag.py took 0.037 seconds
[2023-07-24 01:37:45,275] {processor.py:153} INFO - Started process (PID=2134) to work on /home/airflow/.local/lib/python3.7/site-packages/airflow/example_dags/tutorial_etl_dag.py
[2023-07-24 01:37:45,275] {processor.py:641} INFO - Processing file /home/airflow/.local/lib/python3.7/site-packages/airflow/example_dags/tutorial_etl_dag.py for tasks to queue
[2023-07-24 01:37:45,275] {logging_mixin.py:115} INFO - [2023-07-24 01:37:45,275] {dagbag.py:508} INFO - Filling up the DagBag from /home/airflow/.local/lib/python3.7/site-packages/airflow/example_dags/tutorial_etl_dag.py
[2023-07-24 01:37:45,279] {processor.py:651} INFO - DAG(s) dict_keys(['tutorial_etl_dag']) retrieved from /home/airflow/.local/lib/python3.7/site-packages/airflow/example_dags/tutorial_etl_dag.py
[2023-07-24 01:37:45,292] {logging_mixin.py:115} INFO - [2023-07-24 01:37:45,292] {dag.py:2420} INFO - Sync 1 DAGs
[2023-07-24 01:37:45,303] {logging_mixin.py:115} INFO - [2023-07-24 01:37:45,303] {dag.py:2972} INFO - Setting next_dagrun for tutorial_etl_dag to None, run_after=None
[2023-07-24 01:37:45,313] {processor.py:161} INFO - Processing /home/airflow/.local/lib/python3.7/site-packages/airflow/example_dags/tutorial_etl_dag.py took 0.040 seconds
[2023-07-24 01:38:15,942] {processor.py:153} INFO - Started process (PID=2186) to work on /home/airflow/.local/lib/python3.7/site-packages/airflow/example_dags/tutorial_etl_dag.py
[2023-07-24 01:38:15,944] {processor.py:641} INFO - Processing file /home/airflow/.local/lib/python3.7/site-packages/airflow/example_dags/tutorial_etl_dag.py for tasks to queue
[2023-07-24 01:38:15,945] {logging_mixin.py:115} INFO - [2023-07-24 01:38:15,945] {dagbag.py:508} INFO - Filling up the DagBag from /home/airflow/.local/lib/python3.7/site-packages/airflow/example_dags/tutorial_etl_dag.py
[2023-07-24 01:38:15,948] {processor.py:651} INFO - DAG(s) dict_keys(['tutorial_etl_dag']) retrieved from /home/airflow/.local/lib/python3.7/site-packages/airflow/example_dags/tutorial_etl_dag.py
[2023-07-24 01:38:15,961] {logging_mixin.py:115} INFO - [2023-07-24 01:38:15,961] {dag.py:2420} INFO - Sync 1 DAGs
[2023-07-24 01:38:15,972] {logging_mixin.py:115} INFO - [2023-07-24 01:38:15,972] {dag.py:2972} INFO - Setting next_dagrun for tutorial_etl_dag to None, run_after=None
[2023-07-24 01:38:15,982] {processor.py:161} INFO - Processing /home/airflow/.local/lib/python3.7/site-packages/airflow/example_dags/tutorial_etl_dag.py took 0.041 seconds
[2023-07-24 01:38:46,423] {processor.py:153} INFO - Started process (PID=2247) to work on /home/airflow/.local/lib/python3.7/site-packages/airflow/example_dags/tutorial_etl_dag.py
[2023-07-24 01:38:46,424] {processor.py:641} INFO - Processing file /home/airflow/.local/lib/python3.7/site-packages/airflow/example_dags/tutorial_etl_dag.py for tasks to queue
[2023-07-24 01:38:46,424] {logging_mixin.py:115} INFO - [2023-07-24 01:38:46,424] {dagbag.py:508} INFO - Filling up the DagBag from /home/airflow/.local/lib/python3.7/site-packages/airflow/example_dags/tutorial_etl_dag.py
[2023-07-24 01:38:46,427] {processor.py:651} INFO - DAG(s) dict_keys(['tutorial_etl_dag']) retrieved from /home/airflow/.local/lib/python3.7/site-packages/airflow/example_dags/tutorial_etl_dag.py
[2023-07-24 01:38:46,439] {logging_mixin.py:115} INFO - [2023-07-24 01:38:46,439] {dag.py:2420} INFO - Sync 1 DAGs
[2023-07-24 01:38:46,449] {logging_mixin.py:115} INFO - [2023-07-24 01:38:46,449] {dag.py:2972} INFO - Setting next_dagrun for tutorial_etl_dag to None, run_after=None
[2023-07-24 01:38:46,459] {processor.py:161} INFO - Processing /home/airflow/.local/lib/python3.7/site-packages/airflow/example_dags/tutorial_etl_dag.py took 0.037 seconds
[2023-07-24 01:39:16,956] {processor.py:153} INFO - Started process (PID=2307) to work on /home/airflow/.local/lib/python3.7/site-packages/airflow/example_dags/tutorial_etl_dag.py
[2023-07-24 01:39:16,956] {processor.py:641} INFO - Processing file /home/airflow/.local/lib/python3.7/site-packages/airflow/example_dags/tutorial_etl_dag.py for tasks to queue
[2023-07-24 01:39:16,956] {logging_mixin.py:115} INFO - [2023-07-24 01:39:16,956] {dagbag.py:508} INFO - Filling up the DagBag from /home/airflow/.local/lib/python3.7/site-packages/airflow/example_dags/tutorial_etl_dag.py
[2023-07-24 01:39:16,959] {processor.py:651} INFO - DAG(s) dict_keys(['tutorial_etl_dag']) retrieved from /home/airflow/.local/lib/python3.7/site-packages/airflow/example_dags/tutorial_etl_dag.py
[2023-07-24 01:39:16,973] {logging_mixin.py:115} INFO - [2023-07-24 01:39:16,973] {dag.py:2420} INFO - Sync 1 DAGs
[2023-07-24 01:39:16,983] {logging_mixin.py:115} INFO - [2023-07-24 01:39:16,983] {dag.py:2972} INFO - Setting next_dagrun for tutorial_etl_dag to None, run_after=None
[2023-07-24 01:39:16,992] {processor.py:161} INFO - Processing /home/airflow/.local/lib/python3.7/site-packages/airflow/example_dags/tutorial_etl_dag.py took 0.038 seconds
[2023-07-24 01:39:47,573] {processor.py:153} INFO - Started process (PID=2366) to work on /home/airflow/.local/lib/python3.7/site-packages/airflow/example_dags/tutorial_etl_dag.py
[2023-07-24 01:39:47,574] {processor.py:641} INFO - Processing file /home/airflow/.local/lib/python3.7/site-packages/airflow/example_dags/tutorial_etl_dag.py for tasks to queue
[2023-07-24 01:39:47,574] {logging_mixin.py:115} INFO - [2023-07-24 01:39:47,574] {dagbag.py:508} INFO - Filling up the DagBag from /home/airflow/.local/lib/python3.7/site-packages/airflow/example_dags/tutorial_etl_dag.py
[2023-07-24 01:39:47,577] {processor.py:651} INFO - DAG(s) dict_keys(['tutorial_etl_dag']) retrieved from /home/airflow/.local/lib/python3.7/site-packages/airflow/example_dags/tutorial_etl_dag.py
[2023-07-24 01:39:47,590] {logging_mixin.py:115} INFO - [2023-07-24 01:39:47,590] {dag.py:2420} INFO - Sync 1 DAGs
[2023-07-24 01:39:47,601] {logging_mixin.py:115} INFO - [2023-07-24 01:39:47,601] {dag.py:2972} INFO - Setting next_dagrun for tutorial_etl_dag to None, run_after=None
[2023-07-24 01:39:47,609] {processor.py:161} INFO - Processing /home/airflow/.local/lib/python3.7/site-packages/airflow/example_dags/tutorial_etl_dag.py took 0.038 seconds
[2023-07-24 01:40:18,113] {processor.py:153} INFO - Started process (PID=2418) to work on /home/airflow/.local/lib/python3.7/site-packages/airflow/example_dags/tutorial_etl_dag.py
[2023-07-24 01:40:18,114] {processor.py:641} INFO - Processing file /home/airflow/.local/lib/python3.7/site-packages/airflow/example_dags/tutorial_etl_dag.py for tasks to queue
[2023-07-24 01:40:18,114] {logging_mixin.py:115} INFO - [2023-07-24 01:40:18,114] {dagbag.py:508} INFO - Filling up the DagBag from /home/airflow/.local/lib/python3.7/site-packages/airflow/example_dags/tutorial_etl_dag.py
[2023-07-24 01:40:18,118] {processor.py:651} INFO - DAG(s) dict_keys(['tutorial_etl_dag']) retrieved from /home/airflow/.local/lib/python3.7/site-packages/airflow/example_dags/tutorial_etl_dag.py
[2023-07-24 01:40:18,131] {logging_mixin.py:115} INFO - [2023-07-24 01:40:18,131] {dag.py:2420} INFO - Sync 1 DAGs
[2023-07-24 01:40:18,142] {logging_mixin.py:115} INFO - [2023-07-24 01:40:18,142] {dag.py:2972} INFO - Setting next_dagrun for tutorial_etl_dag to None, run_after=None
[2023-07-24 01:40:18,151] {processor.py:161} INFO - Processing /home/airflow/.local/lib/python3.7/site-packages/airflow/example_dags/tutorial_etl_dag.py took 0.040 seconds
[2023-07-24 01:40:48,687] {processor.py:153} INFO - Started process (PID=2479) to work on /home/airflow/.local/lib/python3.7/site-packages/airflow/example_dags/tutorial_etl_dag.py
[2023-07-24 01:40:48,688] {processor.py:641} INFO - Processing file /home/airflow/.local/lib/python3.7/site-packages/airflow/example_dags/tutorial_etl_dag.py for tasks to queue
[2023-07-24 01:40:48,688] {logging_mixin.py:115} INFO - [2023-07-24 01:40:48,688] {dagbag.py:508} INFO - Filling up the DagBag from /home/airflow/.local/lib/python3.7/site-packages/airflow/example_dags/tutorial_etl_dag.py
[2023-07-24 01:40:48,691] {processor.py:651} INFO - DAG(s) dict_keys(['tutorial_etl_dag']) retrieved from /home/airflow/.local/lib/python3.7/site-packages/airflow/example_dags/tutorial_etl_dag.py
[2023-07-24 01:40:48,704] {logging_mixin.py:115} INFO - [2023-07-24 01:40:48,704] {dag.py:2420} INFO - Sync 1 DAGs
[2023-07-24 01:40:48,716] {logging_mixin.py:115} INFO - [2023-07-24 01:40:48,716] {dag.py:2972} INFO - Setting next_dagrun for tutorial_etl_dag to None, run_after=None
[2023-07-24 01:40:48,724] {processor.py:161} INFO - Processing /home/airflow/.local/lib/python3.7/site-packages/airflow/example_dags/tutorial_etl_dag.py took 0.038 seconds
